Model: filerhochi

Crystals:

Crystal: 
 name: Fe3O4
 i_g: 0.0
SpaceGroupe:
 given name: Fd-3m
 choice: 2
 name: Fd-3m
 number: 227
 inversion center at (0.000, 0.000, 0.000)
 x, y, z
 0.750-x, 0.250-y, 0.500+z
 0.250-x, 0.500+y, 0.750-z
 0.500+x, 0.750-y, 0.250-z
 z, x, y
 0.500+z, 0.750-x, 0.250-y
 0.750-z, 0.250-x, 0.500+y
 0.250-z, 0.500+x, 0.750-y
 y, z, x
 0.250-y, 0.500+z, 0.750-x
 0.500+y, 0.750-z, 0.250-x
 0.750-y, 0.250-z, 0.500+x
 0.750+y, 0.250+x, 0.500-z
 -y, -x, -z
 0.250+y, 0.500-x, 0.750+z
 0.500-y, 0.750+x, 0.250+z
 0.750+x, 0.250+z, 0.500-y
 0.500-x, 0.750+z, 0.250+y
 -x, -z, -y
 0.250+x, 0.500-z, 0.750+y
 0.750+z, 0.250+y, 0.500-x
 0.250+z, 0.500-y, 0.750+x
 0.500-z, 0.750+y, 0.250+x
 -z, -y, -x
 directory: 'C:\docs\working_comp\RhoChi\version_next\f_crystal'
Cell: 
 a: 8.55020223851
 b: 8.55020223851
 c: 8.55020223851
 alpha: 90.0
 beta: 90.0
 gamma: 90.0
 singony: Cubic
 B matrix is:
   0.11696  -0.00000  -0.00000
   0.00000   0.11696  -0.00000
   0.00000   0.00000   0.11696
 inversed B matrix is:
   8.55020   0.00000   0.00000
   0.00000   8.55020   0.00000
   0.00000   0.00000   8.55020

AtomSite:
 number of atoms: 3
**********************************************************************
 1. AtomType:
 name: Fe3A            
 type_n: Fe (b_scat: 0.945 cm**-12)
 occupation: 1.0
 fract  x: 0.125  y: 0.125  z: 0.125
  adp_type: uani
 u_11: 0.0, u_22: 0.0, u_33: 0.0 (in Ang**2)
 u_12: 0.0, u_13: 0.0, u_23: 0.0 (in Ang**2)

 type_m: Fe3
 kappa: 1.0
 lande factor: 2.0
 chi_type: cani
 chi_11: -3.61694652768, chi_22: -3.61694652768, chi_33: -3.61694652768 (in mu_B)
 chi_12: 0.0, chi_13: 0.0, chi_23: 0.0 (in mu_B) 
 j0   A: 0.3972, a: 13.2442, B: 0.6295, b: 4.9034
      C: -0.0314, c: 0.3496, D: 0.0044
 j2   A: 1.3602, a: 11.9976, B: 1.5188, b: 5.0025
      C: 0.4705, c: 1.9914, D: 0.0038

**********************************************************************
 2. AtomType:
 name: Fe3B            
 type_n: Fe (b_scat: 0.945 cm**-12)
 occupation: 1.0
 fract  x: 0.5  y: 0.5  z: 0.5
  adp_type: uani
 u_11: 0.0, u_22: 0.0, u_33: 0.0 (in Ang**2)
 u_12: 0.0, u_13: 0.0, u_23: 0.0 (in Ang**2)

 type_m: Fe3
 kappa: 1.0
 lande factor: 2.0
 chi_type: cani
 chi_11: 3.18467555329, chi_22: 3.18467555329, chi_33: 3.18467555329 (in mu_B)
 chi_12: 0.0, chi_13: 0.0, chi_23: 0.0 (in mu_B) 
 j0   A: 0.3972, a: 13.2442, B: 0.6295, b: 4.9034
      C: -0.0314, c: 0.3496, D: 0.0044
 j2   A: 1.3602, a: 11.9976, B: 1.5188, b: 5.0025
      C: 0.4705, c: 1.9914, D: 0.0038

**********************************************************************
 3. AtomType:
 name: O1            
 type_n: O (b_scat: 0.5803 cm**-12)
 occupation: 1.0
 fract  x: 0.25521  y: 0.25521  z: 0.25521
  adp_type: uiso
 b_iso: 0.0 Ang**2
Extinction: 
 model: gauss
 domain_radius: 0.0
 mosaicity: 0.0


Experiments:

ExperimentPowder1D:
name: pnd
 file_out: full.out
SetupPowder1D:
 label: exp
 wave_length: 0.84
 zero_shift: -0.412323938051
Resolution: 
 u: 16.9776
 v: -2.83572490939
 w: 0.576309204074
 x: 0.0
 y: 0.0
FactorLorentzPowder1D:
AsymmetryPowder1D: 
 p1: 0.0
 p2: 0.0
 p3: 0.0
 p4: 0.0
BeamPolarization: 
 p_u: 1e-05
 p_d: 1e-05
BackgroundPowder1D:
 file_dir: 
 file_name: full.bkg
 ttheta  IntBKGR
 4.5    150.0
 40.0     173(7)
 80.0    100.0
ObservedDataPowder1D:
 file_dir: 
 file_name: full.dat
 tth range: 4.0 --- 80.0 (381 points)
 tth_min: 4.0
 tth_max: 80.0
 field: 1.0
 wave_length: 0.84


CalculatedData:

CalculatedDataPowder1D: 
 name: Fe3O4
 scale: 0.0232
 field: 1.0

   h   k   l   fn_real   fn_imag   iint_up iint_down
   1   1   1     3.125     0.000     139.1     139.1
   2   0   0    -0.000     0.000       0.0       0.0
   2   2   0    -7.639     0.000      97.3      97.3
   3   1   1   -12.600     0.000     159.8     159.8
   2   2   2    -3.331     0.000     108.5     108.5
   4   0   0    25.971     0.000     868.8     868.8
   3   3   1    -0.707     0.000      55.6      55.6
   4   2   0    -0.000     0.000       0.0       0.0
   4   2   2     7.481     0.000      73.0      73.0
   3   3   3    10.192     0.000     104.3     104.3
   5   1   1    15.018     0.000     226.0     226.0
   4   4   0    40.933     0.000    1682.2    1682.2
   5   3   1    -3.115     0.000      34.9      34.9
   6   0   0    -0.000     0.000       0.0       0.0
   4   4   2     0.316     0.000       0.1       0.1
   6   2   0     7.323     0.000      61.6      61.6
   5   3   3   -12.631     0.000     159.7     159.7
   6   2   2    -3.015     0.000      29.6      29.6
   4   4   4    25.657     0.000     700.4     700.4
   5   5   1     5.502     0.000      42.5      42.5
   7   1   1    -0.697     0.000      12.7      12.7
   6   4   0    -0.000     0.000       0.0       0.0
   6   4   2    -7.795     0.000      64.6      64.6
   5   5   3   -14.966     0.000     224.1     224.1
   7   3   1   -10.223     0.000     104.6     104.6
   8   0   0    40.616     0.000    1651.3    1651.3
   7   3   3    -1.659     0.000       8.8       8.8
   8   2   0    -0.000     0.000       0.0       0.0
   6   4   4     0.310     0.000       0.1       0.1
   6   6   0    -8.267     0.000      70.3      70.3
   8   2   2    -7.637     0.000      60.3      60.3
   5   5   5    17.364     0.000     301.6     301.6
   7   5   1   -12.579     0.000     158.3     158.3
   6   6   2    -2.704     0.000      12.4      12.4
   8   4   0    25.343     0.000     652.8     652.8
   7   5   3    -0.769     0.000       3.7       3.7
   9   1   1     5.492     0.000      33.2      33.2
   8   4   2     0.626     0.000       0.4       0.4
   6   6   4     6.859     0.000      48.0      48.0
   9   3   1   -14.997     0.000     224.9     224.9
   8   4   4    40.311     0.000    1625.4    1625.4
   7   7   1     1.587     0.000       4.1       4.1
   9   3   3    -3.176     0.000      11.6      11.6
   7   5   5    -3.013     0.000      10.6      10.6
  10   0   0    -0.000     0.000       0.0       0.0
   8   6   0    -0.000     0.000       0.0       0.0
   8   6   2     7.331     0.000      54.2      54.2
  10   2   0    -7.951     0.000      63.7      63.7
   9   5   1    17.313     0.000     299.7     299.7
   7   7   3     7.907     0.000      62.5      62.5
   6   6   6    -2.399     0.000       7.0       7.0
  10   2   2    -2.388     0.000       7.0       7.0
   9   5   3    -5.400     0.000      29.9      29.9
  10   4   0     0.000     0.000       0.0       0.0
   8   6   4     0.616     0.000       0.4       0.4
  10   4   2     7.173     0.000      51.7      51.7
  11   1   1   -10.203     0.000     104.1     104.1
   7   7   5   -10.366     0.000     107.5     107.5
   8   8   0    40.005     0.000    1600.5    1600.5
  11   3   1     1.598     0.000       2.9       2.9
   9   7   1    -3.085     0.000       9.9       9.9
   9   5   5     7.767     0.000      60.7      60.7
   8   8   2     1.242     0.000       1.5       1.5
  10   4   4     0.300     0.000       0.1       0.1
  10   6   0     6.395     0.000      41.0      41.0
   8   6   6    -8.243     0.000      68.1      68.1
  11   3   3     7.938     0.000      63.0      63.0
   9   7   3   -12.722     0.000     161.9     161.9
  10   6   2    -2.088     0.000       4.6       4.6
  12   0   0    24.715     0.000     611.4     611.4
   8   8   4    24.737     0.000     612.5     612.5
   7   7   7    -3.895     0.000      15.3      15.3
  11   5   1    -0.666     0.000       0.6       0.6
  12   2   0    -0.000     0.000       0.0       0.0
  12   2   2     7.487     0.000      56.1      56.1
  10   6   4    -8.715     0.000      76.0      76.0
  11   5   3   -10.314     0.000     106.4     106.4
   9   7   5   -14.815     0.000     219.5     219.5
  12   4   0    39.688     0.000    1575.2    1575.2
   9   9   1     7.675     0.000      59.0      59.0
  10   8   0    -0.000     0.000       0.0       0.0
  12   4   2     0.926     0.000       0.9       0.9
   8   8   6     1.221     0.000       1.5       1.5
  10   8   2    -7.937     0.000      63.0      63.0
  13   1   1    17.292     0.000     299.0     299.0
  11   7   1    -8.050     0.000      64.8      64.8
   9   9   3   -17.130     0.000     293.4     293.4
  11   5   5   -12.428     0.000     154.5     154.5


Structure factor tensor in a*, b*, c* (real part, mu_B) 

   h   k   l   sft_11   sft_22   sft_33    sft_12   sft_13   sft_23
   1   1   1   42.192   42.192   42.192     0.000    0.000    0.000
   2   0   0   -0.000   -0.000   -0.000     0.000    0.000    0.000
   2   2   0   23.156   23.156   23.156     0.000    0.000    0.000
   3   1   1   -3.704   -3.704   -3.704     0.000    0.000    0.000
   2   2   2   36.630   36.630   36.630     0.000    0.000    0.000
   4   0   0   51.721   51.721   51.721     0.000    0.000    0.000
   3   3   1  -27.537  -27.537  -27.537     0.000    0.000    0.000
   4   2   0    0.000    0.000    0.000     0.000    0.000    0.000
   4   2   2  -15.300  -15.300  -15.300     0.000    0.000    0.000
   3   3   3    2.464    2.464    2.464     0.000    0.000    0.000
   5   1   1    2.464    2.464    2.464     0.000    0.000    0.000
   4   4   0    9.590    9.590    9.590     0.000    0.000    0.000
   5   3   1  -18.638  -18.638  -18.638     0.000    0.000    0.000
   6   0   0    0.000    0.000    0.000     0.000    0.000    0.000
   4   4   2    0.000    0.000    0.000     0.000    0.000    0.000
   6   2   0  -10.453  -10.453  -10.453     0.000    0.000    0.000
   5   3   3   -1.692   -1.692   -1.692     0.000    0.000    0.000
   6   2   2   16.803   16.803   16.803     0.000    0.000    0.000
   4   4   4   24.079   24.079   24.079     0.000    0.000    0.000
   5   5   1   12.953   12.953   12.953     0.000    0.000    0.000
   7   1   1  -12.953  -12.953  -12.953     0.000    0.000    0.000
   6   4   0    0.000    0.000    0.000     0.000    0.000    0.000
   6   4   2    7.310    7.310    7.310     0.000    0.000    0.000
   5   5   3   -1.187   -1.187   -1.187     0.000    0.000    0.000
   7   3   1   -1.187   -1.187   -1.187     0.000    0.000    0.000
   8   0   0    4.678    4.678    4.678     0.000    0.000    0.000
   7   3   3    9.151    9.151    9.151     0.000    0.000    0.000
   8   2   0    0.000    0.000    0.000     0.000    0.000    0.000
   6   4   4    0.000    0.000    0.000     0.000    0.000    0.000
   6   6   0    5.181    5.181    5.181     0.000    0.000    0.000
   8   2   2    5.181    5.181    5.181     0.000    0.000    0.000
   5   5   5    0.843    0.843    0.843     0.000    0.000    0.000
   7   5   1   -0.843   -0.843   -0.843     0.000    0.000    0.000
   6   6   2    8.379    8.379    8.379     0.000    0.000    0.000
   8   4   0   12.068   12.068   12.068     0.000    0.000    0.000
   7   5   3   -6.511   -6.511   -6.511     0.000    0.000    0.000
   9   1   1    6.511    6.511    6.511     0.000    0.000    0.000
   8   4   2    0.000    0.000    0.000     0.000    0.000    0.000
   6   6   4   -3.688   -3.688   -3.688     0.000    0.000    0.000
   9   3   1   -0.600   -0.600   -0.600     0.000    0.000    0.000
   8   4   4    2.365    2.365    2.365     0.000    0.000    0.000
   7   7   1   -4.625   -4.625   -4.625     0.000    0.000    0.000
   9   3   3   -4.625   -4.625   -4.625     0.000    0.000    0.000
   7   5   5   -4.625   -4.625   -4.625     0.000    0.000    0.000
  10   0   0    0.000    0.000    0.000     0.000    0.000    0.000
   8   6   0    0.000    0.000    0.000     0.000    0.000    0.000
   8   6   2   -2.613   -2.613   -2.613     0.000    0.000    0.000
  10   2   0    2.613    2.613    2.613     0.000    0.000    0.000
   9   5   1    0.424    0.424    0.424     0.000    0.000    0.000
   7   7   3    0.424    0.424    0.424     0.000    0.000    0.000
   6   6   6    4.214    4.214    4.214     0.000    0.000    0.000
  10   2   2    4.214    4.214    4.214     0.000    0.000    0.000
   9   5   3   -3.249   -3.249   -3.249     0.000    0.000    0.000
  10   4   0    0.000    0.000    0.000     0.000    0.000    0.000
   8   6   4    0.000    0.000    0.000     0.000    0.000    0.000
  10   4   2   -1.826   -1.826   -1.826     0.000    0.000    0.000
  11   1   1   -0.295   -0.295   -0.295     0.000    0.000    0.000
   7   7   5   -0.295   -0.295   -0.295     0.000    0.000    0.000
   8   8   0    1.151    1.151    1.151     0.000    0.000    0.000
  11   3   1   -2.232   -2.232   -2.232     0.000    0.000    0.000
   9   7   1   -2.232   -2.232   -2.232     0.000    0.000    0.000
   9   5   5    2.232    2.232    2.232     0.000    0.000    0.000
   8   8   2    0.000    0.000    0.000     0.000    0.000    0.000
  10   4   4    0.000    0.000    0.000     0.000    0.000    0.000
  10   6   0   -1.242   -1.242   -1.242     0.000    0.000    0.000
   8   6   6    1.242    1.242    1.242     0.000    0.000    0.000
  11   3   3    0.199    0.199    0.199     0.000    0.000    0.000
   9   7   3   -0.199   -0.199   -0.199     0.000    0.000    0.000
  10   6   2    1.973    1.973    1.973     0.000    0.000    0.000
  12   0   0    2.782    2.782    2.782     0.000    0.000    0.000
   8   8   4    2.782    2.782    2.782     0.000    0.000    0.000
   7   7   7    1.474    1.474    1.474     0.000    0.000    0.000
  11   5   1   -1.474   -1.474   -1.474     0.000    0.000    0.000
  12   2   0    0.000    0.000    0.000     0.000    0.000    0.000
  12   2   2   -0.806   -0.806   -0.806     0.000    0.000    0.000
  10   6   4    0.806    0.806    0.806     0.000    0.000    0.000
  11   5   3   -0.128   -0.128   -0.128     0.000    0.000    0.000
   9   7   5   -0.128   -0.128   -0.128     0.000    0.000    0.000
  12   4   0    0.480    0.480    0.480     0.000    0.000    0.000
   9   9   1    0.906    0.906    0.906     0.000    0.000    0.000
  10   8   0    0.000    0.000    0.000     0.000    0.000    0.000
  12   4   2    0.000    0.000    0.000     0.000    0.000    0.000
   8   8   6    0.000    0.000    0.000     0.000    0.000    0.000
  10   8   2    0.479    0.479    0.479     0.000    0.000    0.000
  13   1   1    0.074    0.074    0.074     0.000    0.000    0.000
  11   7   1   -0.074   -0.074   -0.074     0.000    0.000    0.000
   9   9   3   -0.074   -0.074   -0.074     0.000    0.000    0.000
  11   5   5   -0.074   -0.074   -0.074     0.000    0.000    0.000