#   ttheta       IntUP     sIntUP    IntDOWN   sIntDOWN    IntDIFF   sIntDIFF
    0.00000   -1570.97     836.74    -422.44     827.92    -87.994    823.641
    0.20000    -272.74     646.33   -1201.72     646.73    419.885    642.367
    0.40000    -185.26     730.63    -454.09     727.65    431.402    727.230
    0.60000    -686.63     787.43    -345.33     790.13   -480.249    786.205
    0.80000    -853.49     811.95    -216.41     808.43    115.145    807.109
    1.00000    -288.85     790.67    -279.20     794.69   -470.246    791.293
    1.20000    -213.17     756.89     945.14     761.62  -1101.705    760.575
    1.40000    1121.08     678.83     648.33     676.29    496.024    681.346
    1.60000    1410.78     636.36     564.43     639.70     70.795    642.666
    1.80000    1125.52     597.83    2119.65     596.61   -368.583    605.214
    2.00000    1080.70     556.72     685.15     555.42    283.680    560.829
    2.20000    1731.43     508.18     377.21     510.20    486.941    515.553
    2.40000    1231.67     453.30      71.71     460.71     34.673    461.218
    2.60000     859.24     388.89     894.17     386.75    122.006    394.352
    2.80000    1048.82     323.98    1270.87     325.02   -150.128    334.286
    3.00000     975.90     279.52    1059.32     273.89    228.985    287.052
    3.20000    1047.55     240.36     739.95     246.15    -89.219    253.452
    3.40000     693.05     227.72     391.88     226.05    226.424    233.402
    3.60000     691.81     211.43    1169.50     219.73   -546.529    227.540
    3.80000    1110.14     203.31     837.38     204.50     93.423    216.979
    4.00000     657.12     136.29     648.97     138.07    -82.419    143.578
    4.20000     914.43     129.86     600.58     129.53    168.962    137.207
    4.40000     844.38     127.07     618.49     126.13    155.576    133.923
    4.60000     626.97     126.14     538.87     122.61    216.562    130.329
    4.80000     708.72     122.52     814.44     122.37    -40.966    130.380
    5.00000     718.07     118.78     600.04     116.92    141.148    124.964
    5.20000     679.62     115.67     444.95     116.40     83.799    121.992
    5.40000     683.03     112.58     629.75     110.97    102.330    118.678
    5.60000     727.63     110.47     691.95     110.16     22.620    117.903
    5.80000     709.16     110.16     636.79     109.71     57.471    117.060
    6.00000     765.50     107.05     645.32     105.84    113.164    114.123
    6.20000     813.40     105.29     701.59     107.76    -51.273    114.787
    6.40000     613.40     104.68     606.62     107.34   -113.448    112.723
    6.60000     530.91     102.35     567.92     100.38     73.496    107.304
    6.80000     892.05     103.26     643.49      99.78    282.725    109.717
    7.00000     932.68     102.80     662.38     101.33    198.945    110.526
    7.20000    1611.08     110.75     925.64     102.22    744.072    119.264
    7.40000    3505.62     126.31    1746.58     108.81   1794.561    140.791
    7.60000    5658.21     147.69    2203.80     114.83   3624.571    162.513
    7.80000    5454.61     139.07    2234.53     109.41   3363.506    154.040
    8.00000    3593.33     101.98    1566.00      84.95   2134.347    111.684
    8.20000    1720.63      86.99     989.86      79.25    813.228     94.026
    8.40000     974.33      79.41     938.63      78.00     97.720     86.841
    8.60000    1670.12      83.78    1456.63      83.51    124.692     95.885
    8.80000    2380.65      91.15    2580.20      91.94   -150.810    109.008
    9.00000    2816.17      95.07    2767.03      92.96    165.559    113.117
    9.20000    2271.40      86.84    2207.88      85.73     98.986    102.154
    9.40000    1246.23      78.51    1127.11      77.98     88.675     87.764
    9.60000     674.62      74.47     633.62      73.38     81.093     79.544
    9.80000     690.47      72.44     549.99      71.60    116.134     77.491
   10.00000     650.11      71.68     367.31      70.48    203.606     75.675
   10.20000     497.37      70.96     414.90      70.79     50.063     74.978
   10.40000     549.61      69.03     407.01      68.95     73.629     73.172
   10.60000     619.58      70.32     440.96      68.65    183.113     74.060
   10.80000     631.83      68.81     687.52      68.69    -19.495     74.496
   11.00000     459.72      68.55     508.62      68.78    -33.276     72.925
   11.20000     439.19      68.29     647.35      68.77   -134.152     73.303
   11.40000     455.23      68.13     449.77      67.34     49.390     71.740
   11.60000     538.38      66.23     457.78      66.96      1.888     70.972
   11.80000     573.93      61.45     502.98      62.19     -2.901     66.184
   12.00000     502.59      50.22     516.05      51.84   -121.685     54.473
   12.20000     382.09      51.09     555.92      51.32   -102.072     54.324
   12.40000     548.98      51.14     601.66      51.91    -83.367     55.325
   12.60000     759.49      52.55     929.51      53.43   -151.550     58.370
   12.80000     938.97      54.67    1097.54      55.11   -112.818     61.120
   13.00000     966.57      53.53    1152.99      54.39   -160.593     60.226
   13.20000     883.26      52.18     889.17      52.20     -4.247     57.644
   13.40000     599.70      50.62     628.29      50.32      6.955     54.393
   13.60000     501.64      49.97     470.80      49.70     34.669     52.992
   13.80000     406.53      50.09     476.91      49.47      9.421     52.662
   14.00000     443.33      49.05     406.82      49.38     -4.085     52.034
   14.20000     397.42      49.23     537.60      49.46    -84.185     52.333
   14.40000     574.92      48.77     472.49      48.94     38.629     52.160
   14.60000     672.48      49.67     504.01      48.71    157.375     52.872
   14.80000    1218.70      52.98     942.79      51.45    261.973     58.463
   15.00000    2038.32      57.99    1616.35      55.20    457.201     66.166
   15.20000    2473.27      60.79    1853.08      57.08    649.542     69.787
   15.40000    2408.49      61.02    1586.63      56.71    801.208     68.959
   15.60000    1924.68      57.64    1171.59      53.32    764.079     63.504
   15.80000    1843.13      56.01     922.01      50.64    926.676     60.817
   16.00000    1535.92      50.07     749.12      45.73    796.048     53.671
   16.20000    1223.09      47.57     658.78      44.93    519.056     51.197
   16.40000     781.62      44.96     606.12      43.60    205.534     48.119
   16.60000     619.03      43.37     468.59      42.81    121.899     46.173
   16.80000     505.57      42.14     541.76      43.03    -93.313     45.537
   17.00000     513.34      41.94     502.47      41.39     51.132     44.511
   17.20000     489.86      42.01     440.35      41.58     63.073     44.408
   17.40000     451.39      41.83     527.91      41.98    -50.062     44.635
   17.60000     508.04      42.11     524.50      41.64     32.807     44.761
   17.80000     581.81      42.61     561.33      42.22     40.419     45.560
   18.00000     562.86      42.91     985.82      44.37   -342.591     47.759
   18.20000     766.89      43.21    1608.97      47.21   -806.944     51.035
   18.40000     817.74      43.32    2086.64      49.43  -1236.619     53.281
   18.60000     796.70      42.76    1999.87      48.91  -1198.216     52.587
   18.80000     750.51      42.60    1458.22      46.41   -712.733     50.010
   19.00000     484.90      42.00     886.22      43.26   -314.874     46.235
   19.20000     612.94      43.02     600.99      43.82    -65.837     46.552
   19.40000     781.23      44.81     610.85      44.61    104.165     48.126
   19.60000    1289.18      49.32     938.93      47.11    411.246     53.128
   19.80000    2615.92      56.12    1570.89      51.43   1079.660     61.933
   20.00000    4003.54      59.69    2131.78      52.53   1872.550     66.805
   20.20000    4419.98      57.36    2346.53      49.72   2092.057     64.721
   20.40000    3733.59      54.05    1997.55      47.16   1765.852     60.675
   20.60000    2353.72      47.55    1399.62      43.29    975.344     52.839
   20.80000    1232.64      41.28     874.67      39.29    394.629     44.875
   21.00000     766.54      38.71     681.07      38.45     70.085     41.900
   21.20000     641.73      37.72     516.38      37.25    111.454     40.223
   21.40000     527.51      36.66     514.00      37.07    -34.251     39.366
   21.60000     530.99      37.33     460.23      36.83     85.180     39.463
   21.80000     490.10      37.64     518.12      37.54     -4.460     39.961
   22.00000     514.55      39.18     481.07      39.21     12.603     41.391
   22.20000     533.06      43.66     490.63      43.30     67.120     45.496
   22.40000     648.52      48.37     550.94      48.26     64.928     50.433
   22.60000     917.85      51.63     664.03      51.23    185.123     54.049
   22.80000    1039.30      52.04     844.08      51.05    239.642     54.665
   23.00000     939.74      50.03     840.95      49.39    136.443     52.769
   23.20000     699.73      48.16     644.63      47.00    184.835     49.956
   23.40000     775.60      47.16     645.02      46.77    115.519     49.500
   23.60000     928.82      47.63     850.99      46.88    135.269     50.459
   23.80000    1633.96      47.65    1016.41      45.32    611.101     51.307
   24.00000    2188.94      47.28    1338.62      43.60    891.922     51.920
   24.20000    2444.96      45.41    1466.11      41.38    996.928     50.526
   24.40000    2116.27      38.85    1229.26      35.40    902.153     42.961
   24.60000    1543.45      35.69     947.11      33.33    600.458     39.055
   24.80000     977.04      33.44     617.73      32.35    309.331     36.086
   25.00000     628.41      32.33     472.43      31.83    135.878     34.338
   25.20000     487.43      31.98     493.84      31.89      6.283     34.127
   25.40000     497.39      32.13     450.76      31.90     50.094     33.977
   25.60000     647.35      33.17     498.06      32.26    181.760     35.029
   25.80000    1052.79      34.59     600.45      32.96    427.736     36.944
   26.00000    1649.10      36.56     849.27      33.44    799.590     39.577
   26.20000    2207.57      38.98    1052.98      34.57   1160.633     42.506
   26.40000    2333.00      39.11    1119.31      34.33   1236.758     42.793
   26.60000    2142.82      38.19    1038.75      33.66   1138.028     41.656
   26.80000    1673.56      36.00     853.79      32.54    837.577     39.066
   27.00000    1322.86      34.55     836.07      31.92    557.817     37.468
   27.20000    1287.82      33.44     794.57      31.70    456.819     36.584
   27.40000    1472.66      34.87    1073.97      33.04    424.566     38.793
   27.60000    1567.65      35.51    1142.77      33.49    464.290     39.548
   27.80000    1574.07      35.47    1114.36      33.52    473.699     39.506
   28.00000    1399.46      34.32     971.83      33.06    367.576     38.239
   28.20000    1030.61      33.25     740.87      32.05    286.496     36.188
   28.40000     758.88      31.63     589.48      31.05    152.411     34.107
   28.60000     628.06      30.67     566.15      30.33     71.553     32.979
   28.80000     445.17      29.24     441.84      28.72     62.336     30.796
   29.00000     449.58      29.19     501.36      29.11    -17.818     31.081
   29.20000     503.80      29.59     442.59      29.37     55.321     31.384
   29.40000     509.06      29.53     551.80      29.66    -37.222     31.723
   29.60000     497.25      29.56     529.00      29.51    -10.629     31.595
   29.80000     490.91      28.68     559.99      28.98    -69.771     30.918
   30.00000     462.58      29.30     478.68      29.30     -7.657     31.203
   30.20000     561.88      29.63     452.77      29.32     91.035     31.509
   30.40000     611.56      30.02     481.08      29.27    154.391     31.833
   30.60000     801.05      30.90     534.81      29.65    284.328     32.897
   30.80000     996.87      31.47     571.76      29.83    413.403     33.669
   31.00000    1032.46      31.34     528.85      29.32    501.968     33.320
   31.20000     964.60      31.11     533.32      29.46    418.420     33.158
   31.40000     813.86      31.17     474.42      29.58    363.109     32.892
   31.60000     686.45      30.71     401.34      29.62    273.569     32.305
   31.80000     549.70      30.35     469.41      29.89     95.515     32.129
   32.00000     422.51      30.52     385.17      29.99     81.356     31.841
   32.20000     395.75      30.52     470.26      30.69    -57.399     32.285
   32.40000     505.26      30.34     469.38      30.55     -8.350     32.286
   32.60000     592.33      31.31     554.39      31.51     -3.901     33.577
   32.80000     578.01      31.64     634.45      31.80    -51.718     33.981
   33.00000     690.80      31.97     646.47      31.72     53.883     34.332
   33.20000     904.55      31.50     705.67      31.28    127.916     34.334
   33.40000     963.10      30.88     830.38      30.67     95.192     33.894
   33.60000    1014.36      30.87     842.85      30.15    185.653     33.679
   33.80000    1026.12      30.84     812.76      30.18    196.445     33.580
   34.00000     835.89      30.32     774.75      29.61    123.456     32.840
   34.20000     763.65      29.52     594.68      28.74    184.269     31.635
   34.40000     633.36      28.51     515.62      28.30     85.645     30.587
   34.60000     522.38      28.12     495.73      28.01     26.985     30.022
   34.80000     468.79      27.59     451.38      27.33     42.732     29.235
   35.00000     516.68      27.79     466.84      27.46     65.823     29.523
   35.20000     517.87      28.06     473.11      27.84     49.580     29.864
   35.40000     564.38      28.31     489.94      28.06     67.636     30.213
   35.60000     659.37      28.57     526.91      28.26    104.447     30.673
   35.80000     739.31      28.83     636.11      28.45     98.625     31.232
   36.00000     780.55      29.42     793.75      28.86     66.515     32.041
   36.20000     813.37      28.77     719.11      28.54     76.715     31.430
   36.40000     824.91      29.44     685.23      28.87    142.408     31.943
   36.60000     699.62      29.33     583.46      28.84    119.821     31.458
   36.80000     648.17      29.36     550.55      29.00     94.734     31.526
   37.00000     618.88      28.99     469.81      28.46    141.924     30.781
   37.20000     616.44      29.10     406.14      28.72    152.998     30.824
   37.40000     606.81      29.04     447.10      28.33    170.605     30.635
   37.60000     760.71      29.32     527.25      28.27    250.185     31.174
   37.80000     823.09      30.07     525.59      29.03    283.648     32.013
   38.00000    1037.79      30.50     645.08      29.24    368.121     32.831
   38.20000    1246.18      29.47     751.52      27.96    473.942     31.880
   38.40000    1453.93      30.12     896.03      28.31    553.021     32.858
   38.60000    1511.67      30.48     932.24      28.56    582.706     33.266
   38.80000    1552.58      29.87     958.21      27.96    593.173     32.692
   39.00000    1442.43      30.18     900.26      28.22    567.582     32.829
   39.20000    1255.67      29.46     805.19      27.99    444.215     31.975
   39.40000    1091.87      29.16     695.23      27.98    373.477     31.418
   39.60000     994.66      28.96     759.49      28.40    200.056     31.469
   39.80000     951.74      29.04     759.49      28.39    193.078     31.432
   40.00000     965.42      28.55     763.45      28.17    159.069     31.088
   40.20000    1014.54      28.74     842.85      28.05    189.197     31.321
   40.40000    1103.25      29.20     870.58      28.17    268.270     31.812
   40.60000    1184.43      29.07     855.61      27.89    336.458     31.719
   40.80000    1163.32      28.89     860.23      27.72    321.963     31.557
   41.00000    1189.78      28.52     800.97      27.45    349.321     31.205
   41.20000    1103.75      28.25     693.66      27.18    358.504     30.666
   41.40000     987.65      27.51     635.39      26.40    336.409     29.618
   41.60000     895.73      27.71     551.90      26.47    345.774     29.553
   41.80000     770.71      27.20     560.09      26.27    234.847     29.021
   42.00000     739.94      26.73     500.59      26.34    173.126     28.682
   42.20000     611.68      26.45     538.70      25.89    114.463     28.194
   42.40000     579.35      26.47     523.30      26.07     82.640     28.211
   42.60000     674.59      26.66     623.98      26.39     62.309     28.748
   42.80000     799.77      27.03     654.14      26.56    138.989     29.246
   43.00000     918.99      27.80     745.87      27.28    159.611     30.315
   43.20000     970.80      27.56     821.10      26.99    157.105     30.222
   43.40000     989.30      26.96     771.47      26.25    213.415     29.430
   43.60000     935.56      26.81     769.68      26.06    194.529     29.191
   43.80000     858.98      26.64     627.03      26.03    205.628     28.744
   44.00000     747.31      25.76     652.17      25.39    102.771     27.839
   44.20000     612.06      25.97     564.43      25.60     76.066     27.753
   44.40000     593.74      25.65     546.79      25.53     40.864     27.508
   44.60000     530.94      25.45     509.78      25.22     41.790     27.107
   44.80000     528.63      25.25     482.66      25.22     28.505     26.966
   45.00000     469.52      25.35     447.79      25.15     39.021     26.827
   45.20000     534.29      25.10     461.73      24.92     60.832     26.708
   45.40000     525.74      25.25     430.31      24.94     90.895     26.634
   45.60000     550.94      25.51     405.92      25.16    120.623     26.974
   45.80000     506.21      25.82     415.61      25.15    137.120     27.062
   46.00000     552.60      25.64     432.12      25.04    143.476     27.026
   46.20000     553.46      25.94     416.78      25.20    171.092     27.230
   46.40000     687.62      26.02     409.55      25.29    241.815     27.488
   46.60000     788.41      26.58     516.41      25.71    261.230     28.262
   46.80000     865.62      27.02     550.92      26.16    282.264     28.913
   47.00000     989.21      27.65     619.95      26.40    367.663     29.615
   47.20000    1036.96      27.69     689.16      26.61    332.626     29.902
   47.40000    1098.85      28.00     788.79      26.89    319.581     30.432
   47.60000    1102.77      28.11     761.94      26.90    354.319     30.436
   47.80000    1075.87      27.47     812.46      26.56    269.699     29.939
   48.00000    1080.76      27.88     790.66      26.80    303.261     30.331
   48.20000     966.23      27.61     770.33      26.98    190.794     30.068
   48.40000     931.75      27.58     729.16      26.81    211.388     29.963
   48.60000     951.50      27.51     735.44      26.69    227.333     29.821
   48.80000    1002.48      27.57     735.86      26.79    246.577     29.967
   49.00000    1031.25      26.54     787.52      25.75    243.033     28.923
   49.20000    1069.00      26.57     779.36      25.74    272.238     28.995
   49.40000    1083.97      27.05     729.12      26.23    305.313     29.416
   49.60000    1064.51      26.99     790.60      25.98    289.900     29.385
   49.80000     974.36      26.82     687.06      25.88    286.558     28.934
   50.00000     951.34      26.44     648.63      25.73    256.951     28.599
   50.20000     804.20      26.43     567.45      25.59    244.897     28.176
   50.40000     714.32      25.88     488.04      25.16    219.975     27.400
   50.60000     623.51      26.31     442.29      25.63    192.570     27.674
   50.80000     586.16      26.29     364.25      25.53    221.225     27.426
   51.00000     543.88      26.06     393.46      25.76    120.032     27.425
   51.20000     488.87      25.90     351.99      25.37    145.908     27.010
   51.40000     447.83      25.88     376.00      25.49     93.897     27.033
   51.60000     513.26      25.84     349.76      25.21    171.905     26.921
   51.80000     460.48      25.80     357.26      25.52     94.830     26.975
   52.00000     478.07      26.31     370.60      26.06     92.403     27.551
   52.20000     469.20      26.28     401.83      26.14     52.969     27.609
   52.40000     457.61      26.40     409.47      26.30     36.674     27.737
   52.60000     436.64      26.41     395.66      26.21     49.869     27.640
   52.80000     469.28      26.67     359.61      26.32    105.205     27.805
   53.00000     454.48      26.07     399.07      25.84     61.155     27.311
   53.20000     433.11      26.67     385.79      26.50     48.500     27.890
   53.40000     452.99      26.75     398.44      26.54     59.638     27.991
   53.60000     460.91      27.00     373.02      26.78     74.300     28.200
   53.80000     479.42      26.84     354.21      26.55    106.827     28.016
   54.00000     514.08      26.91     374.17      26.65    107.414     28.191
   54.20000     520.71      26.93     414.99      26.30    148.697     28.085
   54.40000     556.73      27.06     475.34      26.59    112.308     28.444
   54.60000     640.13      27.62     494.53      26.92    179.834     29.052
   54.80000     772.45      27.64     583.82      27.25    153.042     29.550
   55.00000     745.57      27.48     613.38      26.94    148.858     29.337
   55.20000     827.09      27.24     614.28      26.81    172.786     29.268
   55.40000     863.20      25.75     654.67      25.27    180.906     27.732
   55.60000     816.19      25.15     710.46      24.85    103.607     27.215
   55.80000     802.26      25.67     757.09      25.33     76.299     27.808
   56.00000     762.03      25.65     696.54      25.27     93.163     27.619
   56.20000     748.92      25.27     678.37      25.11     58.125     27.322
   56.40000     764.06      25.17     636.51      25.01     89.264     27.194
   56.60000     673.13      25.06     607.52      24.97     48.364     26.946
   56.80000     658.88      24.80     600.98      24.56     68.042     26.576
   57.00000     656.83      24.89     566.72      24.65     82.743     26.546
   57.20000     647.48      24.90     510.92      24.70     98.030     26.576
   57.40000     632.71      24.96     534.37      24.63    100.583     26.589
   57.60000     579.93      24.75     504.61      24.39     93.992     26.246
   57.80000     559.33      24.69     503.98      24.46     64.329     26.221
   58.00000     578.68      24.67     406.43      24.13    169.479     25.919
   58.20000     584.81      24.89     429.78      24.31    167.744     26.127
   58.40000     575.37      25.20     492.15      24.56    142.634     26.527
   58.60000     603.54      25.20     451.06      24.69    156.365     26.564
   58.80000     640.61      25.39     502.40      24.75    166.438     26.820
   59.00000     684.90      25.29     509.45      24.83    155.865     26.895
   59.20000     710.68      25.56     569.08      24.94    165.459     27.191
   59.40000     787.38      25.35     576.53      24.93    171.141     27.153
   59.60000     809.81      25.92     636.72      25.42    167.320     27.839
   59.80000     823.77      25.80     665.51      25.49    128.713     27.865
   60.00000     826.28      25.83     653.72      25.58    127.545     27.995
   60.20000     838.05      26.01     702.15      25.44    159.816     28.025
   60.40000     754.59      25.61     615.92      25.30    118.923     27.518
   60.60000     714.59      25.59     634.78      25.16    109.951     27.386
   60.80000     688.71      25.41     607.08      25.02    105.146     27.175
   61.00000     696.51      25.63     587.91      25.24    113.808     27.393
   61.20000     675.24      25.52     520.63      25.34    105.817     27.303
   61.40000     613.01      25.62     485.46      25.02    155.770     27.010
   61.60000     637.10      25.36     403.07      25.05    166.361     26.811
   61.80000     544.48      25.41     411.43      24.88    148.253     26.621
   62.00000     516.27      24.94     376.81      24.34    163.740     26.000
   62.20000     455.27      25.36     395.86      24.93     93.185     26.475
   62.40000     474.72      25.42     398.06      25.06     95.341     26.588
   62.60000     456.16      25.29     396.48      24.99     73.025     26.477
   62.80000     466.05      25.22     334.99      24.93    109.067     26.328
   63.00000     456.94      24.62     393.55      24.00    130.370     25.616
   63.20000     440.41      24.16     329.87      23.96     85.989     25.226
   63.40000     512.77      24.33     399.72      24.09     93.928     25.580
   63.60000     488.59      24.61     453.52      24.25     74.215     25.874
   63.80000     548.22      24.63     463.19      24.28     94.051     25.997
   64.00000     630.73      24.58     474.38      24.19    138.674     26.070
   64.20000     605.66      24.74     459.72      24.13    167.889     26.063
   64.40000     659.66      24.87     533.62      24.36    142.967     26.418
   64.60000     782.99      24.72     627.17      24.03    190.717     26.470
   64.80000     839.92      25.39     616.29      24.73    214.618     27.242
   65.00000     919.40      25.55     676.21      24.91    222.992     27.582
   65.20000     924.99      25.61     716.45      24.91    217.277     27.686
   65.40000    1017.50      25.64     777.95      25.05    215.501     27.987
   65.60000    1000.25      25.79     786.75      25.12    215.144     28.068
   65.80000    1035.91      25.50     830.47      24.94    196.955     27.925
   66.00000    1062.77      25.63     787.00      24.95    248.083     27.972
   66.20000    1023.34      25.77     805.94      25.19    203.016     28.165
   66.40000     950.90      25.58     752.64      25.16    164.572     27.888
   66.60000     901.83      25.41     743.72      24.77    177.795     27.550
   66.80000     858.09      25.28     735.51      24.68    154.921     27.381
   67.00000     788.71      24.97     656.83      24.58    125.577     26.977
   67.20000     818.61      24.66     633.48      24.00    196.802     26.525
   67.40000     731.56      24.85     590.90      24.51    122.507     26.739
   67.60000     699.64      24.82     544.82      24.58    111.853     26.627
   67.80000     615.29      24.62     519.03      24.23    107.416     26.214
   68.00000     584.64      24.60     455.17      24.16    133.497     26.030
   68.20000     610.66      24.63     468.21      24.24    128.796     26.138
   68.40000     515.66      24.64     428.36      24.41     77.725     26.014
   68.60000     566.21      24.92     522.67      24.71     52.808     26.480
   68.80000     557.98      25.23     509.85      24.94     68.284     26.790
   69.00000     590.37      25.12     489.93      24.82     94.022     26.719
   69.20000     602.21      25.09     471.21      24.79    107.632     26.668
   69.40000     610.71      24.97     544.49      24.84     51.649     26.764
   69.60000     631.87      25.22     454.58      24.91    136.161     26.794
   69.80000     614.17      25.40     562.03      24.99     87.256     27.059
   70.00000     591.01      25.99     644.57      25.57     36.170     27.790
   70.20000     682.02      25.97     551.09      25.65    111.849     27.799
   70.40000     671.82      26.03     558.30      25.65    113.192     27.828
   70.60000     620.64      25.77     545.90      25.65     55.859     27.611
   70.80000     672.90      26.01     496.26      25.57    151.711     27.685
   71.00000     623.43      26.05     554.12      25.59    101.828     27.716
   71.20000     650.80      26.71     525.32      26.29    122.940     28.444
   71.40000     656.90      26.57     538.29      26.33     93.850     28.422
   71.60000     610.22      26.81     529.77      26.28    115.860     28.422
   71.80000     570.86      26.69     515.49      26.18     98.157     28.241
   72.00000     576.21      26.69     491.33      26.22    109.739     28.229
   72.20000     611.69      26.85     578.37      26.33     91.612     28.545
   72.40000     659.55      27.14     498.33      26.78    131.827     28.887
   72.60000     614.16      27.40     536.85      27.24     57.018     29.256
   72.80000     639.04      27.61     532.73      27.35     88.933     29.599
   73.00000     596.43      27.45     552.06      27.42     24.407     29.355
   73.20000     557.56      27.45     571.27      27.21     25.415     29.243
   73.40000     562.18      27.31     538.88      27.23     22.846     29.130
   73.60000     614.91      26.77     564.88      26.66     41.478     28.636
   73.80000     648.89      27.27     565.44      27.22     47.184     29.280
   74.00000     644.83      27.43     607.76      27.22     46.010     29.400
   74.20000     647.35      27.32     572.18      27.29     43.225     29.350
   74.40000     625.47      27.24     571.09      27.14     41.907     29.207
   74.60000     659.67      27.47     561.10      27.19     88.133     29.379
   74.80000     598.98      27.18     570.50      26.97     43.483     29.037
   75.00000     649.05      27.64     621.09      27.32     58.963     29.643
   75.20000     720.45      28.04     575.67      27.71    119.761     30.113
   75.40000     704.04      28.03     619.59      27.91     59.456     30.235
   75.60000     639.50      28.04     611.82      27.78     48.463     30.073
   75.80000     681.64      27.92     602.89      27.84     52.617     30.085
   76.00000     717.42      28.08     569.11      27.80    114.921     30.150
   76.20000     691.49      28.09     591.11      27.90     74.546     30.191
   76.40000     666.95      28.67     574.74      28.76     32.648     30.902
   76.60000     670.42      28.80     520.08      28.39    130.257     30.691
   76.80000     627.38      28.83     509.63      28.18    144.350     30.522
   77.00000     554.07      28.71     543.86      28.51     31.308     30.565
   77.20000     578.27      28.72     544.98      28.51     43.003     30.609
   77.40000     603.68      28.79     493.29      28.02    159.704     30.358
   77.60000     612.98      29.53     507.67      28.55    179.667     31.051
   77.80000     636.95      29.67     459.99      29.28    140.953     31.462
   78.00000     602.01      29.68     438.24      29.12    152.426     31.293
   78.20000     605.13      29.70     554.46      29.19     91.400     31.557
   78.40000     618.76      29.60     489.28      29.04    132.971     31.328
   78.60000     583.18      29.60     489.35      29.23     95.510     31.360
   78.80000     586.35      29.74     506.69      29.48     75.828     31.583
   79.00000     633.06      30.76     510.29      30.51     93.869     32.753
   79.20000     668.07      31.06     579.07      30.82     75.430     33.221
   79.40000     673.48      30.89     512.45      30.47    134.370     32.871
   79.60000     620.36      30.79     585.51      30.52     51.982     32.889
   79.80000     697.11      30.64     561.40      30.48     87.808     32.895
   80.00000     696.35      30.97     529.27      30.56    137.536     33.024
   80.20000     673.40      31.43     583.05      31.02     94.971     33.574
   80.40000     715.34      31.88     640.60      31.51     84.215     34.262
   80.60000     625.41      31.54     609.83      31.61     -1.573     33.923
   80.80000     659.25      31.88     572.09      31.75     58.828     34.151
   81.00000     617.92      31.76     502.71      31.51     91.021     33.753
   81.20000     643.90      31.80     558.07      31.41     92.403     33.891
   81.40000     610.43      31.90     594.35      31.64     39.750     33.863
   81.60000     687.21      32.83     518.79      32.26    151.743     34.927
   81.80000     604.92      32.87     574.49      32.62     45.418     35.053
   82.00000     589.97      33.01     510.47      32.58     91.234     34.953
   82.20000     552.58      33.10     550.57      32.48     73.887     34.948
   82.40000     631.34      32.91     519.31      32.50    103.118     34.966
   82.60000     643.87      32.93     470.94      32.53    135.864     34.909
   82.80000     583.19      33.71     538.29      33.57     39.217     35.921
   83.00000     549.53      34.09     428.37      33.52    128.169     35.780
   83.20000     580.25      34.09     441.56      33.38    150.271     35.808
   83.40000     593.91      34.12     418.65      33.70    135.912     35.959
   83.60000     493.58      33.89     462.73      33.59     48.036     35.683
   83.80000     541.05      33.88     376.24      33.64    110.735     35.612
   84.00000     590.11      34.60     505.70      34.05    103.201     36.601
   84.20000     505.82      35.34     375.24      34.76    128.762     36.877
   84.40000     476.68      35.47     395.96      35.08     84.313     37.464
   84.60000     443.51      35.03     444.70      34.93     11.683     36.844
   84.80000     444.72      34.84     407.38      34.84     19.118     36.654
   85.00000     584.58      35.23     414.94      34.74    140.358     37.086
   85.20000     421.72      34.94     440.90      34.89     -6.235     36.737
   85.40000     398.12      36.16     342.74      35.99     46.623     37.690
   85.60000     436.74      36.09     319.99      35.89     81.378     37.652
   85.80000     355.54      36.30     285.33      35.96     71.998     37.521
   86.00000     379.55      35.78     285.98      35.64     62.463     37.190
   86.20000     315.49      35.68     322.61      35.68     -1.998     37.102
   86.40000     413.22      36.19     304.73      35.81     95.126     37.558
   86.60000     315.75      36.90     362.94      36.70     -0.680     38.327
   86.80000     315.53      37.53     347.20      37.12     24.624     38.843
   87.00000     317.37      37.13     243.93      37.27     23.103     38.499
   87.20000     345.08      37.07     243.01      37.09     49.213     38.446
   87.40000     333.81      37.14     288.24      37.08     26.239     38.552
   87.60000     307.15      37.45     208.83      37.14     80.668     38.461
   87.80000     285.83      37.23     258.65      37.38     -3.223     38.552
   88.00000     261.04      39.14     220.65      38.36     94.273     39.918
   88.20000     166.81      38.43     252.43      38.38    -39.823     39.408
   88.40000     202.81      38.72     141.88      38.58     44.855     39.477
   88.60000     267.90      38.76     156.20      38.05    122.366     39.429
   88.80000     174.64      38.43     154.28      38.71    -17.769     39.344
   89.00000     204.35      38.33     163.45      38.11     40.633     39.091
   89.20000     128.98      39.43      54.80      39.31     50.083     39.786
   89.40000      79.16      39.97     148.06      40.18    -53.516     40.619
   89.60000      98.15      39.88      60.77      39.78     31.724     40.179
   89.80000      60.23      39.71     100.03      39.85    -32.609     40.149
   90.00000     102.14      40.12     100.74      39.80     30.432     40.435
   90.20000      47.52      40.05      20.77      39.68     47.899     39.976
   90.40000      -3.89      39.90       1.87      39.94     -5.296     39.828
   90.60000     -66.59      42.68     -45.61      42.65     -7.984     42.243
   90.80000      11.74      42.55      -2.82      41.99     53.999     42.199
   91.00000     -56.19      42.28       8.97      42.41    -43.349     42.131
   91.20000     -88.54      41.96      -1.36      42.19    -63.617     41.713
   91.40000      16.92      41.83     -46.78      42.15      6.350     41.806
   91.60000      29.99      41.99      31.26      41.61     30.520     41.880
   91.80000      33.78      43.37     -79.37      42.89     93.811     42.897
   92.00000     -72.24      44.95     -34.30      44.93    -18.384     44.511
   92.20000      -1.70      44.87     -63.60      44.53     57.060     44.366
   92.40000     -76.81      44.81     -37.46      45.21    -51.254     44.569
   92.60000      -9.24      44.98     -72.31      44.99     31.479     44.608
   92.80000     -29.05      44.60      15.96      44.33     -2.789     44.321
   93.00000     -24.16      46.26     -55.21      45.41     85.126     44.690
   93.20000    -100.54      48.66     -18.56      48.18     -5.251     47.907
   93.40000     -54.07      48.21    -160.44      47.98     66.439     47.287
   93.60000    -133.66      48.01     -89.71      48.27    -41.323     47.323
   93.80000     -33.62      48.89     -56.28      48.62     30.952     48.344
   94.00000     -36.00      47.54     -27.76      47.91    -32.321     47.396
   94.20000      41.60      48.76     -38.32      48.09     91.494     48.351
   94.40000     -23.25      51.42     -68.02      51.18     34.896     50.828
   94.60000     -77.60      52.22     -76.84      51.75     34.806     51.316
   94.80000    -168.16      51.99     -96.72      51.66     -7.534     50.698
   95.00000     -57.28      52.13    -122.19      52.48      7.901     51.548
   95.20000     -90.79      51.50    -173.66      52.03      7.403     50.679
   95.40000     -38.03      51.99     -36.58      52.70    -49.086     51.997
   95.60000     -65.03      54.63     -36.89      54.23     13.925     53.913
   95.80000    -181.14      57.02    -168.00      56.51     30.452     55.167
   96.00000      60.45      57.29     -25.50      57.56     29.957     57.495
   96.20000    -141.00      57.27     -34.96      56.39     -1.793     56.059
   96.40000     -94.62      57.35     -36.17      57.00     -8.640     56.513
   96.60000     -85.11      57.45    -146.02      57.05     57.291     56.198
   96.80000     -36.43      58.02     -85.57      57.75     43.180     57.287
   97.00000    -128.18      64.19     -18.79      65.25   -113.874     63.913
   97.20000     132.04      64.22     -79.53      64.32    102.932     64.380
   97.40000     -80.49      64.41     -81.74      64.54     -6.101     63.557
   97.60000      26.43      65.00     -75.35      64.58     71.113     64.491
   97.80000      33.45      64.13      -7.75      65.25    -39.648     64.714
   98.00000     -57.25      65.88      89.04      64.94    -23.441     65.491
   98.20000      -9.46      70.20    -149.56      69.77     99.504     69.119
   98.40000    -101.62      72.86     -13.69      74.59   -122.258     72.863
   98.60000    -126.44      75.70    -204.92      76.08     13.483     74.000
   98.80000      62.81      76.04      28.79      75.51     43.230     76.117
   99.00000     -97.35      75.08    -169.35      76.01     -9.779     73.964
   99.20000     -40.48      75.59     -49.77      74.04     77.946     74.189
   99.40000       5.16      76.83     -88.27      75.68     94.370     75.700
   99.60000    -108.72      92.40    -132.21      92.33      6.756     90.589
   99.80000      31.89      95.91     -76.93      92.76    167.957     93.861
  100.00000       6.54      93.22     -20.19      95.04    -65.495     93.986
  100.20000      10.63      90.60    -144.71      94.07    -59.765     91.298
  100.40000    -143.97      93.98     -59.49      95.01    -86.984     93.225
  100.60000      51.91      94.79      58.98      91.83    100.289     93.986
  100.80000      71.08     107.63     -16.47     106.73     76.627    107.627
  101.00000      59.56     128.94     -83.22     123.29    216.644    125.721
  101.20000      82.00     128.76     202.25     134.04   -192.306    134.016
  101.40000     -54.05     131.77     117.55     129.46    -23.954    131.056
  101.60000      10.30     130.38     -81.56     127.86    108.618    128.265
  101.80000      83.98     131.03    -117.26     128.24    172.506    129.206
  102.00000    -148.35     124.89      76.59     125.56   -126.044    124.449
  102.20000       None       None       None       None       None       None