    ttheta   IntUPexp  sIntUPexp   IntUPmod IntDOWNexp sIntDOWNexp IntDOWNmod   IntBKGR flag
     7.800      0.743      0.552      0.110      0.248      0.297      0.110      0.110  1
     8.000      0.186      0.182      0.110      0.165      0.171      0.110      0.110  1
     8.200      0.110      0.114      0.110      0.285      0.183      0.110      0.110  1
     8.400      0.312      0.155      0.183      0.183      0.123      0.183      0.183  1
     8.600      0.199      0.107      0.199      0.225      0.118      0.199      0.199  1
     8.800      0.143      0.092      0.143      0.239      0.108      0.143      0.143  1
     9.000      0.198      0.086      0.171      0.171      0.078      0.171      0.171  1
     9.200      0.252      0.093      0.249      0.249      0.096      0.249      0.249  1
     9.400      0.242      0.090      0.191      0.191      0.082      0.191      0.191  1
     9.600      0.230      0.082      0.230      0.290      0.090      0.230      0.230  1
     9.800      0.221      0.080      0.221      0.221      0.081      0.221      0.221  1
    10.000      0.264      0.079      0.151      0.151      0.059      0.151      0.151  1
    10.200      0.249      0.078      0.181      0.181      0.068      0.181      0.181  1
    10.400      0.179      0.061      0.139      0.139      0.055      0.139      0.139  1
    10.600      0.199      0.064      0.199      0.246      0.072      0.199      0.199  1
    10.800      0.231      0.066      0.184      0.184      0.056      0.184      0.184  1
    11.000      0.193      0.060      0.183      0.183      0.058      0.183      0.183  1
    11.200      0.280      0.067      0.230      0.230      0.064      0.230      0.230  1
    11.400      0.247      0.063      0.247      0.264      0.065      0.247      0.247  1
    11.600      0.149      0.049      0.149      0.240      0.061      0.149      0.149  1
    11.800      0.230      0.057      0.186      0.186      0.054      0.186      0.186  1
    12.000      0.230      0.057      0.230      0.254      0.060      0.230      0.230  1
    12.200      0.247      0.054      0.150      0.150      0.046      0.150      0.150  1
    12.400      0.239      0.056      0.162      0.162      0.046      0.162      0.162  1
    12.600      0.256      0.055      0.228      0.228      0.053      0.228      0.228  1
    12.800      0.285      0.056      0.161      0.161      0.044      0.161      0.161  1
    13.000      0.252      0.055      0.252      0.276      0.054      0.252      0.252  1
    13.200      0.257      0.052      0.202      0.202      0.047      0.202      0.202  1
    13.400      0.182      0.045      0.182      0.215      0.049      0.182      0.182  1
    13.600      0.215      0.046      0.188      0.188      0.044      0.188      0.188  1
    13.800      0.237      0.048      0.237      0.242      0.049      0.237      0.237  1
    14.000      0.231      0.044      0.200      0.200      0.043      0.200      0.200  1
    14.200      0.269      0.050      0.223      0.223      0.046      0.223      0.223  1
    14.400      0.240      0.047      0.240      0.264      0.047      0.240      0.240  1
    14.600      0.225      0.045      0.225      0.259      0.048      0.225      0.225  1
    14.800      0.227      0.045      0.220      0.220      0.043      0.220      0.220  1
    15.000      0.218      0.042      0.218      0.234      0.043      0.218      0.218  1
    15.200      0.210      0.041      0.210      0.232      0.042      0.210      0.210  1
    15.400      0.224      0.036      0.224      0.239      0.037      0.224      0.224  1
    15.600      0.250      0.035      0.221      0.221      0.034      0.221      0.221  1
    15.800      0.243      0.035      0.243      0.258      0.034      0.243      0.243  1
    16.000      0.278      0.036      0.222      0.222      0.033      0.222      0.222  1
    16.200      0.248      0.034      0.246      0.246      0.034      0.246      0.246  1
    16.400      0.250      0.033      0.222      0.222      0.032      0.222      0.222  1
    16.600      0.301      0.036      0.254      0.254      0.034      0.254      0.254  1
    16.800      0.215      0.031      0.215      0.229      0.031      0.215      0.215  1
    17.000      0.305      0.036      0.247      0.247      0.033      0.247      0.247  1
    17.200      0.251      0.032      0.251      0.268      0.033      0.251      0.251  1
    17.400      0.261      0.033      0.255      0.255      0.032      0.255      0.255  1
    17.600      0.284      0.034      0.263      0.263      0.032      0.263      0.263  1
    17.800      0.239      0.031      0.239      0.240      0.031      0.239      0.239  1
    18.000      0.294      0.034      0.280      0.280      0.033      0.280      0.280  1
    18.200      0.301      0.033      0.282      0.282      0.032      0.282      0.282  1
    18.400      0.295      0.033      0.295      0.300      0.033      0.295      0.295  1
    18.600      0.306      0.033      0.306      0.319      0.033      0.306      0.306  1
    18.800      0.344      0.035      0.312      0.312      0.033      0.312      0.312  1
    19.000      0.328      0.033      0.284      0.284      0.032      0.284      0.284  1
    19.200      0.282      0.031      0.282      0.315      0.033      0.282      0.282  1
    19.400      0.296      0.031      0.287      0.287      0.031      0.287      0.287  1
    19.600      0.299      0.032      0.286      0.286      0.031      0.286      0.286  1
    19.800      0.342      0.033      0.279      0.279      0.030      0.279      0.279  1
    20.000      0.293      0.030      0.278      0.278      0.030      0.278      0.278  1
    20.200      0.260      0.029      0.260      0.308      0.031      0.260      0.260  1
    20.400      0.320      0.031      0.303      0.303      0.030      0.303      0.303  1
    20.600      0.297      0.030      0.295      0.295      0.030      0.295      0.295  1
    20.800      0.326      0.031      0.271      0.271      0.029      0.271      0.271  1
    21.000      0.311      0.031      0.289      0.289      0.029      0.289      0.289  1
    21.200      0.323      0.030      0.285      0.285      0.029      0.285      0.285  1
    21.400      0.343      0.031      0.304      0.304      0.030      0.304      0.304  1
    21.600      0.311      0.029      0.311      0.327      0.030      0.311      0.311  1
    21.800      0.329      0.030      0.324      0.324      0.030      0.324      0.324  1
    22.000      0.336      0.030      0.328      0.328      0.029      0.328      0.328  1
    22.200      0.343      0.030      0.343      0.347      0.031      0.343      0.343  1
    22.400      0.341      0.030      0.314      0.314      0.029      0.314      0.314  1
    22.600      0.322      0.029      0.302      0.302      0.028      0.302      0.302  1
    22.800      0.363      0.031      0.291      0.291      0.028      0.291      0.291  1
    23.000      0.312      0.028      0.294      0.294      0.028      0.294      0.294  1
    23.200      0.357      0.029      0.322      0.322      0.028      0.322      0.322  1
    23.400      0.315      0.026      0.290      0.290      0.025      0.290      0.290  1
    23.600      0.329      0.024      0.308      0.308      0.024      0.308      0.308  1
    23.800      0.326      0.022      0.326      0.346      0.022      0.326      0.326  1
    24.000      0.356      0.022      0.356      0.365      0.023      0.356      0.356  1
    24.200      0.388      0.023      0.343      0.343      0.022      0.343      0.343  1
    24.400      0.346      0.022      0.346      0.354      0.022      0.346      0.346  1
    24.600      0.399      0.023      0.329      0.329      0.022      0.329      0.329  1
    24.800      0.393      0.023      0.359      0.359      0.022      0.359      0.359  1
    25.000      0.401      0.023      0.354      0.354      0.022      0.354      0.354  1
    25.200      0.382      0.022      0.376      0.384      0.022      0.376      0.376  1
    25.400      0.395      0.022      0.370      0.370      0.022      0.370      0.370  1
    25.600      0.391      0.022      0.360      0.360      0.021      0.360      0.360  1
    25.800      0.417      0.023      0.378      0.385      0.022      0.377      0.376  1
    26.000      0.476      0.024      0.383      0.375      0.022      0.379      0.375  1
    26.200      0.506      0.024      0.403      0.457      0.023      0.391      0.376  1
    26.400      0.665      0.027      0.457      0.514      0.025      0.420      0.376  1
    26.600      0.848      0.029      0.580      0.623      0.026      0.488      0.377  1
    26.800      1.148      0.032      0.815      0.767      0.028      0.617      0.377  1
    27.000      1.392      0.033      1.196      1.018      0.031      0.826      0.377  1
    27.200      1.813      0.036      1.713      1.167      0.032      1.110      0.377  1
    27.400      2.256      0.038      2.290      1.492      0.034      1.427      0.378  1
    27.600      2.613      0.039      2.792      1.735      0.035      1.702      0.378  1
    27.800      3.051      0.041      3.081      1.943      0.036      1.861      0.378  1
    28.000      3.310      0.042      3.071      2.055      0.037      1.856      0.378  1
    28.200      3.351      0.041      2.777      2.125      0.037      1.694      0.378  1
    28.400      2.892      0.040      2.294      1.828      0.035      1.429      0.378  1
    28.600      2.223      0.037      1.755      1.377      0.032      1.134      0.378  1
    28.800      1.472      0.032      1.272      0.953      0.028      0.869      0.378  1
    29.000      0.919      0.028      0.904      0.666      0.025      0.667      0.379  1
    29.200      0.617      0.024      0.660      0.470      0.022      0.533      0.379  1
    29.400      0.483      0.022      0.517      0.424      0.021      0.455      0.380  1
    29.600      0.511      0.022      0.442      0.437      0.021      0.414      0.381  1
    29.800      0.435      0.021      0.403      0.378      0.020      0.392      0.378  1
    30.000      0.442      0.021      0.391      0.397      0.020      0.387      0.382  1
    30.200      0.453      0.021      0.384      0.381      0.020      0.383      0.381  1
    30.400      0.430      0.021      0.384      0.390      0.020      0.383      0.383  1
    30.600      0.432      0.020      0.383      0.395      0.020      0.383      0.383  1
    30.800      0.425      0.020      0.383      0.401      0.020      0.383      0.383  1
    31.000      0.422      0.020      0.383      0.403      0.020      0.383      0.383  1
    31.200      0.416      0.020      0.384      0.398      0.019      0.384      0.384  1
    31.400      0.414      0.020      0.382      0.382      0.019      0.382      0.382  1
    31.600      0.390      0.019      0.367      0.367      0.019      0.367      0.367  1
    31.800      0.416      0.019      0.386      0.387      0.019      0.386      0.386  1
    32.000      0.401      0.019      0.359      0.359      0.018      0.359      0.359  1
    32.200      0.405      0.018      0.387      0.395      0.018      0.387      0.387  1
    32.400      0.402      0.018      0.374      0.374      0.017      0.374      0.374  1
    32.600      0.399      0.017      0.375      0.375      0.017      0.375      0.375  1
    32.800      0.386      0.017      0.378      0.378      0.017      0.378      0.378  1
    33.000      0.400      0.017      0.383      0.383      0.017      0.383      0.383  1
    33.200      0.395      0.017      0.374      0.374      0.017      0.374      0.374  1
    33.400      0.381      0.017      0.371      0.371      0.017      0.371      0.371  1
    33.600      0.378      0.017      0.374      0.374      0.017      0.374      0.374  1
    33.800      0.382      0.017      0.379      0.379      0.017      0.379      0.379  1
    34.000      0.386      0.017      0.371      0.371      0.017      0.371      0.371  1
    34.200      0.388      0.017      0.357      0.357      0.016      0.357      0.357  1
    34.400      0.385      0.017      0.380      0.380      0.017      0.380      0.380  1
    34.600      0.359      0.017      0.359      0.379      0.017      0.359      0.359  1
    34.800      0.381      0.017      0.363      0.363      0.017      0.363      0.363  1
    35.000      0.366      0.017      0.366      0.373      0.017      0.366      0.366  1
    35.200      0.387      0.017      0.366      0.366      0.017      0.366      0.366  1
    35.400      0.383      0.017      0.359      0.359      0.017      0.359      0.359  1
    35.600      0.388      0.017      0.375      0.375      0.017      0.375      0.375  1
    35.800      0.387      0.017      0.380      0.380      0.017      0.380      0.380  1
    36.000      0.390      0.017      0.355      0.355      0.016      0.355      0.355  1
    36.200      0.387      0.017      0.369      0.369      0.017      0.369      0.369  1
    36.400      0.388      0.017      0.368      0.368      0.017      0.368      0.368  1
    36.600      0.394      0.017      0.380      0.380      0.017      0.380      0.380  1
    36.800      0.359      0.016      0.359      0.394      0.017      0.359      0.359  1
    37.000      0.385      0.017      0.378      0.378      0.017      0.378      0.378  1
    37.200      0.392      0.017      0.392      0.397      0.017      0.392      0.392  1
    37.400      0.405      0.017      0.393      0.396      0.017      0.393      0.393  1
    37.600      0.388      0.017      0.388      0.400      0.017      0.388      0.388  1
    37.800      0.401      0.017      0.364      0.364      0.017      0.364      0.364  1
    38.000      0.378      0.017      0.371      0.371      0.017      0.371      0.371  1
    38.200      0.413      0.018      0.376      0.376      0.017      0.376      0.376  1
    38.400      0.405      0.017      0.386      0.386      0.017      0.386      0.386  1
    38.600      0.401      0.017      0.390      0.390      0.017      0.390      0.390  1
    38.800      0.416      0.018      0.365      0.365      0.017      0.365      0.365  1
    39.000      0.391      0.017      0.377      0.377      0.017      0.377      0.377  1
    39.200      0.390      0.017      0.390      0.391      0.017      0.390      0.390  1
    39.400      0.396      0.017      0.386      0.386      0.017      0.386      0.386  1
    39.600      0.395      0.017      0.376      0.376      0.017      0.376      0.376  1
    39.800      0.426      0.018      0.392      0.392      0.017      0.392      0.392  1
    40.000      0.405      0.017      0.385      0.385      0.017      0.385      0.385  1
    40.200      0.395      0.017      0.391      0.391      0.017      0.391      0.391  1
    40.400      0.396      0.017      0.381      0.381      0.017      0.381      0.381  1
    40.600      0.409      0.017      0.362      0.362      0.017      0.362      0.362  1
    40.800      0.420      0.018      0.398      0.398      0.017      0.398      0.398  1
    41.000      0.389      0.017      0.389      0.398      0.017      0.389      0.389  1
    41.200      0.390      0.017      0.390      0.398      0.017      0.390      0.390  1
    41.400      0.406      0.017      0.388      0.388      0.017      0.388      0.388  1
    41.600      0.403      0.017      0.385      0.385      0.016      0.385      0.385  1
    41.800      0.409      0.017      0.377      0.377      0.016      0.377      0.377  1
    42.000      0.403      0.016      0.391      0.391      0.016      0.391      0.391  1
    42.200      0.405      0.016      0.380      0.380      0.016      0.380      0.380  1
    42.400      0.413      0.016      0.396      0.396      0.016      0.396      0.396  1
    42.600      0.415      0.016      0.397      0.397      0.016      0.397      0.397  1
    42.800      0.403      0.016      0.403      0.404      0.016      0.403      0.403  1
    43.000      0.424      0.016      0.399      0.399      0.016      0.399      0.399  1
    43.200      0.401      0.016      0.401      0.406      0.016      0.401      0.401  1
    43.400      0.424      0.016      0.396      0.396      0.016      0.396      0.396  1
    43.600      0.399      0.016      0.399      0.407      0.016      0.399      0.399  1
    43.800      0.439      0.017      0.411      0.430      0.016      0.412      0.410  1
    44.000      0.416      0.016      0.412      0.415      0.016      0.414      0.411  1
    44.200      0.414      0.016      0.414      0.437      0.017      0.419      0.412  1
    44.400      0.393      0.016      0.395      0.439      0.017      0.406      0.393  1
    44.600      0.400      0.016      0.405      0.435      0.017      0.427      0.400  1
    44.800      0.416      0.016      0.423      0.478      0.017      0.465      0.413  1
    45.000      0.447      0.017      0.430      0.548      0.018      0.505      0.413  1
    45.200      0.445      0.017      0.441      0.614      0.019      0.567      0.414  1
    45.400      0.469      0.017      0.457      0.716      0.020      0.654      0.415  1
    45.600      0.512      0.018      0.480      0.829      0.021      0.770      0.418  1
    45.800      0.526      0.018      0.505      0.965      0.022      0.908      0.418  1
    46.000      0.568      0.018      0.534      1.109      0.023      1.062      0.421  1
    46.200      0.614      0.019      0.561      1.241      0.024      1.213      0.421  1
    46.400      0.606      0.019      0.584      1.369      0.025      1.344      0.421  1
    46.600      0.627      0.019      0.601      1.488      0.025      1.438      0.421  1
    46.800      0.644      0.019      0.608      1.612      0.026      1.480      0.421  1
    47.000      0.648      0.019      0.605      1.575      0.026      1.465      0.421  1
    47.200      0.641      0.019      0.593      1.523      0.025      1.395      0.421  1
    47.400      0.582      0.018      0.570      1.391      0.025      1.279      0.418  1
    47.600      0.564      0.018      0.545      1.219      0.024      1.140      0.418  1
    47.800      0.508      0.018      0.516      0.981      0.022      0.990      0.415  1
    48.000      0.515      0.018      0.491      0.779      0.021      0.850      0.414  1
    48.200      0.451      0.017      0.469      0.631      0.019      0.727      0.413  1
    48.400      0.462      0.017      0.451      0.533      0.018      0.629      0.413  1
    48.600      0.447      0.017      0.438      0.470      0.017      0.555      0.413  1
    48.800      0.437      0.017      0.429      0.464      0.017      0.502      0.413  1
    49.000      0.448      0.017      0.423      0.460      0.017      0.467      0.413  1
    49.200      0.451      0.017      0.419      0.444      0.017      0.444      0.413  1
    49.400      0.451      0.017      0.416      0.446      0.017      0.430      0.413  1
    49.600      0.466      0.017      0.416      0.461      0.017      0.424      0.414  1
    49.800      0.462      0.017      0.415      0.447      0.017      0.419      0.414  1
    50.000      0.449      0.017      0.415      0.465      0.017      0.417      0.415  1
    50.200      0.464      0.017      0.418      0.488      0.017      0.419      0.418  1
    50.400      0.440      0.016      0.419      0.445      0.017      0.419      0.418  1
    50.600      0.467      0.017      0.422      0.439      0.016      0.422      0.421  1
    50.800      0.466      0.017      0.424      0.461      0.017      0.424      0.423  1
    51.000      0.461      0.017      0.431      0.449      0.017      0.431      0.430  1
    51.200      0.465      0.017      0.432      0.461      0.017      0.432      0.432  1
    51.400      0.441      0.017      0.433      0.447      0.017      0.433      0.433  1
    51.600      0.496      0.017      0.434      0.465      0.017      0.434      0.434  1
    51.800      0.474      0.017      0.437      0.446      0.017      0.437      0.437  1
    52.000      0.468      0.017      0.441      0.462      0.017      0.441      0.440  1
    52.200      0.497      0.017      0.444      0.468      0.017      0.444      0.442  1
    52.400      0.491      0.017      0.449      0.460      0.016      0.448      0.444  1
    52.600      0.479      0.016      0.452      0.442      0.016      0.451      0.442  1
    52.800      0.513      0.017      0.467      0.451      0.016      0.464      0.448  1
    53.000      0.484      0.016      0.485      0.480      0.016      0.479      0.450  1
    53.200      0.534      0.017      0.511      0.499      0.016      0.501      0.451  1
    53.400      0.574      0.017      0.550      0.542      0.016      0.533      0.451  1
    53.600      0.643      0.017      0.609      0.592      0.016      0.581      0.452  1
    53.800      0.722      0.018      0.688      0.673      0.017      0.647      0.452  1
    54.000      0.828      0.018      0.795      0.755      0.018      0.735      0.454  1
    54.200      0.970      0.019      0.926      0.820      0.018      0.844      0.455  1
    54.400      1.130      0.020      1.081      0.957      0.019      0.971      0.455  1
    54.600      1.268      0.021      1.255      1.070      0.020      1.115      0.457  1
    54.800      1.399      0.022      1.437      1.206      0.021      1.266      0.460  1
    55.000      1.633      0.023      1.612      1.300      0.021      1.411      0.461  1
    55.200      1.784      0.023      1.767      1.432      0.022      1.539      0.463  1
    55.400      1.948      0.024      1.886      1.571      0.022      1.638      0.463  1
    55.600      1.997      0.024      1.958      1.587      0.023      1.700      0.464  1
    55.800      1.991      0.024      1.976      1.579      0.023      1.718      0.465  1
    56.000      1.958      0.024      1.937      1.537      0.022      1.691      0.466  1
    56.200      1.859      0.024      1.848      1.501      0.022      1.625      0.466  1
    56.400      1.673      0.023      1.719      1.361      0.022      1.529      0.466  1
    56.600      1.491      0.022      1.566      1.247      0.021      1.418      0.468  1
    56.800      1.282      0.021      1.403      1.122      0.020      1.303      0.470  1
    57.000      1.105      0.020      1.241      1.040      0.020      1.192      0.471  1
    57.200      0.934      0.019      1.096      0.970      0.019      1.099      0.473  1
    57.400      0.853      0.019      0.970      0.920      0.019      1.025      0.474  1
    57.600      0.774      0.018      0.875      0.894      0.019      0.977      0.480  1
    57.800      0.763      0.018      0.797      0.911      0.019      0.940      0.480  1
    58.000      0.774      0.018      0.741      0.963      0.019      0.917      0.481  1
    58.200      0.741      0.018      0.701      0.981      0.020      0.901      0.483  1
    58.400      0.754      0.018      0.672      1.001      0.020      0.886      0.484  1
    58.600      0.754      0.018      0.649      0.973      0.020      0.866      0.485  1
    58.800      0.725      0.018      0.629      0.958      0.019      0.839      0.485  1
    59.000      0.692      0.017      0.612      0.926      0.019      0.807      0.486  1
    59.200      0.674      0.017      0.599      0.859      0.019      0.773      0.491  1
    59.400      0.659      0.017      0.582      0.805      0.018      0.732      0.492  1
    59.600      0.645      0.017      0.566      0.768      0.018      0.690      0.492  1
    59.800      0.605      0.016      0.552      0.710      0.018      0.651      0.494  1
    60.000      0.555      0.016      0.540      0.634      0.017      0.616      0.495  1
    60.200      0.542      0.016      0.530      0.594      0.016      0.587      0.497  1
    60.400      0.542      0.016      0.522      0.568      0.016      0.563      0.498  1
    60.600      0.524      0.016      0.517      0.519      0.016      0.545      0.500  1
    60.800      0.535      0.016      0.512      0.529      0.016      0.531      0.500  1
    61.000      0.523      0.016      0.512      0.530      0.016      0.525      0.504  1
    61.200      0.499      0.015      0.504      0.518      0.016      0.512      0.499  1
    61.400      0.509      0.015      0.506      0.503      0.015      0.511      0.503  1
    61.600      0.535      0.016      0.500      0.498      0.015      0.503      0.498  1
    61.800      0.508      0.015      0.484      0.483      0.015      0.486      0.483  1
    62.000      0.540      0.016      0.508      0.531      0.016      0.509      0.507  1
    62.200      0.535      0.016      0.488      0.488      0.015      0.489      0.488  1
    62.400      0.528      0.016      0.509      0.521      0.015      0.509      0.508  1
    62.600      0.531      0.016      0.505      0.505      0.015      0.505      0.505  1
    62.800      0.525      0.016      0.503      0.503      0.015      0.503      0.503  1
    63.000      0.512      0.015      0.500      0.500      0.015      0.500      0.500  1
    63.200      0.546      0.016      0.512      0.523      0.016      0.512      0.511  1
    63.400      0.525      0.016      0.514      0.523      0.016      0.514      0.514  1
    63.600      0.523      0.016      0.516      0.525      0.016      0.516      0.515  1
    63.800      0.556      0.016      0.517      0.518      0.016      0.517      0.516  1
    64.000      0.531      0.016      0.506      0.506      0.015      0.506      0.506  1
    64.200      0.543      0.016      0.514      0.513      0.015      0.513      0.513  1
    64.400      0.559      0.016      0.515      0.514      0.015      0.514      0.514  1
    64.600      0.578      0.016      0.525      0.546      0.016      0.523      0.522  1
    64.800      0.558      0.016      0.513      0.508      0.015      0.509      0.508  1
    65.000      0.567      0.016      0.532      0.531      0.016      0.525      0.523  1
    65.200      0.574      0.016      0.538      0.522      0.016      0.526      0.522  1
    65.400      0.565      0.016      0.551      0.525      0.016      0.531      0.524  1
    65.600      0.585      0.016      0.565      0.521      0.016      0.532      0.521  1
    65.800      0.614      0.017      0.597      0.552      0.016      0.545      0.527  1
    66.000      0.616      0.017      0.634      0.543      0.016      0.556      0.529  1
    66.200      0.663      0.017      0.687      0.571      0.016      0.573      0.533  1
    66.400      0.698      0.017      0.753      0.579      0.016      0.590      0.533  1
    66.600      0.791      0.018      0.838      0.599      0.016      0.612      0.534  1
    66.800      0.839      0.018      0.942      0.628      0.016      0.639      0.534  1
    67.000      0.946      0.019      1.066      0.654      0.017      0.671      0.534  1
    67.200      1.065      0.020      1.208      0.672      0.017      0.707      0.534  1
    67.400      1.191      0.020      1.364      0.701      0.017      0.747      0.534  1
    67.600      1.318      0.021      1.528      0.753      0.018      0.790      0.534  1
    67.800      1.476      0.022      1.693      0.795      0.018      0.833      0.535  1
    68.000      1.656      0.022      1.849      0.855      0.018      0.873      0.536  1
    68.200      1.835      0.023      1.984      0.874      0.018      0.908      0.536  1
    68.400      1.970      0.023      2.091      0.908      0.019      0.936      0.536  1
    68.600      2.082      0.024      2.163      0.974      0.019      0.956      0.538  1
    68.800      2.217      0.024      2.193      0.966      0.019      0.965      0.541  1
    69.000      2.223      0.024      2.177      1.007      0.019      0.962      0.542  1
    69.200      2.247      0.024      2.118      0.978      0.019      0.947      0.542  1
    69.400      2.209      0.024      2.024      0.971      0.019      0.925      0.545  1
    69.600      2.074      0.023      1.896      0.921      0.018      0.893      0.546  1
    69.800      2.003      0.023      1.750      0.923      0.018      0.857      0.549  1
    70.000      1.774      0.022      1.592      0.840      0.018      0.819      0.552  1
    70.200      1.582      0.021      1.432      0.795      0.017      0.781      0.555  1
    70.400      1.343      0.020      1.278      0.725      0.017      0.742      0.557  1
    70.600      1.139      0.019      1.136      0.649      0.016      0.707      0.559  1
    70.800      0.990      0.019      1.009      0.624      0.016      0.675      0.559  1
    71.000      0.849      0.018      0.902      0.615      0.016      0.648      0.560  1
    71.200      0.736      0.017      0.820      0.583      0.015      0.631      0.566  1
    71.400      0.689      0.016      0.750      0.599      0.016      0.614      0.567  1
    71.600      0.631      0.016      0.698      0.570      0.015      0.601      0.568  1
    71.800      0.620      0.016      0.656      0.566      0.015      0.589      0.566  1
    72.000      0.635      0.016      0.632      0.572      0.015      0.586      0.570  1
    72.200      0.588      0.015      0.599      0.557      0.015      0.569      0.557  1
    72.400      0.612      0.016      0.580      0.550      0.015      0.559      0.550  1
    72.600      0.603      0.016      0.583      0.560      0.015      0.568      0.560  1
    72.800      0.592      0.015      0.596      0.585      0.016      0.584      0.575  1
    73.000      0.623      0.016      0.586      0.564      0.015      0.575      0.564  1
    73.200      0.604      0.016      0.605      0.577      0.015      0.592      0.577  1
    73.400      0.597      0.015      0.619      0.593      0.015      0.604      0.584  1
    73.600      0.604      0.016      0.638      0.592      0.015      0.618      0.591  1
    73.800      0.622      0.016      0.641      0.578      0.015      0.615      0.578  1
    74.000      0.626      0.016      0.674      0.593      0.016      0.640      0.593  1
    74.200      0.616      0.016      0.697      0.595      0.015      0.655      0.595  1
    74.400      0.644      0.016      0.722      0.645      0.016      0.671      0.598  1
    74.600      0.648      0.016      0.747      0.611      0.016      0.686      0.599  1
    74.800      0.710      0.017      0.777      0.665      0.016      0.706      0.604  1
    75.000      0.692      0.016      0.806      0.666      0.016      0.725      0.609  1
    75.200      0.766      0.017      0.830      0.695      0.016      0.740      0.612  1
    75.400      0.761      0.017      0.850      0.730      0.017      0.753      0.614  1
    75.600      0.827      0.017      0.864      0.764      0.017      0.761      0.615  1
    75.800      0.834      0.018      0.872      0.798      0.017      0.766      0.615  1
    76.000      0.871      0.018      0.876      0.823      0.017      0.769      0.616  1
    76.200      0.892      0.018      0.873      0.820      0.017      0.768      0.617  1
    76.400      0.879      0.018      0.865      0.829      0.017      0.764      0.618  1
    76.600      0.889      0.018      0.853      0.873      0.018      0.757      0.620  1
    76.800      0.899      0.018      0.837      0.824      0.017      0.749      0.621  1
    77.000      0.885      0.018      0.819      0.812      0.017      0.739      0.623  1
    77.200      0.873      0.018      0.799      0.806      0.017      0.727      0.625  1
    77.400      0.837      0.017      0.777      0.780      0.017      0.715      0.625  1
    77.600      0.810      0.017      0.755      0.769      0.017      0.702      0.625  1
    77.800      0.765      0.017      0.736      0.729      0.017      0.691      0.627  1
    78.000      0.725      0.017      0.717      0.701      0.016      0.680      0.627  1
    78.200      0.693      0.016      0.700      0.679      0.016      0.670      0.627  1
    78.400      0.664      0.016      0.686      0.648      0.016      0.662      0.628  1
    78.600      0.658      0.016      0.665      0.620      0.016      0.646      0.620  1
    78.800      0.655      0.016      0.663      0.629      0.016      0.649      0.629  1
    79.000      0.635      0.016      0.651      0.625      0.016      0.640      0.625  1
    79.200      0.638      0.016      0.645      0.626      0.016      0.637      0.626  1
    79.400      0.646      0.016      0.621      0.607      0.016      0.615      0.607  1
    79.600      0.632      0.016      0.641      0.636      0.016      0.637      0.631  1
    79.800      0.644      0.016      0.638      0.643      0.016      0.635      0.631  1
    80.000      0.645      0.016      0.622      0.617      0.016      0.620      0.617  1
    80.200      0.627      0.016      0.630      0.635      0.016      0.629      0.627  1
    80.400      0.633      0.016      0.609      0.607      0.016      0.608      0.607  1
    80.600      0.640      0.016      0.614      0.613      0.016      0.614      0.613  1
    80.800      0.644      0.016      0.637      0.649      0.016      0.637      0.636  1
    81.000      0.640      0.016      0.638      0.640      0.016      0.637      0.637  1
    81.200      0.654      0.016      0.618      0.618      0.016      0.618      0.618  1
    81.400      0.651      0.016      0.627      0.627      0.016      0.627      0.627  1
    81.600      0.665      0.016      0.626      0.626      0.016      0.626      0.626  1
    81.800      0.650      0.016      0.623      0.623      0.016      0.623      0.623  1
    82.000      0.658      0.016      0.640      0.640      0.016      0.640      0.640  1
    82.200      0.645      0.016      0.641      0.662      0.016      0.641      0.640  1
    82.400      0.653      0.016      0.628      0.628      0.016      0.628      0.628  1
    82.600      0.663      0.016      0.643      0.645      0.016      0.644      0.643  1
    82.800      0.634      0.016      0.634      0.646      0.016      0.635      0.634  1
    83.000      0.651      0.016      0.644      0.658      0.016      0.646      0.644  1
    83.200      0.659      0.016      0.633      0.632      0.016      0.634      0.632  1
    83.400      0.639      0.016      0.640      0.648      0.016      0.643      0.639  1
    83.600      0.651      0.016      0.637      0.635      0.016      0.641      0.635  1
    83.800      0.662      0.016      0.648      0.664      0.016      0.655      0.645  1
    84.000      0.662      0.016      0.650      0.663      0.016      0.659      0.646  1
    84.200      0.670      0.016      0.652      0.652      0.016      0.666      0.646  1
    84.400      0.646      0.016      0.653      0.651      0.016      0.673      0.646  1
    84.600      0.668      0.016      0.657      0.650      0.016      0.684      0.647  1
    84.800      0.681      0.016      0.662      0.671      0.016      0.699      0.649  1
    85.000      0.687      0.016      0.668      0.685      0.016      0.716      0.650  1
    85.200      0.669      0.016      0.673      0.698      0.016      0.735      0.650  1
    85.400      0.681      0.016      0.680      0.742      0.017      0.759      0.651  1
    85.600      0.694      0.016      0.687      0.718      0.017      0.784      0.651  1
    85.800      0.683      0.016      0.695      0.760      0.017      0.812      0.652  1
    86.000      0.694      0.016      0.703      0.784      0.017      0.842      0.652  1
    86.200      0.699      0.016      0.711      0.791      0.017      0.873      0.652  1
    86.400      0.717      0.017      0.719      0.809      0.017      0.903      0.652  1
    86.600      0.739      0.017      0.727      0.869      0.018      0.933      0.652  1
    86.800      0.745      0.017      0.735      0.887      0.018      0.960      0.653  1
    87.000      0.752      0.017      0.742      0.964      0.018      0.984      0.654  1
    87.200      0.761      0.017      0.749      0.968      0.018      1.004      0.656  1
    87.400      0.787      0.017      0.754      0.996      0.019      1.018      0.657  1
    87.600      0.766      0.017      0.759      1.024      0.019      1.027      0.661  1
    87.800      0.777      0.017      0.760      1.021      0.019      1.028      0.662  1
    88.000      0.787      0.017      0.760      1.014      0.019      1.024      0.664  1
    88.200      0.770      0.017      0.759      1.023      0.019      1.014      0.665  1
    88.400      0.773      0.017      0.755      1.038      0.019      0.998      0.666  1
    88.600      0.764      0.017      0.752      1.026      0.019      0.980      0.669  1
    88.800      0.782      0.017      0.746      1.005      0.019      0.956      0.669  1
    89.000      0.768      0.017      0.739      0.994      0.019      0.930      0.669  1
    89.200      0.790      0.017      0.733      0.945      0.018      0.903      0.669  1
    89.400      0.781      0.017      0.726      0.929      0.018      0.876      0.669  1
    89.600      0.747      0.017      0.720      0.870      0.018      0.850      0.669  1
    89.800      0.760      0.017      0.715      0.822      0.017      0.827      0.669  1
    90.000      0.728      0.017      0.709      0.806      0.017      0.803      0.666  1
    90.200      0.755      0.017      0.707      0.775      0.017      0.785      0.666  1
    90.400      0.725      0.017      0.710      0.751      0.017      0.773      0.669  1
    90.600      0.725      0.017      0.713      0.743      0.017      0.763      0.669  1
    90.800      0.755      0.017      0.718      0.741      0.017      0.757      0.669  1
    91.000      0.736      0.017      0.727      0.763      0.017      0.755      0.669  1
    91.200      0.749      0.017      0.743      0.748      0.017      0.762      0.673  1
    91.400      0.754      0.017      0.760      0.761      0.017      0.772      0.675  1
    91.600      0.760      0.017      0.782      0.768      0.017      0.786      0.676  1
    91.800      0.803      0.017      0.809      0.809      0.017      0.807      0.678  1
    92.000      0.836      0.018      0.839      0.790      0.017      0.830      0.679  1
    92.200      0.874      0.018      0.875      0.847      0.018      0.860      0.680  1
    92.400      0.867      0.018      0.917      0.891      0.018      0.895      0.683  1
    92.600      0.948      0.018      0.965      0.908      0.018      0.937      0.689  1
    92.800      0.989      0.019      1.012      0.952      0.018      0.978      0.689  1
    93.000      1.068      0.019      1.060      1.006      0.019      1.020      0.689  1
    93.200      1.123      0.019      1.110      1.038      0.019      1.063      0.690  1
    93.400      1.185      0.020      1.159      1.096      0.019      1.106      0.690  1
    93.600      1.195      0.020      1.207      1.145      0.019      1.149      0.691  1
    93.800      1.297      0.020      1.251      1.186      0.020      1.188      0.691  1
    94.000      1.313      0.020      1.290      1.254      0.020      1.222      0.692  1
    94.200      1.368      0.021      1.323      1.294      0.020      1.252      0.694  1
    94.400      1.391      0.021      1.347      1.325      0.020      1.274      0.695  1
    94.600      1.444      0.021      1.364      1.304      0.020      1.288      0.696  1
    94.800      1.417      0.021      1.373      1.312      0.020      1.297      0.701  1
    95.000      1.413      0.021      1.370      1.306      0.020      1.295      0.703  1
    95.200      1.434      0.021      1.356      1.339      0.020      1.282      0.703  1
    95.400      1.409      0.021      1.341      1.317      0.020      1.269      0.710  1
    95.600      1.404      0.021      1.311      1.299      0.020      1.243      0.711  1
    95.800      1.357      0.021      1.273      1.250      0.020      1.210      0.712  1
    96.000      1.347      0.020      1.233      1.228      0.020      1.175      0.714  1
    96.200      1.286      0.020      1.188      1.161      0.020      1.134      0.715  1
    96.400      1.220      0.020      1.143      1.111      0.019      1.095      0.718  1
    96.600      1.128      0.019      1.097      1.094      0.019      1.054      0.720  1
    96.800      1.049      0.019      1.049      0.990      0.019      1.012      0.720  1
    97.000      0.999      0.019      1.004      0.953      0.018      0.972      0.721  1
    97.200      0.957      0.018      0.963      0.908      0.018      0.935      0.721  1
    97.400      0.906      0.018      0.924      0.871      0.018      0.902      0.722  1
    97.600      0.899      0.018      0.891      0.851      0.018      0.872      0.723  1
    97.800      0.843      0.018      0.862      0.815      0.018      0.847      0.725  1
    98.000      0.824      0.018      0.839      0.832      0.018      0.827      0.728  1
    98.200      0.860      0.018      0.817      0.817      0.018      0.807      0.728  1
    98.400      0.867      0.018      0.799      0.841      0.018      0.791      0.729  1
    98.600      0.879      0.018      0.788      0.837      0.018      0.782      0.733  1
    98.800      0.860      0.018      0.782      0.841      0.018      0.777      0.739  1
    99.000      0.874      0.019      0.775      0.824      0.018      0.771      0.742  1
    99.200      0.858      0.019      0.784      0.849      0.019      0.781      0.759  1
    99.400      0.870      0.019      0.779      0.863      0.019      0.777      0.760  1
    99.600      0.847      0.019      0.780      0.839      0.019      0.778      0.765  1
    99.800      0.868      0.019      0.777      0.870      0.019      0.776      0.765  1
   100.000      0.875      0.019      0.776      0.865      0.019      0.775      0.766  1
   100.200      0.885      0.019      0.777      0.872      0.019      0.776      0.768  1
   100.400      0.906      0.020      0.778      0.904      0.020      0.777      0.768  1
   100.600      0.924      0.020      0.785      0.905      0.019      0.784      0.773  1
   100.800      0.893      0.020      0.796      0.869      0.019      0.794      0.780  1
   101.000      0.913      0.020      0.801      0.897      0.020      0.798      0.780  1
   101.200      0.925      0.020      0.813      0.927      0.020      0.809      0.784  1
   101.400      0.957      0.020      0.827      0.938      0.020      0.821      0.788  1
   101.600      0.985      0.021      0.842      0.912      0.020      0.834      0.789  1
   101.800      0.965      0.020      0.869      0.959      0.020      0.858      0.798  1
   102.000      1.006      0.021      0.900      0.963      0.021      0.886      0.806  1
   102.200      1.024      0.021      0.936      1.005      0.021      0.918      0.814  1
   102.400      1.051      0.021      0.972      1.030      0.021      0.948      0.814  1
   102.600      1.075      0.022      1.017      1.089      0.022      0.986      0.815  1
   102.800      1.144      0.022      1.068      1.116      0.022      1.030      0.815  1
   103.000      1.229      0.023      1.130      1.147      0.023      1.083      0.816  1
   103.200      1.318      0.024      1.200      1.205      0.023      1.143      0.816  1
   103.400      1.363      0.024      1.281      1.305      0.024      1.212      0.816  1
   103.600      1.443      0.024      1.371      1.339      0.024      1.288      0.816  1
   103.800      1.550      0.025      1.476      1.461      0.025      1.378      0.822  1
   104.000      1.699      0.026      1.584      1.578      0.025      1.470      0.822  1
   104.200      1.811      0.026      1.706      1.683      0.026      1.575      0.830  1
   104.400      1.964      0.027      1.827      1.816      0.027      1.678      0.830  1
   104.600      2.119      0.028      1.952      1.918      0.027      1.784      0.831  1
   104.800      2.240      0.029      2.077      2.064      0.028      1.891      0.831  1
   105.000      2.388      0.029      2.204      2.172      0.029      1.999      0.834  1
   105.200      2.465      0.030      2.323      2.222      0.029      2.101      0.834  1
   105.400      2.576      0.030      2.436      2.283      0.029      2.197      0.834  1
   105.600      2.626      0.031      2.538      2.398      0.030      2.284      0.834  1
   105.800      2.682      0.031      2.630      2.451      0.030      2.361      0.835  1
   106.000      2.782      0.031      2.704      2.460      0.030      2.425      0.835  1
   106.200      2.830      0.032      2.761      2.482      0.031      2.473      0.836  1
   106.400      2.839      0.032      2.798      2.514      0.031      2.505      0.836  1
   106.600      2.850      0.032      2.816      2.614      0.032      2.520      0.837  1
   106.800      2.846      0.032      2.812      2.464      0.031      2.517      0.837  1
   107.000      2.857      0.033      2.788      2.541      0.032      2.496      0.837  1
   107.200      2.747      0.033      2.744      2.482      0.032      2.459      0.837  1
   107.400      2.728      0.033      2.682      2.449      0.032      2.406      0.837  1
   107.600      2.647      0.033      2.603      2.361      0.032      2.339      0.837  1
   107.800      2.518      0.032      2.515      2.273      0.032      2.264      0.842  1
   108.000      2.388      0.033      2.411      2.134      0.032      2.176      0.842  1
   108.200      2.272      0.032      2.301      2.070      0.031      2.083      0.844  1
   108.400      2.146      0.032      2.184      1.890      0.031      1.982      0.844  1
   108.600      1.940      0.031      2.067      1.777      0.030      1.882      0.847  1
   108.800      1.800      0.031      1.947      1.673      0.030      1.780      0.847  1
   109.000      1.629      0.030      1.831      1.567      0.030      1.680      0.847  1
   109.200      1.548      0.030      1.719      1.435      0.029      1.584      0.847  1
   109.400      1.452      0.030      1.615      1.359      0.029      1.494      0.849  1
   109.600      1.355      0.029      1.518      1.332      0.029      1.410      0.849  1
   109.800      1.266      0.029      1.431      1.270      0.029      1.333      0.850  1
   110.000      1.273      0.029      1.352      1.209      0.029      1.263      0.850  1
   110.200      1.252      0.029      1.283      1.172      0.028      1.202      0.851  1
   110.400      1.282      0.030      1.223      1.161      0.029      1.148      0.851  1
   110.600      1.279      0.030      1.175      1.173      0.030      1.103      0.853  1
   110.800      1.250      0.030      1.133      1.149      0.029      1.062      0.853  1
   111.000      1.219      0.030      1.102      1.188      0.030      1.032      0.856  1
   111.200      1.241      0.031      1.075      1.178      0.030      1.004      0.856  1
   111.400      1.233      0.031      1.055      1.147      0.030      0.981      0.856  1
   111.600      1.253      0.032      1.040      1.164      0.031      0.963      0.856  1
   111.800      1.288      0.032      1.034      1.174      0.031      0.952      0.860  1
   112.000      1.320      0.033      1.027      1.198      0.032      0.941      0.860  1
   112.200      1.308      0.033      1.027      1.207      0.032      0.935      0.863  1
   112.400      1.365      0.034      1.026      1.191      0.033      0.928      0.863  1
   112.600      1.313      0.034      1.028      1.182      0.033      0.926      0.865  1
   112.800      1.304      0.035      1.030      1.146      0.033      0.922      0.865  1
   113.000      1.327      0.035      1.032      1.216      0.034      0.920      0.866  1
   113.200      1.343      0.035      1.034      1.184      0.034      0.919      0.866  1
   113.400      1.377      0.037      1.036      1.208      0.035      0.917      0.866  1
   113.600      1.403      0.037      1.037      1.130      0.035      0.916      0.866  1
   113.800      1.375      0.038      1.041      1.167      0.036      0.918      0.870  1
   114.000      1.313      0.037      1.040      1.167      0.036      0.917      0.870  1
   114.200      1.320      0.038      1.038      1.154      0.037      0.916      0.870  1
   114.400      1.297      0.038      1.035      1.151      0.037      0.915      0.870  1
   114.600      1.331      0.039      1.033      1.213      0.038      0.916      0.872  1
   114.800      1.343      0.040      1.029      1.166      0.038      0.914      0.872  1
   115.000      1.307      0.039      1.025      1.192      0.038      0.914      0.874  1
   115.200      1.271      0.040      1.018      1.139      0.039      0.912      0.874  1
   115.400      1.297      0.041      1.016      1.206      0.040      0.915      0.878  1
   115.600      1.283      0.042      1.008      1.187      0.041      0.913      0.878  1
   115.800      1.268      0.042      1.001      1.150      0.041      0.913      0.880  1
   116.000      1.234      0.042      0.993      1.179      0.042      0.911      0.880  1
   116.200      1.242      0.043      0.985      1.107      0.041      0.909      0.881  1
   116.400      1.174      0.043      0.977      1.088      0.042      0.907      0.881  1
   116.600      1.203      0.044      0.969      1.119      0.043      0.905      0.882  1
   116.800      1.193      0.045      0.960      1.165      0.044      0.903      0.882  1
   117.000      1.169      0.046      0.954      1.134      0.045      0.902      0.883  1
   117.200      1.156      0.046      0.947      1.131      0.046      0.900      0.883  1
   117.400      1.137      0.047      0.942      1.202      0.048      0.900      0.885  1
   117.600      1.140      0.048      0.935      1.135      0.048      0.899      0.885  1
   117.800      1.176      0.050      0.929      1.107      0.049      0.898      0.886  1
   118.000      1.187      0.051      0.924      1.114      0.049      0.896      0.886  1
   118.200      1.124      0.051      0.926      1.169      0.052      0.902      0.893  1
   118.400      1.100      0.052      0.922      1.156      0.053      0.901      0.893  1
   118.600      1.073      0.051      0.918      0.997      0.051      0.900      0.894  1
   118.800      1.126      0.056      0.914      1.037      0.055      0.899      0.894  1
   119.000      1.157      0.057      0.919      1.094      0.056      0.906      0.901  1
   119.200      1.189      0.061      0.916      1.190      0.061      0.905      0.901  1
   119.400      1.189      0.062      0.915      1.192      0.062      0.906      0.902  1
   119.600      1.107      0.064      0.913      1.194      0.065      0.905      0.902  1
   119.800      1.156      0.065      0.929      1.157      0.065      0.923      0.921  1
   120.000      1.237      0.070      0.928      1.124      0.068      0.923      0.921  1
   120.200      1.087      0.071      0.951      1.088      0.071      0.946      0.945  1
   120.400      1.157      0.074      0.950      1.098      0.072      0.946      0.945  1
   120.600      1.179      0.081      0.960      1.052      0.079      0.957      0.956  1
   120.800      1.054      0.080      0.959      1.099      0.082      0.957      0.956  1
   121.000      1.036      0.090      1.003      1.232      0.094      1.001      1.000  1
   121.200      1.286      0.107      1.002      1.060      0.101      1.001      1.000  1
   121.400      1.241      0.116      1.019      1.161      0.117      1.018      1.018  1
   121.600      1.155      0.135      1.019      1.392      0.143      1.018      1.018  1
   121.800      0.958      0.155      0.959      1.425      0.175      0.958      0.958  1
   122.000      1.141      0.235      1.046      1.615      0.261      1.045      1.045  1



#phase 1
  h   k   l mult    sthovl    ttheta
  1   1   1    8   0.10489    27.864
  2   0   0    6   0.12111    32.397
  2   2   0   12   0.17128    46.798
  3   1   1   24   0.20084    55.656
  2   2   2    8   0.20977    58.402
  4   0   0    6   0.24222    68.727
  3   3   1   24   0.26395    76.013
  4   2   0   24   0.27081    78.387
  4   2   2   24   0.29666    87.739
  5   1   1   24   0.31466    94.712
  3   3   3    8   0.31466    94.712
  4   4   0   12   0.34255   106.571
  5   3   1   48   0.35825   114.034
  4   4   2   24   0.36333   116.617
  6   0   0    6   0.36333   116.617



#phase 2
  h   k   l mult    sthovl    ttheta
  1   1   1    8   0.22258    62.408
  2   0   0    6   0.25701    73.647
  2   2   0   12   0.36347   116.687


