**********************************************************************
Information about phases
**********************************************************************

Phase Fe3O4:
 unit cell: 
     8.25690    8.25690    8.25690 
       90.00      90.00      90.00
 B matrix is 
  0.12111 -0.00000 -0.00000
  0.00000  0.12111 -0.00000
  0.00000  0.00000  0.12111
 
symmetry: 
 inversion center in position 0.000 0.000 0.000
 elements of symmetry:
      B    Rot.      B    Rot.      B    Rot.      B    Rot.      B    Rot.
  0.000  1 0 0;  0.750 -1 0 0;  0.250 -1 0 0;  0.500  1 0 0;  0.000  0 0 1;
  0.000  0 1 0;  0.250  0-1 0;  0.500  0 1 0;  0.750  0-1 0;  0.000  1 0 0;
  0.000  0 0 1;  0.500  0 0 1;  0.750  0 0-1;  0.250  0 0-1;  0.000  0 1 0;
      B    Rot.      B    Rot.      B    Rot.      B    Rot.      B    Rot.
  0.500  0 0 1;  0.750  0 0-1;  0.250  0 0-1;  0.000  0 1 0;  0.250  0-1 0;
  0.750 -1 0 0;  0.250 -1 0 0;  0.500  1 0 0;  0.000  0 0 1;  0.500  0 0 1;
  0.250  0-1 0;  0.500  0 1 0;  0.750  0-1 0;  0.000  1 0 0;  0.750 -1 0 0;
      B    Rot.      B    Rot.      B    Rot.      B    Rot.      B    Rot.
  0.500  0 1 0;  0.750  0-1 0;  0.750  0 1 0;  0.000  0-1 0;  0.250  0 1 0;
  0.750  0 0-1;  0.250  0 0-1;  0.250  1 0 0;  0.000 -1 0 0;  0.500 -1 0 0;
  0.250 -1 0 0;  0.500  1 0 0;  0.500  0 0-1;  0.000  0 0-1;  0.750  0 0 1;
      B    Rot.      B    Rot.      B    Rot.      B    Rot.      B    Rot.
  0.500  0-1 0;  0.750  1 0 0;  0.500 -1 0 0;  0.000 -1 0 0;  0.250  1 0 0;
  0.750  1 0 0;  0.250  0 0 1;  0.750  0 0 1;  0.000  0 0-1;  0.500  0 0-1;
  0.250  0 0 1;  0.500  0-1 0;  0.250  0 1 0;  0.000  0-1 0;  0.750  0 1 0;
      B    Rot.      B    Rot.      B    Rot.      B    Rot.
  0.750  0 0 1;  0.250  0 0 1;  0.500  0 0-1;  0.000  0 0-1;
  0.250  0 1 0;  0.500  0-1 0;  0.750  0 1 0;  0.000  0-1 0;
  0.500 -1 0 0;  0.750  1 0 0;  0.250  1 0 0;  0.000 -1 0 0;

 shifting:
 +0.000   +0.500   +0.500   +0.000  
 +0.000   +0.500   +0.000   +0.500  
 +0.000   +0.000   +0.500   +0.500  
**********************************************************************

**********************************************************************
atom Fe3A:
type Fe3

        x       y       z   occ. mult.  bscat.(cm-12)
  0.12500 0.12500 0.12500  1.000     8  0.99061

 beta11 beta22 beta33 beta12 beta13 beta23
  0.000  0.000  0.000  0.000  0.000  0.000


    biso =  0.000 (Ang**2)
coeff j0  0.39720 13.24420  0.62950  4.90340 -0.03140  0.34960  0.00440
coeff j2  1.36020 11.99760  1.51880  5.00250  0.47050  1.99140  0.00380
lfactor = 2.00 kappa = 1.00

  chi11  chi22  chi33  chi12  chi13  chi23 (susceptibility, muB/T)
 -0.723 -0.723 -0.723  0.000  0.000  0.000

Symmetry restriction on chi
     11  22  33  12  13  23  =  0
      0   0   0   0   1   0 
      0   0   0   0   0   1 
      0   0   0   1   0   0 
      1   0  -1   0   0   0 
      1  -1   0   0   0   0 
      0   1  -1   0   0   0 
      0   0   0   1  -1   0 
      0   0   0   0   1  -1 
      0   0   0   1   0  -1 
      0   0   0   1   1   0 
      0   0   0   0   1   1 
      0   0   0   1   0   1 

 magnetic form factor from sthovl (from 0.00 with step 0.01 Ang.):

  1.00  0.92  0.72  0.50  0.31  0.17  0.09  0.04  0.01 -0.01
  1.00  0.90  0.70  0.48  0.29  0.16  0.08  0.03  0.00 -0.01
  1.00  0.89  0.68  0.46  0.28  0.15  0.07  0.03  0.00 -0.01
  0.99  0.87  0.66  0.44  0.26  0.14  0.07  0.02  0.00 -0.01
  0.99  0.85  0.63  0.42  0.25  0.14  0.06  0.02 -0.00 -0.01
  0.98  0.83  0.61  0.40  0.24  0.13  0.06  0.02 -0.00 -0.01
  0.97  0.81  0.59  0.38  0.22  0.12  0.05  0.02 -0.00 -0.01
  0.96  0.79  0.57  0.36  0.21  0.11  0.05  0.01 -0.00 -0.01
  0.95  0.77  0.54  0.34  0.20  0.10  0.04  0.01 -0.01 -0.01
  0.93  0.75  0.52  0.33  0.19  0.09  0.04  0.01 -0.01 -0.01

 equivalent position of atom in unit cell with chi (in muB/T) and     f_mag_0 (in muB), it is not used, just for test
       x      y      z    chi11  chi22  chi33  chi12  chi13  chi23    mag_ia mag_ib mag_ic
   0.125  0.125  0.125   -0.723 -0.723 -0.723  0.000  0.000  0.000     0.000  0.000  0.000 
   0.875  0.875  0.875   -0.723 -0.723 -0.723  0.000  0.000  0.000     0.000  0.000  0.000 
   0.625  0.625  0.125   -0.723 -0.723 -0.723  0.000  0.000  0.000     0.000  0.000  0.000 
   0.375  0.375  0.875   -0.723 -0.723 -0.723  0.000  0.000  0.000     0.000  0.000  0.000 
   0.625  0.125  0.625   -0.723 -0.723 -0.723  0.000  0.000  0.000     0.000  0.000  0.000 
   0.375  0.875  0.375   -0.723 -0.723 -0.723  0.000  0.000  0.000     0.000  0.000  0.000 
   0.125  0.625  0.625   -0.723 -0.723 -0.723  0.000  0.000  0.000     0.000  0.000  0.000 
   0.875  0.375  0.375   -0.723 -0.723 -0.723  0.000  0.000  0.000     0.000  0.000  0.000 

 CHI in orthogonal coordinate system x||a* z||c (in 10**-12cm)
 -0.195 -0.000 -0.000   -0.195 -0.000 -0.000   -0.195 -0.000 -0.000  
 -0.000 -0.195 -0.000   -0.000 -0.195 -0.000   -0.000 -0.195 -0.000  
 -0.000 -0.000 -0.195   -0.000 -0.000 -0.195   -0.000 -0.000 -0.195  
 
 -0.195 -0.000 -0.000   -0.195 -0.000 -0.000   -0.195 -0.000 -0.000  
 -0.000 -0.195 -0.000   -0.000 -0.195 -0.000   -0.000 -0.195 -0.000  
 -0.000 -0.000 -0.195   -0.000 -0.000 -0.195   -0.000 -0.000 -0.195  
 
 -0.195 -0.000 -0.000   -0.195 -0.000 -0.000  
 -0.000 -0.195 -0.000   -0.000 -0.195 -0.000  
 -0.000 -0.000 -0.195   -0.000 -0.000 -0.195  
**********************************************************************

**********************************************************************
atom Fe3B:
type Fe3

        x       y       z   occ. mult.  bscat.(cm-12)
  0.50000 0.50000 0.50000  1.000    16  0.94500

 beta11 beta22 beta33 beta12 beta13 beta23
  0.000  0.000  0.000  0.000  0.000  0.000


    biso =  0.000 (Ang**2)
coeff j0  0.39720 13.24420  0.62950  4.90340 -0.03140  0.34960  0.00440
coeff j2  1.36020 11.99760  1.51880  5.00250  0.47050  1.99140  0.00380
lfactor = 2.00 kappa = 1.00

  chi11  chi22  chi33  chi12  chi13  chi23 (susceptibility, muB/T)
  0.623  0.623  0.623  0.000  0.000  0.000

Symmetry restriction on chi
     11  22  33  12  13  23  =  0
      1   0  -1   0   0   0 
      1  -1   0   0   0   0 
      0   1  -1   0   0   0 
      0   0   0   1  -1   0 
      0   0   0   0   1  -1 
      0   0   0   1   0  -1 

 magnetic form factor from sthovl (from 0.00 with step 0.01 Ang.):

  1.00  0.92  0.72  0.50  0.31  0.17  0.09  0.04  0.01 -0.01
  1.00  0.90  0.70  0.48  0.29  0.16  0.08  0.03  0.00 -0.01
  1.00  0.89  0.68  0.46  0.28  0.15  0.07  0.03  0.00 -0.01
  0.99  0.87  0.66  0.44  0.26  0.14  0.07  0.02  0.00 -0.01
  0.99  0.85  0.63  0.42  0.25  0.14  0.06  0.02 -0.00 -0.01
  0.98  0.83  0.61  0.40  0.24  0.13  0.06  0.02 -0.00 -0.01
  0.97  0.81  0.59  0.38  0.22  0.12  0.05  0.02 -0.00 -0.01
  0.96  0.79  0.57  0.36  0.21  0.11  0.05  0.01 -0.00 -0.01
  0.95  0.77  0.54  0.34  0.20  0.10  0.04  0.01 -0.01 -0.01
  0.93  0.75  0.52  0.33  0.19  0.09  0.04  0.01 -0.01 -0.01

 equivalent position of atom in unit cell with chi (in muB/T) and     f_mag_0 (in muB), it is not used, just for test
       x      y      z    chi11  chi22  chi33  chi12  chi13  chi23    mag_ia mag_ib mag_ic
   0.500  0.500  0.500    0.623  0.623  0.623  0.000  0.000  0.000     0.000  0.000  0.000 
   0.000  0.000  0.500    0.623  0.623  0.623  0.000  0.000  0.000     0.000  0.000  0.000 
   0.000  0.500  0.000    0.623  0.623  0.623  0.000  0.000  0.000     0.000  0.000  0.000 
   0.500  0.000  0.000    0.623  0.623  0.623  0.000  0.000  0.000     0.000  0.000  0.000 
   0.250  0.750  0.000    0.623  0.623  0.623  0.000  0.000  0.000     0.000  0.000  0.000 
   0.750  0.250  0.000    0.623  0.623  0.623  0.000  0.000  0.000     0.000  0.000  0.000 
   0.750  0.750  0.500    0.623  0.623  0.623  0.000  0.000  0.000     0.000  0.000  0.000 
   0.250  0.250  0.500    0.623  0.623  0.623  0.000  0.000  0.000     0.000  0.000  0.000 
   0.750  0.000  0.250    0.623  0.623  0.623  0.000  0.000  0.000     0.000  0.000  0.000 
   0.250  0.000  0.750    0.623  0.623  0.623  0.000  0.000  0.000     0.000  0.000  0.000 
   0.250  0.500  0.250    0.623  0.623  0.623  0.000  0.000  0.000     0.000  0.000  0.000 
   0.750  0.500  0.750    0.623  0.623  0.623  0.000  0.000  0.000     0.000  0.000  0.000 
   0.000  0.250  0.750    0.623  0.623  0.623  0.000  0.000  0.000     0.000  0.000  0.000 
   0.000  0.750  0.250    0.623  0.623  0.623  0.000  0.000  0.000     0.000  0.000  0.000 
   0.500  0.750  0.750    0.623  0.623  0.623  0.000  0.000  0.000     0.000  0.000  0.000 
   0.500  0.250  0.250    0.623  0.623  0.623  0.000  0.000  0.000     0.000  0.000  0.000 

 CHI in orthogonal coordinate system x||a* z||c (in 10**-12cm)
  0.168  0.000  0.000    0.168  0.000  0.000    0.168  0.000  0.000  
  0.000  0.168  0.000    0.000  0.168  0.000    0.000  0.168  0.000  
  0.000  0.000  0.168    0.000  0.000  0.168    0.000  0.000  0.168  
 
  0.168  0.000  0.000    0.168  0.000  0.000    0.168  0.000  0.000  
  0.000  0.168  0.000    0.000  0.168  0.000    0.000  0.168  0.000  
  0.000  0.000  0.168    0.000  0.000  0.168    0.000  0.000  0.168  
 
  0.168  0.000  0.000    0.168  0.000  0.000    0.168  0.000  0.000  
  0.000  0.168  0.000    0.000  0.168  0.000    0.000  0.168  0.000  
  0.000  0.000  0.168    0.000  0.000  0.168    0.000  0.000  0.168  
 
  0.168  0.000  0.000    0.168  0.000  0.000    0.168  0.000  0.000  
  0.000  0.168  0.000    0.000  0.168  0.000    0.000  0.168  0.000  
  0.000  0.000  0.168    0.000  0.000  0.168    0.000  0.000  0.168  
 
  0.168  0.000  0.000    0.168  0.000  0.000    0.168  0.000  0.000  
  0.000  0.168  0.000    0.000  0.168  0.000    0.000  0.168  0.000  
  0.000  0.000  0.168    0.000  0.000  0.168    0.000  0.000  0.168  
 
  0.168  0.000  0.000  
  0.000  0.168  0.000  
  0.000  0.000  0.168  
**********************************************************************

**********************************************************************
atom O1:
type O

        x       y       z   occ. mult.  bscat.(cm-12)
  0.25223 0.25223 0.25223  1.000    32  0.58030

 beta11 beta22 beta33 beta12 beta13 beta23
  0.000  0.000  0.000  0.000  0.000  0.000


    biso =  0.000 (Ang**2)

 equivalent position of atom in unit cell
       x      y      z    
   0.252  0.252  0.252 
   0.748  0.748  0.748 
   0.752  0.752  0.252 
   0.248  0.248  0.748 
   0.752  0.252  0.752 
   0.248  0.748  0.248 
   0.252  0.752  0.752 
   0.748  0.248  0.248 
   0.498  0.998  0.752 
   0.502  0.002  0.248 
   0.998  0.498  0.752 
   0.002  0.502  0.248 
   0.998  0.998  0.252 
   0.002  0.002  0.748 
   0.498  0.498  0.252 
   0.502  0.502  0.748 
   0.998  0.752  0.498 
   0.002  0.248  0.502 
   0.498  0.252  0.498 
   0.502  0.748  0.502 
   0.498  0.752  0.998 
   0.502  0.248  0.002 
   0.998  0.252  0.998 
   0.002  0.748  0.002 
   0.752  0.498  0.998 
   0.248  0.502  0.002 
   0.252  0.998  0.998 
   0.748  0.002  0.002 
   0.252  0.498  0.498 
   0.748  0.502  0.502 
   0.752  0.998  0.498 
   0.248  0.002  0.502 


**********************************************************************

Phase alum:
 unit cell: 
     3.89088    3.89088    3.89088 
       90.00      90.00      90.00
 B matrix is 
  0.25701 -0.00000 -0.00000
  0.00000  0.25701 -0.00000
  0.00000  0.00000  0.25701
 
symmetry: 
 inversion center in position 0.000 0.000 0.000
 elements of symmetry:
      B    Rot.      B    Rot.      B    Rot.      B    Rot.      B    Rot.
  0.000  1 0 0;  0.000 -1 0 0;  0.000 -1 0 0;  0.000  1 0 0;  0.000  0 0 1;
  0.000  0 1 0;  0.000  0-1 0;  0.000  0 1 0;  0.000  0-1 0;  0.000  1 0 0;
  0.000  0 0 1;  0.000  0 0 1;  0.000  0 0-1;  0.000  0 0-1;  0.000  0 1 0;
      B    Rot.      B    Rot.      B    Rot.      B    Rot.      B    Rot.
  0.000  0 0 1;  0.000  0 0-1;  0.000  0 0-1;  0.000  0 1 0;  0.000  0-1 0;
  0.000 -1 0 0;  0.000 -1 0 0;  0.000  1 0 0;  0.000  0 0 1;  0.000  0 0 1;
  0.000  0-1 0;  0.000  0 1 0;  0.000  0-1 0;  0.000  1 0 0;  0.000 -1 0 0;
      B    Rot.      B    Rot.      B    Rot.      B    Rot.      B    Rot.
  0.000  0 1 0;  0.000  0-1 0;  0.000  0 1 0;  0.000  0-1 0;  0.000  0 1 0;
  0.000  0 0-1;  0.000  0 0-1;  0.000  1 0 0;  0.000 -1 0 0;  0.000 -1 0 0;
  0.000 -1 0 0;  0.000  1 0 0;  0.000  0 0-1;  0.000  0 0-1;  0.000  0 0 1;
      B    Rot.      B    Rot.      B    Rot.      B    Rot.      B    Rot.
  0.000  0-1 0;  0.000  1 0 0;  0.000 -1 0 0;  0.000 -1 0 0;  0.000  1 0 0;
  0.000  1 0 0;  0.000  0 0 1;  0.000  0 0 1;  0.000  0 0-1;  0.000  0 0-1;
  0.000  0 0 1;  0.000  0-1 0;  0.000  0 1 0;  0.000  0-1 0;  0.000  0 1 0;
      B    Rot.      B    Rot.      B    Rot.      B    Rot.
  0.000  0 0 1;  0.000  0 0 1;  0.000  0 0-1;  0.000  0 0-1;
  0.000  0 1 0;  0.000  0-1 0;  0.000  0 1 0;  0.000  0-1 0;
  0.000 -1 0 0;  0.000  1 0 0;  0.000  1 0 0;  0.000 -1 0 0;

 shifting:
 +0.000   +0.500   +0.500   +0.000  
 +0.000   +0.500   +0.000   +0.500  
 +0.000   +0.000   +0.500   +0.500  
**********************************************************************

**********************************************************************
atom Al:
type O

        x       y       z   occ. mult.  bscat.(cm-12)
  0.00000 0.00000 0.00000  1.000     4  0.00000

 beta11 beta22 beta33 beta12 beta13 beta23
  0.000  0.000  0.000  0.000  0.000  0.000


    biso =  0.000 (Ang**2)

 equivalent position of atom in unit cell
       x      y      z    
   0.000  0.000  0.000 
   0.500  0.500  0.000 
   0.500  0.000  0.500 
   0.000  0.500  0.500 


**********************************************************************
Information about experiments
**********************************************************************
Experiment pnd (powder):
wavelength =    2.35000
U =    4.49600, V =   10.30823, W =   -1.01972
x =    0.00000, y =    0.00000
zeroshift =   -0.61020; zshift_a =   -0.06690;
asymmetry parameters:    0.02440    0.00000    0.00000    0.00000
polarization of beam:  p_up =    0.72375, p_down =    0.72375
**********************************************************************
Integral intensities for phase Fe3O4 (scale is  0.0003300):
(NUCL2, MSFp2 and cross are in 10-24cm)
Ig size is 
  0.00000
 
Extinction is 
  0.00000  0.00000  0.00000  0.00000  0.00000  0.00000
 
  h  k  l mult   ReFN    NUCL2    MSFp2     cross     sthovl
  1  1  1   8   2.346    5.506  124.596    52.384   0.105
  structure factor tensor in local Cartesian system
    2.2324,   0.0000,   0.0000    + j *   -0.0000,  -0.0000,  -0.0000
    0.0000,   2.2324,   0.0000    + j *   -0.0000,  -0.0000,  -0.0000
    0.0000,   0.0000,   2.2324    + j *   -0.0000,  -0.0000,  -0.0000
  structure factor tensor after T transformation (invT * SFT * T)
    2.2324,  -0.0000,  -0.0000    + j *   -0.0000,   0.0000,   0.0000
   -0.0000,   2.2324,  -0.0000    + j *    0.0000,  -0.0000,   0.0000
   -0.0000,   0.0000,   2.2324    + j *    0.0000,   0.0000,  -0.0000
  matrix T
   -0.7071,  -0.4082,   0.5774
    0.7071,  -0.4082,   0.5774
    0.0000,   0.8165,   0.5774
 
  h  k  l mult   ReFN    NUCL2    MSFp2     cross     sthovl
  2  0  0   6  -0.000    0.000    0.000    -0.000   0.121
  structure factor tensor in local Cartesian system
    0.0000,  -0.0000,   0.0000    + j *    0.0000,   0.0000,   0.0000
   -0.0000,   0.0000,   0.0000    + j *    0.0000,   0.0000,   0.0000
    0.0000,   0.0000,   0.0000    + j *    0.0000,   0.0000,   0.0000
  structure factor tensor after T transformation (invT * SFT * T)
    0.0000,   0.0000,  -0.0000    + j *    0.0000,   0.0000,   0.0000
    0.0000,   0.0000,   0.0000    + j *    0.0000,   0.0000,   0.0000
   -0.0000,   0.0000,   0.0000    + j *    0.0000,   0.0000,   0.0000
  matrix T
    0.0000,  -0.0000,   1.0000
    1.0000,   0.0000,  -0.0000
    0.0000,   1.0000,   0.0000
 
  h  k  l mult   ReFN    NUCL2    MSFp2     cross     sthovl
  2  2  0  12  -7.939   63.035   37.701   -97.498   0.171
  structure factor tensor in local Cartesian system
    1.2280,   0.0000,   0.0000    + j *   -0.0000,  -0.0000,  -0.0000
    0.0000,   1.2280,   0.0000    + j *   -0.0000,  -0.0000,  -0.0000
    0.0000,   0.0000,   1.2280    + j *   -0.0000,  -0.0000,  -0.0000
  structure factor tensor after T transformation (invT * SFT * T)
    1.2280,  -0.0000,  -0.0000    + j *   -0.0000,   0.0000,   0.0000
   -0.0000,   1.2280,   0.0000    + j *    0.0000,  -0.0000,  -0.0000
   -0.0000,   0.0000,   1.2280    + j *   -0.0000,  -0.0000,  -0.0000
  matrix T
   -0.7071,  -0.0000,   0.7071
    0.7071,  -0.0000,   0.7071
    0.0000,   1.0000,   0.0000
 
  h  k  l mult   ReFN    NUCL2    MSFp2     cross     sthovl
  3  1  1  24 -13.033  169.872    0.758    22.699   0.201
  structure factor tensor in local Cartesian system
   -0.1742,  -0.0000,  -0.0000    + j *    0.0000,   0.0000,   0.0000
   -0.0000,  -0.1742,  -0.0000    + j *    0.0000,   0.0000,   0.0000
   -0.0000,  -0.0000,  -0.1742    + j *    0.0000,   0.0000,   0.0000
  structure factor tensor after T transformation (invT * SFT * T)
   -0.1742,   0.0000,  -0.0000    + j *    0.0000,  -0.0000,   0.0000
    0.0000,  -0.1742,  -0.0000    + j *   -0.0000,   0.0000,   0.0000
   -0.0000,  -0.0000,  -0.1742    + j *    0.0000,   0.0000,   0.0000
  matrix T
   -0.3162,  -0.2860,   0.9045
    0.9487,  -0.0953,   0.3015
    0.0000,   0.9535,   0.3015
 
  h  k  l mult   ReFN    NUCL2    MSFp2     cross     sthovl
  2  2  2   8  -3.428   11.749   89.056   -64.695   0.210
  structure factor tensor in local Cartesian system
    1.8874,   0.0000,   0.0000    + j *   -0.0000,  -0.0000,  -0.0000
    0.0000,   1.8874,   0.0000    + j *   -0.0000,  -0.0000,  -0.0000
    0.0000,   0.0000,   1.8874    + j *   -0.0000,  -0.0000,  -0.0000
  structure factor tensor after T transformation (invT * SFT * T)
    1.8874,  -0.0000,  -0.0000    + j *   -0.0000,   0.0000,   0.0000
   -0.0000,   1.8874,   0.0000    + j *    0.0000,  -0.0000,   0.0000
   -0.0000,  -0.0000,   1.8874    + j *    0.0000,   0.0000,  -0.0000
  matrix T
   -0.7071,  -0.4082,   0.5774
    0.7071,  -0.4082,   0.5774
    0.0000,   0.8165,   0.5774
 
  h  k  l mult   ReFN    NUCL2    MSFp2     cross     sthovl
  4  0  0   6  25.736  662.319  177.896   686.510   0.242
  structure factor tensor in local Cartesian system
    2.6676,   0.0000,   0.0000    + j *   -0.0000,  -0.0000,  -0.0000
    0.0000,   2.6676,   0.0000    + j *   -0.0000,  -0.0000,  -0.0000
    0.0000,   0.0000,   2.6676    + j *   -0.0000,  -0.0000,  -0.0000
  structure factor tensor after T transformation (invT * SFT * T)
    2.6676,   0.0000,   0.0000    + j *   -0.0000,  -0.0000,  -0.0000
    0.0000,   2.6676,   0.0000    + j *   -0.0000,  -0.0000,  -0.0000
    0.0000,   0.0000,   2.6676    + j *   -0.0000,  -0.0000,  -0.0000
  matrix T
    0.0000,  -0.0000,   1.0000
    1.0000,   0.0000,  -0.0000
    0.0000,   1.0000,   0.0000
 
  h  k  l mult   ReFN    NUCL2    MSFp2     cross     sthovl
  3  3  1  24  -1.307    1.708   50.109    18.501   0.264
  structure factor tensor in local Cartesian system
   -1.4158,  -0.0000,  -0.0000    + j *    0.0000,   0.0000,   0.0000
   -0.0000,  -1.4158,  -0.0000    + j *    0.0000,   0.0000,   0.0000
   -0.0000,  -0.0000,  -1.4158    + j *    0.0000,   0.0000,   0.0000
  structure factor tensor after T transformation (invT * SFT * T)
   -1.4158,   0.0000,   0.0000    + j *    0.0000,  -0.0000,  -0.0000
    0.0000,  -1.4158,  -0.0000    + j *   -0.0000,   0.0000,   0.0000
    0.0000,  -0.0000,  -1.4158    + j *    0.0000,   0.0000,   0.0000
  matrix T
   -0.7071,  -0.1622,   0.6882
    0.7071,  -0.1622,   0.6882
    0.0000,   0.9733,   0.2294
 
  h  k  l mult   ReFN    NUCL2    MSFp2     cross     sthovl
  4  2  0  24  -0.000    0.000    0.000    -0.000   0.271
  structure factor tensor in local Cartesian system
    0.0000,   0.0000,   0.0000    + j *    0.0000,   0.0000,   0.0000
    0.0000,   0.0000,   0.0000    + j *    0.0000,   0.0000,   0.0000
    0.0000,   0.0000,   0.0000    + j *    0.0000,   0.0000,   0.0000
  structure factor tensor after T transformation (invT * SFT * T)
    0.0000,  -0.0000,   0.0000    + j *    0.0000,  -0.0000,   0.0000
   -0.0000,   0.0000,   0.0000    + j *   -0.0000,   0.0000,   0.0000
    0.0000,   0.0000,   0.0000    + j *    0.0000,   0.0000,   0.0000
  matrix T
   -0.4472,  -0.0000,   0.8944
    0.8944,  -0.0000,   0.4472
    0.0000,   1.0000,   0.0000
 
  h  k  l mult   ReFN    NUCL2    MSFp2     cross     sthovl
  4  2  2  24   7.910   62.573   15.593   -62.472   0.297
  structure factor tensor in local Cartesian system
   -0.7897,  -0.0000,  -0.0000    + j *    0.0000,   0.0000,   0.0000
   -0.0000,  -0.7897,  -0.0000    + j *    0.0000,   0.0000,   0.0000
   -0.0000,  -0.0000,  -0.7897    + j *    0.0000,   0.0000,   0.0000
  structure factor tensor after T transformation (invT * SFT * T)
   -0.7897,   0.0000,  -0.0000    + j *    0.0000,  -0.0000,   0.0000
    0.0000,  -0.7897,  -0.0000    + j *   -0.0000,   0.0000,   0.0000
   -0.0000,  -0.0000,  -0.7897    + j *    0.0000,   0.0000,   0.0000
  matrix T
   -0.4472,  -0.3651,   0.8165
    0.8944,  -0.1826,   0.4082
    0.0000,   0.9129,   0.4082
 
  h  k  l mult   ReFN    NUCL2    MSFp2     cross     sthovl
  5  1  1  24  14.073  198.055    0.319    15.887   0.315
  structure factor tensor in local Cartesian system
    0.1129,   0.0000,   0.0000    + j *   -0.0000,  -0.0000,  -0.0000
    0.0000,   0.1129,   0.0000    + j *   -0.0000,  -0.0000,  -0.0000
    0.0000,   0.0000,   0.1129    + j *   -0.0000,  -0.0000,  -0.0000
  structure factor tensor after T transformation (invT * SFT * T)
    0.1129,   0.0000,   0.0000    + j *   -0.0000,   0.0000,  -0.0000
    0.0000,   0.1129,   0.0000    + j *   -0.0000,  -0.0000,  -0.0000
    0.0000,   0.0000,   0.1129    + j *   -0.0000,  -0.0000,  -0.0000
  matrix T
   -0.1961,  -0.1887,   0.9623
    0.9806,  -0.0377,   0.1925
    0.0000,   0.9813,   0.1925
 
  h  k  l mult   ReFN    NUCL2    MSFp2     cross     sthovl
  3  3  3   8  11.995  143.871    0.319    13.541   0.315
  structure factor tensor in local Cartesian system
    0.1129,   0.0000,   0.0000    + j *   -0.0000,  -0.0000,  -0.0000
    0.0000,   0.1129,   0.0000    + j *   -0.0000,  -0.0000,  -0.0000
    0.0000,   0.0000,   0.1129    + j *   -0.0000,  -0.0000,  -0.0000
  structure factor tensor after T transformation (invT * SFT * T)
    0.1129,  -0.0000,  -0.0000    + j *   -0.0000,   0.0000,   0.0000
   -0.0000,   0.1129,  -0.0000    + j *   -0.0000,  -0.0000,   0.0000
   -0.0000,  -0.0000,   0.1129    + j *    0.0000,   0.0000,  -0.0000
  matrix T
   -0.7071,  -0.4082,   0.5774
    0.7071,  -0.4082,   0.5774
    0.0000,   0.8165,   0.5774
 
  h  k  l mult   ReFN    NUCL2    MSFp2     cross     sthovl
  4  4  0  12  41.556 1726.919    5.404   193.201   0.343
  structure factor tensor in local Cartesian system
    0.4649,   0.0000,   0.0000    + j *   -0.0000,  -0.0000,  -0.0000
    0.0000,   0.4649,   0.0000    + j *   -0.0000,  -0.0000,  -0.0000
    0.0000,   0.0000,   0.4649    + j *   -0.0000,  -0.0000,  -0.0000
  structure factor tensor after T transformation (invT * SFT * T)
    0.4649,  -0.0000,  -0.0000    + j *   -0.0000,   0.0000,   0.0000
   -0.0000,   0.4649,   0.0000    + j *    0.0000,  -0.0000,  -0.0000
    0.0000,   0.0000,   0.4649    + j *   -0.0000,  -0.0000,  -0.0000
  matrix T
   -0.7071,  -0.0000,   0.7071
    0.7071,  -0.0000,   0.7071
    0.0000,   1.0000,   0.0000
 
  h  k  l mult   ReFN    NUCL2    MSFp2     cross     sthovl
  5  3  1  48  -2.346    5.502   21.867    21.938   0.358
  structure factor tensor in local Cartesian system
   -0.9352,  -0.0000,  -0.0000    + j *    0.0000,   0.0000,   0.0000
   -0.0000,  -0.9352,  -0.0000    + j *    0.0000,   0.0000,   0.0000
   -0.0000,  -0.0000,  -0.9352    + j *    0.0000,   0.0000,   0.0000
  structure factor tensor after T transformation (invT * SFT * T)
   -0.9352,   0.0000,   0.0000    + j *    0.0000,  -0.0000,   0.0000
    0.0000,  -0.9352,  -0.0000    + j *   -0.0000,   0.0000,   0.0000
    0.0000,  -0.0000,  -0.9352    + j *    0.0000,   0.0000,   0.0000
  matrix T
   -0.5145,  -0.1449,   0.8452
    0.8575,  -0.0870,   0.5071
    0.0000,   0.9856,   0.1690
 
  h  k  l mult   ReFN    NUCL2    MSFp2     cross     sthovl
  4  4  2  24   0.058    0.003    0.000     0.000   0.363
  structure factor tensor in local Cartesian system
    0.0000,   0.0000,   0.0000    + j *   -0.0000,  -0.0000,  -0.0000
    0.0000,   0.0000,   0.0000    + j *   -0.0000,  -0.0000,  -0.0000
    0.0000,   0.0000,   0.0000    + j *   -0.0000,  -0.0000,  -0.0000
  structure factor tensor after T transformation (invT * SFT * T)
    0.0000,  -0.0000,  -0.0000    + j *   -0.0000,   0.0000,   0.0000
   -0.0000,   0.0000,   0.0000    + j *    0.0000,  -0.0000,  -0.0000
   -0.0000,   0.0000,   0.0000    + j *    0.0000,  -0.0000,  -0.0000
  matrix T
   -0.7071,  -0.2357,   0.6667
    0.7071,  -0.2357,   0.6667
    0.0000,   0.9428,   0.3333
 
  h  k  l mult   ReFN    NUCL2    MSFp2     cross     sthovl
  6  0  0   6  -0.000    0.000    0.000    -0.000   0.363
  structure factor tensor in local Cartesian system
    0.0000,   0.0000,   0.0000    + j *    0.0000,   0.0000,   0.0000
    0.0000,   0.0000,   0.0000    + j *    0.0000,   0.0000,   0.0000
    0.0000,   0.0000,   0.0000    + j *    0.0000,   0.0000,   0.0000
  structure factor tensor after T transformation (invT * SFT * T)
    0.0000,   0.0000,   0.0000    + j *    0.0000,   0.0000,   0.0000
    0.0000,   0.0000,   0.0000    + j *    0.0000,   0.0000,   0.0000
    0.0000,   0.0000,   0.0000    + j *    0.0000,   0.0000,   0.0000
  matrix T
    0.0000,  -0.0000,   1.0000
    1.0000,   0.0000,  -0.0000
    0.0000,   1.0000,   0.0000
 
**********************************************************************
Integral intensities for phase alum (scale is  0.0006900):
(NUCL2, MSFp2 and cross are in 10-24cm)
Ig size is 
  0.00000
 
Extinction is 
  0.00000  0.00000  0.00000  0.00000  0.00000  0.00000
 
  h  k  l mult   ReFN    NUCL2    MSFp2     cross     sthovl
  1  1  1   8   0.000    0.000    0.000     0.000   0.223
  structure factor tensor in local Cartesian system
    0.0000,   0.0000,   0.0000    + j *    0.0000,   0.0000,   0.0000
    0.0000,   0.0000,   0.0000    + j *    0.0000,   0.0000,   0.0000
    0.0000,   0.0000,   0.0000    + j *    0.0000,   0.0000,   0.0000
  structure factor tensor after T transformation (invT * SFT * T)
    0.0000,   0.0000,   0.0000    + j *    0.0000,   0.0000,   0.0000
    0.0000,   0.0000,   0.0000    + j *    0.0000,   0.0000,   0.0000
    0.0000,   0.0000,   0.0000    + j *    0.0000,   0.0000,   0.0000
  matrix T
   -0.7071,  -0.4082,   0.5774
    0.7071,  -0.4082,   0.5774
    0.0000,   0.8165,   0.5774
 
  h  k  l mult   ReFN    NUCL2    MSFp2     cross     sthovl
  2  0  0   6   0.000    0.000    0.000     0.000   0.257
  structure factor tensor in local Cartesian system
    0.0000,   0.0000,   0.0000    + j *    0.0000,   0.0000,   0.0000
    0.0000,   0.0000,   0.0000    + j *    0.0000,   0.0000,   0.0000
    0.0000,   0.0000,   0.0000    + j *    0.0000,   0.0000,   0.0000
  structure factor tensor after T transformation (invT * SFT * T)
    0.0000,   0.0000,   0.0000    + j *    0.0000,   0.0000,   0.0000
    0.0000,   0.0000,   0.0000    + j *    0.0000,   0.0000,   0.0000
    0.0000,   0.0000,   0.0000    + j *    0.0000,   0.0000,   0.0000
  matrix T
    0.0000,  -0.0000,   1.0000
    1.0000,   0.0000,  -0.0000
    0.0000,   1.0000,   0.0000
 
  h  k  l mult   ReFN    NUCL2    MSFp2     cross     sthovl
  2  2  0  12   0.000    0.000    0.000     0.000   0.363
  structure factor tensor in local Cartesian system
    0.0000,   0.0000,   0.0000    + j *    0.0000,   0.0000,   0.0000
    0.0000,   0.0000,   0.0000    + j *    0.0000,   0.0000,   0.0000
    0.0000,   0.0000,   0.0000    + j *    0.0000,   0.0000,   0.0000
  structure factor tensor after T transformation (invT * SFT * T)
    0.0000,   0.0000,   0.0000    + j *    0.0000,   0.0000,   0.0000
    0.0000,   0.0000,   0.0000    + j *    0.0000,   0.0000,   0.0000
    0.0000,   0.0000,   0.0000    + j *    0.0000,   0.0000,   0.0000
  matrix T
   -0.7071,  -0.0000,   0.7071
    0.7071,  -0.0000,   0.7071
    0.0000,   1.0000,   0.0000
 
**********************************************************************
Experiment is calculated.
rchi2 UP: 81.78 DOWN: 70.07 DIFF: 37.24 per point
**********************************************************************


**********************************************************************
Refined parameters /values and errorbars
  1. (exp,pnd)(pup)                             0.7237550   0.0055240
  2. (ph,Fe3O4)(atom,Fe3A)(bscat)               0.9906109   0.0044946

Hessian of refined parameters
            1.        2.
  1.     33210     -4692
  2.     -4692     50164

Inversed hessian of refined parameters
            1.        2.
  1. 0.0000305 0.0000029
  2. 0.0000029 0.0000202

Correlation matrix of refined parameters
         1.     2.
  1.  1.000  0.115
  2.  0.115  1.000
**********************************************************************