Model: 

Crystals:

Crystal: 
 name: EuTiO
 i_g: 0.0
SpaceGroupe:
 name: I4/mcm
 choice: 1
 inversion center at (0.000, 0.000, 0.000)
 x, y, z
 -x, -y, z
 -y, x, z
 y, -x, z
 -x, y, 0.500-z
 x, -y, 0.500-z
 y, x, 0.500-z
 -y, -x, 0.500-z
 directory: 'C:\Users\ikibalin\Documents\documents\working_comp\RhoChi\version_next'
Cell: 
 a: 5.507
 b: 5.507
 c: 7.796
 alpha: 90.0
 beta: 90.0
 gamma: 90.0
 singony: Tetragonal
 B matrix is:
   0.18159  -0.00000  -0.00000
   0.00000   0.18159  -0.00000
   0.00000   0.00000   0.12827
 inversed B matrix is:
   5.50700   0.00000   0.00000
   0.00000   5.50700   0.00000
   0.00000   0.00000   7.79600

AtomSite:
 number of atoms: 4
**********************************************************************
 1. AtomType:
 name: Eu1            
 type_n: 153Eu (b_scat: 0.8220000000000001 cm**-12)
 occupation: 1.0
 fract  x: 0.0  y: 0.5  z: 0.25
  adp_type: uiso
 b_iso: 0.34 Ang**2

 type_m: Eu2
 kappa: 1.0
 lande factor: 2.0
 chi_type: cani
 chi_11: 6.448, chi_22: 6.448, chi_33: 6.823 (in mu_B)
 chi_12: 0.0, chi_13: 0.0, chi_23: 0.0 (in mu_B) 
 j0   A: 0.0755, a: 25.296, B: 0.3001, b: 11.5993
      C: 0.6438, c: 4.0252, D: -0.0196
 j2   A: 0.897, a: 18.4429, B: 1.3769, b: 7.0054
      C: 0.906, c: 2.4213, D: 0.019

**********************************************************************
 2. AtomType:
 name: Ti1            
 type_n: Ti (b_scat: -0.34380000000000005 cm**-12)
 occupation: 1.0
 fract  x: 0.0  y: 0.0  z: 0.0
  adp_type: uiso
 b_iso: 0.15 Ang**2

 type_m: Ti3
 kappa: 1.0
 lande factor: 2.0
 chi_type: ciso
 chi_11: 0.613, chi_22: 0.613, chi_33: 0.613 (in mu_B)
 chi_12: -9.857791842517782e-17, chi_13: -9.857791842517782e-17, chi_23: -3.753542439386636e-17 (in mu_B) 
 j0   A: 0.3571, a: 22.8413, B: 0.6688, b: 8.9306
      C: -0.0354, c: 0.4833, D: 0.0099
 j2   A: 3.3717, a: 14.4441, B: 1.8258, b: 5.7126
      C: 0.247, c: 2.2654, D: 0.0005

**********************************************************************
 3. AtomType:
 name: O1            
 type_n: O (b_scat: 0.5803 cm**-12)
 occupation: 1.0
 fract  x: 0.0  y: 0.0  z: 0.25
  adp_type: uiso
 b_iso: 0.47 Ang**2

 type_m: O2
 kappa: 1.0
 lande factor: 2.0
 chi_type: ciso
 chi_11: -0.293, chi_22: -0.293, chi_33: -0.293 (in mu_B)
 chi_12: 4.711799363552545e-17, chi_13: 4.711799363552545e-17, chi_23: 1.7941075607508716e-17 (in mu_B) 
 j0   A: 0.99895, a: 12.09652, B: 0.28854, b: 0.12914
      C: 0.11425, c: -0.22968, D: -0.40685
 j2   A: 0.0, a: 0.0, B: 0.0, b: 0.0
      C: 0.0, c: 0.0, D: 0.0

**********************************************************************
 4. AtomType:
 name: O2            
 type_n: O (b_scat: 0.5803 cm**-12)
 occupation: 1.0
 fract  x: 0.2322  y: 0.7322  z: 0.0
  adp_type: uiso
 b_iso: 0.46 Ang**2

 type_m: O2
 kappa: 1.0
 lande factor: 2.0
 chi_type: ciso
 chi_11: 0.101, chi_22: 0.101, chi_33: 0.101 (in mu_B)
 chi_12: -1.624203876173403e-17, chi_13: -1.624203876173403e-17, chi_23: -6.1844663356941316e-18 (in mu_B) 
 j0   A: 0.99895, a: 12.09652, B: 0.28854, b: 0.12914
      C: 0.11425, c: -0.22968, D: -0.40685
 j2   A: 0.0, a: 0.0, B: 0.0, b: 0.0
      C: 0.0, c: 0.0, D: 0.0

Extinction: 
 model: gauss
 domain_radius: 0.0
 mosaicity: 0.0


Experiments:

ExperimentSingle:
 name: exp_sdd
 file_out: full.out
SetupSingle:
 label: exp
 wave_length: 0.84
BeamPolarization: 
 p_u: -0.8
 p_d: -0.8
ObservedDataSingle:
 file_dir: .
 file_name: full.dat
 h range: -8 --- 8
 k range: -3 --- 6
 l range: -9 --- 8
 number of reflections: 132
 field: 1.0
 wave_length: 0.84
 orientation: [[ 0.32288 -0.53966  0.77781]
 [ 0.94605  0.20781 -0.2485 ]
 [-0.02715  0.81556  0.57755]]


CalculatedData:

CalculatedDataSingle:
 name: EuTiO
 field: 1.0
 orientation: [[ 0.32288 -0.53966  0.77781]
 [ 0.94605  0.20781 -0.2485 ]
 [-0.02715  0.81556  0.57755]]

   h   k   l   fn_real   fn_imag   iint_up iint_down flip_ratio
   2   0   2   -11.291     0.000      72.8     218.0  0.33390
   0   2  -2   -11.291     0.000      73.1     218.2  0.33489
  -2   0   2   -11.291     0.000      74.6     215.0  0.34700
  -1   1   0    -2.396     0.000      14.1      43.8  0.32288
   0  -2   6   -10.727     0.000      84.5     154.2  0.54801
   4   2  -2   -10.316     0.000      76.8     144.7  0.53099
   2   2   0     8.386     0.000      42.3     127.7  0.33139
  -4   2  -2   -10.316     0.000      77.3     144.1  0.53641
   0   0   4     8.608     0.000      46.3     129.0  0.35870
   2   2  -4     8.132     0.000      36.1     114.2  0.31614
  -2   2   0     8.386     0.000      44.1     124.2  0.35524
  -1   1  -2    -0.460     0.000      42.0      33.0  1.27201
   2   0   0    -0.290     0.000      33.5      28.3  1.18186
   1   1  -2    -0.460     0.000      41.9      33.0  1.27218
   2  -2   4     8.132     0.000      36.1     114.2  0.31593
  -1  -1   2    -0.460     0.000      41.9      33.0  1.27218
  -2   2  -4     8.132     0.000      36.1     114.2  0.31593
   4   0   0     7.916     0.000      33.7     109.6  0.30763
  -2  -2   4     8.132     0.000      36.1     114.2  0.31614
  -2   4  -6    -9.806     0.000      80.7     113.9  0.70869
  -2   0   0    -0.290     0.000      33.5      28.3  1.18186
  -4   0   0     7.916     0.000      33.7     109.6  0.30763
   2   4  -6    -9.806     0.000      80.6     114.0  0.70764
   6   0   2    -9.419     0.000      73.9     105.8  0.69803
   0   4  -4     7.676     0.000      40.1      85.3  0.47032
  -1   1   2    -0.460     0.000      12.8      10.0  1.27326
  -6   0   2    -9.419     0.000      74.1     105.6  0.70166
   1   1   0    -2.396     0.000      14.7      46.3  0.31658
   1  -1   4    -2.378     0.000       5.5      32.4  0.17042
   2   2  -2    -2.539     0.000       4.6      31.5  0.14708
   3   1   0    -2.158     0.000       5.9      30.6  0.19177
  -2   2  -2    -2.539     0.000       4.7      31.1  0.15054
  -1  -1   4    -2.378     0.000       5.5      32.1  0.17172
   6   2  -4     6.461     0.000      34.9      49.6  0.70460
   0   4  -8     6.996     0.000      41.5      57.4  0.72294
   3   1  -2    -0.228     0.000      15.9      13.1  1.21175
   6   2   0     6.665     0.000      35.2      55.5  0.63392
   3  -1   2    -0.228     0.000      15.9      13.1  1.21161
   8   2  -2    -7.906     0.000      59.2      65.9  0.89896
   0  -2   4    -0.285     0.000      14.4      11.2  1.29169
  -6   4  -6    -8.248     0.000      64.6      71.6  0.90348
  -6   2  -4     6.461     0.000      34.9      49.6  0.70444
  -3   1   0    -2.158     0.000       5.8      29.9  0.19545
   4   4  -4     6.861     0.000      37.6      58.5  0.64211
   0   2  -4    -0.285     0.000      14.4      11.2  1.29169
  -4   4  -4     6.861     0.000      37.7      58.3  0.64727
  -8   2  -2    -7.906     0.000      59.3      65.9  0.89989
  -3   1  -2    -0.228     0.000      15.9      13.1  1.21161
  -6   2   0     6.665     0.000      35.5      55.2  0.64203
  -3  -1   2    -0.228     0.000      15.9      13.1  1.21175
  -4   4  -8     6.251     0.000      35.8      42.6  0.84094
   1   3  -4    -2.147     0.000       2.5      19.6  0.12658
   4   0   2    -2.727     0.000       2.9      23.6  0.12209
  -1   3  -4    -2.147     0.000       2.5      19.5  0.12766
   4   4  -8     6.251     0.000      35.8      42.6  0.84104
  -3  -1   4    -2.147     0.000       2.5      19.3  0.12821
  -4   0   2    -2.727     0.000       3.0      23.2  0.12780
   2   6  -8     5.885     0.000      32.6      36.7  0.88866
   3   1   2    -0.228     0.000      12.7      10.5  1.21200
   1   3  -2    -0.228     0.000      12.8      10.6  1.20876
  -1   3  -2    -0.228     0.000      12.6      10.4  1.20856
   5   1   0    -2.539     0.000       2.5      16.8  0.14590
  -3   1   2    -0.228     0.000      12.0       9.9  1.21190
   3   3  -4    -2.746     0.000       3.0      18.5  0.16041
  -2   0   4    -0.285     0.000      10.8       8.3  1.29458
   1   1   2    -0.460     0.000      14.6      11.5  1.27351
  -8   0   0     5.568     0.000      28.1      34.1  0.82382
  -3   3  -4    -2.746     0.000       3.0      18.4  0.16383
   6   2  -4     6.461     0.000      34.9      49.6  0.70460
  -8   0   4     5.396     0.000      27.3      31.0  0.88170
  -5   1   0    -2.539     0.000       2.5      16.6  0.15160
   4   4  -4     6.861     0.000      37.6      58.5  0.64211
  -5   3  -4    -1.564     0.000       1.0       5.5  0.18622
   1  -1   6    -0.435     0.000       7.2       4.1  1.73471
   0   4  -6    -2.663     0.000       3.4      13.9  0.24242
  -1  -1   6    -0.435     0.000       7.1       4.1  1.73467
   3   3  -2    -0.848     0.000       9.4       3.4  2.80533
   1   5  -8    -2.441     0.000       4.4       8.0  0.55161
   4   2   0     0.132     0.000       4.8       5.7  0.84048
  -3   3  -2    -0.848     0.000       9.2       3.3  2.79036
   4   4  -6    -2.941     0.000       6.0      12.1  0.49758
  -1   2  -5     0.958     0.000       0.9       0.9  0.97511
  -4   3  -5    -1.645     0.000       2.7       2.7  0.99749
   5   3  -4    -1.564     0.000       1.0       5.5  0.18255
  -1   4  -7    -1.705     0.000       2.9       2.9  0.99868
   7   1   0    -1.936     0.000       2.2       6.2  0.35168
  -3   2  -3    -0.910     0.000       0.8       0.8  0.97529
  -2   3  -7     0.844     0.000       0.7       0.7  0.99747
  -4   4  -6    -2.941     0.000       6.0      12.1  0.49989
  -3   5  -8    -1.571     0.000       1.8       3.4  0.52789
  -1   5  -8    -2.441     0.000       4.4       8.0  0.55206
  -1  -3   8    -2.110     0.000       2.2       8.3  0.27058
   1   3  -6    -0.218     0.000       3.7       2.4  1.49328
  -3   4  -5     1.645     0.000       2.7       2.7  0.99759
   1  -2   5     0.958     0.000       0.9       0.9  0.97511
   7   3  -4    -3.042     0.000       7.8      10.9  0.71754
   0   3  -5    -0.000     0.000       0.0       0.0  0.14151
  -1   3  -6    -0.218     0.000       3.7       2.4  1.49313
   5  -3   8    -1.571     0.000       1.8       3.4  0.52760
   5   1  -2    -0.618     0.000       5.1       1.7  3.05531
   0  -3   5    -0.000     0.000       0.0       0.0  0.14151
   3  -2   7    -0.844     0.000       0.7       0.7  0.99755
  -4   2  -4     0.124     0.000       2.5       3.2  0.79136
   4   2  -4     0.124     0.000       2.5       3.2  0.79123
  -5   4  -7    -1.328     0.000       1.8       1.8  1.00104
  -1   2  -1     1.002     0.000       1.0       1.0  0.94037
  -4   2   0     0.132     0.000       4.6       5.5  0.84063
  -2   5  -9    -0.671     0.000       0.5       0.4  1.00113
   4  -1   3     1.840     0.000       3.4       3.4  0.98350
   6   2  -2    -3.178     0.000       6.3      15.5  0.40975
   5  -1   2    -0.618     0.000       5.1       1.7  3.05397
  -6   3  -7     2.095     0.000       4.4       4.4  1.00114
  -6   2  -2    -3.178     0.000       6.4      15.4  0.41447
  -1  -3   6    -0.218     0.000       3.7       2.4  1.49328
  -6   1  -1    -2.488     0.000       6.2       6.2  0.99750
  -5   1  -2    -0.618     0.000       5.1       1.7  3.05397
  -5   2  -5     0.746     0.000       0.6       0.6  0.99869
   1   2  -3    -0.987     0.000       0.9       1.0  0.94500
   3   2  -3     0.910     0.000       0.8       0.8  0.97510
   5   1   2    -0.618     0.000       4.7       1.6  3.01749
  -7   2  -3    -0.587     0.000       0.3       0.3  1.00072
   2   1  -1     1.002     0.000       1.0       1.0  0.91945
  -1  -2   3    -0.987     0.000       0.9       1.0  0.94500
   4   3  -5     1.645     0.000       2.7       2.7  0.99748
   1   4  -5     1.785     0.000       3.2       3.2  0.99339
   1   4  -9     1.605     0.000       2.6       2.6  1.00072
   2   3  -7    -0.844     0.000       0.7       0.7  0.99748
   3   0   1     0.000     0.000       0.0       0.0  2.79589
  -7   3  -4    -3.042     0.000       7.8      10.9  0.71964
  -1   4  -9    -1.605     0.000       2.6       2.6  1.00072
   6   0   0     0.504     0.000       0.7       2.6  0.27118
  -7  -2   3     0.587     0.000       0.3       0.3  1.00072


Structure factor tensor in a*, b*, c* (real part, mu_B) 

   h   k   l   sft_11   sft_22   sft_33    sft_12   sft_13   sft_23
   2   0   2  -16.252  -16.252  -17.282     0.000    0.000    0.000
   0   2  -2  -16.252  -16.252  -17.282    -0.000   -0.000   -0.000
  -2   0   2  -16.252  -16.252  -17.282     0.000   -0.000   -0.000
  -1   1   0  -21.588  -21.588  -22.901     0.000    0.000    0.000
   0  -2   6   -7.654   -7.654   -8.118     0.000    0.000   -0.000
   4   2  -2   -7.636   -7.636   -8.099    -0.000    0.000    0.000
   2   2   0   16.698   16.698   17.619     0.000    0.000   -0.000
  -4   2  -2   -7.636   -7.636   -8.099     0.000    0.000   -0.000
   0   0   4   16.731   16.731   17.653     0.000    0.000    0.000
   2   2  -4   10.938   10.938   11.550     0.000    0.000    0.000
  -2   2   0   16.698   16.698   17.619    -0.000    0.000    0.000
  -1   1  -2   22.269   22.269   23.429     0.000   -0.000    0.000
   2   0   0   20.216   20.216   21.376     0.000    0.000    0.000
   1   1  -2   22.269   22.269   23.429    -0.000    0.000    0.000
   2  -2   4   10.938   10.938   11.550    -0.000   -0.000    0.000
  -1  -1   2   22.269   22.269   23.429    -0.000    0.000    0.000
  -2   2  -4   10.938   10.938   11.550    -0.000   -0.000    0.000
   4   0   0   10.921   10.921   11.533     0.000    0.000   -0.000
  -2  -2   4   10.938   10.938   11.550     0.000    0.000    0.000
  -2   4  -6   -3.912   -3.912   -4.143     0.000   -0.000   -0.000
  -2   0   0   20.216   20.216   21.376     0.000    0.000    0.000
  -4   0   0   10.921   10.921   11.533     0.000    0.000   -0.000
   2   4  -6   -3.912   -3.912   -4.143    -0.000    0.000    0.000
   6   0   2   -3.906   -3.906   -4.136    -0.000   -0.000    0.000
   0   4  -4    7.470    7.470    7.893     0.000   -0.000    0.000
  -1   1   2   22.269   22.269   23.429     0.000    0.000   -0.000
  -6   0   2   -3.906   -3.906   -4.136    -0.000    0.000   -0.000
   1   1   0  -21.588  -21.588  -22.901    -0.000    0.000   -0.000
   1  -1   4  -13.799  -13.799  -14.627     0.000   -0.000   -0.000
   2   2  -2  -12.698  -12.698  -13.525     0.000    0.000    0.000
   3   1   0  -13.774  -13.774  -14.601     0.000   -0.000    0.000
  -2   2  -2  -12.698  -12.698  -13.525    -0.000   -0.000    0.000
  -1  -1   4  -13.799  -13.799  -14.627    -0.000   -0.000    0.000
   6   2  -4    2.581    2.581    2.731     0.000    0.000    0.000
   0   4  -8    2.587    2.587    2.737     0.000    0.000    0.000
   3   1  -2   13.867   13.867   14.613     0.000   -0.000   -0.000
   6   2   0    3.666    3.666    3.877     0.000    0.000   -0.000
   3  -1   2   13.867   13.867   14.613    -0.000    0.000    0.000
   8   2  -2   -0.963   -0.963   -1.017     0.000    0.000   -0.000
   0  -2   4   12.979   12.979   13.725    -0.000   -0.000   -0.000
  -6   4  -6   -0.964   -0.964   -1.019    -0.000   -0.000   -0.000
  -6   2  -4    2.581    2.581    2.731    -0.000   -0.000    0.000
  -3   1   0  -13.774  -13.774  -14.601    -0.000    0.000    0.000
   4   4  -4    3.669    3.669    3.881     0.000    0.000    0.000
   0   2  -4   12.979   12.979   13.725    -0.000   -0.000   -0.000
  -4   4  -4    3.669    3.669    3.881    -0.000   -0.000    0.000
  -8   2  -2   -0.963   -0.963   -1.017    -0.000    0.000   -0.000
  -3   1  -2   13.867   13.867   14.613    -0.000    0.000    0.000
  -6   2   0    3.666    3.666    3.877    -0.000   -0.000   -0.000
  -3  -1   2   13.867   13.867   14.613     0.000   -0.000   -0.000
  -4   4  -8    1.232    1.232    1.305     0.000    0.000   -0.000
   1   3  -4   -9.345   -9.345   -9.902     0.000    0.000   -0.000
   4   0   2   -8.885   -8.885   -9.441    -0.000   -0.000   -0.000
  -1   3  -4   -9.345   -9.345   -9.902    -0.000   -0.000    0.000
   4   4  -8    1.232    1.232    1.305    -0.000   -0.000   -0.000
  -3  -1   4   -9.345   -9.345   -9.902     0.000    0.000    0.000
  -4   0   2   -8.885   -8.885   -9.441    -0.000    0.000    0.000
   2   6  -8    0.814    0.814    0.863    -0.000   -0.000   -0.000
   3   1   2   13.867   13.867   14.613     0.000    0.000    0.000
   1   3  -2   13.867   13.867   14.613     0.000    0.000   -0.000
  -1   3  -2   13.867   13.867   14.613    -0.000    0.000   -0.000
   5   1   0   -6.539   -6.539   -6.926    -0.000    0.000   -0.000
  -3   1   2   13.867   13.867   14.613    -0.000   -0.000   -0.000
   3   3  -4   -6.546   -6.546   -6.934    -0.000    0.000    0.000
  -2   0   4   12.979   12.979   13.725     0.000   -0.000    0.000
   1   1   2   22.269   22.269   23.429    -0.000   -0.000   -0.000
  -8   0   0    1.229    1.229    1.302     0.000    0.000    0.000
  -3   3  -4   -6.546   -6.546   -6.934     0.000   -0.000    0.000
   6   2  -4    2.581    2.581    2.731     0.000    0.000    0.000
  -8   0   4    0.813    0.813    0.861     0.000   -0.000   -0.000
  -5   1   0   -6.539   -6.539   -6.926     0.000   -0.000   -0.000
   4   4  -4    3.669    3.669    3.881     0.000    0.000    0.000
  -5   3  -4   -3.323   -3.323   -3.517    -0.000    0.000   -0.000
   1  -1   6    9.205    9.205    9.713     0.000   -0.000   -0.000
   0   4  -6   -4.581   -4.581   -4.855     0.000    0.000    0.000
  -1  -1   6    9.205    9.205    9.713    -0.000   -0.000    0.000
   3   3  -2    9.181    9.181    9.688    -0.000    0.000   -0.000
   1   5  -8   -1.676   -1.676   -1.773     0.000   -0.000    0.000
   4   2   0    8.822    8.822    9.329    -0.000   -0.000    0.000
  -3   3  -2    9.181    9.181    9.688     0.000   -0.000    0.000
   4   4  -6   -2.374   -2.374   -2.512    -0.000   -0.000   -0.000
  -1   2  -5    0.028    0.028    0.028     0.000    0.000    0.000
  -4   3  -5   -0.005   -0.005   -0.005    -0.000   -0.000   -0.000
   5   3  -4   -3.323   -3.323   -3.517     0.000   -0.000   -0.000
  -1   4  -7   -0.003   -0.003   -0.003    -0.000   -0.000    0.000
   7   1   0   -2.368   -2.368   -2.506    -0.000    0.000   -0.000
  -3   2  -3   -0.027   -0.027   -0.027    -0.000    0.000    0.000
  -2   3  -7    0.002    0.002    0.002     0.000    0.000   -0.000
  -4   4  -6   -2.374   -2.374   -2.512     0.000    0.000   -0.000
  -3   5  -8   -1.161   -1.161   -1.228     0.000   -0.000    0.000
  -1   5  -8   -1.676   -1.676   -1.773    -0.000   -0.000    0.000
  -1  -3   8   -3.331   -3.331   -3.525     0.000   -0.000   -0.000
   1   3  -6    6.317    6.317    6.672     0.000   -0.000   -0.000
  -3   4  -5    0.005    0.005    0.005     0.000    0.000    0.000
   1  -2   5    0.028    0.028    0.028     0.000    0.000    0.000
   7   3  -4   -1.157   -1.157   -1.223     0.000   -0.000   -0.000
   0   3  -5   -0.000   -0.000   -0.000    -0.000   -0.000   -0.000
  -1   3  -6    6.317    6.317    6.672    -0.000   -0.000    0.000
   5  -3   8   -1.161   -1.161   -1.228     0.000   -0.000    0.000
   5   1  -2    6.303    6.303    6.658    -0.000   -0.000   -0.000
   0  -3   5   -0.000   -0.000   -0.000    -0.000   -0.000   -0.000
   3  -2   7   -0.002   -0.002   -0.002    -0.000   -0.000    0.000
  -4   2  -4    6.158    6.158    6.513     0.000   -0.000    0.000
   4   2  -4    6.158    6.158    6.513    -0.000    0.000    0.000
  -5   4  -7    0.002    0.002    0.002     0.000    0.000   -0.000
  -1   2  -1    0.100    0.100    0.100     0.000   -0.000    0.000
  -4   2   0    8.822    8.822    9.329     0.000    0.000    0.000
  -2   5  -9    0.001    0.001    0.001     0.000    0.000   -0.000
   4  -1   3    0.036    0.036    0.036     0.000   -0.000   -0.000
   6   2  -2   -3.302   -3.302   -3.496     0.000    0.000    0.000
   5  -1   2    6.303    6.303    6.658     0.000    0.000    0.000
  -6   3  -7   -0.003   -0.003   -0.003    -0.000    0.000   -0.000
  -6   2  -2   -3.302   -3.302   -3.496    -0.000   -0.000    0.000
  -1  -3   6    6.317    6.317    6.672     0.000   -0.000   -0.000
  -6   1  -1   -0.007   -0.007   -0.007    -0.000    0.000   -0.000
  -5   1  -2    6.303    6.303    6.658     0.000    0.000    0.000
  -5   2  -5    0.001    0.001    0.001     0.000    0.000    0.000
   1   2  -3   -0.066   -0.066   -0.066     0.000   -0.000    0.000
   3   2  -3    0.027    0.027    0.027    -0.000    0.000   -0.000
   5   1   2    6.303    6.303    6.658    -0.000    0.000    0.000
  -7   2  -3    0.000    0.000    0.000     0.000    0.000   -0.000
   2   1  -1    0.100    0.100    0.100    -0.000    0.000    0.000
  -1  -2   3   -0.066   -0.066   -0.066     0.000   -0.000    0.000
   4   3  -5    0.005    0.005    0.005    -0.000    0.000    0.000
   1   4  -5    0.014    0.014    0.014    -0.000   -0.000   -0.000
   1   4  -9   -0.001   -0.001   -0.001     0.000    0.000    0.000
   2   3  -7   -0.002   -0.002   -0.002     0.000    0.000    0.000
   3   0   1   -0.000   -0.000   -0.000     0.000    0.000   -0.000
  -7   3  -4   -1.157   -1.157   -1.223    -0.000    0.000   -0.000
  -1   4  -9    0.001    0.001    0.001     0.000    0.000   -0.000
   6   0   0    4.344    4.344    4.595     0.000    0.000    0.000
  -7  -2   3   -0.000   -0.000   -0.000     0.000   -0.000   -0.000