   h   k   l       FR_exp        sigma       FR_mod  iint_up_mod iint_down_mod
   2   0   2      0.31840      0.00330      0.33390     72.78305    217.98151
   0   2  -2      0.33480      0.00350      0.33489     73.07205    218.19680
  -2   0   2      0.37460      0.00520      0.34700     74.59366    214.96499
  -1   1   0      0.31960      0.00400      0.32288     14.13896     43.78955
   0  -2   6      0.51860      0.00580      0.54801     84.47751    154.15451
   4   2  -2      0.52990      0.00580      0.53099     76.81857    144.67121
   2   2   0      0.35240      0.00420      0.33139     42.33110    127.73822
  -4   2  -2      0.55150      0.00700      0.53641     77.28491    144.07678
   0   0   4      0.34540      0.00410      0.35870     46.27236    128.99898
   2   2  -4      0.30550      0.00470      0.31614     36.09450    114.17197
  -2   2   0      0.38220      0.00540      0.35524     44.10896    124.16670
  -1   1  -2      1.24910      0.02070      1.27201     41.98010     33.00286
   2   0   0      1.28700      0.02120      1.18186     33.47274     28.32215
   1   1  -2      1.28920      0.02080      1.27218     41.93553     32.96348
   2  -2   4      0.30540      0.00490      0.31593     36.08115    114.20707
  -1  -1   2      1.31000      0.02250      1.27218     41.93553     32.96348
  -2   2  -4      0.31250      0.00510      0.31593     36.08115    114.20707
   4   0   0      0.31140      0.00480      0.30763     33.71408    109.59353
  -2  -2   4      0.30680      0.00570      0.31614     36.09450    114.17197
  -2   4  -6      0.70390      0.00980      0.70869     80.71049    113.88735
  -2   0   0      1.27350      0.02400      1.18186     33.47274     28.32215
  -4   0   0      0.33660      0.00720      0.30763     33.71408    109.59353
   2   4  -6      0.69960      0.00900      0.70764     80.64448    113.96188
   6   0   2      0.71280      0.00940      0.69803     73.88118    105.84208
   0   4  -4      0.49390      0.00780      0.47032     40.13226     85.32960
  -1   1   2      1.24320      0.02150      1.27326     12.77973     10.03703
  -6   0   2      0.72150      0.01170      0.70166     74.09335    105.59707
   1   1   0      0.37170      0.00980      0.31658     14.65012     46.27629
   1  -1   4      0.14430      0.00700      0.17042      5.52080     32.39545
   2   2  -2      0.15290      0.00700      0.14708      4.63834     31.53708
   3   1   0      0.12800      0.00640      0.19177      5.87501     30.63561
  -2   2  -2      0.14900      0.00700      0.15054      4.68269     31.10494
  -1  -1   4      0.13340      0.00630      0.17172      5.51649     32.12469
   6   2  -4      0.70380      0.01390      0.70460     34.92670     49.56960
   0   4  -8      0.72100      0.01470      0.72294     41.49994     57.40405
   3   1  -2      1.21270      0.03670      1.21175     15.89636     13.11855
   6   2   0      0.64860      0.01240      0.63392     35.21254     55.54689
   3  -1   2      1.14040      0.03280      1.21161     15.91398     13.13452
   8   2  -2      0.91000      0.02090      0.89896     59.23796     65.89580
   0  -2   4      1.23500      0.03630      1.29169     14.41015     11.15608
  -6   4  -6      0.90070      0.01990      0.90348     64.64547     71.55149
  -6   2  -4      0.67690      0.01550      0.70444     34.92262     49.57494
  -3   1   0      0.13810      0.00760      0.19545      5.84957     29.92880
   4   4  -4      0.61970      0.01210      0.64211     37.57388     58.51588
   0   2  -4      1.20960      0.04120      1.29169     14.41015     11.15608
  -4   4  -4      0.62210      0.01290      0.64727     37.74434     58.31278
  -8   2  -2      0.90550      0.02480      0.89989     59.26961     65.86286
  -3   1  -2      1.18360      0.03760      1.21161     15.91398     13.13452
  -6   2   0      0.65470      0.01400      0.64203     35.46661     55.24095
  -3  -1   2      1.17770      0.04730      1.21175     15.89636     13.11855
  -4   4  -8      0.85010      0.01960      0.84094     35.80392     42.57608
   1   3  -4      0.12710      0.01140      0.12658      2.48113     19.60070
   4   0   2      0.08200      0.01190      0.12209      2.87854     23.57802
  -1   3  -4      0.06610      0.01190      0.12766      2.49368     19.53317
   4   4  -8      0.81850      0.02310      0.84104     35.80599     42.57372
  -3  -1   4      0.07830      0.01410      0.12821      2.46824     19.25139
  -4   0   2      0.07790      0.01510      0.12780      2.97079     23.24579
   2   6  -8      0.92110      0.03050      0.88866     32.63653     36.72564
   3   1   2      1.21150      0.04700      1.21200     12.67642     10.45910
   1   3  -2      1.17190      0.04210      1.20876     12.79875     10.58835
  -1   3  -2      1.23400      0.04940      1.20856     12.57821     10.40761
   5   1   0      0.08640      0.01470      0.14590      2.45006     16.79235
  -3   1   2      1.18200      0.07160      1.21190     11.97954      9.88493
   3   3  -4      0.08150      0.01480      0.16041      2.96623     18.49174
  -2   0   4      1.32820      0.08850      1.29458     10.78429      8.33033
   1   1   2      1.28570      0.05920      1.27351     14.61668     11.47745
  -8   0   0      0.87180      0.03020      0.82382     28.10977     34.12112
  -3   3  -4      0.10530      0.01630      0.16383      3.01272     18.38918
   6   2  -4      0.70270      0.01740      0.70460     34.92670     49.56960
  -8   0   4      0.87210      0.04990      0.88170     27.33500     31.00275
  -5   1   0      0.10770      0.01740      0.15160      2.51913     16.61747
   4   4  -4      0.62720      0.01460      0.64211     37.57388     58.51588
  -5   3  -4      0.39170      0.03740      0.18622      1.02570      5.50807
   1  -1   6      1.27010      0.11470      1.73471      7.15410      4.12409
   0   4  -6      0.17220      0.02300      0.24242      3.37913     13.93919
  -1  -1   6      1.92810      0.22120      1.73467      7.07897      4.08088
   3   3  -2      1.34120      0.09390      2.80533      9.40139      3.35127
   1   5  -8      0.60810      0.04620      0.55161      4.38803      7.95494
   4   2   0      1.83120      0.20230      0.84048      4.78079      5.68814
  -3   3  -2      1.25020      0.12540      2.79036      9.15526      3.28103
   4   4  -6      0.42360      0.04150      0.49758      6.03062     12.11981
  -1   2  -5      0.89780      0.11650      0.97511      0.90575      0.92887
  -4   3  -5      0.97400      0.13540      0.99749      2.70287      2.70967
   5   3  -4      0.25000      0.04440      0.18255      1.01091      5.53778
  -1   4  -7      0.97150      0.14380      0.99868      2.90658      2.91042
   7   1   0      0.48270      0.06510      0.35168      2.16912      6.16797
  -3   2  -3      0.76040      0.13540      0.97529      0.81772      0.83844
  -2   3  -7      1.13910      0.11660      0.99747      0.71081      0.71261
  -4   4  -6      0.36580      0.04730      0.49989      6.04769     12.09795
  -3   5  -8      0.67750      0.06550      0.52789      1.77589      3.36412
  -1   5  -8      0.53920      0.05580      0.55206      4.39017      7.95232
  -1  -3   8      0.22440      0.05730      0.27058      2.24503      8.29716
   1   3  -6      1.30200      0.18340      1.49328      3.65645      2.44860
  -3   4  -5      1.09610      0.11160      0.99759      2.70300      2.70954
   1  -2   5      0.96160      0.16670      0.97511      0.90575      0.92887
   7   3  -4      0.66930      0.05560      0.71754      7.81700     10.89414
   0   3  -5      0.99900      0.12150      0.14151      0.00000      0.00000
  -1   3  -6      1.46780      0.17540      1.49313      3.65817      2.45000
   5  -3   8      0.61020      0.06990      0.52760      1.77500      3.36428
   5   1  -2      1.04440      0.13480      3.05531      5.08456      1.66417
   0  -3   5      0.95340      0.15240      0.14151      0.00000      0.00000
   3  -2   7      1.20280      0.20250      0.99755      0.71084      0.71258
  -4   2  -4      1.32890      0.20240      0.79136      2.54209      3.21232
   4   2  -4      1.24940      0.15070      0.79123      2.53829      3.20802
  -5   4  -7      1.06260      0.12210      1.00104      1.76503      1.76320
  -1   2  -1      1.57750      0.37770      0.94037      0.97409      1.03587
  -4   2   0      2.38460      0.56080      0.84063      4.59834      5.47008
  -2   5  -9      0.56200      0.12180      1.00113      0.45036      0.44985
   4  -1   3      0.99640      0.22190      0.98350      3.35578      3.41207
   6   2  -2      0.22200      0.06820      0.40975      6.34522     15.48543
   5  -1   2      0.97840      0.21130      3.05397      5.08791      1.66600
  -6   3  -7      0.95370      0.13500      1.00114      4.38991      4.38492
  -6   2  -2      0.21590      0.08500      0.41447      6.39136     15.42044
  -1  -3   6      1.12660      0.19570      1.49328      3.65645      2.44860
  -6   1  -1      1.31810      0.32140      0.99750      6.18438      6.19985
  -5   1  -2      1.50750      0.22010      3.05397      5.08791      1.66600
  -5   2  -5      1.35810      0.26510      0.99869      0.55598      0.55671
   1   2  -3      0.80400      0.21450      0.94500      0.94725      1.00238
   3   2  -3      0.99540      0.26810      0.97510      0.81764      0.83852
   5   1   2      1.38280      0.38360      3.01749      4.70602      1.55958
  -7   2  -3      1.22220      0.23620      1.00072      0.34470      0.34445
   2   1  -1      0.64800      0.24110      0.91945      0.96299      1.04736
  -1  -2   3      0.78940      0.22560      0.94500      0.94725      1.00238
   4   3  -5      0.76810      0.16550      0.99748      2.70285      2.70968
   1   4  -5      1.00000      0.28560      0.99339      3.17448      3.19560
   1   4  -9      1.17580      0.30890      1.00072      2.57770      2.57586
   2   3  -7      0.88540      0.27430      0.99748      0.71081      0.71261
   3   0   1      0.90000      0.30230      2.79589      0.00000      0.00000
  -7   3  -4      0.49100      0.05110      0.71964      7.82963     10.87989
  -1   4  -9      0.73620      0.23680      1.00072      2.57770      2.57586
   6   0   0      3.42850      1.90890      0.27118      0.71575      2.63943
  -7  -2   3      0.63290      0.25150      1.00072      0.34470      0.34445