Model: Ho2Ti2O7_XK_XT

Crystals:

Crystal: 
 name: Ho2Ti2O7
 i_g: 0.0
SpaceGroup:
 given name: Fd-3m
 choice: 2
 name: Fd-3m
 number: 227
 inversion center at (0.000, 0.000, 0.000)
 x, y, z
 0.750-x, 0.250-y, 0.500+z
 0.250-x, 0.500+y, 0.750-z
 0.500+x, 0.750-y, 0.250-z
 z, x, y
 0.500+z, 0.750-x, 0.250-y
 0.750-z, 0.250-x, 0.500+y
 0.250-z, 0.500+x, 0.750-y
 y, z, x
 0.250-y, 0.500+z, 0.750-x
 0.500+y, 0.750-z, 0.250-x
 0.750-y, 0.250-z, 0.500+x
 0.750+y, 0.250+x, 0.500-z
 -y, -x, -z
 0.250+y, 0.500-x, 0.750+z
 0.500-y, 0.750+x, 0.250+z
 0.750+x, 0.250+z, 0.500-y
 0.500-x, 0.750+z, 0.250+y
 -x, -z, -y
 0.250+x, 0.500-z, 0.750+y
 0.750+z, 0.250+y, 0.500-x
 0.250+z, 0.500-y, 0.750+x
 0.500-z, 0.750+y, 0.250+x
 -z, -y, -x
 directory: 'c:\docs\working_comp\rhochi\version_next\neupy\f_crystal'
Cell: 
 a: 10.2
 b: 10.2
 c: 10.2
 alpha: 90.0
 beta: 90.0
 gamma: 90.0
 Bravais lattice: Cubic
 B matrix is:
   0.09804  -0.00000  -0.00000
   0.00000   0.09804  -0.00000
   0.00000   0.00000   0.09804
 inversed B matrix is:
  10.20000   0.00000   0.00000
   0.00000  10.20000   0.00000
   0.00000   0.00000  10.20000

AtomSite:
 number of atoms: 4
**********************************************************************
 1. AtomType:
 name: Ho1            
 type_n: Ho (b_scat: 0.801 cm**-12)
 occupation: 1.0
 fract  x: 0.5  y: 0.5  z: 0.5
  adp_type: uiso
 b_iso: 0.0 Ang**2

 type_m: Ho3
 kappa: 1.0
 lande factor: 1.823
 chi_type: cani
 chi_11:  3.555(56), chi_22: 3.5552941795475625, chi_33: 3.5552941795475625 (in mu_B)
 chi_12:  3.605(32), chi_13: 3.6046126652034323, chi_23: 3.6046126652034323 (in mu_B) 
 j0   A: 0.0566, a: 18.3176, B: 0.3365, b: 7.688
      C: 0.6317, c: 2.9427, D: -0.0248
 j2   A: 0.2188, a: 18.5157, B: 1.024, b: 6.707
      C: 0.9251, c: 2.1614, D: 0.0268

**********************************************************************
 2. AtomType:
 name: Ti1            
 type_n: Ti (b_scat: -0.34380000000000005 cm**-12)
 occupation: 1.0
 fract  x: 0.0  y: 0.0  z: 0.0
  adp_type: uiso
 b_iso: 0.0 Ang**2
**********************************************************************
 3. AtomType:
 name: O1            
 type_n: O (b_scat: 0.5803 cm**-12)
 occupation: 1.0
 fract  x: 0.33192  y: 0.125  z: 0.125
  adp_type: uiso
 b_iso: 0.0 Ang**2

 type_m: Ho3
 kappa:  1(1)
 lande factor: 1.823
 chi_type: cani
 chi_11:  -0.11(19), chi_22:  -0.062(74), chi_33: -0.06244178970473932 (in mu_B)
 chi_12: 0.0, chi_13: 0.0, chi_23: 0.0 (in mu_B) 
 j0   A: 0.0566, a: 18.3176, B: 0.3365, b: 7.688
      C: 0.6317, c: 2.9427, D: -0.0248
 j2   A: 0.2188, a: 18.5157, B: 1.024, b: 6.707
      C: 0.9251, c: 2.1614, D: 0.0268

**********************************************************************
 4. AtomType:
 name: O2            
 type_n: O (b_scat: 0.5803 cm**-12)
 occupation: 1.0
 fract  x: 0.375  y: 0.375  z: 0.375
  adp_type: uiso
 b_iso: 0.0 Ang**2
Extinction: 
 model: gauss
 domain_radius: 77.7983
 mosaicity: 0.5523


Experiments:

ExperimentSingle:
 name: pnd
 file_out: full.out
SetupSingle:
 label: exp
 wave_length: 1.4
BeamPolarization: 
 p_u: -0.87
 flipper_efficiency: 1.0
ObservedDataSingle:
 file_dir: C:/docs/working_comp/RhoChi/version_next/examples/HoTi_single
 file_name: full.dat
 h range: -7 --- 8
 k range: -7 --- 9
 l range: -1 --- 11
 number of reflections: 94
 field: 1.0
 wave_length: 1.4
 orientation: [[ 0.6468462 -0.6860854  0.3300297]
 [ 0.2141139 -0.2557555 -0.9343334]
 [ 0.7319312  0.6810804 -0.0183183]]


CalculatedData:

CalculatedDataSingle:
 name: Ho2Ti2O7
 field: 1.0
 orientation: [[ 0.6468462 -0.6860854  0.3300297]
 [ 0.2141139 -0.2557555 -0.9343334]
 [ 0.7319312  0.6810804 -0.0183183]]

   h   k   l   fn_real   fn_imag   iint_up iint_down flip_ratio
   0   0   8    25.326     0.000      79.5     116.6  0.68202
   2   0   6     6.465     0.000      36.1      20.0  1.80024
   0   2   6     6.465     0.000      35.1      21.0  1.67589
   2   0  10   -14.391     0.000      65.4      69.6  0.93931
   0   2  10   -14.391     0.000      65.7      69.3  0.94879
   4  -4   0    29.950     0.000      79.9     114.9  0.69557
   6  -6   0    14.916     0.000      37.9      88.0  0.43038
   1  -1   1    -7.175     0.000      34.2      63.3  0.53977
  -1   1   1    -7.175     0.000      34.3      63.5  0.54003
   1   1   1     7.175     0.000      33.2      66.2  0.50161
  -1   1  -1    -7.175     0.000      34.2      63.3  0.53977
   3  -1   1    -4.622     0.000      51.8      41.0  1.26205
   1  -1   3    -4.622     0.000      39.5      65.4  0.60368
  -1   1   3    -4.622     0.000      39.3      65.2  0.60283
  -1   3   1    -4.622     0.000      51.1      43.5  1.17488
   1  -1   5   -15.798     0.000      22.0      87.9  0.25015
  -1   1   5   -15.798     0.000      22.2      88.1  0.25241
   1   1   5    15.798     0.000      58.8      69.9  0.84121
   1  -1   7   -15.154     0.000      30.7      88.9  0.34550
  -1   1   7   -15.154     0.000      30.6      88.8  0.34426
   1   1   7   -15.154     0.000      69.6      60.8  1.14452
   1  -1   9    -4.673     0.000       6.4      48.1  0.13404
  -1   1   9    -4.673     0.000       6.5      48.1  0.13500
   1   1   9     4.673     0.000      12.6      20.8  0.60744
   1  -1  11    -8.314     0.000      15.3      58.2  0.26206
  -1   1  11    -8.314     0.000      15.2      58.2  0.26125
   3  -1   3    20.214     0.000      90.5      99.9  0.90624
  -1   3   3    20.214     0.000      88.7      97.5  0.90991
   3  -3   1   -20.214     0.000      39.0      93.8  0.41526
  -3   3   1   -20.214     0.000      38.8      93.7  0.41412
   5  -3   1     9.039     0.000      59.2      63.2  0.93664
   3  -1   5    -9.039     0.000      52.8      38.2  1.38179
  -1   3   5    -9.039     0.000      54.5      42.3  1.28830
  -3   5   1     9.039     0.000      58.5      63.1  0.92647
   3  -1   7    -3.357     0.000      19.9      10.1  1.97670
  -1   3   7    -3.357     0.000      17.9       8.7  2.05354
   3  -1   9    -7.124     0.000      34.8      27.5  1.26630
  -1   3   9    -7.124     0.000      35.2      28.8  1.22090
   5  -5   1     2.136     0.000      48.1      30.1  1.59830
  -5   5   1     2.136     0.000      48.1      30.1  1.59837
   7  -5   1    -7.818     0.000      48.8      45.2  1.08039
  -5   7   1    -7.818     0.000      48.5      45.9  1.05684
   7  -7   1   -23.133     0.000      83.1     115.9  0.71628
  -7   7   1   -23.133     0.000      83.0     115.9  0.71600
   4  -2   2     6.918     0.000      56.2      43.8  1.28423
   2  -2   4     6.918     0.000      19.1      68.0  0.28116
  -2   2   4     6.918     0.000      19.0      67.8  0.28014
  -2   4   2     6.918     0.000      57.7      46.4  1.24451
   2  -2   6     7.315     0.000       8.1      65.3  0.12398
  -2   2   6     7.315     0.000       8.1      65.4  0.12465
   2  -2  10     7.315     0.000       8.0      55.0  0.14512
  -2   2  10     7.315     0.000       8.0      55.0  0.14564
   6  -4   2    -1.534     0.000      24.2      26.1  0.92572
   4  -2   6     1.534     0.000      13.9       9.5  1.46620
  -2   4   6     1.534     0.000      14.9      11.1  1.34480
  -4   6   2    -1.534     0.000      22.2      23.7  0.93516
   4  -2  10    -9.460     0.000      42.6      47.0  0.90725
  -2   4  10    -9.460     0.000      43.1      47.0  0.91678
   6  -6   2     7.315     0.000       4.4      59.5  0.07388
  -6   6   2     7.315     0.000       4.4      59.5  0.07437
   8  -6   2     8.022     0.000      45.7      42.0  1.08689
  -6   8   2     8.022     0.000      46.5      43.3  1.07591
   5  -3   3    -2.758     0.000      30.5      24.6  1.23666
   3  -3   5    -2.758     0.000      30.0      52.3  0.57458
  -3   3   5    -2.758     0.000      30.0      52.2  0.57407
  -3   5   3    -2.758     0.000      31.0      27.1  1.14659
   3  -3   7   -28.194     0.000      90.0     123.9  0.72583
  -3   3   7   -28.194     0.000      90.1     124.0  0.72627
   3  -3   9   -17.713     0.000      59.8      98.2  0.60866
  -3   3   9   -17.713     0.000      59.7      98.2  0.60827
   5  -3   5    13.933     0.000      70.8      76.3  0.92828
  -3   5   5    13.933     0.000      69.8      74.4  0.93860
   5  -5   3   -13.933     0.000      28.4      84.7  0.33516
  -5   5   3   -13.933     0.000      28.3      84.7  0.33434
   7  -5   3    17.019     0.000      87.1      89.4  0.97436
   5  -3   7   -17.019     0.000      83.8      78.1  1.07265
  -3   5   7   -17.019     0.000      84.6      80.2  1.05484
  -5   7   3    17.019     0.000      86.6      88.7  0.97691
   5  -3   9     6.538     0.000      27.7      33.0  0.83969
  -3   5   9     6.538     0.000      27.4      31.8  0.86246
  -5   9   3    -6.538     0.000       7.6      50.5  0.15121
   4  -4   8    15.464     0.000      48.0      89.8  0.53474
  -4   4   8    15.464     0.000      48.1      89.9  0.53537
  -4   8   4    15.464     0.000      51.0      90.4  0.56400
   6  -4   6     9.985     0.000      56.4      50.2  1.12365
  -4   6   6     9.985     0.000      54.8      50.3  1.09114
   5  -5   5   -25.108     0.000      82.7     117.9  0.70132
  -5   5   5   -25.108     0.000      82.8     118.0  0.70176
   7  -5   5    -5.843     0.000      32.8      28.4  1.15543
   5  -5   7    -5.843     0.000       3.6      50.1  0.07220
  -5   5   7    -5.843     0.000       3.6      50.1  0.07137
  -5   7   5    -5.843     0.000      32.9      30.1  1.09238
   6  -6   6     7.315     0.000       8.0      55.0  0.14534
  -6   6   6     7.315     0.000       8.0      55.0  0.14626


Structure factor tensor in a*, b*, c* (real part, mu_B) 

   h   k   l   sft_11   sft_22   sft_33    sft_12   sft_13   sft_23
   0   0   8   27.445   27.445   27.948     0.000    0.000    0.000
   2   0   6    0.248   -0.540   -0.138    -0.000   36.585   -0.000
   0   2   6   -0.540    0.248   -0.138     0.000   -0.000   36.585
   2   0  10    0.127    0.520    0.500    -0.000   19.971    0.000
   0   2  10    0.520    0.127    0.500    -0.000    0.000   19.971
   4  -4   0   37.783   37.783   37.535     0.000    0.000    0.000
   6  -6   0   -0.469   -0.469   -0.749    26.698    0.000    0.000
   1  -1   1  -28.064  -28.064  -28.064   -27.772   27.772  -27.772
  -1   1   1  -28.064  -28.064  -28.064   -27.772  -27.772   27.772
   1   1   1   28.064   28.064   28.064   -27.772  -27.772  -27.772
  -1   1  -1  -28.064  -28.064  -28.064   -27.772   27.772  -27.772
   3  -1   1  -25.289  -24.857  -24.857    25.203  -25.203  -25.203
   1  -1   3  -24.857  -24.857  -25.289   -25.203  -25.203   25.203
  -1   1   3  -24.857  -24.857  -25.289   -25.203   25.203  -25.203
  -1   3   1  -24.857  -25.289  -24.857    25.203  -25.203  -25.203
   1  -1   5  -19.889  -19.889  -19.640   -21.008   21.008  -21.008
  -1   1   5  -19.889  -19.889  -19.640   -21.008  -21.008   21.008
   1   1   5   19.889   19.889   19.640   -21.008  -21.008  -21.008
   1  -1   7  -16.052  -16.052  -15.731   -16.356  -16.356   16.356
  -1   1   7  -16.052  -16.052  -15.731   -16.356   16.356  -16.356
   1   1   7  -16.052  -16.052  -15.731    16.356  -16.356  -16.356
   1  -1   9  -12.244  -12.244  -12.315   -12.054   12.054  -12.054
  -1   1   9  -12.244  -12.244  -12.315   -12.054  -12.054   12.054
   1   1   9   12.244   12.244   12.315   -12.054  -12.054  -12.054
   1  -1  11   -8.257   -8.257   -8.310    -8.470   -8.470    8.470
  -1   1  11   -8.257   -8.257   -8.310    -8.470    8.470   -8.470
   3  -1   3   21.730   22.118   21.730   -22.968  -22.968  -22.968
  -1   3   3   22.118   21.730   21.730   -22.968  -22.968  -22.968
   3  -3   1  -21.730  -21.730  -22.118   -22.968  -22.968   22.968
  -3   3   1  -21.730  -21.730  -22.118   -22.968   22.968  -22.968
   5  -3   1   19.552   19.010   19.327   -19.276  -19.276  -19.276
   3  -1   5  -19.010  -19.327  -19.552    19.276  -19.276  -19.276
  -1   3   5  -19.327  -19.010  -19.552    19.276  -19.276  -19.276
  -3   5   1   19.010   19.552   19.327   -19.276  -19.276  -19.276
   3  -1   7   15.554   15.315   15.607   -15.116  -15.116  -15.116
  -1   3   7   15.315   15.554   15.607   -15.116  -15.116  -15.116
   3  -1   9  -11.135  -10.965  -10.900    11.210  -11.210  -11.210
  -1   3   9  -10.965  -11.135  -10.900    11.210  -11.210  -11.210
   5  -5   1  -17.202  -17.202  -17.015   -16.356   16.356  -16.356
  -5   5   1  -17.202  -17.202  -17.015   -16.356  -16.356   16.356
   7  -5   1  -12.910  -12.521  -12.665    12.979  -12.979  -12.979
  -5   7   1  -12.521  -12.910  -12.665    12.979  -12.979  -12.979
   7  -7   1   -9.788   -9.788   -9.980   -10.436  -10.436   10.436
  -7   7   1   -9.788   -9.788   -9.980   -10.436   10.436  -10.436
   4  -2   2   -0.650   -1.336   -1.336    -0.000    0.000   43.429
   2  -2   4   -1.336   -1.336   -0.650    43.429   -0.000   -0.000
  -2   2   4   -1.336   -1.336   -0.650    43.429   -0.000   -0.000
  -2   4   2   -1.336   -0.650   -1.336    -0.000   43.429   -0.000
   2  -2   6   34.628   34.628   34.628    -0.000    0.000    0.000
  -2   2   6   34.628   34.628   34.628    -0.000    0.000    0.000
   2  -2  10   19.019   19.019   19.019    -0.000    0.000    0.000
  -2   2  10   19.019   19.019   19.019    -0.000    0.000    0.000
   6  -4   2   -0.145    0.002   -0.466    -0.000   31.132    0.000
   4  -2   6   -0.002    0.466    0.145    -0.000    0.000   31.132
  -2   4   6    0.466   -0.002    0.145    -0.000   31.132    0.000
  -4   6   2    0.002   -0.145   -0.466    -0.000    0.000   31.132
   4  -2  10    0.215   -0.025    0.294     0.000   -0.000   17.380
  -2   4  10   -0.025    0.215    0.294     0.000   17.380   -0.000
   6  -6   2   25.366   25.366   25.366    -0.000   -0.000   -0.000
  -6   6   2   25.366   25.366   25.366     0.000   -0.000   -0.000
   8  -6   2   -0.519   -0.389   -0.582    -0.000    0.000   19.971
  -6   8   2   -0.389   -0.519   -0.582    -0.000   19.971    0.000
   5  -3   3  -17.401  -17.893  -17.893    17.735  -17.735  -17.735
   3  -3   5  -17.893  -17.893  -17.401   -17.735  -17.735   17.735
  -3   3   5  -17.893  -17.893  -17.401   -17.735   17.735  -17.735
  -3   5   3  -17.893  -17.401  -17.893    17.735  -17.735  -17.735
   3  -3   7  -12.910  -12.910  -12.861   -13.996   13.996  -13.996
  -3   3   7  -12.910  -12.910  -12.861   -13.996  -13.996   13.996
   3  -3   9  -10.004  -10.004  -10.220   -10.436  -10.436   10.436
  -3   3   9  -10.004  -10.004  -10.220   -10.436   10.436  -10.436
   5  -3   5   14.264   14.674   14.264   -15.116  -15.116  -15.116
  -3   5   5   14.674   14.264   14.264   -15.116  -15.116  -15.116
   5  -5   3  -14.264  -14.264  -14.674   -15.116  -15.116   15.116
  -5   5   3  -14.264  -14.264  -14.674   -15.116   15.116  -15.116
   7  -5   3   11.533   11.891   11.575   -12.054  -12.054  -12.054
   5  -3   7  -11.891  -11.575  -11.533    12.054  -12.054  -12.054
  -3   5   7  -11.575  -11.891  -11.533    12.054  -12.054  -12.054
  -5   7   3   11.891   11.533   11.575   -12.054  -12.054  -12.054
   5  -3   9    9.247    9.018    9.203    -9.072   -9.072   -9.072
  -3   5   9    9.018    9.247    9.203    -9.072   -9.072   -9.072
  -5   9   3   -9.247   -9.203   -9.018    -9.072    9.072   -9.072
   4  -4   8   20.915   20.915   21.152    -0.000    0.000   -0.000
  -4   4   8   20.915   20.915   21.152     0.000    0.000   -0.000
  -4   8   4   20.915   21.152   20.915    -0.000   -0.000   -0.000
   6  -4   6   -0.212   -0.316   -0.212     0.000   23.035    0.000
  -4   6   6   -0.316   -0.212   -0.212     0.000    0.000   23.035
   5  -5   5  -11.782  -11.782  -11.782   -12.979   12.979  -12.979
  -5   5   5  -11.782  -11.782  -11.782   -12.979  -12.979   12.979
   7  -5   5  -10.364  -10.667  -10.667    10.436  -10.436  -10.436
   5  -5   7  -10.667  -10.667  -10.364   -10.436  -10.436   10.436
  -5   5   7  -10.667  -10.667  -10.364   -10.436   10.436  -10.436
  -5   7   5  -10.667  -10.364  -10.667    10.436  -10.436  -10.436
   6  -6   6   19.019   19.019   19.019    -0.000    0.000    0.000
  -6   6   6   19.019   19.019   19.019    -0.000    0.000    0.000