    ttheta   IntUPexp  sIntUPexp   IntUPmod IntDOWNexp sIntDOWNexp IntDOWNmod   IntBKGR flag
    14.000    340.600     18.460    342.188    340.600     18.460    342.188    342.146  0
    14.100    336.800     18.350    342.189    336.800     18.350    342.189    342.146  1
    14.200    341.400     18.480    342.100    341.400     18.480    342.100    342.056  1
    14.300    343.800     18.540    341.930    343.800     18.540    341.930    341.884  1
    14.400    335.500     18.320    341.759    335.500     18.320    341.759    341.712  1
    14.500    336.700     18.350    341.588    336.700     18.350    341.588    341.540  1
    14.600    338.500     18.400    341.418    338.500     18.400    341.418    341.369  1
    14.700    333.000     18.250    341.247    333.000     18.250    341.247    341.197  1
    14.800    337.600     18.370    341.077    337.600     18.370    341.077    341.025  1
    14.900    341.800     18.490    340.906    341.800     18.490    340.906    340.853  1
    15.000    340.300     18.450    340.736    340.300     18.450    340.736    340.681  1
    15.100    332.900     18.250    340.566    332.900     18.250    340.566    340.509  1
    15.200    343.400     18.530    340.396    343.400     18.530    340.396    340.337  1
    15.300    341.500     18.480    340.227    341.500     18.480    340.227    340.165  1
    15.400    340.500     18.450    340.057    340.500     18.450    340.057    339.993  1
    15.500    344.600     18.560    339.888    344.600     18.560    339.888    339.821  1
    15.600    344.200     18.550    339.718    344.200     18.550    339.718    339.649  1
    15.700    341.300     18.470    339.549    341.300     18.470    339.549    339.477  1
    15.800    341.300     18.470    339.381    341.300     18.470    339.381    339.305  1
    15.900    339.200     18.420    339.212    339.200     18.420    339.212    339.133  1
    16.000    331.900     18.220    339.044    331.900     18.220    339.044    338.961  1
    16.100    333.100     18.250    338.877    333.100     18.250    338.877    338.789  1
    16.200    343.200     18.530    338.709    343.200     18.530    338.709    338.617  1
    16.300    341.900     18.490    338.542    341.900     18.490    338.542    338.445  1
    16.400    335.800     18.320    338.376    335.800     18.320    338.376    338.273  1
    16.500    338.500     18.400    338.210    338.500     18.400    338.210    338.101  1
    16.600    354.300     18.820    338.045    354.300     18.820    338.045    337.929  1
    16.700    345.600     18.590    337.881    345.600     18.590    337.881    337.757  1
    16.800    344.800     18.570    337.718    344.800     18.570    337.718    337.585  1
    16.900    349.800     18.700    337.555    349.800     18.700    337.555    337.413  1
    17.000    341.400     18.480    337.394    341.400     18.480    337.394    337.241  1
    17.100    346.700     18.620    337.235    346.700     18.620    337.235    337.069  1
    17.200    332.500     18.230    337.077    332.500     18.230    337.077    336.897  1
    17.300    339.600     18.430    336.921    339.600     18.430    336.921    336.725  1
    17.400    334.900     18.300    336.836    334.900     18.300    336.836    336.553  1
    17.500    340.800     18.460    336.687    340.800     18.460    336.687    336.381  1
    17.600    341.400     18.480    336.542    341.400     18.480    336.542    336.209  1
    17.700    334.200     18.280    336.401    334.200     18.280    336.401    336.037  1
    17.800    334.400     18.290    336.267    334.400     18.290    336.267    335.865  1
    17.900    345.600     18.590    336.141    345.600     18.590    336.141    335.693  1
    18.000    330.500     18.180    336.025    330.500     18.180    336.025    335.521  1
    18.100    328.400     18.120    335.955    328.400     18.120    335.955    335.380  1
    18.200    337.000     18.360    335.968    337.000     18.360    335.968    335.304  1
    18.300    337.100     18.360    336.009    337.100     18.360    336.009    335.228  1
    18.400    336.700     18.350    336.089    336.700     18.350    336.089    335.152  1
    18.500    340.300     18.450    336.229    340.300     18.450    336.229    335.075  1
    18.600    337.700     18.380    336.492    337.700     18.380    336.492    334.999  1
    18.700    353.800     18.810    337.315    353.800     18.810    337.315    334.923  1
    18.800    349.600     18.700    341.755    349.600     18.700    341.755    334.847  1
    18.900    394.000     19.850    363.803    394.000     19.850    363.803    334.771  1
    19.000    526.800     22.950    438.241    526.800     22.950    438.241    334.694  1
    19.100    732.900     27.070    592.373    732.900     27.070    592.373    334.618  1
    19.200    868.100     29.460    762.910    868.100     29.460    762.910    334.542  1
    19.300    832.300     28.850    801.337    832.300     28.850    801.337    334.466  1
    19.400    668.300     25.850    666.003    668.300     25.850    666.003    334.389  1
    19.500    465.900     21.580    489.872    465.900     21.580    489.872    334.313  1
    19.600    371.900     19.280    383.610    371.900     19.280    383.610    334.237  1
    19.700    345.700     18.590    345.923    345.700     18.590    345.923    334.161  1
    19.800    333.800     18.270    337.230    333.800     18.270    337.230    334.084  1
    19.900    339.600     18.430    335.576    339.600     18.430    335.576    334.008  1
    20.000    345.900     18.600    335.068    345.900     18.600    335.068    333.932  1
    20.100    348.200     18.660    334.756    348.200     18.660    334.756    333.856  1
    20.200    351.400     18.750    334.518    351.400     18.750    334.518    333.779  1
    20.300    338.500     18.400    334.323    338.500     18.400    334.323    333.703  1
    20.400    334.600     18.290    334.159    334.600     18.290    334.159    333.627  1
    20.500    328.300     18.120    334.016    328.300     18.120    334.016    333.551  1
    20.600    329.600     18.150    333.887    329.600     18.150    333.887    333.474  1
    20.700    336.600     18.350    333.770    336.600     18.350    333.770    333.398  1
    20.800    331.400     18.200    333.661    331.400     18.200    333.661    333.322  1
    20.900    326.100     18.060    333.559    326.100     18.060    333.559    333.246  1
    21.000    336.200     18.340    333.461    336.200     18.340    333.461    333.169  1
    21.100    327.900     18.110    333.368    327.900     18.110    333.368    333.093  1
    21.200    331.900     18.220    333.277    331.900     18.220    333.277    333.017  1
    21.300    328.500     18.120    333.189    328.500     18.120    333.189    332.941  1
    21.400    329.100     18.140    333.104    329.100     18.140    333.104    332.864  1
    21.500    334.700     18.290    333.020    334.700     18.290    333.020    332.788  1
    21.600    324.100     18.000    332.938    324.100     18.000    332.938    332.712  1
    21.700    322.200     17.950    332.857    322.200     17.950    332.857    332.636  1
    21.800    331.700     18.210    332.777    331.700     18.210    332.777    332.559  1
    21.900    330.000     18.170    332.699    330.000     18.170    332.699    332.483  1
    22.000    328.900     18.140    332.621    328.900     18.140    332.621    332.407  1
    22.100    334.200     18.280    332.544    334.200     18.280    332.544    332.331  1
    22.200    335.100     18.310    332.468    335.100     18.310    332.468    332.255  1
    22.300    345.800     18.600    332.393    345.800     18.600    332.393    332.178  1
    22.400    340.400     18.450    332.318    340.400     18.450    332.318    332.102  1
    22.500    342.100     18.500    332.244    342.100     18.500    332.244    332.026  1
    22.600    335.900     18.330    332.170    335.900     18.330    332.170    331.950  1
    22.700    328.700     18.130    332.098    328.700     18.130    332.098    331.873  1
    22.800    332.200     18.230    332.025    332.200     18.230    332.025    331.797  1
    22.900    333.600     18.260    331.954    333.600     18.260    331.954    331.721  1
    23.000    334.800     18.300    331.883    334.800     18.300    331.883    331.645  1
    23.100    330.000     18.170    331.813    330.000     18.170    331.813    331.568  1
    23.200    336.300     18.340    331.743    336.300     18.340    331.743    331.492  1
    23.300    332.600     18.240    331.675    332.600     18.240    331.675    331.416  1
    23.400    336.400     18.340    331.607    336.400     18.340    331.607    331.340  1
    23.500    338.600     18.400    331.540    338.600     18.400    331.540    331.263  1
    23.600    327.800     18.110    331.473    327.800     18.110    331.473    331.187  1
    23.700    334.100     18.280    331.408    334.100     18.280    331.408    331.111  1
    23.800    338.600     18.400    331.423    338.600     18.400    331.423    331.035  1
    23.900    324.200     18.010    331.361    324.200     18.010    331.361    330.958  1
    24.000    330.100     18.170    331.281    330.100     18.170    331.281    330.863  1
    24.100    330.500     18.180    331.173    330.500     18.180    331.173    330.737  1
    24.200    338.200     18.390    331.066    338.200     18.390    331.066    330.611  1
    24.300    328.400     18.120    330.961    328.400     18.120    330.961    330.486  1
    24.400    329.300     18.150    330.858    329.300     18.150    330.858    330.360  1
    24.500    326.400     18.070    330.757    326.400     18.070    330.757    330.234  1
    24.600    339.100     18.410    330.659    339.100     18.410    330.659    330.108  1
    24.700    322.000     17.940    330.564    322.000     17.940    330.564    329.983  1
    24.800    326.000     18.060    330.473    326.000     18.060    330.473    329.857  1
    24.900    332.800     18.240    330.385    332.800     18.240    330.385    329.731  1
    25.000    330.300     18.170    330.303    330.300     18.170    330.303    329.605  1
    25.100    320.600     17.910    330.226    320.600     17.910    330.226    329.480  1
    25.200    329.700     18.160    330.155    329.700     18.160    330.155    329.354  1
    25.300    331.700     18.210    330.093    331.700     18.210    330.093    329.228  1
    25.400    329.900     18.160    330.039    329.900     18.160    330.039    329.102  1
    25.500    332.800     18.240    329.997    332.800     18.240    329.997    328.976  1
    25.600    324.300     18.010    329.969    324.300     18.010    329.969    328.851  1
    25.700    334.500     18.290    329.957    334.500     18.290    329.957    328.725  1
    25.800    328.500     18.120    329.967    328.500     18.120    329.967    328.599  1
    25.900    332.200     18.230    330.004    332.200     18.230    330.004    328.473  1
    26.000    346.000     18.600    330.075    346.000     18.600    330.075    328.348  1
    26.100    338.400     18.400    330.192    338.400     18.400    330.192    328.222  1
    26.200    332.200     18.230    330.369    332.200     18.230    330.369    328.096  1
    26.300    329.500     18.150    330.629    329.500     18.150    330.629    327.970  1
    26.400    342.300     18.500    331.004    342.300     18.500    331.004    327.845  1
    26.500    342.300     18.500    331.545    342.300     18.500    331.545    327.719  1
    26.600    346.300     18.610    332.337    346.300     18.610    332.337    327.593  1
    26.700    354.300     18.820    333.574    354.300     18.820    333.574    327.467  1
    26.800    353.900     18.810    336.360    353.900     18.810    336.360    327.342  1
    26.900    353.900     18.810    349.260    353.900     18.810    349.260    327.216  1
    27.000    434.400     20.840    418.653    434.400     20.840    418.653    327.090  1
    27.100    807.700     28.420    685.693    807.700     28.420    685.693    326.964  1
    27.200   1818.000     42.640   1321.420   1818.000     42.640   1321.420    326.839  1
    27.300   2525.900     50.260   2154.397   2525.900     50.260   2154.397    326.713  1
    27.400   2649.700     51.480   2508.876   2649.700     51.480   2508.876    326.587  1
    27.500   2022.700     44.970   2003.006   2022.700     44.970   2003.006    326.461  1
    27.600   1181.100     34.370   1165.849   1181.100     34.370   1165.849    326.335  1
    27.700    587.900     24.250    606.479    587.900     24.250    606.479    326.210  1
    27.800    377.600     19.430    393.999    377.600     19.430    393.999    326.084  1
    27.900    355.500     18.850    342.932    355.500     18.850    342.932    325.958  1
    28.000    348.700     18.670    333.515    348.700     18.670    333.515    325.832  1
    28.100    337.900     18.380    331.071    337.900     18.380    331.071    325.707  1
    28.200    339.900     18.440    329.751    339.900     18.440    329.751    325.581  1
    28.300    344.500     18.560    328.812    344.500     18.560    328.812    325.455  1
    28.400    335.700     18.320    328.098    335.700     18.320    328.098    325.329  1
    28.500    333.300     18.260    327.533    333.300     18.260    327.533    325.204  1
    28.600    337.200     18.360    327.073    337.200     18.360    327.073    325.078  1
    28.700    332.900     18.250    326.688    332.900     18.250    326.688    324.952  1
    28.800    328.600     18.130    326.357    328.600     18.130    326.357    324.826  1
    28.900    332.700     18.240    326.067    332.700     18.240    326.067    324.701  1
    29.000    329.400     18.150    325.809    329.400     18.150    325.809    324.575  1
    29.100    324.800     18.020    325.576    324.800     18.020    325.576    324.449  1
    29.200    332.200     18.230    325.486    332.200     18.230    325.486    324.323  1
    29.300    328.700     18.130    325.287    328.700     18.130    325.287    324.198  1
    29.400    325.800     18.050    325.103    325.800     18.050    325.103    324.072  1
    29.500    324.000     18.000    324.930    324.000     18.000    324.930    323.946  1
    29.600    323.600     17.990    324.767    323.600     17.990    324.767    323.820  1
    29.700    327.500     18.100    324.611    327.500     18.100    324.611    323.694  1
    29.800    329.000     18.140    324.461    329.000     18.140    324.461    323.569  1
    29.900    310.100     17.610    324.318    310.100     17.610    324.318    323.443  1
    30.000    317.600     17.820    324.180    317.600     17.820    324.180    323.317  1
    30.100    327.300     18.090    324.047    327.300     18.090    324.047    323.191  1
    30.200    314.900     17.750    323.919    314.900     17.750    323.919    323.066  1
    30.300    318.800     17.850    323.966    318.800     17.850    323.966    323.111  1
    30.400    325.900     18.050    324.045    325.900     18.050    324.045    323.185  1
    30.500    321.000     17.920    324.128    321.000     17.920    324.128    323.258  1
    30.600    342.700     18.510    324.216    342.700     18.510    324.216    323.331  1
    30.700    334.900     18.300    324.308    334.900     18.300    324.308    323.404  1
    30.800    329.800     18.160    324.404    329.800     18.160    324.404    323.478  1
    30.900    326.700     18.070    324.505    326.700     18.070    324.505    323.551  1
    31.000    331.100     18.200    324.612    331.100     18.200    324.612    323.624  1
    31.100    319.400     17.870    324.724    319.400     17.870    324.724    323.697  1
    31.200    324.600     18.020    324.843    324.600     18.020    324.843    323.771  1
    31.300    325.400     18.040    324.968    325.400     18.040    324.968    323.844  1
    31.400    320.600     17.910    325.102    320.600     17.910    325.102    323.917  1
    31.500    329.800     18.160    325.246    329.800     18.160    325.246    323.990  1
    31.600    322.600     17.960    325.401    322.600     17.960    325.401    324.064  1
    31.700    324.400     18.010    325.568    324.400     18.010    325.568    324.137  1
    31.800    326.300     18.060    325.752    326.300     18.060    325.752    324.210  1
    31.900    331.900     18.220    325.954    331.900     18.220    325.954    324.284  1
    32.000    327.100     18.090    326.180    327.100     18.090    326.180    324.357  1
    32.100    337.200     18.360    326.435    337.200     18.360    326.435    324.430  1
    32.200    341.500     18.480    326.726    341.500     18.480    326.726    324.503  1
    32.300    331.900     18.220    327.064    331.900     18.220    327.064    324.577  1
    32.400    334.800     18.300    327.462    334.800     18.300    327.462    324.650  1
    32.500    335.900     18.330    327.941    335.900     18.330    327.941    324.723  1
    32.600    339.400     18.420    328.528    339.400     18.420    328.528    324.796  1
    32.700    337.900     18.380    329.266    337.900     18.380    329.266    324.870  1
    32.800    340.400     18.450    330.220    340.400     18.450    330.220    324.943  1
    32.900    342.900     18.520    331.494    342.900     18.520    331.494    325.016  1
    33.000    347.900     18.650    333.310    347.900     18.650    333.310    325.089  1
    33.100    363.100     19.060    336.737    363.100     19.060    336.737    325.163  1
    33.200    361.100     19.000    350.036    361.100     19.000    350.036    325.236  1
    33.300    392.800     19.820    420.953    392.800     19.820    420.953    325.309  1
    33.400    731.200     27.040    711.332    731.200     27.040    711.332    325.383  1
    33.500   1783.000     42.230   1470.656   1783.000     42.230   1470.656    325.456  1
    33.600   3013.800     54.900   2616.843   3013.800     54.900   2616.843    325.529  1
    33.700   3477.500     58.970   3350.745   3477.500     58.970   3350.745    325.602  1
    33.800   3034.300     55.080   2929.008   3034.300     55.080   2929.008    325.676  1
    33.900   1998.300     44.700   1799.199   1998.300     44.700   1799.199    325.749  1
    34.000    967.500     31.100    884.940    967.500     31.100    884.940    325.822  1
    34.100    458.000     21.400    475.904    458.000     21.400    475.904    325.895  1
    34.200    357.500     18.910    361.792    357.500     18.910    361.792    325.969  1
    34.300    354.200     18.820    339.333    354.200     18.820    339.333    326.042  1
    34.400    351.500     18.750    334.678    351.500     18.750    334.678    326.115  1
    34.500    345.000     18.570    332.791    345.000     18.570    332.791    326.188  1
    34.600    344.700     18.570    331.597    344.700     18.570    331.597    326.262  1
    34.700    335.800     18.320    330.764    335.800     18.320    330.764    326.335  1
    34.800    340.700     18.460    330.169    340.700     18.460    330.169    326.408  1
    34.900    336.600     18.350    329.738    336.600     18.350    329.738    326.482  1
    35.000    330.500     18.180    329.424    330.500     18.180    329.424    326.555  1
    35.100    340.000     18.440    329.196    340.000     18.440    329.196    326.628  1
    35.200    327.800     18.110    329.032    327.800     18.110    329.032    326.701  1
    35.300    331.600     18.210    328.919    331.600     18.210    328.919    326.775  1
    35.400    328.500     18.120    328.844    328.500     18.120    328.844    326.848  1
    35.500    321.600     17.930    328.800    321.600     17.930    328.800    326.921  1
    35.600    316.600     17.790    328.782    316.600     17.790    328.782    326.994  1
    35.700    316.000     17.780    328.786    316.000     17.780    328.786    327.068  1
    35.800    335.600     18.320    328.808    335.600     18.320    328.808    327.141  1
    35.900    328.100     18.110    328.846    328.100     18.110    328.846    327.214  1
    36.000    327.500     18.100    328.899    327.500     18.100    328.899    327.287  1
    36.100    324.000     18.000    328.965    324.000     18.000    328.965    327.361  1
    36.200    319.600     17.880    329.043    319.600     17.880    329.043    327.434  1
    36.300    323.200     17.980    329.134    323.200     17.980    329.134    327.507  1
    36.400    314.500     17.730    329.139    314.500     17.730    329.139    327.482  1
    36.500    320.300     17.900    329.068    320.300     17.900    329.068    327.368  1
    36.600    333.100     18.250    329.011    333.100     18.250    329.011    327.255  1
    36.700    328.700     18.130    328.968    328.700     18.130    328.968    327.142  1
    36.800    324.500     18.010    328.941    324.500     18.010    328.941    327.029  1
    36.900    334.800     18.300    328.931    334.800     18.300    328.931    326.916  1
    37.000    322.800     17.970    328.942    322.800     17.970    328.942    326.802  1
    37.100    336.600     18.350    328.976    336.600     18.350    328.976    326.689  1
    37.200    328.600     18.130    329.038    328.600     18.130    329.038    326.576  1
    37.300    330.000     18.170    329.134    330.000     18.170    329.134    326.463  1
    37.400    326.100     18.060    329.253    326.100     18.060    329.253    326.350  1
    37.500    335.300     18.310    329.439    335.300     18.310    329.439    326.236  1
    37.600    341.800     18.490    329.688    341.800     18.490    329.688    326.123  1
    37.700    349.100     18.680    330.016    349.100     18.680    330.016    326.010  1
    37.800    355.500     18.850    330.446    355.500     18.850    330.446    325.897  1
    37.900    344.300     18.560    331.013    344.300     18.560    331.013    325.784  1
    38.000    341.100     18.470    331.763    341.100     18.470    331.763    325.670  1
    38.100    354.300     18.820    332.766    354.300     18.820    332.766    325.557  1
    38.200    362.000     19.030    334.130    362.000     19.030    334.130    325.444  1
    38.300    364.300     19.090    336.028    364.300     19.090    336.028    325.331  1
    38.400    372.100     19.290    338.834    372.100     19.290    338.834    325.217  1
    38.500    380.700     19.510    344.464    380.700     19.510    344.464    325.104  1
    38.600    385.600     19.640    366.699    385.600     19.640    366.699    324.991  1
    38.700    446.300     21.130    481.563    446.300     21.130    481.563    324.878  1
    38.800    857.800     29.290    939.671    857.800     29.290    939.671    324.765  1
    38.900   2274.300     47.690   2136.201   2274.300     47.690   2136.201    324.651  1
    39.000   4252.200     65.210   4009.688   4252.200     65.210   4009.688    324.538  1
    39.100   5520.400     74.300   5397.803   5520.400     74.300   5397.803    324.425  1
    39.200   5145.900     71.730   4996.789   5145.900     71.730   4996.789    324.312  1
    39.300   3560.800     59.670   3219.962   3560.800     59.670   3219.962    324.199  1
    39.400   1778.900     42.180   1552.085   1778.900     42.180   1552.085    324.085  1
    39.500    695.900     26.380    692.857    695.900     26.380    692.857    323.972  1
    39.600    413.500     20.330    414.327    413.500     20.330    414.327    323.859  1
    39.700    387.800     19.690    351.879    387.800     19.690    351.879    323.746  1
    39.800    385.500     19.630    339.296    385.500     19.630    339.296    323.632  1
    39.900    369.700     19.230    335.093    369.700     19.230    335.093    323.519  1
    40.000    360.200     18.980    332.559    360.200     18.980    332.559    323.406  1
    40.100    355.500     18.850    330.730    355.500     18.850    330.730    323.293  1
    40.200    348.100     18.660    329.346    348.100     18.660    329.346    323.180  1
    40.300    350.400     18.720    328.266    350.400     18.720    328.266    323.066  1
    40.400    337.400     18.370    327.403    337.400     18.370    327.403    322.953  1
    40.500    338.500     18.400    326.696    338.500     18.400    326.696    322.840  1
    40.600    339.000     18.410    326.107    339.000     18.410    326.107    322.727  1
    40.700    330.700     18.190    325.607    330.700     18.190    325.607    322.614  1
    40.800    329.300     18.150    325.175    329.300     18.150    325.175    322.500  1
    40.900    330.000     18.170    324.798    330.000     18.170    324.798    322.387  1
    41.000    323.500     17.990    324.465    323.500     17.990    324.465    322.274  1
    41.100    329.500     18.150    324.166    329.500     18.150    324.166    322.161  1
    41.200    324.000     18.000    323.897    324.000     18.000    323.897    322.048  1
    41.300    322.500     17.960    323.652    322.500     17.960    323.652    321.934  1
    41.400    324.200     18.010    323.427    324.200     18.010    323.427    321.821  1
    41.500    325.700     18.050    323.220    325.700     18.050    323.220    321.708  1
    41.600    341.200     18.470    323.029    341.200     18.470    323.029    321.595  1
    41.700    326.500     18.070    322.851    326.500     18.070    322.851    321.481  1
    41.800    323.600     17.990    322.686    323.600     17.990    322.686    321.368  1
    41.900    315.000     17.750    322.533    315.000     17.750    322.533    321.255  1
    42.000    323.800     17.990    322.391    323.800     17.990    322.391    321.142  1
    42.100    320.800     17.910    322.261    320.800     17.910    322.261    321.029  1
    42.200    326.800     18.080    322.142    326.800     18.080    322.142    320.915  1
    42.300    313.800     17.710    322.036    313.800     17.710    322.036    320.802  1
    42.400    332.300     18.230    322.029    332.300     18.230    322.029    320.774  1
    42.500    317.900     17.830    322.038    317.900     17.830    322.038    320.747  1
    42.600    321.000     17.920    322.114    321.000     17.920    322.114    320.719  1
    42.700    322.500     17.960    322.168    322.500     17.960    322.168    320.692  1
    42.800    333.400     18.260    322.252    333.400     18.260    322.252    320.664  1
    42.900    324.300     18.010    322.377    324.300     18.010    322.377    320.637  1
    43.000    322.600     17.960    322.558    322.600     17.960    322.558    320.610  1
    43.100    321.900     17.940    322.819    321.900     17.940    322.819    320.582  1
    43.200    334.600     18.290    323.207    334.600     18.290    323.207    320.555  1
    43.300    325.500     18.040    323.926    325.500     18.040    323.926    320.527  1
    43.400    330.500     18.180    326.374    330.500     18.180    326.374    320.500  1
    43.500    332.000     18.220    338.495    332.000     18.220    338.495    320.473  1
    43.600    376.000     19.390    389.281    376.000     19.390    389.281    320.445  1
    43.700    519.700     22.800    536.700    519.700     22.800    536.700    320.418  1
    43.800    798.800     28.260    811.051    798.800     28.260    811.051    320.390  1
    43.900   1073.500     32.760   1100.742   1073.500     32.760   1100.742    320.363  1
    44.000   1180.100     34.350   1180.256   1180.100     34.350   1180.256    320.335  1
    44.100   1011.000     31.800    974.816   1011.000     31.800    974.816    320.308  1
    44.200    714.400     26.730    668.891    714.400     26.730    668.891    320.281  1
    44.300    475.400     21.800    452.626    475.400     21.800    452.626    320.253  1
    44.400    345.900     18.600    358.163    345.900     18.600    358.163    320.226  1
    44.500    338.600     18.400    330.412    338.600     18.400    330.412    320.198  1
    44.600    324.200     18.010    324.309    324.200     18.010    324.309    320.171  1
    44.700    334.200     18.280    322.905    334.200     18.280    322.905    320.143  1
    44.800    334.700     18.290    322.325    334.700     18.290    322.325    320.116  1
    44.900    328.800     18.130    321.945    328.800     18.130    321.945    320.089  1
    45.000    343.400     18.530    321.664    343.400     18.530    321.664    320.061  1
    45.100    363.600     19.070    321.448    363.600     19.070    321.448    320.034  1
    45.200    383.600     19.590    321.279    383.600     19.590    321.279    320.006  1
    45.300    385.300     19.630    321.142    385.300     19.630    321.142    319.979  1
    45.400    366.500     19.140    321.032    366.500     19.140    321.032    319.951  1
    45.500    341.600     18.480    320.941    341.600     18.480    320.941    319.924  1
    45.600    331.400     18.200    320.865    331.400     18.200    320.865    319.897  1
    45.700    318.300     17.840    320.803    318.300     17.840    320.803    319.869  1
    45.800    324.100     18.000    320.751    324.100     18.000    320.751    319.842  1
    45.900    322.500     17.960    320.710    322.500     17.960    320.710    319.814  1
    46.000    322.600     17.960    320.677    322.600     17.960    320.677    319.787  1
    46.100    315.000     17.750    320.652    315.000     17.750    320.652    319.760  1
    46.200    324.800     18.020    320.636    324.800     18.020    320.636    319.732  1
    46.300    328.400     18.120    320.628    328.400     18.120    320.628    319.705  1
    46.400    311.500     17.650    320.634    311.500     17.650    320.634    319.682  1
    46.500    323.700     17.990    320.829    323.700     17.990    320.829    319.840  1
    46.600    327.800     18.110    321.076    327.800     18.110    321.076    319.998  1
    46.700    312.400     17.670    321.297    312.400     17.670    321.297    320.155  1
    46.800    322.700     17.960    321.532    322.700     17.960    321.532    320.313  1
    46.900    322.800     17.970    321.786    322.800     17.970    321.786    320.470  1
    47.000    325.500     18.040    322.064    325.500     18.040    322.064    320.628  1
    47.100    324.700     18.020    322.372    324.700     18.020    322.372    320.785  1
    47.200    323.600     17.990    322.718    323.600     17.990    322.718    320.943  1
    47.300    325.300     18.040    323.117    325.300     18.040    323.117    321.100  1
    47.400    329.400     18.150    323.587    329.400     18.150    323.587    321.258  1
    47.500    331.600     18.210    324.159    331.600     18.210    324.159    321.415  1
    47.600    327.300     18.090    324.888    327.300     18.090    324.888    321.573  1
    47.700    325.800     18.050    325.968    325.800     18.050    325.968    321.731  1
    47.800    340.700     18.460    328.626    340.700     18.460    328.626    321.888  1
    47.900    345.500     18.590    339.895    345.500     18.590    339.895    322.046  1
    48.000    373.500     19.330    387.548    373.500     19.330    387.548    322.203  1
    48.100    517.000     22.740    538.105    517.000     22.740    538.105    322.361  1
    48.200    864.200     29.400    862.920    864.200     29.400    862.920    322.518  1
    48.300   1294.400     35.980   1306.945   1294.400     35.980   1306.945    322.676  1
    48.400   1643.500     40.540   1611.336   1643.500     40.540   1611.336    322.833  1
    48.500   1603.200     40.040   1526.298   1603.200     40.040   1526.298    322.991  1
    48.600   1248.700     35.340   1129.070   1248.700     35.340   1129.070    323.149  1
    48.700    805.000     28.370    715.522    805.000     28.370    715.522    323.306  1
    48.800    470.500     21.690    465.100    470.500     21.690    465.100    323.464  1
    48.900    349.200     18.690    364.387    349.200     18.690    364.387    323.621  1
    49.000    338.600     18.400    335.735    338.600     18.400    335.735    323.779  1
    49.100    333.900     18.270    329.365    333.900     18.270    329.365    323.936  1
    49.200    342.800     18.510    327.828    342.800     18.510    327.828    324.094  1
    49.300    321.500     17.930    327.264    321.500     17.930    327.264    324.251  1
    49.400    326.300     18.060    326.953    326.300     18.060    326.953    324.409  1
    49.500    323.100     17.970    326.771    323.100     17.970    326.771    324.566  1
    49.600    321.100     17.920    326.678    321.100     17.920    326.678    324.724  1
    49.700    339.000     18.410    326.649    339.000     18.410    326.649    324.882  1
    49.800    325.600     18.040    326.667    325.600     18.040    326.667    325.039  1
    49.900    327.200     18.090    326.721    327.200     18.090    326.721    325.197  1
    50.000    318.400     17.840    326.804    318.400     17.840    326.804    325.354  1
    50.100    334.600     18.290    326.912    334.600     18.290    326.912    325.512  1
    50.200    319.900     17.890    327.040    319.900     17.890    327.040    325.669  1
    50.300    320.200     17.890    327.187    320.200     17.890    327.187    325.827  1
    50.400    324.100     18.000    327.440    324.100     18.000    327.440    325.984  1
    50.500    324.800     18.020    327.623    324.800     18.020    327.623    326.142  1
    50.600    329.500     18.150    327.822    329.500     18.150    327.822    326.300  1
    50.700    332.900     18.250    328.048    332.900     18.250    328.048    326.465  1
    50.800    330.100     18.170    328.317    330.100     18.170    328.317    326.654  1
    50.900    329.700     18.160    328.610    329.700     18.160    328.610    326.843  1
    51.000    339.300     18.420    328.930    339.300     18.420    328.930    327.032  1
    51.100    343.400     18.530    329.284    343.400     18.530    329.284    327.221  1
    51.200    327.800     18.110    329.679    327.800     18.110    329.679    327.410  1
    51.300    341.000     18.470    330.127    341.000     18.470    330.127    327.599  1
    51.400    339.500     18.430    330.645    339.500     18.430    330.645    327.789  1
    51.500    341.700     18.490    331.256    341.700     18.490    331.256    327.978  1
    51.600    341.800     18.490    331.997    341.800     18.490    331.997    328.167  1
    51.700    350.200     18.710    332.929    350.200     18.710    332.929    328.356  1
    51.800    348.800     18.680    334.229    348.800     18.680    334.229    328.545  1
    51.900    347.400     18.640    336.867    347.400     18.640    336.867    328.734  1
    52.000    349.600     18.700    346.394    349.600     18.700    346.394    328.923  1
    52.100    369.700     19.230    386.469    369.700     19.230    386.469    329.112  1
    52.200    497.200     22.300    523.692    497.200     22.300    523.692    329.301  1
    52.300    816.700     28.580    864.463    816.700     28.580    864.463    329.490  1
    52.400   1384.700     37.210   1444.909   1384.700     37.210   1444.909    329.680  1
    52.500   1973.700     44.430   2061.237   1973.700     44.430   2061.237    329.869  1
    52.600   2327.500     48.240   2317.570   2327.500     48.240   2317.570    330.058  1
    52.700   2162.100     46.500   2011.753   2162.100     46.500   2011.753    330.247  1
    52.800   1626.500     40.330   1387.912   1626.500     40.330   1387.912    330.436  1
    52.900    968.700     31.120    830.709    968.700     31.120    830.709    330.625  1
    53.000    517.200     22.740    512.540    517.200     22.740    512.540    330.814  1
    53.100    383.400     19.580    385.552    383.400     19.580    385.552    331.003  1
    53.200    353.500     18.800    348.203    353.500     18.800    348.203    331.192  1
    53.300    339.400     18.420    339.325    339.400     18.420    339.325    331.381  1
    53.400    347.200     18.630    337.101    347.200     18.630    337.101    331.571  1
    53.500    334.700     18.290    336.229    334.700     18.290    336.229    331.760  1
    53.600    334.200     18.280    335.727    334.200     18.280    335.727    331.949  1
    53.700    340.900     18.460    335.412    340.900     18.460    335.412    332.138  1
    53.800    337.200     18.360    335.222    337.200     18.360    335.222    332.327  1
    53.900    339.000     18.410    335.124    339.000     18.410    335.124    332.516  1
    54.000    332.000     18.220    335.212    332.000     18.220    335.212    332.705  1
    54.100    331.100     18.200    335.238    331.100     18.200    335.238    332.894  1
    54.200    331.900     18.220    335.307    331.900     18.220    335.307    333.083  1
    54.300    338.700     18.400    335.411    338.700     18.400    335.411    333.272  1
    54.400    322.200     17.950    335.546    322.200     17.950    335.546    333.461  1
    54.500    329.800     18.160    335.707    329.800     18.160    335.707    333.651  1
    54.600    340.500     18.450    335.895    340.500     18.450    335.895    333.840  1
    54.700    334.000     18.280    336.107    334.000     18.280    336.107    334.029  1
    54.800    343.700     18.540    336.346    343.700     18.540    336.346    334.218  1
    54.900    333.700     18.270    336.821    333.700     18.270    336.821    334.616  1
    55.000    338.300     18.390    337.434    338.300     18.390    337.434    335.121  1
    55.100    336.800     18.350    338.085    336.800     18.350    338.085    335.625  1
    55.200    335.200     18.310    338.781    335.200     18.310    338.781    336.130  1
    55.300    326.600     18.070    339.534    326.600     18.070    339.534    336.635  1
    55.400    332.500     18.230    340.362    332.500     18.230    340.362    337.140  1
    55.500    343.000     18.520    341.290    343.000     18.520    341.290    337.645  1
    55.600    344.000     18.550    342.364    344.000     18.550    342.364    338.150  1
    55.700    352.200     18.770    343.711    352.200     18.770    343.711    338.654  1
    55.800    338.200     18.390    345.988    338.200     18.390    345.988    339.159  1
    55.900    354.700     18.830    352.719    354.700     18.830    352.719    339.664  1
    56.000    381.500     19.530    378.442    381.500     19.530    378.442    340.169  1
    56.100    447.800     21.160    464.754    447.800     21.160    464.754    340.674  1
    56.200    673.200     25.950    685.437    673.200     25.950    685.437    341.179  1
    56.300   1021.400     31.960   1092.538   1021.400     31.960   1092.538    341.684  1
    56.400   1473.900     38.390   1601.579   1473.900     38.390   1601.579    342.188  1
    56.500   1837.900     42.870   1956.226   1837.900     42.870   1956.226    342.693  1
    56.600   1896.300     43.550   1914.672   1896.300     43.550   1914.672    343.198  1
    56.700   1602.200     40.030   1510.877   1602.200     40.030   1510.877    343.703  1
    56.800   1081.500     32.890   1011.695   1081.500     32.890   1011.695    344.208  1
    56.900    616.800     24.840    642.098    616.800     24.840    642.098    344.713  1
    57.000    392.100     19.800    451.526    392.100     19.800    451.526    345.218  1
    57.100    366.200     19.140    379.305    366.200     19.140    379.305    345.722  1
    57.200    367.100     19.160    358.389    367.100     19.160    358.389    346.227  1
    57.300    359.200     18.950    353.457    359.200     18.950    353.457    346.732  1
    57.400    347.200     18.630    352.377    347.200     18.630    352.377    347.237  1
    57.500    349.400     18.690    352.462    349.400     18.690    352.462    347.742  1
    57.600    354.300     18.820    352.501    354.300     18.820    352.501    348.247  1
    57.700    345.900     18.600    352.682    345.900     18.600    352.682    348.751  1
    57.800    349.600     18.700    352.962    349.600     18.700    352.962    349.256  1
    57.900    356.300     18.880    353.318    356.300     18.880    353.318    349.761  1
    58.000    353.000     18.790    353.736    353.000     18.790    353.736    350.266  1
    58.100    349.700     18.700    354.207    349.700     18.700    354.207    350.771  1
    58.200    349.000     18.680    354.723    349.000     18.680    354.723    351.276  1
    58.300    356.200     18.870    355.284    356.200     18.870    355.284    351.781  1
    58.400    350.500     18.720    355.888    350.500     18.720    355.888    352.286  1
    58.500    354.000     18.810    356.530    354.000     18.810    356.530    352.799  1
    58.600    352.900     18.790    357.237    352.900     18.790    357.237    353.313  1
    58.700    353.000     18.790    358.001    353.000     18.790    358.001    353.826  1
    58.800    355.300     18.850    358.832    355.300     18.850    358.832    354.340  1
    58.900    348.100     18.660    359.745    348.100     18.660    359.745    354.853  1
    59.000    369.600     19.220    360.760    369.600     19.220    360.760    355.367  1
    59.100    362.600     19.040    361.909    362.600     19.040    361.909    355.880  1
    59.200    363.200     19.060    363.235    363.200     19.060    363.235    356.394  1
    59.300    368.700     19.200    364.809    368.700     19.200    364.809    356.907  1
    59.400    378.000     19.440    366.803    378.000     19.440    366.803    357.421  1
    59.500    379.300     19.480    369.981    379.300     19.480    369.981    357.934  1
    59.600    384.800     19.620    378.263    384.800     19.620    378.263    358.448  1
    59.700    411.900     20.300    408.332    411.900     20.300    408.332    358.961  1
    59.800    510.900     22.600    512.473    510.900     22.600    512.473    359.475  1
    59.900    787.400     28.060    802.480    787.400     28.060    802.480    359.988  1
    60.000   1598.700     39.980   1415.302   1598.700     39.980   1415.302    360.502  1
    60.100   2206.300     46.970   2359.668   2206.300     46.970   2359.668    361.015  1
    60.200   3103.300     55.710   3342.927   3103.300     55.710   3342.927    361.529  1
    60.300   3685.600     60.710   3848.433   3685.600     60.710   3848.433    362.042  1
    60.400   3646.800     60.390   3550.103   3646.800     60.390   3550.103    362.556  1
    60.500   2924.500     54.080   2653.303   2924.500     54.080   2653.303    363.069  1
    60.600   1851.400     43.030   1667.488   1851.400     43.030   1667.488    363.583  1
    60.700    878.600     29.640    958.513    878.600     29.640    958.513    364.096  1
    60.800    464.400     21.550    587.309    464.400     21.550    587.309    364.610  1
    60.900    406.800     20.170    439.414    406.800     20.170    439.414    365.123  1
    61.000    404.700     20.120    392.927    404.700     20.120    392.927    365.637  1
    61.100    389.600     19.740    380.602    389.600     19.740    380.602    366.151  1
    61.200    383.400     19.580    377.342    383.400     19.580    377.342    366.664  1
    61.300    365.000     19.100    376.224    365.000     19.100    376.224    367.178  1
    61.400    377.300     19.420    375.725    377.300     19.420    375.725    367.691  1
    61.500    362.600     19.040    375.526    362.600     19.040    375.526    368.205  1
    61.600    363.500     19.070    375.532    363.500     19.070    375.532    368.718  1
    61.700    374.800     19.360    375.695    374.800     19.360    375.695    369.232  1
    61.800    377.000     19.420    375.985    377.000     19.420    375.985    369.745  1
    61.900    358.600     18.940    376.404    358.600     18.940    376.404    370.281  1
    62.000    375.400     19.380    377.299    375.400     19.380    377.299    371.195  1
    62.100    384.000     19.600    378.283    384.000     19.600    378.283    372.110  1
    62.200    371.800     19.280    379.357    371.800     19.280    379.357    373.024  1
    62.300    393.200     19.830    380.526    393.200     19.830    380.526    373.938  1
    62.400    395.600     19.890    381.800    395.600     19.890    381.800    374.853  1
    62.500    414.200     20.350    383.195    414.200     20.350    383.195    375.767  1
    62.600    426.800     20.660    384.709    426.800     20.660    384.709    376.682  1
    62.700    448.900     21.190    386.435    448.900     21.190    386.435    377.596  1
    62.800    447.000     21.140    388.399    447.000     21.140    388.399    378.511  1
    62.900    460.100     21.450    390.695    460.100     21.450    390.695    379.425  1
    63.000    447.700     21.160    393.576    447.700     21.160    393.576    380.340  1
    63.100    448.700     21.180    398.160    448.700     21.180    398.160    381.254  1
    63.200    428.700     20.710    409.728    428.700     20.710    409.728    382.169  1
    63.300    448.300     21.170    448.903    448.300     21.170    448.903    383.083  1
    63.400    564.500     23.760    576.501    564.500     23.760    576.501    383.998  1
    63.500    938.200     30.630    919.612    938.200     30.630    919.612    384.912  1
    63.600   1638.800     40.480   1642.019   1638.800     40.480   1642.019    385.827  1
    63.700   2656.900     51.550   2794.363   2656.900     51.550   2794.363    386.741  1
    63.800   3743.300     61.180   4114.499   3743.300     61.180   4114.499    387.656  1
    63.900   4557.600     67.510   5031.488   4557.600     67.510   5031.488    388.570  1
    64.000   5054.700     71.100   5031.241   5054.700     71.100   5031.241    389.485  1
    64.100   4473.200     66.880   4121.714   4473.200     66.880   4121.714    390.399  1
    64.200   3208.100     56.640   2819.615   3208.100     56.640   2819.615    391.313  1
    64.300   1763.100     41.990   1681.241   1763.100     41.990   1681.241    392.228  1
    64.400    749.900     27.380    958.372    749.900     27.380    958.372    393.142  1
    64.500    485.300     22.030    606.163    485.300     22.030    606.163    394.057  1
    64.600    444.100     21.070    470.404    444.100     21.070    470.404    394.971  1
    64.700    433.200     20.810    427.727    433.200     20.810    427.727    395.886  1
    64.800    437.100     20.910    416.150    437.100     20.910    416.150    396.800  1
    64.900    419.000     20.470    413.107    419.000     20.470    413.107    397.715  1
    65.000    408.500     20.210    412.252    408.500     20.210    412.252    398.629  1
    65.100    407.900     20.200    412.110    407.900     20.200    412.110    399.544  1
    65.200    408.000     20.200    412.351    408.000     20.200    412.351    400.458  1
    65.300    395.600     19.890    412.872    395.600     19.890    412.872    401.373  1
    65.400    410.700     20.270    413.626    410.700     20.270    413.626    402.287  1
    65.500    412.600     20.310    413.921    412.600     20.310    413.921    402.538  1
    65.600    397.500     19.940    413.531    397.500     19.940    413.531    401.908  1
    65.700    410.400     20.260    413.338    410.400     20.260    413.338    401.278  1
    65.800    425.600     20.630    413.352    425.600     20.630    413.352    400.648  1
    65.900    412.200     20.300    413.600    412.200     20.300    413.600    400.018  1
    66.000    416.400     20.410    414.120    416.400     20.410    414.120    399.388  1
    66.100    439.200     20.960    414.972    439.200     20.960    414.972    398.758  1
    66.200    467.100     21.610    416.240    467.100     21.610    416.240    398.129  1
    66.300    449.200     21.190    418.055    449.200     21.190    418.055    397.499  1
    66.400    468.600     21.650    420.662    468.600     21.650    420.662    396.869  1
    66.500    501.400     22.390    424.831    501.400     22.390    424.831    396.239  1
    66.600    506.900     22.510    433.928    506.900     22.510    433.928    395.609  1
    66.700    532.600     23.080    462.470    532.600     23.080    462.470    394.979  1
    66.800    604.200     24.580    560.987    604.200     24.580    560.987    394.349  1
    66.900    925.900     30.430    865.417    925.900     30.430    865.417    393.720  1
    67.000   1837.700     42.870   1641.572   1837.700     42.870   1641.572    393.090  1
    67.100   3433.400     58.600   3222.244   3433.400     58.600   3222.244    392.460  1
    67.200   5612.700     74.920   5730.994   5612.700     74.920   5730.994    391.830  1
    67.300   7987.600     89.370   8708.431   7987.600     89.370   8708.431    391.200  1
    67.400   9845.100     99.220  11059.701   9845.100     99.220  11059.701    390.570  1
    67.500  11042.300    105.080  11634.342  11042.300    105.080  11634.342    389.940  1
    67.600  10657.000    103.230  10129.002  10657.000    103.230  10129.002    389.310  1
    67.700   8290.100     91.050   7358.203   8290.100     91.050   7358.203    388.681  1
    67.800   4958.000     70.410   4531.954   4958.000     70.410   4531.954    388.051  1
    67.900   2035.400     45.120   2449.182   2035.400     45.120   2449.182    387.421  1
    68.000    793.300     28.170   1258.450    793.300     28.170   1258.450    386.791  1
    68.100    576.200     24.000    712.375    576.200     24.000    712.375    386.161  1
    68.200    532.300     23.070    505.858    532.300     23.070    505.858    385.531  1
    68.300    496.800     22.290    438.382    496.800     22.290    438.382    384.901  1
    68.400    476.300     21.820    416.962    476.300     21.820    416.962    384.272  1
    68.500    477.700     21.860    408.559    477.700     21.860    408.559    383.642  1
    68.600    468.700     21.650    403.727    468.700     21.650    403.727    383.012  1
    68.700    466.800     21.610    400.144    466.800     21.610    400.144    382.382  1
    68.800    480.500     21.920    397.226    480.500     21.920    397.226    381.752  1
    68.900    482.600     21.970    394.767    482.600     21.970    394.767    381.122  1
    69.000    491.100     22.160    392.653    491.100     22.160    392.653    380.492  1
    69.100    482.600     21.970    390.806    482.600     21.970    390.806    379.863  1
    69.200    469.200     21.660    389.170    469.200     21.660    389.170    379.233  1
    69.300    442.100     21.030    387.703    442.100     21.030    387.703    378.603  1
    69.400    444.100     21.070    386.375    444.100     21.070    386.375    377.973  1
    69.500    421.000     20.520    385.163    421.000     20.520    385.163    377.343  1
    69.600    415.400     20.380    384.049    415.400     20.380    384.049    376.713  1
    69.700    401.400     20.030    383.020    401.400     20.030    383.020    376.083  1
    69.800    384.700     19.610    382.070    384.700     19.610    382.070    375.454  1
    69.900    416.500     20.410    381.207    416.500     20.410    381.207    374.824  1
    70.000    375.800     19.390    380.494    375.800     19.390    380.494    374.194  1
    70.100    372.300     19.300    380.231    372.300     19.300    380.231    373.597  1
    70.200    372.400     19.300    381.807    372.400     19.300    381.807    373.543  1
    70.300    371.600     19.280    386.916    371.600     19.280    386.916    373.489  1
    70.400    378.500     19.460    399.759    378.500     19.460    399.759    373.434  1
    70.500    421.900     20.540    425.932    421.900     20.540    425.932    373.380  1
    70.600    456.300     21.360    468.297    456.300     21.360    468.297    373.325  1
    70.700    493.400     22.210    521.566    493.400     22.210    521.566    373.271  1
    70.800    534.900     23.130    569.950    534.900     23.130    569.950    373.216  1
    70.900    568.900     23.850    593.647    568.900     23.850    593.647    373.162  1
    71.000    586.900     24.230    580.909    586.900     24.230    580.909    373.108  1
    71.100    564.500     23.760    538.595    564.500     23.760    538.595    373.053  1
    71.200    484.900     22.020    485.438    484.900     22.020    485.438    372.999  1
    71.300    430.300     20.740    439.042    430.300     20.740    439.042    372.944  1
    71.400    390.000     19.750    407.684    390.000     19.750    407.684    372.890  1
    71.500    366.400     19.140    390.600    366.400     19.140    390.600    372.835  1
    71.600    363.100     19.060    382.951    363.100     19.060    382.951    372.781  1
    71.700    370.500     19.250    380.122    370.500     19.250    380.122    372.727  1
    71.800    371.800     19.280    379.293    371.800     19.280    379.293    372.672  1
    71.900    382.000     19.540    379.177    382.000     19.540    379.177    372.618  1
    72.000    369.500     19.220    379.308    369.500     19.220    379.308    372.563  1
    72.100    370.600     19.250    379.553    370.600     19.250    379.553    372.509  1
    72.200    370.500     19.250    379.974    370.500     19.250    379.974    372.545  1
    72.300    382.500     19.560    380.611    382.500     19.560    380.611    372.709  1
    72.400    372.800     19.310    381.346    372.800     19.310    381.346    372.874  1
    72.500    375.700     19.380    382.196    375.700     19.380    382.196    373.038  1
    72.600    390.800     19.770    383.186    390.800     19.770    383.186    373.202  1
    72.700    379.900     19.490    384.346    379.900     19.490    384.346    373.367  1
    72.800    402.500     20.060    385.717    402.500     20.060    385.717    373.531  1
    72.900    407.600     20.190    387.359    407.600     20.190    387.359    373.695  1
    73.000    404.600     20.110    389.358    404.600     20.110    389.358    373.859  1
    73.100    409.000     20.220    391.890    409.000     20.220    391.890    374.024  1
    73.200    437.900     20.930    395.509    437.900     20.930    395.509    374.188  1
    73.300    433.700     20.830    402.372    433.700     20.830    402.372    374.352  1
    73.400    466.100     21.590    420.491    466.100     21.590    420.491    374.516  1
    73.500    512.100     22.630    475.113    512.100     22.630    475.113    374.681  1
    73.600    693.100     26.330    630.800    693.100     26.330    630.800    374.845  1
    73.700   1193.900     34.550   1016.636   1193.900     34.550   1016.636    375.009  1
    73.800   2194.900     46.850   1821.565   2194.900     46.850   1821.565    375.174  1
    73.900   3521.900     59.350   3209.992   3521.900     59.350   3209.992    375.338  1
    74.000   5121.300     71.560   5150.879   5121.300     71.560   5150.879    375.502  1
    74.100   6713.300     81.930   7267.889   6713.300     81.930   7267.889    375.666  1
    74.200   7900.100     88.880   8887.914   7900.100     88.880   8887.914    375.831  1
    74.300   8892.300     94.300   9360.207   8892.300     94.300   9360.207    375.995  1
    74.400   9142.800     95.620   8482.952   9142.800     95.620   8482.952    376.159  1
    74.500   7653.400     87.480   6652.382   7653.400     87.480   6652.382    376.324  1
    74.600   5412.800     73.570   4562.764   5412.800     73.570   4562.764    376.488  1
    74.700   2815.100     53.060   2792.810   2815.100     53.060   2792.810    376.652  1
    74.800   1123.100     33.510   1591.858   1123.100     33.510   1591.858    376.816  1
    74.900    633.900     25.180    917.548    633.900     25.180    917.548    376.981  1
    75.000    527.500     22.970    597.981    527.500     22.970    597.981    377.145  1
    75.100    485.400     22.030    467.690    485.400     22.030    467.690    377.309  1
    75.200    456.100     21.360    420.522    456.100     21.360    420.522    377.473  1
    75.300    449.600     21.200    404.229    449.600     21.200    404.229    377.638  1
    75.400    445.300     21.100    397.987    445.300     21.100    397.987    377.802  1
    75.500    445.700     21.110    394.846    445.700     21.110    394.846    377.966  1
    75.600    428.800     20.710    392.782    428.800     20.710    392.782    378.131  1
    75.700    423.200     20.570    391.233    423.200     20.570    391.233    378.295  1
    75.800    424.900     20.610    390.017    424.900     20.610    390.017    378.459  1
    75.900    430.600     20.750    389.048    430.600     20.750    389.048    378.623  1
    76.000    417.500     20.430    388.273    417.500     20.430    388.273    378.788  1
    76.100    400.800     20.020    387.652    400.800     20.020    387.652    378.952  1
    76.200    396.300     19.910    387.157    396.300     19.910    387.157    379.116  1
    76.300    406.800     20.170    386.765    406.800     20.170    386.765    379.281  1
    76.400    387.400     19.680    386.458    387.400     19.680    386.458    379.445  1
    76.500    382.200     19.550    386.222    382.200     19.550    386.222    379.609  1
    76.600    376.700     19.410    386.048    376.700     19.410    386.048    379.773  1
    76.700    386.600     19.660    385.925    386.600     19.660    385.925    379.938  1
    76.800    385.500     19.630    385.848    385.500     19.630    385.848    380.102  1
    76.900    383.100     19.570    385.811    383.100     19.570    385.811    380.266  1
    77.000    379.400     19.480    386.267    379.400     19.480    386.267    380.888  1
    77.100    383.300     19.580    387.135    383.300     19.580    387.135    381.889  1
    77.200    400.400     20.010    388.032    400.400     20.010    388.032    382.890  1
    77.300    412.400     20.310    388.956    412.400     20.310    388.956    383.891  1
    77.400    468.900     21.650    389.934    468.900     21.650    389.934    384.893  1
    77.500    480.000     21.910    390.678    480.000     21.910    390.678    385.894  1
    77.600    544.000     23.320    391.683    544.000     23.320    391.683    386.895  1
    77.700    580.100     24.090    392.712    580.100     24.090    392.712    387.897  1
    77.800    620.300     24.910    393.765    620.300     24.910    393.765    388.898  1
    77.900    630.000     25.100    394.843    630.000     25.100    394.843    389.899  1
    78.000    639.800     25.290    395.948    639.800     25.290    395.948    390.900  1
    78.100    576.900     24.020    397.080    576.900     24.020    397.080    391.902  1
    78.200    522.400     22.860    398.242    522.400     22.860    398.242    392.903  1
    78.300    454.200     21.310    399.438    454.200     21.310    399.438    393.904  1
    78.400    400.100     20.000    400.670    400.100     20.000    400.670    394.906  1
    78.500    392.600     19.810    401.943    392.600     19.810    401.943    395.907  1
    78.600    398.500     19.960    403.263    398.500     19.960    403.263    396.908  1
    78.700    386.500     19.660    404.638    386.500     19.660    404.638    397.909  1
    78.800    400.900     20.020    406.253    400.900     20.020    406.253    399.089  1
    78.900    390.200     19.750    408.065    390.200     19.750    408.065    400.390  1
    79.000    405.300     20.130    409.966    405.300     20.130    409.966    401.691  1
    79.100    406.100     20.150    411.973    406.100     20.150    411.973    402.992  1
    79.200    412.300     20.310    414.112    412.300     20.310    414.112    404.293  1
    79.300    427.900     20.690    416.413    427.900     20.690    416.413    405.594  1
    79.400    440.800     21.000    418.920    440.800     21.000    418.920    406.895  1
    79.500    466.300     21.590    421.710    466.300     21.590    421.710    408.195  1
    79.600    480.800     21.930    424.972    480.800     21.930    424.972    409.496  1
    79.700    505.900     22.490    429.325    505.900     22.490    429.325    410.797  1
    79.800    530.500     23.030    436.902    530.500     23.030    436.902    412.098  1
    79.900    555.000     23.560    454.387    555.000     23.560    454.387    413.399  1
    80.000    583.500     24.160    499.849    583.500     24.160    499.849    414.700  1
    80.100    704.300     26.540    614.264    704.300     26.540    614.264    416.001  1
    80.200   1038.900     32.230    873.544   1038.900     32.230    873.544    417.302  1
    80.300   1730.000     41.590   1387.233   1730.000     41.590   1387.233    418.603  1
    80.400   2668.000     51.650   2263.756   2668.000     51.650   2263.756    419.904  1
    80.500   3759.000     61.310   3534.822   3759.000     61.310   3534.822    421.205  1
    80.600   4912.100     70.090   5070.000   4912.100     70.090   5070.000    422.506  1
    80.700   5930.500     77.010   6549.267   5930.500     77.010   6549.267    423.807  1
    80.800   6809.400     82.520   7550.567   6809.400     82.520   7550.567    425.108  1
    80.900   7452.700     86.330   7737.702   7452.700     86.330   7737.702    426.409  1
    81.000   7558.900     86.940   7050.326   7558.900     86.940   7050.326    427.710  1
    81.100   6660.200     81.610   5739.343   6660.200     81.610   5739.343    429.010  1
    81.200   4927.300     70.190   4211.435   4927.300     70.190   4211.435    430.311  1
    81.300   2923.600     54.070   2829.585   2923.600     54.070   2829.585    431.612  1
    81.400   1354.500     36.800   1793.217   1354.500     36.800   1793.217    432.913  1
    81.500    740.500     27.210   1129.993    740.500     27.210   1129.993    434.214  1
    81.600    551.300     23.480    762.013    551.300     23.480    762.013    435.515  1
    81.700    494.200     22.230    582.993    494.200     22.230    582.993    436.816  1
    81.800    491.100     22.160    505.827    491.100     22.160    505.827    438.117  1
    81.900    461.800     21.490    475.978    461.800     21.490    475.978    439.418  1
    82.000    453.000     21.280    465.447    453.000     21.280    465.447    440.719  1
    82.100    446.100     21.120    462.040    446.100     21.120    462.040    442.020  1
    82.200    436.500     20.890    461.152    436.500     20.890    461.152    443.321  1
    82.300    444.200     21.080    461.241    444.200     21.080    461.241    444.622  1
    82.400    446.700     21.140    461.830    446.700     21.140    461.830    445.923  1
    82.500    451.700     21.250    462.777    451.700     21.250    462.777    447.224  1
    82.600    441.000     21.000    462.561    441.000     21.000    462.561    447.038  1
    82.700    447.600     21.160    461.701    447.600     21.160    461.701    445.862  1
    82.800    440.700     20.990    461.331    440.700     20.990    461.331    444.687  1
    82.900    453.300     21.290    461.982    453.300     21.290    461.982    443.511  1
    83.000    466.300     21.590    465.389    466.300     21.590    465.389    442.335  1
    83.100    472.300     21.730    476.588    472.300     21.730    476.588    441.159  1
    83.200    495.100     22.250    508.208    495.100     22.250    508.208    439.983  1
    83.300    615.300     24.810    587.173    615.300     24.810    587.173    438.807  1
    83.400    855.000     29.240    761.192    855.000     29.240    761.192    437.631  1
    83.500   1354.900     36.810   1097.685   1354.900     36.810   1097.685    436.455  1
    83.600   1996.900     44.690   1664.948   1996.900     44.690   1664.948    435.279  1
    83.700   2679.900     51.770   2491.457   2679.900     51.770   2491.457    434.103  1
    83.800   3453.300     58.760   3517.340   3453.300     58.760   3517.340    432.927  1
    83.900   4176.500     64.630   4569.624   4176.500     64.630   4569.624    431.752  1
    84.000   4746.000     68.890   5396.452   4746.000     68.890   5396.452    430.576  1
    84.100   5318.000     72.920   5758.248   5318.000     72.920   5758.248    429.400  1
    84.200   5644.300     75.130   5541.932   5644.300     75.130   5541.932    428.224  1
    84.300   5289.700     72.730   4822.971   5289.700     72.730   4822.971    427.048  1
    84.400   4459.900     66.780   3820.408   4459.900     66.780   3820.408    425.872  1
    84.500   3120.800     55.860   2785.237   3120.800     55.860   2785.237    424.696  1
    84.600   1731.900     41.620   1905.843   1731.900     41.620   1905.843    423.520  1
    84.700    891.200     29.850   1266.457    891.200     29.850   1266.457    422.344  1
    84.800    600.500     24.510    860.517    600.500     24.510    860.517    421.168  1
    84.900    492.100     22.180    632.461    492.100     22.180    632.461    419.992  1
    85.000    458.700     21.420    517.688    458.700     21.420    517.688    418.817  1
    85.100    438.100     20.930    465.044    438.100     20.930    465.044    417.641  1
    85.200    447.700     21.160    442.290    447.700     21.160    442.290    416.465  1
    85.300    422.600     20.560    432.350    422.600     20.560    432.350    415.289  1
    85.400    425.500     20.630    427.413    425.500     20.630    427.413    414.113  1
    85.500    419.800     20.490    424.328    419.800     20.490    424.328    412.937  1
    85.600    411.700     20.290    421.955    411.700     20.290    421.955    411.761  1
    85.700    415.900     20.390    419.735    415.900     20.390    419.735    410.411  1
    85.800    405.100     20.130    415.532    405.100     20.130    415.532    406.877  1
    85.900    403.100     20.080    411.488    403.100     20.080    411.488    403.343  1
    86.000    396.900     19.920    407.610    396.900     19.920    407.610    399.809  1
    86.100    400.900     20.020    403.986    400.900     20.020    403.986    396.274  1
    86.200    390.500     19.760    400.914    390.500     19.760    400.914    392.740  1
    86.300    398.900     19.970    402.632    398.900     19.970    402.632    392.652  1
    86.400    402.200     20.050    407.545    402.200     20.050    407.545    392.605  1
    86.500    414.200     20.350    419.139    414.200     20.350    419.139    392.558  1
    86.600    455.200     21.340    443.174    455.200     21.340    443.174    392.511  1
    86.700    516.500     22.730    487.223    516.500     22.730    487.223    392.464  1
    86.800    593.000     24.350    558.430    593.000     24.350    558.430    392.417  1
    86.900    691.400     26.290    659.295    691.400     26.290    659.295    392.370  1
    87.000    766.500     27.690    782.966    766.500     27.690    782.966    392.323  1
    87.100    870.700     29.510    911.018    870.700     29.510    911.018    392.276  1
    87.200    932.900     30.540   1016.509    932.900     30.540   1016.509    392.229  1
    87.300   1014.200     31.850   1072.576   1014.200     31.850   1072.576    392.182  1
    87.400   1074.600     32.780   1063.590   1074.600     32.780   1063.590    392.135  1
    87.500   1050.100     32.410    992.803   1050.100     32.410    992.803    392.088  1
    87.600    988.000     31.430    880.394    988.000     31.430    880.394    392.041  1
    87.700    838.500     28.960    753.689    838.500     28.960    753.689    391.995  1
    87.800    651.600     25.530    636.729    651.600     25.530    636.729    391.948  1
    87.900    509.700     22.580    543.954    509.700     22.580    543.954    391.901  1
    88.000    431.900     20.780    479.274    431.900     20.780    479.274    391.854  1
    88.100    402.500     20.060    439.118    402.500     20.060    439.118    391.807  1
    88.200    391.800     19.790    416.708    391.800     19.790    416.708    391.760  1
    88.300    380.900     19.520    405.372    380.900     19.520    405.372    391.713  1
    88.400    390.600     19.760    400.122    390.600     19.760    400.122    391.666  1
    88.500    389.300     19.730    397.866    389.300     19.730    397.866    391.619  1
    88.600    392.400     19.810    396.991    392.400     19.810    396.991    391.612  1
    88.700    374.900     19.360    397.382    374.900     19.360    397.382    392.308  1
    88.800    387.700     19.690    398.014    387.700     19.690    398.014    393.003  1
    88.900    393.500     19.840    398.768    393.500     19.840    398.768    393.698  1
    89.000    388.100     19.700    399.615    388.100     19.700    399.615    394.394  1
    89.100    395.400     19.880    400.584    395.400     19.880    400.584    395.089  1
    89.200    399.200     19.980    401.800    399.200     19.980    401.800    395.784  1
    89.300    395.800     19.890    403.628    395.800     19.890    403.628    396.480  1
    89.400    400.700     20.020    407.022    400.700     20.020    407.022    397.175  1
    89.500    421.900     20.540    414.186    421.900     20.540    414.186    397.870  1
    89.600    433.800     20.830    429.595    433.800     20.830    429.595    398.566  1
    89.700    470.100     21.680    461.112    470.100     21.680    461.112    399.261  1
    89.800    575.400     23.990    520.418    575.400     23.990    520.418    399.956  1
    89.900    725.100     26.930    621.485    725.100     26.930    621.485    400.652  1
    90.000    883.700     29.730    775.993    883.700     29.730    775.993    401.347  1
    90.100   1030.500     32.100    986.028   1030.500     32.100    986.028    402.043  1
    90.200   1230.700     35.080   1236.797   1230.700     35.080   1236.797    402.738  1
    90.300   1393.300     37.330   1493.910   1393.300     37.330   1493.910    403.433  1
    90.400   1551.400     39.390   1708.971   1551.400     39.390   1708.971    404.129  1
    90.500   1674.000     40.910   1833.524   1674.000     40.910   1833.524    404.824  1
    90.600   1780.800     42.200   1836.932   1780.800     42.200   1836.932    405.519  1
    90.700   2014.800     44.890   1719.719   2014.800     44.890   1719.719    406.215  1
    90.800   1704.900     41.290   1512.918   1704.900     41.290   1512.918    406.910  1
    90.900   1419.700     37.680   1263.754   1419.700     37.680   1263.754    407.605  1
    91.000   1056.900     32.510   1019.136   1056.900     32.510   1019.136    408.301  1
    91.100    729.300     27.010    811.694    729.300     27.010    811.694    408.996  1
    91.200    529.200     23.000    656.095    529.200     23.000    656.095    409.692  1
    91.300    468.300     21.640    551.498    468.300     21.640    551.498    410.387  1
    91.400    430.500     20.750    488.007    430.500     20.750    488.007    411.082  1
    91.500    430.500     20.750    453.082    430.500     20.750    453.082    411.778  1
    91.600    421.100     20.520    435.709    421.100     20.520    435.709    412.473  1
    91.700    416.500     20.410    428.025    416.500     20.410    428.025    413.168  1
    91.800    414.200     20.350    425.213    414.200     20.350    425.213    413.864  1
    91.900    418.000     20.450    424.166    418.000     20.450    424.166    414.042  1
    92.000    420.300     20.500    423.978    420.300     20.500    423.978    414.042  1
    92.100    434.200     20.840    424.317    434.200     20.840    424.317    414.042  1
    92.200    420.900     20.520    425.061    420.900     20.520    425.061    414.042  1
    92.300    440.100     20.980    426.407    440.100     20.980    426.407    414.042  1
    92.400    441.100     21.000    429.091    441.100     21.000    429.091    414.042  1
    92.500    444.900     21.090    435.064    444.900     21.090    435.064    414.042  1
    92.600    469.800     21.670    448.864    469.800     21.670    448.864    414.042  1
    92.700    507.200     22.520    479.916    507.200     22.520    479.916    414.042  1
    92.800    611.000     24.720    545.532    611.000     24.720    545.532    414.042  1
    92.900    828.200     28.780    673.431    828.200     28.780    673.431    414.042  1
    93.000   1188.900     34.480    901.312   1188.900     34.480    901.312    414.042  1
    93.100   1662.900     40.780   1270.313   1662.900     40.780   1270.313    414.042  1
    93.200   2078.700     45.590   1810.516   2078.700     45.590   1810.516    414.042  1
    93.300   2711.800     52.070   2520.749   2711.800     52.070   2520.749    414.042  1
    93.400   3334.800     57.750   3350.478   3334.800     57.750   3350.478    414.042  1
    93.500   3928.800     62.680   4194.876   3928.800     62.680   4194.876    414.042  1
    93.600   4452.100     66.720   4911.210   4452.100     66.720   4911.210    414.042  1
    93.700   4973.000     70.520   5355.797   4973.000     70.520   5355.797    414.042  1
    93.800   5364.500     73.240   5431.003   5364.500     73.240   5431.003    414.042  1
    93.900   5364.300     73.240   5122.844   5364.300     73.240   5122.844    414.042  1



#phase 1
  h   k   l mult    sthovl    ttheta
  1   1   0   12   0.06897    19.272
  2   0   0    6   0.09754    27.392
  2   1   1   24   0.11947    33.716
  2   2   0   12   0.13795    39.131
  3   1   0   12   0.15423    43.977
  3   0   1   12   0.15423    43.977
  2   2   2    8   0.16895    48.431
  3   2   1   24   0.18249    52.597
  3   1   2   24   0.18249    52.597
  4   0   0    6   0.19509    56.542
  3   3   0   12   0.20692    60.315
  4   1   1   24   0.20692    60.315
  4   2   0   12   0.21812    63.952
  4   0   2   12   0.21812    63.952
  3   3   2   24   0.22876    67.478
  4   2   2   24   0.23894    70.917
  5   1   0   12   0.24869    74.286
  5   0   1   12   0.24869    74.286
  4   3   1   24   0.24869    74.286
  4   1   3   24   0.24869    74.286
  5   2   1   24   0.26714    80.873
  5   1   2   24   0.26714    80.873
  4   4   0   12   0.27590    84.116
  5   3   0   12   0.28439    87.339
  5   0   3   12   0.28439    87.339
  4   3   3   24   0.28439    87.339
  4   4   2   24   0.29263    90.555
  6   0   0    6   0.29263    90.555
  5   3   2   24   0.30065    93.772
  5   2   3   24   0.30065    93.772
  6   1   1   24   0.30065    93.772


