    ttheta   IntUPexp  sIntUPexp   IntUPmod IntDOWNexp sIntDOWNexp IntDOWNmod   IntBKGR flag
     8.000      0.000      1.000      0.253      0.000      1.000      0.253      0.000  1
     8.100      0.000      1.000      3.142      0.000      1.000      3.142      0.000  1
     8.200      0.000      1.000     22.450      0.000      1.000     22.450      0.000  1
     8.300      0.000      1.000     92.150      0.000      1.000     92.150      0.000  1
     8.400      0.000      1.000    217.312      0.000      1.000    217.312      0.000  1
     8.500      0.000      1.000    294.423      0.000      1.000    294.423      0.000  1
     8.600      0.000      1.000    229.169      0.000      1.000    229.169      0.000  1
     8.700      0.000      1.000    102.479      0.000      1.000    102.479      0.000  1
     8.800      0.000      1.000     26.327      0.000      1.000     26.327      0.000  1
     8.900      0.000      1.000      3.886      0.000      1.000      3.886      0.000  1
     9.000      0.000      1.000      0.361      0.000      1.000      0.361      0.000  1
     9.100      0.000      1.000      1.075      0.000      1.000      1.075      0.000  1
     9.200      0.000      1.000     20.212      0.000      1.000     20.212      0.000  1
     9.300      0.000      1.000    221.520      0.000      1.000    221.520      0.000  1
     9.400      0.000      1.000   1394.790      0.000      1.000   1394.790      0.000  1
     9.500      0.000      1.000   5045.238      0.000      1.000   5045.238      0.000  1
     9.600      0.000      1.000  10484.403      0.000      1.000  10484.403      0.000  1
     9.700      0.000      1.000  12523.460      0.000      1.000  12523.460      0.000  1
     9.800      0.000      1.000   8667.178      0.000      1.000   8667.178      0.000  1
     9.900      0.000      1.000   3883.249      0.000      1.000   3883.249      0.000  1
    10.000      0.000      1.000   2493.895      0.000      1.000   2493.895      0.000  1
    10.100      0.000      1.000   3580.909      0.000      1.000   3580.909      0.000  1
    10.200      0.000      1.000   4181.807      0.000      1.000   4181.807      0.000  1
    10.300      0.000      1.000   3071.636      0.000      1.000   3071.636      0.000  1
    10.400      0.000      1.000   1443.357      0.000      1.000   1443.357      0.000  1
    10.500      0.000      1.000    447.520      0.000      1.000    447.520      0.000  1
    10.600      0.000      1.000     91.625      0.000      1.000     91.625      0.000  1
    10.700      0.000      1.000     12.103      0.000      1.000     12.103      0.000  1
    10.800      0.000      1.000      4.339      0.000      1.000      4.339      0.000  1
    10.900      0.000      1.000     65.485      0.000      1.000     65.485      0.000  1
    11.000      0.000      1.000    730.599      0.000      1.000    730.599      0.000  1
    11.100      0.000      1.000   4706.396      0.000      1.000   4706.396      0.000  1
    11.200      0.000      1.000  17631.007      0.000      1.000  17631.007      0.000  1
    11.300      0.000      1.000  39219.790      0.000      1.000  39219.790      0.000  1
    11.400      0.000      1.000  54428.712      0.000      1.000  54428.712      0.000  1
    11.500      0.000      1.000  51488.126      0.000      1.000  51488.126      0.000  1
    11.600      0.000      1.000  36179.635      0.000      1.000  36179.635      0.000  1
    11.700      0.000      1.000  19637.803      0.000      1.000  19637.803      0.000  1
    11.800      0.000      1.000  11144.766      0.000      1.000  11144.766      0.000  1
    11.900      0.000      1.000  11800.516      0.000      1.000  11800.516      0.000  1
    12.000      0.000      1.000  12932.983      0.000      1.000  12932.983      0.000  1
    12.100      0.000      1.000   8925.706      0.000      1.000   8925.706      0.000  1
    12.200      0.000      1.000   3665.755      0.000      1.000   3665.755      0.000  1
    12.300      0.000      1.000   1789.994      0.000      1.000   1789.994      0.000  1
    12.400      0.000      1.000   5666.457      0.000      1.000   5666.457      0.000  1
    12.500      0.000      1.000  18319.904      0.000      1.000  18319.904      0.000  1
    12.600      0.000      1.000  34661.144      0.000      1.000  34661.144      0.000  1
    12.700      0.000      1.000  37730.366      0.000      1.000  37730.366      0.000  1
    12.800      0.000      1.000  23806.120      0.000      1.000  23806.120      0.000  1
    12.900      0.000      1.000   9218.519      0.000      1.000   9218.519      0.000  1
    13.000      0.000      1.000   2979.393      0.000      1.000   2979.393      0.000  1
    13.100      0.000      1.000   1338.816      0.000      1.000   1338.816      0.000  1
    13.200      0.000      1.000    608.310      0.000      1.000    608.310      0.000  1
    13.300      0.000      1.000    179.869      0.000      1.000    179.869      0.000  1
    13.400      0.000      1.000     36.242      0.000      1.000     36.242      0.000  1
    13.500      0.000      1.000     64.106      0.000      1.000     64.106      0.000  1
    13.600      0.000      1.000    408.447      0.000      1.000    408.447      0.000  1
    13.700      0.000      1.000   1568.964      0.000      1.000   1568.964      0.000  1
    13.800      0.000      1.000   3463.354      0.000      1.000   3463.354      0.000  1
    13.900      0.000      1.000   4391.415      0.000      1.000   4391.415      0.000  1
    14.000      0.000      1.000   3198.407      0.000      1.000   3198.407      0.000  1
    14.100      0.000      1.000   1338.085      0.000      1.000   1338.085      0.000  1
    14.200      0.000      1.000    321.554      0.000      1.000    321.554      0.000  1
    14.300      0.000      1.000     44.392      0.000      1.000     44.392      0.000  1
    14.400      0.000      1.000      3.856      0.000      1.000      3.856      0.000  1
    14.500      0.000      1.000     10.260      0.000      1.000     10.260      0.000  1
    14.600      0.000      1.000    174.071      0.000      1.000    174.071      0.000  1
    14.700      0.000      1.000   1723.383      0.000      1.000   1723.383      0.000  1
    14.800      0.000      1.000   9801.590      0.000      1.000   9801.590      0.000  1
    14.900      0.000      1.000  32022.880      0.000      1.000  32022.880      0.000  1
    15.000      0.000      1.000  60100.114      0.000      1.000  60100.114      0.000  1
    15.100      0.000      1.000  64799.603      0.000      1.000  64799.603      0.000  1
    15.200      0.000      1.000  40231.309      0.000      1.000  40231.309      0.000  1
    15.300      0.000      1.000  15503.606      0.000      1.000  15503.606      0.000  1
    15.400      0.000      1.000  11362.027      0.000      1.000  11362.027      0.000  1
    15.500      0.000      1.000  33821.513      0.000      1.000  33821.513      0.000  1
    15.600      0.000      1.000  77246.704      0.000      1.000  77246.704      0.000  1
    15.700      0.000      1.000 108028.929      0.000      1.000 108028.929      0.000  1
    15.800      0.000      1.000 105689.542      0.000      1.000 105689.542      0.000  1
    15.900      0.000      1.000  93670.143      0.000      1.000  93670.143      0.000  1
    16.000      0.000      1.000  79020.591      0.000      1.000  79020.591      0.000  1
    16.100      0.000      1.000  56118.252      0.000      1.000  56118.252      0.000  1
    16.200      0.000      1.000  41405.830      0.000      1.000  41405.830      0.000  1
    16.300      0.000      1.000  35580.318      0.000      1.000  35580.318      0.000  1
    16.400      0.000      1.000  24137.329      0.000      1.000  24137.329      0.000  1
    16.500      0.000      1.000  10188.751      0.000      1.000  10188.751      0.000  1
    16.600      0.000      1.000   2547.460      0.000      1.000   2547.460      0.000  1
    16.700      0.000      1.000    547.917      0.000      1.000    547.917      0.000  1
    16.800      0.000      1.000   1068.078      0.000      1.000   1068.078      0.000  1
    16.900      0.000      1.000   3387.337      0.000      1.000   3387.337      0.000  1
    17.000      0.000      1.000   6349.735      0.000      1.000   6349.735      0.000  1
    17.100      0.000      1.000   6873.442      0.000      1.000   6873.442      0.000  1
    17.200      0.000      1.000   4522.859      0.000      1.000   4522.859      0.000  1
    17.300      0.000      1.000   2764.985      0.000      1.000   2764.985      0.000  1
    17.400      0.000      1.000   3397.643      0.000      1.000   3397.643      0.000  1
    17.500      0.000      1.000   4379.642      0.000      1.000   4379.642      0.000  1
    17.600      0.000      1.000   3515.890      0.000      1.000   3515.890      0.000  1
    17.700      0.000      1.000   1760.609      0.000      1.000   1760.609      0.000  1
    17.800      0.000      1.000   1737.687      0.000      1.000   1737.687      0.000  1
    17.900      0.000      1.000   7313.547      0.000      1.000   7313.547      0.000  1
    18.000      0.000      1.000  23307.093      0.000      1.000  23307.093      0.000  1
    18.100      0.000      1.000  43623.531      0.000      1.000  43623.531      0.000  1
    18.200      0.000      1.000  48005.593      0.000      1.000  48005.593      0.000  1
    18.300      0.000      1.000  31564.960      0.000      1.000  31564.960      0.000  1
    18.400      0.000      1.000  13087.059      0.000      1.000  13087.059      0.000  1
    18.500      0.000      1.000   5029.651      0.000      1.000   5029.651      0.000  1
    18.600      0.000      1.000   4433.435      0.000      1.000   4433.435      0.000  1
    18.700      0.000      1.000   4781.624      0.000      1.000   4781.624      0.000  1
    18.800      0.000      1.000   3336.622      0.000      1.000   3336.622      0.000  1
    18.900      0.000      1.000   1523.688      0.000      1.000   1523.688      0.000  1
    19.000      0.000      1.000   1047.350      0.000      1.000   1047.350      0.000  1
    19.100      0.000      1.000   2024.983      0.000      1.000   2024.983      0.000  1
    19.200      0.000      1.000   4463.038      0.000      1.000   4463.038      0.000  1
    19.300      0.000      1.000   8972.005      0.000      1.000   8972.005      0.000  1
    19.400      0.000      1.000  13656.681      0.000      1.000  13656.681      0.000  1
    19.500      0.000      1.000  14129.053      0.000      1.000  14129.053      0.000  1
    19.600      0.000      1.000  10474.547      0.000      1.000  10474.547      0.000  1
    19.700      0.000      1.000   6174.471      0.000      1.000   6174.471      0.000  1
    19.800      0.000      1.000   2873.098      0.000      1.000   2873.098      0.000  1
    19.900      0.000      1.000   1018.912      0.000      1.000   1018.912      0.000  1
    20.000      0.000      1.000    569.765      0.000      1.000    569.765      0.000  1
    20.100      0.000      1.000   2212.754      0.000      1.000   2212.754      0.000  1
    20.200      0.000      1.000   9172.120      0.000      1.000   9172.120      0.000  1
    20.300      0.000      1.000  22818.554      0.000      1.000  22818.554      0.000  1
    20.400      0.000      1.000  33617.161      0.000      1.000  33617.161      0.000  1
    20.500      0.000      1.000  31430.174      0.000      1.000  31430.174      0.000  1
    20.600      0.000      1.000  23708.109      0.000      1.000  23708.109      0.000  1
    20.700      0.000      1.000  19092.448      0.000      1.000  19092.448      0.000  1
    20.800      0.000      1.000  13691.819      0.000      1.000  13691.819      0.000  1
    20.900      0.000      1.000   6766.762      0.000      1.000   6766.762      0.000  1
    21.000      0.000      1.000   3447.670      0.000      1.000   3447.670      0.000  1
    21.100      0.000      1.000   5755.855      0.000      1.000   5755.855      0.000  1
    21.200      0.000      1.000  11302.441      0.000      1.000  11302.441      0.000  1
    21.300      0.000      1.000  15183.013      0.000      1.000  15183.013      0.000  1
    21.400      0.000      1.000  15577.473      0.000      1.000  15577.473      0.000  1
    21.500      0.000      1.000  16130.220      0.000      1.000  16130.220      0.000  1
    21.600      0.000      1.000  17670.563      0.000      1.000  17670.563      0.000  1
    21.700      0.000      1.000  15097.643      0.000      1.000  15097.643      0.000  1
    21.800      0.000      1.000   8187.242      0.000      1.000   8187.242      0.000  1
    21.900      0.000      1.000   2653.796      0.000      1.000   2653.796      0.000  1
    22.000      0.000      1.000    545.578      0.000      1.000    545.578      0.000  1
    22.100      0.000      1.000    217.233      0.000      1.000    217.233      0.000  1
    22.200      0.000      1.000    619.127      0.000      1.000    619.127      0.000  1
    22.300      0.000      1.000   2453.551      0.000      1.000   2453.551      0.000  1
    22.400      0.000      1.000   7173.120      0.000      1.000   7173.120      0.000  1
    22.500      0.000      1.000  12852.066      0.000      1.000  12852.066      0.000  1
    22.600      0.000      1.000  14119.923      0.000      1.000  14119.923      0.000  1
    22.700      0.000      1.000  11742.237      0.000      1.000  11742.237      0.000  1
    22.800      0.000      1.000  11533.760      0.000      1.000  11533.760      0.000  1
    22.900      0.000      1.000  13406.595      0.000      1.000  13406.595      0.000  1
    23.000      0.000      1.000  17364.059      0.000      1.000  17364.059      0.000  1
    23.100      0.000      1.000  27999.813      0.000      1.000  27999.813      0.000  1
    23.200      0.000      1.000  38368.559      0.000      1.000  38368.559      0.000  1
    23.300      0.000      1.000  33943.970      0.000      1.000  33943.970      0.000  1
    23.400      0.000      1.000  18542.807      0.000      1.000  18542.807      0.000  1
    23.500      0.000      1.000   7082.858      0.000      1.000   7082.858      0.000  1
    23.600      0.000      1.000   4281.346      0.000      1.000   4281.346      0.000  1
    23.700      0.000      1.000   8576.921      0.000      1.000   8576.921      0.000  1
    23.800      0.000      1.000  18813.628      0.000      1.000  18813.628      0.000  1
    23.900      0.000      1.000  28945.217      0.000      1.000  28945.217      0.000  1
    24.000      0.000      1.000  29578.981      0.000      1.000  29578.981      0.000  1
    24.100      0.000      1.000  20792.374      0.000      1.000  20792.374      0.000  1
    24.200      0.000      1.000  10505.592      0.000      1.000  10505.592      0.000  1
    24.300      0.000      1.000   3806.152      0.000      1.000   3806.152      0.000  1
    24.400      0.000      1.000   1540.689      0.000      1.000   1540.689      0.000  1
    24.500      0.000      1.000   3921.592      0.000      1.000   3921.592      0.000  1
    24.600      0.000      1.000  12402.423      0.000      1.000  12402.423      0.000  1
    24.700      0.000      1.000  23275.832      0.000      1.000  23275.832      0.000  1
    24.800      0.000      1.000  25567.524      0.000      1.000  25567.524      0.000  1
    24.900      0.000      1.000  18938.869      0.000      1.000  18938.869      0.000  1
    25.000      0.000      1.000  17937.030      0.000      1.000  17937.030      0.000  1
    25.100      0.000      1.000  27120.343      0.000      1.000  27120.343      0.000  1
    25.200      0.000      1.000  32927.523      0.000      1.000  32927.523      0.000  1
    25.300      0.000      1.000  28882.665      0.000      1.000  28882.665      0.000  1
    25.400      0.000      1.000  25110.201      0.000      1.000  25110.201      0.000  1
    25.500      0.000      1.000  25762.524      0.000      1.000  25762.524      0.000  1
    25.600      0.000      1.000  26778.212      0.000      1.000  26778.212      0.000  1
    25.700      0.000      1.000  27460.775      0.000      1.000  27460.775      0.000  1
    25.800      0.000      1.000  28078.247      0.000      1.000  28078.247      0.000  1
    25.900      0.000      1.000  30684.978      0.000      1.000  30684.978      0.000  1
    26.000      0.000      1.000  33444.515      0.000      1.000  33444.515      0.000  1
    26.100      0.000      1.000  27362.368      0.000      1.000  27362.368      0.000  1
    26.200      0.000      1.000  15089.069      0.000      1.000  15089.069      0.000  1
    26.300      0.000      1.000   7534.879      0.000      1.000   7534.879      0.000  1
    26.400      0.000      1.000   5476.721      0.000      1.000   5476.721      0.000  1
    26.500      0.000      1.000   4369.605      0.000      1.000   4369.605      0.000  1
    26.600      0.000      1.000   3978.003      0.000      1.000   3978.003      0.000  1
    26.700      0.000      1.000   5504.549      0.000      1.000   5504.549      0.000  1
    26.800      0.000      1.000   6653.492      0.000      1.000   6653.492      0.000  1
    26.900      0.000      1.000   5071.968      0.000      1.000   5071.968      0.000  1
    27.000      0.000      1.000   2877.553      0.000      1.000   2877.553      0.000  1
    27.100      0.000      1.000   3521.803      0.000      1.000   3521.803      0.000  1
    27.200      0.000      1.000   7979.139      0.000      1.000   7979.139      0.000  1
    27.300      0.000      1.000  14931.906      0.000      1.000  14931.906      0.000  1
    27.400      0.000      1.000  22809.673      0.000      1.000  22809.673      0.000  1
    27.500      0.000      1.000  27646.652      0.000      1.000  27646.652      0.000  1
    27.600      0.000      1.000  23113.984      0.000      1.000  23113.984      0.000  1
    27.700      0.000      1.000  12294.190      0.000      1.000  12294.190      0.000  1
    27.800      0.000      1.000   4944.727      0.000      1.000   4944.727      0.000  1
    27.900      0.000      1.000   3599.817      0.000      1.000   3599.817      0.000  1
    28.000      0.000      1.000   5130.123      0.000      1.000   5130.123      0.000  1
    28.100      0.000      1.000   7386.818      0.000      1.000   7386.818      0.000  1
    28.200      0.000      1.000   9771.769      0.000      1.000   9771.769      0.000  1
    28.300      0.000      1.000  11228.733      0.000      1.000  11228.733      0.000  1
    28.400      0.000      1.000  11275.592      0.000      1.000  11275.592      0.000  1
    28.500      0.000      1.000  10399.557      0.000      1.000  10399.557      0.000  1
    28.600      0.000      1.000   8305.950      0.000      1.000   8305.950      0.000  1
    28.700      0.000      1.000   5384.177      0.000      1.000   5384.177      0.000  1
    28.800      0.000      1.000   4287.699      0.000      1.000   4287.699      0.000  1
    28.900      0.000      1.000   6922.080      0.000      1.000   6922.080      0.000  1
    29.000      0.000      1.000  10251.244      0.000      1.000  10251.244      0.000  1
    29.100      0.000      1.000   9646.313      0.000      1.000   9646.313      0.000  1
    29.200      0.000      1.000   6867.964      0.000      1.000   6867.964      0.000  1
    29.300      0.000      1.000   6569.330      0.000      1.000   6569.330      0.000  1
    29.400      0.000      1.000   7787.182      0.000      1.000   7787.182      0.000  1
    29.500      0.000      1.000   6847.923      0.000      1.000   6847.923      0.000  1
    29.600      0.000      1.000   3948.516      0.000      1.000   3948.516      0.000  1
    29.700      0.000      1.000   1796.392      0.000      1.000   1796.392      0.000  1
    29.800      0.000      1.000   1481.188      0.000      1.000   1481.188      0.000  1
    29.900      0.000      1.000   2116.216      0.000      1.000   2116.216      0.000  1
    30.000      0.000      1.000   2425.043      0.000      1.000   2425.043      0.000  1
    30.100      0.000      1.000   2162.767      0.000      1.000   2162.767      0.000  1
    30.200      0.000      1.000   1762.877      0.000      1.000   1762.877      0.000  1
    30.300      0.000      1.000   1427.063      0.000      1.000   1427.063      0.000  1
    30.400      0.000      1.000   1169.978      0.000      1.000   1169.978      0.000  1
    30.500      0.000      1.000    985.212      0.000      1.000    985.212      0.000  1
    30.600      0.000      1.000   1283.821      0.000      1.000   1283.821      0.000  1
    30.700      0.000      1.000   2565.958      0.000      1.000   2565.958      0.000  1
    30.800      0.000      1.000   4271.080      0.000      1.000   4271.080      0.000  1
    30.900      0.000      1.000   5254.900      0.000      1.000   5254.900      0.000  1
    31.000      0.000      1.000   5589.193      0.000      1.000   5589.193      0.000  1
    31.100      0.000      1.000   5779.847      0.000      1.000   5779.847      0.000  1
    31.200      0.000      1.000   6187.904      0.000      1.000   6187.904      0.000  1
    31.300      0.000      1.000   8566.872      0.000      1.000   8566.872      0.000  1
    31.400      0.000      1.000  13523.326      0.000      1.000  13523.326      0.000  1
    31.500      0.000      1.000  17069.662      0.000      1.000  17069.662      0.000  1
    31.600      0.000      1.000  14747.395      0.000      1.000  14747.395      0.000  1
    31.700      0.000      1.000   8676.388      0.000      1.000   8676.388      0.000  1
    31.800      0.000      1.000   5008.228      0.000      1.000   5008.228      0.000  1
    31.900      0.000      1.000   6909.436      0.000      1.000   6909.436      0.000  1
    32.000      0.000      1.000  12051.370      0.000      1.000  12051.370      0.000  1
    32.100      0.000      1.000  14390.044      0.000      1.000  14390.044      0.000  1
    32.200      0.000      1.000  11661.136      0.000      1.000  11661.136      0.000  1
    32.300      0.000      1.000   8072.994      0.000      1.000   8072.994      0.000  1
    32.400      0.000      1.000   7934.025      0.000      1.000   7934.025      0.000  1
    32.500      0.000      1.000  10185.696      0.000      1.000  10185.696      0.000  1
    32.600      0.000      1.000  10320.041      0.000      1.000  10320.041      0.000  1
    32.700      0.000      1.000   8937.338      0.000      1.000   8937.338      0.000  1
    32.800      0.000      1.000  10166.831      0.000      1.000  10166.831      0.000  1
    32.900      0.000      1.000  12429.698      0.000      1.000  12429.698      0.000  1
    33.000      0.000      1.000  11762.854      0.000      1.000  11762.854      0.000  1
    33.100      0.000      1.000   8453.850      0.000      1.000   8453.850      0.000  1
    33.200      0.000      1.000   5467.195      0.000      1.000   5467.195      0.000  1
    33.300      0.000      1.000   6695.225      0.000      1.000   6695.225      0.000  1
    33.400      0.000      1.000  14153.730      0.000      1.000  14153.730      0.000  1
    33.500      0.000      1.000  22490.419      0.000      1.000  22490.419      0.000  1
    33.600      0.000      1.000  22746.319      0.000      1.000  22746.319      0.000  1
    33.700      0.000      1.000  15282.922      0.000      1.000  15282.922      0.000  1
    33.800      0.000      1.000   7984.130      0.000      1.000   7984.130      0.000  1
    33.900      0.000      1.000   4776.209      0.000      1.000   4776.209      0.000  1
    34.000      0.000      1.000   4669.570      0.000      1.000   4669.570      0.000  1
    34.100      0.000      1.000   4868.684      0.000      1.000   4868.684      0.000  1
    34.200      0.000      1.000   3904.219      0.000      1.000   3904.219      0.000  1
    34.300      0.000      1.000   3406.238      0.000      1.000   3406.238      0.000  1
    34.400      0.000      1.000   4826.963      0.000      1.000   4826.963      0.000  1
    34.500      0.000      1.000   7098.795      0.000      1.000   7098.795      0.000  1
    34.600      0.000      1.000   8429.078      0.000      1.000   8429.078      0.000  1
    34.700      0.000      1.000   9853.778      0.000      1.000   9853.778      0.000  1
    34.800      0.000      1.000  13443.700      0.000      1.000  13443.700      0.000  1
    34.900      0.000      1.000  15801.593      0.000      1.000  15801.593      0.000  1
    35.000      0.000      1.000  13416.715      0.000      1.000  13416.715      0.000  1
    35.100      0.000      1.000  11221.097      0.000      1.000  11221.097      0.000  1
    35.200      0.000      1.000  14318.913      0.000      1.000  14318.913      0.000  1
    35.300      0.000      1.000  18226.861      0.000      1.000  18226.861      0.000  1
    35.400      0.000      1.000  16204.271      0.000      1.000  16204.271      0.000  1
    35.500      0.000      1.000  10521.774      0.000      1.000  10521.774      0.000  1
    35.600      0.000      1.000   7061.908      0.000      1.000   7061.908      0.000  1
    35.700      0.000      1.000   6485.685      0.000      1.000   6485.685      0.000  1
    35.800      0.000      1.000   6312.221      0.000      1.000   6312.221      0.000  1
    35.900      0.000      1.000   5387.503      0.000      1.000   5387.503      0.000  1
    36.000      0.000      1.000   4865.850      0.000      1.000   4865.850      0.000  1
    36.100      0.000      1.000   5007.733      0.000      1.000   5007.733      0.000  1
    36.200      0.000      1.000   4305.536      0.000      1.000   4305.536      0.000  1
    36.300      0.000      1.000   2680.869      0.000      1.000   2680.869      0.000  1
    36.400      0.000      1.000   1742.539      0.000      1.000   1742.539      0.000  1
    36.500      0.000      1.000   2894.161      0.000      1.000   2894.161      0.000  1
    36.600      0.000      1.000   7313.190      0.000      1.000   7313.190      0.000  1
    36.700      0.000      1.000  13915.209      0.000      1.000  13915.209      0.000  1
    36.800      0.000      1.000  16781.421      0.000      1.000  16781.421      0.000  1
    36.900      0.000      1.000  13062.063      0.000      1.000  13062.063      0.000  1
    37.000      0.000      1.000   8792.871      0.000      1.000   8792.871      0.000  1
    37.100      0.000      1.000   7976.545      0.000      1.000   7976.545      0.000  1
    37.200      0.000      1.000   7586.077      0.000      1.000   7586.077      0.000  1
    37.300      0.000      1.000   5561.194      0.000      1.000   5561.194      0.000  1
    37.400      0.000      1.000   4148.463      0.000      1.000   4148.463      0.000  1
    37.500      0.000      1.000   6658.153      0.000      1.000   6658.153      0.000  1
    37.600      0.000      1.000  12862.310      0.000      1.000  12862.310      0.000  1
    37.700      0.000      1.000  16371.161      0.000      1.000  16371.161      0.000  1
    37.800      0.000      1.000  12437.937      0.000      1.000  12437.937      0.000  1
    37.900      0.000      1.000   5765.176      0.000      1.000   5765.176      0.000  1
    38.000      0.000      1.000   2268.990      0.000      1.000   2268.990      0.000  1
    38.100      0.000      1.000   2467.129      0.000      1.000   2467.129      0.000  1
    38.200      0.000      1.000   4487.334      0.000      1.000   4487.334      0.000  1
    38.300      0.000      1.000   5858.684      0.000      1.000   5858.684      0.000  1
    38.400      0.000      1.000   5460.406      0.000      1.000   5460.406      0.000  1
    38.500      0.000      1.000   5162.190      0.000      1.000   5162.190      0.000  1
    38.600      0.000      1.000   8034.442      0.000      1.000   8034.442      0.000  1
    38.700      0.000      1.000  15226.342      0.000      1.000  15226.342      0.000  1
    38.800      0.000      1.000  21166.017      0.000      1.000  21166.017      0.000  1
    38.900      0.000      1.000  19054.392      0.000      1.000  19054.392      0.000  1
    39.000      0.000      1.000  12980.183      0.000      1.000  12980.183      0.000  1
    39.100      0.000      1.000  10080.323      0.000      1.000  10080.323      0.000  1
    39.200      0.000      1.000  10071.935      0.000      1.000  10071.935      0.000  1
    39.300      0.000      1.000  10301.008      0.000      1.000  10301.008      0.000  1
    39.400      0.000      1.000  10196.195      0.000      1.000  10196.195      0.000  1
    39.500      0.000      1.000  10280.105      0.000      1.000  10280.105      0.000  1
    39.600      0.000      1.000  10259.634      0.000      1.000  10259.634      0.000  1
    39.700      0.000      1.000  10580.440      0.000      1.000  10580.440      0.000  1
    39.800      0.000      1.000  12543.348      0.000      1.000  12543.348      0.000  1
    39.900      0.000      1.000  13715.989      0.000      1.000  13715.989      0.000  1
    40.000      0.000      1.000  10909.381      0.000      1.000  10909.381      0.000  1
    40.100      0.000      1.000   5916.466      0.000      1.000   5916.466      0.000  1
    40.200      0.000      1.000   2332.917      0.000      1.000   2332.917      0.000  1
    40.300      0.000      1.000   1228.274      0.000      1.000   1228.274      0.000  1
    40.400      0.000      1.000   1968.182      0.000      1.000   1968.182      0.000  1
    40.500      0.000      1.000   3950.372      0.000      1.000   3950.372      0.000  1
    40.600      0.000      1.000   6170.295      0.000      1.000   6170.295      0.000  1
    40.700      0.000      1.000   7418.766      0.000      1.000   7418.766      0.000  1
    40.800      0.000      1.000   7922.579      0.000      1.000   7922.579      0.000  1
    40.900      0.000      1.000   8049.788      0.000      1.000   8049.788      0.000  1
    41.000      0.000      1.000   7576.945      0.000      1.000   7576.945      0.000  1
    41.100      0.000      1.000   6666.077      0.000      1.000   6666.077      0.000  1
    41.200      0.000      1.000   5842.158      0.000      1.000   5842.158      0.000  1
    41.300      0.000      1.000   6609.114      0.000      1.000   6609.114      0.000  1
    41.400      0.000      1.000   9890.158      0.000      1.000   9890.158      0.000  1
    41.500      0.000      1.000  13788.896      0.000      1.000  13788.896      0.000  1
    41.600      0.000      1.000  15037.712      0.000      1.000  15037.712      0.000  1
    41.700      0.000      1.000  12610.998      0.000      1.000  12610.998      0.000  1
    41.800      0.000      1.000   9839.418      0.000      1.000   9839.418      0.000  1
    41.900      0.000      1.000  10837.058      0.000      1.000  10837.058      0.000  1
    42.000      0.000      1.000  14684.057      0.000      1.000  14684.057      0.000  1
    42.100      0.000      1.000  16916.014      0.000      1.000  16916.014      0.000  1
    42.200      0.000      1.000  15685.818      0.000      1.000  15685.818      0.000  1
    42.300      0.000      1.000  13170.548      0.000      1.000  13170.548      0.000  1
    42.400      0.000      1.000  11414.121      0.000      1.000  11414.121      0.000  1
    42.500      0.000      1.000   9926.193      0.000      1.000   9926.193      0.000  1
    42.600      0.000      1.000   8012.921      0.000      1.000   8012.921      0.000  1
    42.700      0.000      1.000   6419.782      0.000      1.000   6419.782      0.000  1
    42.800      0.000      1.000   5090.333      0.000      1.000   5090.333      0.000  1
    42.900      0.000      1.000   3960.478      0.000      1.000   3960.478      0.000  1
    43.000      0.000      1.000   4404.943      0.000      1.000   4404.943      0.000  1
    43.100      0.000      1.000   6624.838      0.000      1.000   6624.838      0.000  1
    43.200      0.000      1.000   8608.418      0.000      1.000   8608.418      0.000  1
    43.300      0.000      1.000   8646.415      0.000      1.000   8646.415      0.000  1
    43.400      0.000      1.000   7692.352      0.000      1.000   7692.352      0.000  1
    43.500      0.000      1.000   8061.546      0.000      1.000   8061.546      0.000  1
    43.600      0.000      1.000   8974.173      0.000      1.000   8974.173      0.000  1
    43.700      0.000      1.000   8111.996      0.000      1.000   8111.996      0.000  1
    43.800      0.000      1.000   7255.340      0.000      1.000   7255.340      0.000  1
    43.900      0.000      1.000   9532.029      0.000      1.000   9532.029      0.000  1
    44.000      0.000      1.000  13813.267      0.000      1.000  13813.267      0.000  1
    44.100      0.000      1.000  17361.392      0.000      1.000  17361.392      0.000  1
    44.200      0.000      1.000  20152.694      0.000      1.000  20152.694      0.000  1
    44.300      0.000      1.000  20558.236      0.000      1.000  20558.236      0.000  1
    44.400      0.000      1.000  15912.919      0.000      1.000  15912.919      0.000  1
    44.500      0.000      1.000   9713.291      0.000      1.000   9713.291      0.000  1
    44.600      0.000      1.000   6278.842      0.000      1.000   6278.842      0.000  1
    44.700      0.000      1.000   4757.517      0.000      1.000   4757.517      0.000  1
    44.800      0.000      1.000   4149.475      0.000      1.000   4149.475      0.000  1
    44.900      0.000      1.000   6421.425      0.000      1.000   6421.425      0.000  1
    45.000      0.000      1.000  11654.889      0.000      1.000  11654.889      0.000  1
    45.100      0.000      1.000  14915.885      0.000      1.000  14915.885      0.000  1
    45.200      0.000      1.000  12879.615      0.000      1.000  12879.615      0.000  1
    45.300      0.000      1.000   8701.995      0.000      1.000   8701.995      0.000  1
    45.400      0.000      1.000   6475.844      0.000      1.000   6475.844      0.000  1
    45.500      0.000      1.000   6390.782      0.000      1.000   6390.782      0.000  1
    45.600      0.000      1.000   6295.293      0.000      1.000   6295.293      0.000  1
    45.700      0.000      1.000   6006.849      0.000      1.000   6006.849      0.000  1
    45.800      0.000      1.000   8188.067      0.000      1.000   8188.067      0.000  1
    45.900      0.000      1.000  13029.379      0.000      1.000  13029.379      0.000  1
    46.000      0.000      1.000  15946.664      0.000      1.000  15946.664      0.000  1
    46.100      0.000      1.000  14927.526      0.000      1.000  14927.526      0.000  1
    46.200      0.000      1.000  13939.099      0.000      1.000  13939.099      0.000  1
    46.300      0.000      1.000  16495.613      0.000      1.000  16495.613      0.000  1
    46.400      0.000      1.000  21840.552      0.000      1.000  21840.552      0.000  1
    46.500      0.000      1.000  26128.169      0.000      1.000  26128.169      0.000  1
    46.600      0.000      1.000  27261.130      0.000      1.000  27261.130      0.000  1
    46.700      0.000      1.000  27663.387      0.000      1.000  27663.387      0.000  1
    46.800      0.000      1.000  28317.089      0.000      1.000  28317.089      0.000  1
    46.900      0.000      1.000  25801.605      0.000      1.000  25801.605      0.000  1
    47.000      0.000      1.000  20381.810      0.000      1.000  20381.810      0.000  1
    47.100      0.000      1.000  18618.959      0.000      1.000  18618.959      0.000  1
    47.200      0.000      1.000  23282.613      0.000      1.000  23282.613      0.000  1
    47.300      0.000      1.000  29934.728      0.000      1.000  29934.728      0.000  1
    47.400      0.000      1.000  34740.002      0.000      1.000  34740.002      0.000  1
    47.500      0.000      1.000  35027.545      0.000      1.000  35027.545      0.000  1
    47.600      0.000      1.000  29832.577      0.000      1.000  29832.577      0.000  1
    47.700      0.000      1.000  22725.816      0.000      1.000  22725.816      0.000  1
    47.800      0.000      1.000  18466.834      0.000      1.000  18466.834      0.000  1
    47.900      0.000      1.000  20100.337      0.000      1.000  20100.337      0.000  1
    48.000      0.000      1.000  23681.342      0.000      1.000  23681.342      0.000  1
    48.100      0.000      1.000  21012.456      0.000      1.000  21012.456      0.000  1
    48.200      0.000      1.000  12583.425      0.000      1.000  12583.425      0.000  1
    48.300      0.000      1.000   5873.527      0.000      1.000   5873.527      0.000  1
    48.400      0.000      1.000   4930.886      0.000      1.000   4930.886      0.000  1
    48.500      0.000      1.000   9294.539      0.000      1.000   9294.539      0.000  1
    48.600      0.000      1.000  14865.899      0.000      1.000  14865.899      0.000  1
    48.700      0.000      1.000  16358.163      0.000      1.000  16358.163      0.000  1
    48.800      0.000      1.000  13474.775      0.000      1.000  13474.775      0.000  1
    48.900      0.000      1.000  10517.936      0.000      1.000  10517.936      0.000  1
    49.000      0.000      1.000   9771.863      0.000      1.000   9771.863      0.000  1
    49.100      0.000      1.000  11251.268      0.000      1.000  11251.268      0.000  1
    49.200      0.000      1.000  15467.179      0.000      1.000  15467.179      0.000  1
    49.300      0.000      1.000  20198.569      0.000      1.000  20198.569      0.000  1
    49.400      0.000      1.000  21976.499      0.000      1.000  21976.499      0.000  1
    49.500      0.000      1.000  22349.034      0.000      1.000  22349.034      0.000  1
    49.600      0.000      1.000  24893.399      0.000      1.000  24893.399      0.000  1
    49.700      0.000      1.000  28040.331      0.000      1.000  28040.331      0.000  1
    49.800      0.000      1.000  28261.138      0.000      1.000  28261.138      0.000  1
    49.900      0.000      1.000  25746.275      0.000      1.000  25746.275      0.000  1
    50.000      0.000      1.000  20980.378      0.000      1.000  20980.378      0.000  1
    50.100      0.000      1.000  13829.676      0.000      1.000  13829.676      0.000  1
    50.200      0.000      1.000   7231.976      0.000      1.000   7231.976      0.000  1
    50.300      0.000      1.000   3780.560      0.000      1.000   3780.560      0.000  1
    50.400      0.000      1.000   2537.031      0.000      1.000   2537.031      0.000  1
    50.500      0.000      1.000   2685.388      0.000      1.000   2685.388      0.000  1
    50.600      0.000      1.000   4770.980      0.000      1.000   4770.980      0.000  1
    50.700      0.000      1.000   8544.147      0.000      1.000   8544.147      0.000  1
    50.800      0.000      1.000  12635.012      0.000      1.000  12635.012      0.000  1
    50.900      0.000      1.000  14663.049      0.000      1.000  14663.049      0.000  1
    51.000      0.000      1.000  12999.207      0.000      1.000  12999.207      0.000  1
    51.100      0.000      1.000  10001.050      0.000      1.000  10001.050      0.000  1
    51.200      0.000      1.000   9123.743      0.000      1.000   9123.743      0.000  1
    51.300      0.000      1.000  10807.663      0.000      1.000  10807.663      0.000  1
    51.400      0.000      1.000  14741.044      0.000      1.000  14741.044      0.000  1
    51.500      0.000      1.000  21329.441      0.000      1.000  21329.441      0.000  1
    51.600      0.000      1.000  27586.405      0.000      1.000  27586.405      0.000  1
    51.700      0.000      1.000  28061.669      0.000      1.000  28061.669      0.000  1
    51.800      0.000      1.000  21475.008      0.000      1.000  21475.008      0.000  1
    51.900      0.000      1.000  12217.858      0.000      1.000  12217.858      0.000  1
    52.000      0.000      1.000   5565.842      0.000      1.000   5565.842      0.000  1
    52.100      0.000      1.000   3325.165      0.000      1.000   3325.165      0.000  1
    52.200      0.000      1.000   4088.346      0.000      1.000   4088.346      0.000  1
    52.300      0.000      1.000   6191.646      0.000      1.000   6191.646      0.000  1
    52.400      0.000      1.000   8692.262      0.000      1.000   8692.262      0.000  1
    52.500      0.000      1.000  10742.162      0.000      1.000  10742.162      0.000  1
    52.600      0.000      1.000  13010.511      0.000      1.000  13010.511      0.000  1
    52.700      0.000      1.000  16885.485      0.000      1.000  16885.485      0.000  1
    52.800      0.000      1.000  21250.143      0.000      1.000  21250.143      0.000  1
    52.900      0.000      1.000  24156.553      0.000      1.000  24156.553      0.000  1
    53.000      0.000      1.000  23951.665      0.000      1.000  23951.665      0.000  1
    53.100      0.000      1.000  19179.571      0.000      1.000  19179.571      0.000  1
    53.200      0.000      1.000  12506.647      0.000      1.000  12506.647      0.000  1
    53.300      0.000      1.000   9269.643      0.000      1.000   9269.643      0.000  1
    53.400      0.000      1.000  10544.068      0.000      1.000  10544.068      0.000  1
    53.500      0.000      1.000  12251.275      0.000      1.000  12251.275      0.000  1
    53.600      0.000      1.000  11360.673      0.000      1.000  11360.673      0.000  1
    53.700      0.000      1.000   9545.053      0.000      1.000   9545.053      0.000  1
    53.800      0.000      1.000   9266.159      0.000      1.000   9266.159      0.000  1
    53.900      0.000      1.000  10630.925      0.000      1.000  10630.925      0.000  1
    54.000      0.000      1.000  11924.707      0.000      1.000  11924.707      0.000  1
    54.100      0.000      1.000  12470.354      0.000      1.000  12470.354      0.000  1
    54.200      0.000      1.000  13875.681      0.000      1.000  13875.681      0.000  1
    54.300      0.000      1.000  15714.749      0.000      1.000  15714.749      0.000  1
    54.400      0.000      1.000  14815.755      0.000      1.000  14815.755      0.000  1
    54.500      0.000      1.000  11675.122      0.000      1.000  11675.122      0.000  1
    54.600      0.000      1.000  10824.822      0.000      1.000  10824.822      0.000  1
    54.700      0.000      1.000  12165.036      0.000      1.000  12165.036      0.000  1
    54.800      0.000      1.000  11289.399      0.000      1.000  11289.399      0.000  1
    54.900      0.000      1.000   8390.004      0.000      1.000   8390.004      0.000  1
    55.000      0.000      1.000   7243.289      0.000      1.000   7243.289      0.000  1
    55.100      0.000      1.000   8109.419      0.000      1.000   8109.419      0.000  1
    55.200      0.000      1.000   9261.261      0.000      1.000   9261.261      0.000  1
    55.300      0.000      1.000  10997.951      0.000      1.000  10997.951      0.000  1
    55.400      0.000      1.000  12638.315      0.000      1.000  12638.315      0.000  1
    55.500      0.000      1.000  11699.137      0.000      1.000  11699.137      0.000  1
    55.600      0.000      1.000   8783.150      0.000      1.000   8783.150      0.000  1
    55.700      0.000      1.000   6631.055      0.000      1.000   6631.055      0.000  1
    55.800      0.000      1.000   6108.330      0.000      1.000   6108.330      0.000  1
    55.900      0.000      1.000   6860.375      0.000      1.000   6860.375      0.000  1
    56.000      0.000      1.000   8804.407      0.000      1.000   8804.407      0.000  1
    56.100      0.000      1.000  12093.264      0.000      1.000  12093.264      0.000  1
    56.200      0.000      1.000  15450.655      0.000      1.000  15450.655      0.000  1
    56.300      0.000      1.000  16990.939      0.000      1.000  16990.939      0.000  1
    56.400      0.000      1.000  15983.537      0.000      1.000  15983.537      0.000  1
    56.500      0.000      1.000  12937.375      0.000      1.000  12937.375      0.000  1
    56.600      0.000      1.000   9853.377      0.000      1.000   9853.377      0.000  1
    56.700      0.000      1.000   7798.837      0.000      1.000   7798.837      0.000  1
    56.800      0.000      1.000   6085.451      0.000      1.000   6085.451      0.000  1
    56.900      0.000      1.000   4571.238      0.000      1.000   4571.238      0.000  1
    57.000      0.000      1.000   4228.493      0.000      1.000   4228.493      0.000  1
    57.100      0.000      1.000   5151.092      0.000      1.000   5151.092      0.000  1
    57.200      0.000      1.000   5772.421      0.000      1.000   5772.421      0.000  1
    57.300      0.000      1.000   5156.417      0.000      1.000   5156.417      0.000  1
    57.400      0.000      1.000   4556.119      0.000      1.000   4556.119      0.000  1
    57.500      0.000      1.000   5793.665      0.000      1.000   5793.665      0.000  1
    57.600      0.000      1.000   8170.822      0.000      1.000   8170.822      0.000  1
    57.700      0.000      1.000   9664.553      0.000      1.000   9664.553      0.000  1
    57.800      0.000      1.000  10744.917      0.000      1.000  10744.917      0.000  1
    57.900      0.000      1.000  12909.253      0.000      1.000  12909.253      0.000  1
    58.000      0.000      1.000  16449.837      0.000      1.000  16449.837      0.000  1
    58.100      0.000      1.000  20317.026      0.000      1.000  20317.026      0.000  1
    58.200      0.000      1.000  21821.916      0.000      1.000  21821.916      0.000  1
    58.300      0.000      1.000  19407.358      0.000      1.000  19407.358      0.000  1
    58.400      0.000      1.000  15295.319      0.000      1.000  15295.319      0.000  1
    58.500      0.000      1.000  12995.542      0.000      1.000  12995.542      0.000  1
    58.600      0.000      1.000  13772.524      0.000      1.000  13772.524      0.000  1
    58.700      0.000      1.000  15542.159      0.000      1.000  15542.159      0.000  1
    58.800      0.000      1.000  15436.696      0.000      1.000  15436.696      0.000  1
    58.900      0.000      1.000  13811.793      0.000      1.000  13811.793      0.000  1
    59.000      0.000      1.000  11947.301      0.000      1.000  11947.301      0.000  1
    59.100      0.000      1.000   9637.863      0.000      1.000   9637.863      0.000  1
    59.200      0.000      1.000   7806.767      0.000      1.000   7806.767      0.000  1
    59.300      0.000      1.000   7367.727      0.000      1.000   7367.727      0.000  1
    59.400      0.000      1.000   7123.360      0.000      1.000   7123.360      0.000  1
    59.500      0.000      1.000   6192.570      0.000      1.000   6192.570      0.000  1
    59.600      0.000      1.000   6096.070      0.000      1.000   6096.070      0.000  1
    59.700      0.000      1.000   8261.448      0.000      1.000   8261.448      0.000  1
    59.800      0.000      1.000  12552.776      0.000      1.000  12552.776      0.000  1
    59.900      0.000      1.000  16793.427      0.000      1.000  16793.427      0.000  1
    60.000      0.000      1.000  16907.941      0.000      1.000  16907.941      0.000  1
    60.100      0.000      1.000  13006.760      0.000      1.000  13006.760      0.000  1
    60.200      0.000      1.000   9740.955      0.000      1.000   9740.955      0.000  1
    60.300      0.000      1.000   9164.775      0.000      1.000   9164.775      0.000  1
    60.400      0.000      1.000  11329.263      0.000      1.000  11329.263      0.000  1
    60.500      0.000      1.000  15210.322      0.000      1.000  15210.322      0.000  1
    60.600      0.000      1.000  17298.022      0.000      1.000  17298.022      0.000  1
    60.700      0.000      1.000  17779.714      0.000      1.000  17779.714      0.000  1
    60.800      0.000      1.000  20812.080      0.000      1.000  20812.080      0.000  1
    60.900      0.000      1.000  24508.877      0.000      1.000  24508.877      0.000  1
    61.000      0.000      1.000  23212.246      0.000      1.000  23212.246      0.000  1
    61.100      0.000      1.000  17656.975      0.000      1.000  17656.975      0.000  1
    61.200      0.000      1.000  13545.136      0.000      1.000  13545.136      0.000  1
    61.300      0.000      1.000  13403.450      0.000      1.000  13403.450      0.000  1
    61.400      0.000      1.000  15035.289      0.000      1.000  15035.289      0.000  1
    61.500      0.000      1.000  15318.731      0.000      1.000  15318.731      0.000  1
    61.600      0.000      1.000  13876.959      0.000      1.000  13876.959      0.000  1
    61.700      0.000      1.000  12296.852      0.000      1.000  12296.852      0.000  1
    61.800      0.000      1.000  11177.262      0.000      1.000  11177.262      0.000  1
    61.900      0.000      1.000  10629.342      0.000      1.000  10629.342      0.000  1
    62.000      0.000      1.000  11486.984      0.000      1.000  11486.984      0.000  1
    62.100      0.000      1.000  13744.337      0.000      1.000  13744.337      0.000  1
    62.200      0.000      1.000  14789.445      0.000      1.000  14789.445      0.000  1
    62.300      0.000      1.000  13762.895      0.000      1.000  13762.895      0.000  1
    62.400      0.000      1.000  12686.821      0.000      1.000  12686.821      0.000  1
    62.500      0.000      1.000  11141.812      0.000      1.000  11141.812      0.000  1
    62.600      0.000      1.000   8895.980      0.000      1.000   8895.980      0.000  1
    62.700      0.000      1.000   8787.928      0.000      1.000   8787.928      0.000  1
    62.800      0.000      1.000  12833.694      0.000      1.000  12833.694      0.000  1
    62.900      0.000      1.000  19230.267      0.000      1.000  19230.267      0.000  1
    63.000      0.000      1.000  23153.547      0.000      1.000  23153.547      0.000  1
    63.100      0.000      1.000  21513.961      0.000      1.000  21513.961      0.000  1
    63.200      0.000      1.000  16451.958      0.000      1.000  16451.958      0.000  1
    63.300      0.000      1.000  11901.227      0.000      1.000  11901.227      0.000  1
    63.400      0.000      1.000   9884.728      0.000      1.000   9884.728      0.000  1
    63.500      0.000      1.000  10011.947      0.000      1.000  10011.947      0.000  1
    63.600      0.000      1.000  11179.876      0.000      1.000  11179.876      0.000  1
    63.700      0.000      1.000  13499.843      0.000      1.000  13499.843      0.000  1
    63.800      0.000      1.000  15565.299      0.000      1.000  15565.299      0.000  1
    63.900      0.000      1.000  15589.965      0.000      1.000  15589.965      0.000  1
    64.000      0.000      1.000  14583.747      0.000      1.000  14583.747      0.000  1
    64.100      0.000      1.000  13352.782      0.000      1.000  13352.782      0.000  1
    64.200      0.000      1.000  12762.285      0.000      1.000  12762.285      0.000  1
    64.300      0.000      1.000  13616.758      0.000      1.000  13616.758      0.000  1
    64.400      0.000      1.000  14556.802      0.000      1.000  14556.802      0.000  1
    64.500      0.000      1.000  15423.070      0.000      1.000  15423.070      0.000  1
    64.600      0.000      1.000  17115.657      0.000      1.000  17115.657      0.000  1
    64.700      0.000      1.000  18476.692      0.000      1.000  18476.692      0.000  1
    64.800      0.000      1.000  19198.238      0.000      1.000  19198.238      0.000  1
    64.900      0.000      1.000  19998.992      0.000      1.000  19998.992      0.000  1
    65.000      0.000      1.000  19251.372      0.000      1.000  19251.372      0.000  1
    65.100      0.000      1.000  14892.714      0.000      1.000  14892.714      0.000  1
    65.200      0.000      1.000   8909.246      0.000      1.000   8909.246      0.000  1
    65.300      0.000      1.000   5135.986      0.000      1.000   5135.986      0.000  1
    65.400      0.000      1.000   4046.354      0.000      1.000   4046.354      0.000  1
    65.500      0.000      1.000   4160.396      0.000      1.000   4160.396      0.000  1
    65.600      0.000      1.000   4832.996      0.000      1.000   4832.996      0.000  1
    65.700      0.000      1.000   6065.389      0.000      1.000   6065.389      0.000  1
    65.800      0.000      1.000   7620.227      0.000      1.000   7620.227      0.000  1
    65.900      0.000      1.000   8219.286      0.000      1.000   8219.286      0.000  1
    66.000      0.000      1.000   7101.067      0.000      1.000   7101.067      0.000  1
    66.100      0.000      1.000   6715.739      0.000      1.000   6715.739      0.000  1
    66.200      0.000      1.000   9336.849      0.000      1.000   9336.849      0.000  1
    66.300      0.000      1.000  13104.116      0.000      1.000  13104.116      0.000  1
    66.400      0.000      1.000  15507.818      0.000      1.000  15507.818      0.000  1
    66.500      0.000      1.000  16296.080      0.000      1.000  16296.080      0.000  1
    66.600      0.000      1.000  15924.664      0.000      1.000  15924.664      0.000  1
    66.700      0.000      1.000  15154.071      0.000      1.000  15154.071      0.000  1
    66.800      0.000      1.000  14745.586      0.000      1.000  14745.586      0.000  1
    66.900      0.000      1.000  14844.212      0.000      1.000  14844.212      0.000  1
    67.000      0.000      1.000  16626.755      0.000      1.000  16626.755      0.000  1
    67.100      0.000      1.000  19989.716      0.000      1.000  19989.716      0.000  1
    67.200      0.000      1.000  21155.926      0.000      1.000  21155.926      0.000  1
    67.300      0.000      1.000  19020.626      0.000      1.000  19020.626      0.000  1
    67.400      0.000      1.000  17918.134      0.000      1.000  17918.134      0.000  1
    67.500      0.000      1.000  20869.435      0.000      1.000  20869.435      0.000  1
    67.600      0.000      1.000  24697.844      0.000      1.000  24697.844      0.000  1
    67.700      0.000      1.000  24436.206      0.000      1.000  24436.206      0.000  1
    67.800      0.000      1.000  20126.324      0.000      1.000  20126.324      0.000  1
    67.900      0.000      1.000  16577.562      0.000      1.000  16577.562      0.000  1
    68.000      0.000      1.000  17398.484      0.000      1.000  17398.484      0.000  1
    68.100      0.000      1.000  20053.798      0.000      1.000  20053.798      0.000  1
    68.200      0.000      1.000  18683.844      0.000      1.000  18683.844      0.000  1
    68.300      0.000      1.000  12640.956      0.000      1.000  12640.956      0.000  1
    68.400      0.000      1.000   6517.918      0.000      1.000   6517.918      0.000  1
    68.500      0.000      1.000   3513.982      0.000      1.000   3513.982      0.000  1
    68.600      0.000      1.000   3249.253      0.000      1.000   3249.253      0.000  1
    68.700      0.000      1.000   4309.499      0.000      1.000   4309.499      0.000  1
    68.800      0.000      1.000   7323.071      0.000      1.000   7323.071      0.000  1
    68.900      0.000      1.000  13529.601      0.000      1.000  13529.601      0.000  1
    69.000      0.000      1.000  19689.352      0.000      1.000  19689.352      0.000  1
    69.100      0.000      1.000  20455.669      0.000      1.000  20455.669      0.000  1
    69.200      0.000      1.000  16178.537      0.000      1.000  16178.537      0.000  1
    69.300      0.000      1.000  11803.172      0.000      1.000  11803.172      0.000  1
    69.400      0.000      1.000  10720.227      0.000      1.000  10720.227      0.000  1
    69.500      0.000      1.000  12554.779      0.000      1.000  12554.779      0.000  1
    69.600      0.000      1.000  15201.609      0.000      1.000  15201.609      0.000  1
    69.700      0.000      1.000  16352.101      0.000      1.000  16352.101      0.000  1
    69.800      0.000      1.000  13839.421      0.000      1.000  13839.421      0.000  1
    69.900      0.000      1.000   8347.630      0.000      1.000   8347.630      0.000  1



#phase 1
  h   k   l mult    sthovl    ttheta
  1   0   0    2   0.05068     8.137
  0   1   1    4   0.05299     8.509
  1   0  -1    2   0.06030     9.686
  1   0   1    2   0.06333    10.174
  1   1   0    4   0.06419    10.312
  0   0   2    2   0.07087    11.388
  1   1  -1    4   0.07203    11.576
  1   1   1    4   0.07459    11.988
  0   2   0    2   0.07880    12.668
  0   1   2    4   0.08108    13.036
  1   0  -2    2   0.08495    13.660
  0   2   1    4   0.08640    13.895
  1   0   2    2   0.08925    14.355
  1   1  -2    4   0.09364    15.066
  1   2   0    4   0.09369    15.074
  1   1   2    4   0.09756    15.700
  1   2  -1    4   0.09923    15.971
  1   2   1    4   0.10110    16.274
  2   0   0    2   0.10135    16.315
  2   0  -1    2   0.10561    17.005
  0   2   2    4   0.10598    17.065
  0   0   3    2   0.10630    17.117
  2   1   0    4   0.10874    17.513
  2   0   1    2   0.10910    17.571
  2   1  -1    4   0.11272    18.159
  0   1   3    4   0.11337    18.265
  1   0  -3    2   0.11535    18.587
  1   2  -2    4   0.11587    18.671
  2   1   1    4   0.11600    18.692
  0   3   0    2   0.11820    19.051
  1   2   2    4   0.11906    19.190
  1   0   3    2   0.12013    19.364
  2   0  -2    2   0.12060    19.441
  1   1  -3    4   0.12190    19.652
  0   3   1    4   0.12340    19.897
  1   1   3    4   0.12642    20.389
  2   0   2    2   0.12666    20.429
  2   1  -2    4   0.12688    20.463
  2   2   0    4   0.12838    20.709
  1   3   0    4   0.12861    20.746
  2   2  -1    4   0.13177    21.261
  0   2   3    4   0.13232    21.352
  2   1   2    4   0.13265    21.405
  1   3  -1    4   0.13270    21.413
  1   3   1    4   0.13410    21.642
  2   2   1    4   0.13458    21.721
  0   3   2    4   0.13782    22.250
  1   2  -3    4   0.13970    22.557
  0   0   4    2   0.14174    22.890
  2   0  -3    2   0.14300    23.097
  1   2   3    4   0.14367    23.206
  2   2  -2    4   0.14407    23.272
  1   3  -2    4   0.14556    23.517
  0   1   4    4   0.14711    23.771
  1   0  -4    2   0.14801    23.919
  1   3   2    4   0.14811    23.935
  2   1  -3    4   0.14833    23.970
  2   2   2    4   0.14918    24.110
  2   0   3    2   0.15065    24.352
  3   0   0    2   0.15203    24.578
  1   0   4    2   0.15299    24.736
  1   1  -4    4   0.15317    24.765
  3   0  -1    2   0.15429    24.950
  2   3   0    4   0.15571    25.182
  2   1   3    4   0.15572    25.184
  3   1   0    4   0.15705    25.403
  0   4   0    2   0.15760    25.494
  3   0   1    2   0.15789    25.542
  1   1   4    4   0.15798    25.556
  2   3  -1    4   0.15851    25.643
  0   3   3    4   0.15897    25.719
  3   1  -1    4   0.15924    25.764
  2   3   1    4   0.16086    26.029
  0   4   1    4   0.16154    26.141
  0   2   4    4   0.16217    26.245
  3   1   1    4   0.16274    26.339
  2   2  -3    4   0.16327    26.427
  3   0  -2    2   0.16435    26.605
  1   3  -3    4   0.16516    26.738
  1   4   0    4   0.16555    26.803
  1   2  -4    4   0.16768    27.155
  1   3   3    4   0.16853    27.294
  1   4  -1    4   0.16875    27.330
  2   3  -2    4   0.16887    27.351
  3   1  -2    4   0.16901    27.373
  1   4   1    4   0.16985    27.513
  2   0  -4    2   0.16989    27.519
  2   2   3    4   0.17002    27.540
  3   0   2    2   0.17105    27.711
  3   2   0    4   0.17124    27.742
  1   2   4    4   0.17209    27.883
  0   4   2    4   0.17280    28.001
  2   3   2    4   0.17325    28.074
  3   2  -1    4   0.17325    28.074
  2   1  -4    4   0.17440    28.264
  3   1   2    4   0.17553    28.452
  3   2   1    4   0.17647    28.606
  0   0   5    2   0.17717    28.723
  2   0   4    2   0.17849    28.942
  1   4  -2    4   0.17904    29.032
  3   0  -3    2   0.18091    29.342
  1   4   2    4   0.18112    29.377
  0   1   5    4   0.18150    29.440
  1   0  -5    2   0.18172    29.476
  3   2  -2    4   0.18227    29.568
  2   1   4    4   0.18279    29.655
  0   3   4    4   0.18456    29.948
  3   1  -3    4   0.18515    30.046
  2   3  -3    4   0.18553    30.109
  1   1  -5    4   0.18594    30.177
  1   0   5    2   0.18680    30.320
  2   2  -4    4   0.18728    30.400
  2   4   0    4   0.18738    30.417
  3   2   2    4   0.18833    30.575
  1   3  -4    4   0.18942    30.756
  2   4  -1    4   0.18972    30.806
  3   0   3    2   0.19000    30.852
  0   4   3    4   0.19010    30.870
  1   1   5    4   0.19091    31.004
  2   3   3    4   0.19149    31.101
  2   4   1    4   0.19168    31.133
  3   3   0    4   0.19257    31.281
  1   3   4    4   0.19334    31.408
  0   2   5    4   0.19390    31.503
  3   1   3    4   0.19404    31.526
  3   3  -1    4   0.19437    31.580
  2   2   4    4   0.19511    31.705
  1   4  -3    4   0.19531    31.737
  0   5   0    2   0.19701    32.020
  3   3   1    4   0.19724    32.059
  3   2  -3    4   0.19732    32.073
  1   2  -5    4   0.19807    32.197
  1   4   3    4   0.19816    32.214
  2   4  -2    4   0.19846    32.262
  2   0  -5    2   0.19947    32.432
  0   5   1    4   0.20017    32.548
  2   4   2    4   0.20220    32.887
  3   0  -4    2   0.20237    32.917
  3   3  -2    4   0.20244    32.929
  4   0   0    2   0.20271    32.973
  1   2   5    4   0.20274    32.979
  2   1  -5    4   0.20332    33.076
  1   5   0    4   0.20342    33.092
  4   0  -1    2   0.20395    33.181
  3   2   3    4   0.20569    33.473
  1   5  -1    4   0.20603    33.529
  3   1  -4    4   0.20617    33.553
  4   1   0    4   0.20650    33.608
  1   5   1    4   0.20694    33.681
  2   3  -4    4   0.20697    33.686
  4   0   1    2   0.20759    33.791
  4   1  -1    4   0.20772    33.813
  3   3   2    4   0.20792    33.846
  2   0   5    2   0.20865    33.969
  0   5   2    4   0.20936    34.088
  4   0  -2    2   0.21122    34.400
  4   1   1    4   0.21130    34.413
  0   4   4    4   0.21196    34.525
  2   1   5    4   0.21234    34.588
  0   0   6    2   0.21260    34.632
  2   4  -3    4   0.21281    34.667
  0   3   5    4   0.21298    34.696
  3   0   4    2   0.21319    34.731
  2   3   4    4   0.21408    34.881
  2   2  -5    4   0.21447    34.946
  1   5  -2    4   0.21454    34.958
  4   1  -2    4   0.21486    35.012
  1   0  -6    2   0.21597    35.199
  3   3  -3    4   0.21610    35.220
  1   4  -4    4   0.21621    35.239
  0   1   6    4   0.21622    35.241
  1   5   2    4   0.21628    35.250
  1   3  -5    4   0.21678    35.335
  3   1   4    4   0.21680    35.338
  3   2  -4    4   0.21717    35.401
  4   2   0    4   0.21748    35.453
  2   4   3    4   0.21803    35.545
  4   0   2    2   0.21820    35.574
  4   2  -1    4   0.21864    35.649
  3   4   0    4   0.21898    35.705
  1   1  -6    4   0.21954    35.800
  1   4   4    4   0.21965    35.818
  3   4  -1    4   0.22056    35.971
  1   3   5    4   0.22106    36.056
  1   0   6    2   0.22112    36.066
  2   5   0    4   0.22155    36.139
  4   1   2    4   0.22173    36.169
  4   2   1    4   0.22205    36.223
  2   2   5    4   0.22303    36.390
  3   4   1    4   0.22309    36.399
  2   5  -1    4   0.22353    36.473
  3   3   3    4   0.22377    36.513
  0   5   3    4   0.22386    36.528
  4   0  -3    2   0.22392    36.540
  1   1   6    4   0.22460    36.654
  2   5   1    4   0.22520    36.755
  4   2  -2    4   0.22544    36.796
  0   2   6    4   0.22674    37.016
  3   2   4    4   0.22729    37.108
  3   0  -5    2   0.22736    37.121
  4   1  -3    4   0.22736    37.121
  3   4  -2    4   0.22771    37.179
  1   5  -3    4   0.22829    37.279
  1   2  -6    4   0.22990    37.551
  2   0  -6    2   0.23070    37.687
  1   5   3    4   0.23074    37.693
  3   1  -5    4   0.23075    37.695
  2   5  -2    4   0.23099    37.736
  2   4  -4    4   0.23174    37.862
  2   3  -5    4   0.23186    37.884
  4   2   2    4   0.23199    37.905
  3   4   2    4   0.23259    38.007
  4   0   3    2   0.23375    38.203
  2   1  -6    4   0.23405    38.254
  2   5   2    4   0.23421    38.282
  3   3  -4    4   0.23436    38.308
  4   3   0    4   0.23465    38.357
  1   2   6    4   0.23474    38.372
  4   3  -1    4   0.23573    38.540
  0   6   0    2   0.23641    38.655
  4   1   3    4   0.23704    38.764
  0   4   5    4   0.23712    38.777
  4   2  -3    4   0.23738    38.821
  2   4   4    4   0.23812    38.946
  4   3   1    4   0.23889    39.077
  0   6   1    4   0.23905    39.104
  3   0   5    2   0.23940    39.164
  2   3   5    4   0.23981    39.234
  3   4  -3    4   0.23993    39.255
  2   0   6    2   0.24025    39.309
  1   4  -5    4   0.24054    39.359
  3   2  -5    4   0.24063    39.374
  4   0  -4    2   0.24121    39.472
  1   6   0    4   0.24178    39.570
  4   3  -2    4   0.24204    39.615
  3   1   5    4   0.24262    39.713
  0   5   4    4   0.24269    39.726
  0   3   6    4   0.24325    39.821
  2   5  -3    4   0.24343    39.852
  2   1   6    4   0.24346    39.857
  3   3   4    4   0.24377    39.909
  2   2  -6    4   0.24379    39.913
  1   6  -1    4   0.24398    39.945
  1   4   5    4   0.24440    40.018
  4   1  -4    4   0.24440    40.018
  1   6   1    4   0.24474    40.076
  1   3  -6    4   0.24620    40.325
  1   5  -4    4   0.24641    40.361
  4   2   3    4   0.24667    40.405
  0   6   2    4   0.24680    40.427
  3   4   3    4   0.24686    40.437
  2   5   3    4   0.24801    40.634
  0   0   7    2   0.24804    40.639
  4   3   2    4   0.24816    40.659
  3   5   0    4   0.24885    40.777
  1   5   4    4   0.24943    40.878
  3   5  -1    4   0.25023    41.015
  1   0  -7    2   0.25056    41.070
  1   3   6    4   0.25073    41.099
  0   1   7    4   0.25115    41.171
  1   6  -2    4   0.25120    41.181
  3   2   5    4   0.25203    41.323
  3   5   1    4   0.25247    41.398
  1   6   2    4   0.25269    41.436
  2   2   6    4   0.25284    41.462
  4   3  -3    4   0.25321    41.524
  4   0   4    2   0.25333    41.545
  5   0   0    2   0.25338    41.554
  1   1  -7    4   0.25364    41.598
  4   2  -4    4   0.25375    41.618
  5   0  -1    2   0.25401    41.662
  2   4  -5    4   0.25422    41.698
  3   0  -6    2   0.25484    41.804
  1   0   7    2   0.25574    41.959
  3   3  -5    4   0.25625    42.047
  4   1   4    4   0.25637    42.068
  5   1   0    4   0.25643    42.077
  3   4  -4    4   0.25650    42.090
  3   5  -2    4   0.25656    42.100
  4   4   0    4   0.25677    42.136
  5   1  -1    4   0.25705    42.184
  2   6   0    4   0.25722    42.213
  5   0   1    2   0.25767    42.291
  4   4  -1    4   0.25775    42.305
  3   1  -6    4   0.25786    42.324
  1   1   7    4   0.25876    42.478
  2   6  -1    4   0.25892    42.507
  0   6   3    4   0.25921    42.556
  2   3  -6    4   0.25922    42.558
  5   0  -2    2   0.25952    42.610
  2   5  -4    4   0.26014    42.717
  0   2   7    4   0.26025    42.736
  2   6   1    4   0.26037    42.755
  4   4   1    4   0.26064    42.802
  5   1   1    4   0.26067    42.807
  3   5   2    4   0.26090    42.848
  2   4   5    4   0.26148    42.948
  4   3   3    4   0.26193    43.025
  4   0  -5    2   0.26217    43.066
  5   1  -2    4   0.26249    43.122
  1   2  -7    4   0.26266    43.150
  2   0  -7    2   0.26301    43.210
  1   6  -3    4   0.26305    43.218
  4   4  -2    4   0.26354    43.302
  0   4   6    4   0.26465    43.494
  0   5   5    4   0.26495    43.547
  4   1  -5    4   0.26511    43.574
  3   4   4    4   0.26512    43.575
  1   6   3    4   0.26518    43.585
  4   2   4    4   0.26530    43.607
  5   2   0    4   0.26535    43.615
  2   6  -2    4   0.26539    43.622
  2   5   4    4   0.26584    43.700
  2   1  -7    4   0.26594    43.717
  5   2  -1    4   0.26595    43.719
  5   0   2    2   0.26664    43.838
  3   2  -6    4   0.26674    43.856
  3   3   5    4   0.26699    43.899
  1   4  -6    4   0.26736    43.963
  3   5  -3    4   0.26747    43.981
  1   2   7    4   0.26760    44.005
  3   0   6    2   0.26774    44.028
  2   3   6    4   0.26775    44.031
  1   5  -5    4   0.26801    44.076
  2   6   2    4   0.26820    44.108
  4   3  -4    4   0.26861    44.180
  4   4   2    4   0.26916    44.275
  5   2   1    4   0.26945    44.325
  5   1   2    4   0.26954    44.339
  5   0  -3    2   0.26962    44.353
  3   1   6    4   0.27062    44.528
  5   2  -2    4   0.27122    44.631
  1   5   5    4   0.27149    44.677
  1   4   6    4   0.27154    44.686
  5   1  -3    4   0.27248    44.850
  2   0   7    2   0.27280    44.905
  3   5   3    4   0.27370    45.061
  4   2  -5    4   0.27375    45.071
  4   4  -3    4   0.27383    45.083
  2   2  -7    4   0.27456    45.211
  0   3   7    4   0.27476    45.246
  2   1   7    4   0.27563    45.396
  0   6   4    4   0.27564    45.399
  0   7   0    2   0.27581    45.428
  4   0   5    2   0.27609    45.477
  2   6  -3    4   0.27629    45.512
  3   4  -5    4   0.27664    45.573
  1   3  -7    4   0.27704    45.642
  5   2   2    4   0.27804    45.817
  0   7   1    4   0.27807    45.822
  4   1   5    4   0.27889    45.964
  1   6  -4    4   0.27892    45.970
  3   2   6    4   0.27910    46.000
  2   4  -6    4   0.27940    46.053
  4   3   4    4   0.27955    46.079
  5   3   0    4   0.27960    46.088
  5   0   3    2   0.27984    46.131
  5   3  -1    4   0.28017    46.187
  2   6   3    4   0.28033    46.215
  2   5  -5    4   0.28036    46.220
  1   7   0    4   0.28042    46.232
  5   2  -3    4   0.28090    46.314
  3   3  -6    4   0.28091    46.318
  3   6   0    4   0.28107    46.345
  1   6   4    4   0.28159    46.436
  1   3   7    4   0.28173    46.461
  4   4   3    4   0.28192    46.492
  3   6  -1    4   0.28230    46.560
  1   7  -1    4   0.28232    46.563
  3   5  -4    4   0.28243    46.582
  5   1   3    4   0.28260    46.612
  4   5   0    4   0.28267    46.623
  1   7   1    4   0.28299    46.679
  0   0   8    2   0.28347    46.764
  5   3   1    4   0.28349    46.767
  4   5  -1    4   0.28356    46.780
  5   0  -4    2   0.28380    46.822
  2   2   7    4   0.28395    46.848
  3   0  -7    2   0.28408    46.870
  3   6   1    4   0.28429    46.906
  0   7   2    4   0.28477    46.991
  5   3  -2    4   0.28517    47.061
  1   0  -8    2   0.28535    47.093
  4   0  -6    2   0.28600    47.206
  4   5   1    4   0.28619    47.240
  0   1   8    4   0.28620    47.241
  5   1  -4    4   0.28653    47.298
  3   4   5    4   0.28662    47.315
  3   1  -7    4   0.28680    47.346
  2   5   5    4   0.28696    47.374
  4   2   5    4   0.28711    47.402
  2   4   6    4   0.28733    47.440
  4   3  -5    4   0.28758    47.484
  3   6  -2    4   0.28792    47.543
  1   1  -8    4   0.28806    47.567
  4   4  -4    4   0.28813    47.580
  2   3  -7    4   0.28835    47.618
  1   7  -2    4   0.28859    47.661
  4   1  -6    4   0.28870    47.679
  4   5  -2    4   0.28883    47.703
  0   5   6    4   0.28985    47.881
  1   7   2    4   0.28989    47.888
  3   5   4    4   0.29028    47.956
  1   0   8    2   0.29056    48.005
  5   2   3    4   0.29073    48.035
  2   6  -4    4   0.29112    48.104
  5   3   2    4   0.29167    48.200
  3   6   2    4   0.29180    48.224
  1   5  -6    4   0.29233    48.317
  3   3   6    4   0.29267    48.377
  1   1   8    4   0.29322    48.473
  2   7   0    4   0.29384    48.583
  0   4   7    4   0.29387    48.589
  4   5   2    4   0.29398    48.606
  0   2   8    4   0.29422    48.650
  5   3  -3    4   0.29439    48.679
  5   2  -4    4   0.29454    48.706
  3   2  -7    4   0.29481    48.753
  2   7  -1    4   0.29534    48.846
  0   6   5    4   0.29543    48.862
  0   7   3    4   0.29558    48.890
  1   4  -7    4   0.29600    48.964
  2   0  -8    2   0.29603    48.968
  1   2  -8    4   0.29603    48.969
  1   5   6    4   0.29615    48.989
  2   6   4    4   0.29622    49.002
  2   7   1    4   0.29660    49.069
  4   2  -6    4   0.29665    49.078
  5   0   4    2   0.29671    49.089
  2   3   7    4   0.29730    49.193
  3   0   7    2   0.29761    49.246
  3   6  -3    4   0.29768    49.260
  1   6  -5    4   0.29818    49.347
  4   5  -3    4   0.29825    49.360
  4   4   4    4   0.29835    49.378
  5   4   0    4   0.29840    49.386
  2   1  -8    4   0.29864    49.428
  5   4  -1    4   0.29893    49.480
  1   7  -3    4   0.29896    49.485
  5   1   4    4   0.29932    49.548
  3   4  -6    4   0.29963    49.604
  3   1   7    4   0.30020    49.705
  4   3   5    4   0.30033    49.727
  1   4   7    4   0.30040    49.740
  1   7   3    4   0.30083    49.816
  3   5  -5    4   0.30084    49.817
  2   7  -2    4   0.30102    49.850
  1   2   8    4   0.30105    49.855
  1   6   5    4   0.30130    49.899
  4   0   6    2   0.30131    49.900
  5   0  -5    2   0.30151    49.936
  5   4   1    4   0.30205    50.032
  3   6   3    4   0.30329    50.252
  2   5  -6    4   0.30337    50.266
  2   7   2    4   0.30350    50.289
  5   4  -2    4   0.30363    50.311
  5   3   3    4   0.30378    50.339
  4   1   6    4   0.30387    50.355
  6   0   0    2   0.30406    50.388
  5   1  -5    4   0.30407    50.390
  6   0  -1    2   0.30427    50.426
  4   5   3    4   0.30569    50.678
  4   4  -5    4   0.30589    50.713
  2   0   8    2   0.30598    50.729
  2   2  -8    4   0.30633    50.792
  6   1   0    4   0.30660    50.839
  2   4  -7    4   0.30661    50.841
  6   1  -1    4   0.30681    50.877
  5   2   4    4   0.30700    50.909
  0   3   8    4   0.30713    50.933
  5   3  -4    4   0.30744    50.987
  3   3  -7    4   0.30769    51.032
  3   2   7    4   0.30786    51.063
  6   0   1    2   0.30795    51.078
  2   1   8    4   0.30851    51.178
  6   0  -2    2   0.30859    51.192
  1   3  -8    4   0.30886    51.241
  2   6  -5    4   0.30932    51.322
  4   3  -6    4   0.30946    51.347
  5   4   2    4   0.30974    51.396
  3   5   5    4   0.31004    51.450
  0   7   4    4   0.31010    51.460
  6   1   1    4   0.31046    51.525
  2   7  -3    4   0.31067    51.563
  3   4   6    4   0.31068    51.565
  2   5   6    4   0.31070    51.567
  6   1  -2    4   0.31109    51.638
  3   6  -4    4   0.31119    51.656
  4   6   0    4   0.31141    51.695
  4   5  -4    4   0.31144    51.699
  4   2   6    4   0.31144    51.700
  5   2  -5    4   0.31164    51.735
  4   0  -7    2   0.31204    51.806
  4   6  -1    4   0.31222    51.840
  5   4  -3    4   0.31230    51.853
  1   7  -4    4   0.31301    51.981
  1   3   8    4   0.31368    52.099
  6   2   0    4   0.31410    52.175
  2   7   3    4   0.31427    52.205
  6   2  -1    4   0.31431    52.213
  4   1  -7    4   0.31451    52.249
  3   0  -8    2   0.31460    52.264
  4   6   1    4   0.31461    52.267
  3   7   0    4   0.31493    52.323
  2   4   7    4   0.31505    52.344
  0   8   0    2   0.31521    52.373
  2   6   5    4   0.31531    52.392
  1   7   4    4   0.31540    52.407
  6   0   2    2   0.31579    52.476
  2   2   8    4   0.31597    52.508
  3   7  -1    4   0.31603    52.520
  5   0   5    2   0.31666    52.633
  0   5   7    4   0.31676    52.649
  6   0  -3    2   0.31683    52.662
  4   6  -2    4   0.31702    52.697
  3   1  -8    4   0.31706    52.703
  0   8   1    4   0.31719    52.728
  3   7   1    4   0.31781    52.837
  6   2   1    4   0.31787    52.849
  4   4   5    4   0.31791    52.855
  0   6   6    4   0.31794    52.862
  6   1   2    4   0.31824    52.914
  3   6   4    4   0.31834    52.932
  6   2  -2    4   0.31849    52.960
  1   5  -7    4   0.31873    53.004
  2   3  -8    4   0.31875    53.007
  0   0   9    2   0.31891    53.035
  5   1   5    4   0.31910    53.070
  1   8   0    4   0.31926    53.097
  6   1  -3    4   0.31927    53.099
  5   3   4    4   0.31939    53.121
  1   6  -6    4   0.32021    53.268
  3   3   7    4   0.32022    53.270
  1   0  -9    2   0.32029    53.282
  4   5   4    4   0.32092    53.395
  1   8  -1    4   0.32093    53.397
  5   5   0    4   0.32096    53.403
  3   7  -2    4   0.32106    53.422
  5   4   3    4   0.32117    53.441
  0   1   9    4   0.32133    53.470
  5   5  -1    4   0.32145    53.492
  1   8   1    4   0.32151    53.502
  4   6   2    4   0.32171    53.538
  4   2  -7    4   0.32183    53.560
  3   5  -6    4   0.32211    53.609
  5   0  -6    2   0.32215    53.618
  1   1  -9    4   0.32270    53.716
  1   5   7    4   0.32282    53.738
  0   8   2    4   0.32308    53.784
  4   3   6    4   0.32366    53.889
  1   6   6    4   0.32370    53.895
  5   3  -5    4   0.32385    53.923
  2   7  -4    4   0.32393    53.938
  3   2  -8    4   0.32432    54.007
  0   4   8    4   0.32434    54.011
  5   5   1    4   0.32435    54.014
  3   7   2    4   0.32454    54.048
  5   1  -6    4   0.32455    54.049
  5   4  -4    4   0.32463    54.063
  3   4  -7    4   0.32487    54.106
  6   2   2    4   0.32547    54.215
  1   0   9    2   0.32551    54.221
  4   6  -3    4   0.32562    54.242
  5   5  -2    4   0.32583    54.279
  1   4  -8    4   0.32598    54.307
  6   3   0    4   0.32623    54.351
  5   2   5    4   0.32632    54.368
  6   3  -1    4   0.32643    54.387
  1   8  -2    4   0.32645    54.392
  6   2  -3    4   0.32648    54.397
  4   4  -6    4   0.32655    54.409
  6   0   3    2   0.32730    54.544
  1   8   2    4   0.32760    54.599
  0   7   5    4   0.32781    54.637
  1   1   9    4   0.32788    54.650
  4   5  -5    4   0.32794    54.660
  3   6  -5    4   0.32799    54.670
  2   3   8    4   0.32802    54.675
  4   0   7    2   0.32842    54.746
  0   2   9    4   0.32850    54.761
  2   7   4    4   0.32853    54.766
  3   0   8    2   0.32858    54.776
  2   5  -7    4   0.32861    54.781
  6   0  -4    2   0.32870    54.798
  2   0  -9    2   0.32955    54.951
  6   1   3    4   0.32966    54.971
  1   2  -9    4   0.32984    55.003
  3   7  -3    4   0.32984    55.004
  6   3   1    4   0.32985    55.006
  1   7  -5    4   0.33029    55.085
  2   6  -6    4   0.33032    55.091
  6   3  -2    4   0.33045    55.114
  1   4   8    4   0.33055    55.132
  4   1   7    4   0.33077    55.172
  3   1   8    4   0.33093    55.201
  6   1  -4    4   0.33105    55.223
  2   8   0    4   0.33110    55.232
  5   5   2    4   0.33153    55.309
  5   2  -6    4   0.33165    55.331
  2   1  -9    4   0.33189    55.375
  3   5   6    4   0.33241    55.469
  2   8  -1    4   0.33243    55.473
  4   6   3    4   0.33245    55.477
  0   8   3    4   0.33265    55.513
  1   7   5    4   0.33311    55.596
  2   8   1    4   0.33356    55.677
  4   3  -7    4   0.33367    55.698
  5   5  -3    4   0.33392    55.743
  1   2   9    4   0.33491    55.922
  3   7   3    4   0.33492    55.924
  2   4  -8    4   0.33537    56.005
  1   8  -3    4   0.33565    56.057
  5   4   4    4   0.33597    56.115
  3   3  -8    4   0.33607    56.134
  3   6   5    4   0.33645    56.203
  2   5   7    4   0.33649    56.211
  6   2   3    4   0.33665    56.239
  3   4   7    4   0.33676    56.259
  2   6   6    4   0.33706    56.313
  6   3   2    4   0.33718    56.336
  1   8   3    4   0.33732    56.361
  2   8  -2    4   0.33749    56.392
  4   2   7    4   0.33774    56.437
  4   6  -4    4   0.33774    56.437
  3   2   8    4   0.33790    56.466
  5   3   5    4   0.33800    56.485
  6   2  -4    4   0.33801    56.487
  6   3  -3    4   0.33816    56.513
  2   2  -9    4   0.33884    56.637
  5   0   6    2   0.33915    56.694
  4   5   5    4   0.33917    56.698
  2   0   9    2   0.33962    56.781
  2   8   2    4   0.33971    56.795
  4   0  -8    2   0.33978    56.809
  4   4   6    4   0.34004    56.856
  0   3   9    4   0.34011    56.868
  5   4  -5    4   0.34022    56.888
  2   7  -5    4   0.34038    56.918
  1   3  -9    4   0.34140    57.105
  5   1   6    4   0.34143    57.110
  2   1   9    4   0.34190    57.196
  4   1  -8    4   0.34206    57.225
  3   7  -4    4   0.34209    57.230
  6   0   4    2   0.34211    57.233
  5   5   3    4   0.34223    57.257
  4   7   0    4   0.34229    57.266
  6   4   0    4   0.34248    57.301
  0   6   7    4   0.34265    57.333
  6   4  -1    4   0.34267    57.336
  4   7  -1    4   0.34302    57.401
  5   3  -6    4   0.34315    57.425
  6   0  -5    2   0.34383    57.549
  2   4   8    4   0.34419    57.614
  6   1   4    4   0.34437    57.647
  1   6  -7    4   0.34448    57.668
  4   7   1    4   0.34520    57.800
  0   5   8    4   0.34521    57.801
  5   0  -7    2   0.34521    57.801
  5   5  -4    4   0.34548    57.851
  0   8   4    4   0.34561    57.875
  3   5  -7    4   0.34571    57.892
  2   7   5    4   0.34584    57.917
  6   4   1    4   0.34593    57.934
  3   0  -9    2   0.34606    57.957
  6   1  -5    4   0.34608    57.961
  2   8  -3    4   0.34613    57.970
  1   3   9    4   0.34630    58.002
  4   6   4    4   0.34650    58.038
  6   4  -2    4   0.34650    58.039
  5   6   0    4   0.34654    58.045
  1   5  -8    4   0.34675    58.084
  5   6  -1    4   0.34700    58.130
  4   5  -6    4   0.34728    58.182
  4   7  -2    4   0.34739    58.202
  5   1  -7    4   0.34745    58.212
  3   6  -6    4   0.34761    58.241
  6   3   3    4   0.34799    58.311
  5   2   6    4   0.34818    58.347
  1   8  -4    4   0.34823    58.356
  0   7   6    4   0.34824    58.357
  1   6   7    4   0.34827    58.363
  3   1  -9    4   0.34829    58.367
  3   7   4    4   0.34860    58.423
  2   2   9    4   0.34865    58.432
  4   2  -8    4   0.34880    58.460
  4   3   7    4   0.34904    58.505
  3   3   8    4   0.34919    58.533
  6   3  -4    4   0.34931    58.554
  2   8   3    4   0.34936    58.564
  4   4  -7    4   0.34958    58.604
  5   6   1    4   0.34969    58.624
  3   8   0    4   0.34996    58.673
  2   3  -9    4   0.35010    58.700
  1   7  -6    4   0.35031    58.737
  1   8   4    4   0.35038    58.750
  3   8  -1    4   0.35095    58.855
  1   5   8    4   0.35105    58.874
  5   6  -2    4   0.35105    58.875
  6   2   4    4   0.35106    58.877
  4   7   2    4   0.35168    58.991
  3   4  -8    4   0.35187    59.026
  3   8   1    4   0.35254    59.150
  6   2  -5    4   0.35275    59.187
  6   4   2    4   0.35293    59.221
  4   6  -5    4   0.35302    59.237
  1   7   6    4   0.35350    59.326
  2   6  -7    4   0.35364    59.352
  5   4   5    4   0.35371    59.366
  6   4  -3    4   0.35386    59.393
  5   2  -7    4   0.35409    59.435
  0   0  10    2   0.35434    59.481
  0   9   0    2   0.35461    59.531
  7   0  -1    2   0.35466    59.540
  7   0   0    2   0.35473    59.554
  3   2  -9    4   0.35492    59.588
  4   7  -3    4   0.35526    59.652
  1   0 -10    2   0.35532    59.662
  3   8  -2    4   0.35548    59.693
  2   5  -8    4   0.35559    59.712
  0   4   9    4   0.35572    59.737
  5   5   4    4   0.35616    59.818
  5   6   2    4   0.35635    59.853
  0   9   1    4   0.35638    59.858
  0   1  10    4   0.35652    59.885
  7   1  -1    4   0.35684    59.943
  3   5   7    4   0.35690    59.956
  7   1   0    4   0.35692    59.958
  1   4  -9    4   0.35696    59.967
  4   0   8    2   0.35699    59.971
  3   6   6    4   0.35717    60.006
  3   7  -5    4   0.35744    60.055
  1   1 -10    4   0.35750    60.066
  2   8  -4    4   0.35808    60.173
  7   0  -2    2   0.35810    60.177
  1   9   0    4   0.35821    60.198
  7   0   1    2   0.35833    60.221
  5   6  -3    4   0.35858    60.267
  3   8   2    4   0.35863    60.276
  5   4  -6    4   0.35864    60.277
  4   1   8    4   0.35916    60.373
  5   3   6    4   0.35916    60.374
  2   7  -6    4   0.35958    60.451
  2   3   9    4   0.35961    60.457
  1   9  -1    4   0.35970    60.474
  4   3  -8    4   0.35975    60.484
  6   0   5    2   0.35981    60.494
  4   5   6    4   0.36000    60.529
  5   5  -5    4   0.36017    60.561
  1   9   1    4   0.36022    60.571
  7   1  -2    4   0.36026    60.579
  3   0   9    2   0.36038    60.600
  7   1   1    4   0.36049    60.622
  1   0  10    2   0.36055    60.633
  2   6   7    4   0.36098    60.712
  4   7   3    4   0.36153    60.815
  0   8   5    4   0.36159    60.825
  0   9   2    4   0.36162    60.831
  1   4   9    4   0.36165    60.838
  6   0  -6    2   0.36181    60.867
  6   3   4    4   0.36195    60.893
  6   1   5    4   0.36196    60.894
  2   8   4    4   0.36224    60.946
  6   5   0    4   0.36230    60.958
  6   5  -1    4   0.36248    60.992
  3   1   9    4   0.36252    60.999
  1   1  10    4   0.36270    61.032
  0   2  10    4   0.36300    61.087
  6   4   3    4   0.36327    61.138
  7   2  -1    4   0.36330    61.145
  7   2   0    4   0.36338    61.159
  2   0 -10    2   0.36343    61.168
  3   8  -3    4   0.36343    61.169
  4   6   5    4   0.36347    61.176
  6   3  -5    4   0.36358    61.197
  5   0   7    2   0.36370    61.219
  1   8  -5    4   0.36384    61.244
  2   5   8    4   0.36392    61.259
  6   1  -6    4   0.36395    61.265
  1   2 -10    4   0.36395    61.265
  4   4   7    4   0.36428    61.326
  3   4   8    4   0.36442    61.353
  6   4  -4    4   0.36453    61.374
  1   9  -2    4   0.36464    61.394
  5   3  -7    4   0.36488    61.439
  7   0  -3    2   0.36497    61.455
  3   7   5    4   0.36521    61.501
  2   4  -9    4   0.36529    61.516
  7   0   2    2   0.36535    61.526
  2   1 -10    4   0.36556    61.566
  6   5   1    4   0.36557    61.567
  4   2   8    4   0.36558    61.569
  1   9   2    4   0.36567    61.586
  3   3  -9    4   0.36569    61.589
  2   7   6    4   0.36577    61.605
  5   1   7    4   0.36583    61.616
  6   5  -2    4   0.36611    61.668
  5   6   3    4   0.36633    61.710
  1   8   5    4   0.36640    61.723
  4   7  -4    4   0.36640    61.723
  7   2  -2    4   0.36667    61.773
  7   2   1    4   0.36690    61.815
  7   1  -3    4   0.36709    61.851
  7   1   2    4   0.36747    61.922
  3   8   3    4   0.36804    62.030
  6   2   5    4   0.36833    62.084
  2   9   0    4   0.36881    62.173
  4   0  -9    2   0.36884    62.180
  3   2   9    4   0.36889    62.189
  4   5  -7    4   0.36902    62.213
  1   2  10    4   0.36906    62.221
  0   6   8    4   0.36911    62.230
  5   6  -4    4   0.36937    62.278
  3   6  -7    4   0.36958    62.318
  2   9  -1    4   0.37000    62.397
  0   9   3    4   0.37020    62.434
  5   0  -8    2   0.37022    62.438
  6   2  -6    4   0.37029    62.451
  1   6  -8    4   0.37056    62.501
  0   7   7    4   0.37093    62.572
  4   1  -9    4   0.37094    62.573
  2   9   1    4   0.37101    62.586
  4   6  -6    4   0.37106    62.594
  3   5  -8    4   0.37119    62.620
  2   2 -10    4   0.37188    62.749
  5   2   7    4   0.37214    62.799
  6   5   2    4   0.37220    62.809
  5   1  -8    4   0.37231    62.831
  1   7  -7    4   0.37262    62.889
  1   9  -3    4   0.37290    62.941
  5   5   5    4   0.37294    62.949
  2   8  -5    4   0.37302    62.964
  6   5  -3    4   0.37308    62.975
  7   2  -3    4   0.37338    63.031
  0   3  10    4   0.37354    63.061
  2   0  10    2   0.37360    63.072
  7   2   2    4   0.37375    63.101
  7   3  -1    4   0.37383    63.117
  7   3   0    4   0.37391    63.131
  5   4   6    4   0.37398    63.144
  1   9   3    4   0.37440    63.224
  2   4   9    4   0.37441    63.226
  1   3 -10    4   0.37446    63.235
  4   7   4    4   0.37449    63.241
  5   7   0    4   0.37453    63.248
  4   4  -8    4   0.37455    63.252
  2   9  -2    4   0.37456    63.253
  3   8  -4    4   0.37458    63.257
  1   6   8    4   0.37458    63.258
  4   8   0    4   0.37476    63.291
  0   5   9    4   0.37485    63.308
  5   7  -1    4   0.37495    63.328
  7   0  -4    2   0.37507    63.350
  4   8  -1    4   0.37544    63.419
  3   7  -6    4   0.37551    63.433
  7   0   3    2   0.37559    63.448
  2   1  10    4   0.37567    63.463
  1   5  -9    4   0.37602    63.530
  4   3   8    4   0.37605    63.534
  1   7   7    4   0.37613    63.549
  2   9   2    4   0.37655    63.629
  6   4   4    4   0.37666    63.650
  7   3  -2    4   0.37710    63.734
  7   1  -4    4   0.37714    63.740
  4   2  -9    4   0.37717    63.746
  7   3   1    4   0.37733    63.775
  4   8   1    4   0.37743    63.794
  5   7   1    4   0.37744    63.798
  5   5  -6    4   0.37762    63.830
  7   1   3    4   0.37765    63.837
  2   8   5    4   0.37801    63.905
  3   0 -10    2   0.37822    63.944
  6   4  -5    4   0.37823    63.947
  5   2  -8    4   0.37852    64.001
  5   7  -2    4   0.37871    64.037
  6   3   5    4   0.37872    64.040
  2   6  -8    4   0.37884    64.062
  3   3   9    4   0.37927    64.143
  5   6   4    4   0.37938    64.163
  4   8  -2    4   0.37943    64.174
  1   3  10    4   0.37943    64.174
  5   4  -7    4   0.37948    64.183
  6   0   6    2   0.37999    64.280
  3   6   7    4   0.38008    64.296
  0   8   6    4   0.38021    64.320
  3   4  -9    4   0.38026    64.330
  3   1 -10    4   0.38027    64.332
  1   5   9    4   0.38048    64.373
  4   7  -5    4   0.38053    64.381
  3   8   4    4   0.38053    64.383
  6   3  -6    4   0.38063    64.401
  2   7  -7    4   0.38111    64.491
  2   2  10    4   0.38182    64.626
  0   9   4    4   0.38189    64.639
  6   5   3    4   0.38201    64.663
  6   1   6    4   0.38203    64.667
  1   8  -6    4   0.38210    64.680
  2   3 -10    4   0.38217    64.693
  6   0  -7    2   0.38224    64.706
  2   9  -3    4   0.38236    64.728
  5   3   7    4   0.38243    64.743
  4   5   7    4   0.38297    64.846
  4   6   6    4   0.38298    64.847
  3   5   8    4   0.38311    64.872
  5   6  -5    4   0.38314    64.877
  6   5  -4    4   0.38322    64.892
  7   2  -4    4   0.38326    64.900
  4   8   2    4   0.38336    64.920
  5   7   2    4   0.38362    64.969
  7   3  -3    4   0.38363    64.971
  7   2   3    4   0.38377    64.997
  2   5  -9    4   0.38394    65.030
  7   3   2    4   0.38400    65.040
  1   9  -4    4   0.38426    65.090
  6   1  -7    4   0.38426    65.091
  3   7   6    4   0.38439    65.115
  1   8   6    4   0.38503    65.237
  6   6   0    4   0.38515    65.259
  2   9   3    4   0.38529    65.285
  6   6  -1    4   0.38532    65.292
  5   7  -3    4   0.38570    65.364
  3   9   0    4   0.38583    65.388
  1   9   4    4   0.38621    65.461
  3   2 -10    4   0.38634    65.487
  4   8  -3    4   0.38665    65.546
  2   6   8    4   0.38667    65.550
  4   0   9    2   0.38670    65.555
  3   9  -1    4   0.38672    65.560
  4   3  -9    4   0.38732    65.674
  0   4  10    4   0.38781    65.767
  2   7   7    4   0.38793    65.790
  6   2   6    4   0.38808    65.819
  7   4  -1    4   0.38810    65.822
  7   0  -5    2   0.38816    65.834
  7   4   0    4   0.38817    65.836
  3   9   1    4   0.38817    65.837
  6   6   1    4   0.38823    65.846
  5   3  -8    4   0.38863    65.925
  3   8  -5    4   0.38865    65.928
  4   1   9    4   0.38870    65.937
  1   4 -10    4   0.38870    65.938
  6   6  -2    4   0.38873    65.944
  7   0   4    2   0.38881    65.958
  0   0  11    2   0.38977    66.143
  5   0   8    2   0.38994    66.174
  7   1  -5    4   0.39016    66.216
  4   4   8    4   0.39023    66.230
  4   7   5    4   0.39025    66.234
  6   2  -7    4   0.39028    66.239
  1   0 -11    2   0.39042    66.267
  2   8  -6    4   0.39062    66.304
  7   1   4    4   0.39080    66.339
  3   9  -2    4   0.39084    66.348
  7   4  -2    4   0.39125    66.425
  7   4   1    4   0.39146    66.466
  4   6  -7    4   0.39148    66.469
  0   1  11    4   0.39176    66.523
  2   3  10    4   0.39185    66.541
  5   1   8    4   0.39192    66.555
  5   5   6    4   0.39222    66.611
  1   1 -11    4   0.39241    66.648
  4   8   3    4   0.39242    66.650
  2   5   9    4   0.39263    66.690
  4   5  -8    4   0.39276    66.716
  3   0  10    2   0.39280    66.722
  6   4   5    4   0.39281    66.725
  5   7   3    4   0.39291    66.745
  2   9  -4    4   0.39321    66.801
  7   3  -4    4   0.39326    66.811
  3   4   9    4   0.39333    66.825
  1   4  10    4   0.39349    66.856
  3   6  -8    4   0.39352    66.862
  3   9   2    4   0.39371    66.898
  7   3   3    4   0.39375    66.906
  0  10   0    2   0.39401    66.956
  6   6   2    4   0.39447    67.045
  4   2   9    4   0.39464    67.078
  6   4  -6    4   0.39465    67.078
  3   1  10    4   0.39477    67.101
  6   5   4    4   0.39477    67.103
  5   6   5    4   0.39517    67.180
  6   6  -3    4   0.39531    67.205
  0   7   8    4   0.39551    67.244
  0  10   1    4   0.39560    67.262
  1   0  11    2   0.39567    67.275
  5   7  -4    4   0.39575    67.290
  3   8   5    4   0.39581    67.303
  3   7  -7    4   0.39594    67.328
  7   2  -5    4   0.39608    67.354
  2   4 -10    4   0.39613    67.364
  3   3 -10    4   0.39626    67.389
  6   5  -5    4   0.39627    67.391
  2   8   6    4   0.39633    67.402
  5   4   7    4   0.39638    67.413
  0   9   5    4   0.39641    67.417
  7   2   4    4   0.39671    67.476
  5   0  -9    2   0.39683    67.499
  1   7  -8    4   0.39686    67.504
  4   8  -4    4   0.39691    67.514
  0   6   9    4   0.39697    67.527
  2   9   4    4   0.39700    67.531
  1  10   0    4   0.39726    67.581
  4   7  -6    4   0.39732    67.594
  5   5  -7    4   0.39747    67.622
  7   4  -3    4   0.39754    67.637
  2   0 -11    2   0.39759    67.645
  1   1  11    4   0.39762    67.652
  0   2  11    4   0.39766    67.659
  5   2   8    4   0.39782    67.690
  7   4   2    4   0.39789    67.704
  6   3   6    4   0.39795    67.716
  1   6  -9    4   0.39808    67.741
  3   9  -3    4   0.39809    67.742
  3   5  -9    4   0.39820    67.764
  1   2 -11    4   0.39830    67.782
  1   9  -5    4   0.39846    67.813
  1  10  -1    4   0.39860    67.840
  5   1  -9    4   0.39878    67.876
  4   0 -10    2   0.39894    67.906
  1  10   1    4   0.39907    67.931
  2   1 -11    4   0.39953    68.021
  5   6  -6    4   0.39959    68.032
  6   3  -7    4   0.40010    68.130
  0  10   2    4   0.40033    68.176
  1   7   8    4   0.40062    68.231
  3   2  10    4   0.40062    68.232
  1   9   5    4   0.40080    68.267
  4   1 -10    4   0.40088    68.282
  0   8   7    4   0.40110    68.324
  4   4  -9    4   0.40111    68.326
  6   0   7    2   0.40230    68.557
  1   6   9    4   0.40230    68.557
  3   9   3    4   0.40230    68.558
  5   4  -8    4   0.40237    68.572
  1   8  -7    4   0.40266    68.628
  1  10  -2    4   0.40306    68.706
  1   2  11    4   0.40344    68.779
  6   6   3    4   0.40375    68.839
  7   0  -6    2   0.40394    68.877
  1  10   2    4   0.40399    68.886
  6   1   7    4   0.40422    68.931
  4   3   9    4   0.40436    68.958
  4   8   4    4   0.40439    68.964
  5   8   0    4   0.40442    68.970
  5   2  -9    4   0.40458    69.000
  2   7  -8    4   0.40460    69.005
  4   6   7    4   0.40465    69.015
  7   0   5    2   0.40470    69.024
  6   0  -8    2   0.40474    69.032
  3   6   8    4   0.40479    69.041
  5   8  -1    4   0.40482    69.047
  6   6  -4    4   0.40489    69.060
  5   7   4    4   0.40510    69.102
  8   0  -1    2   0.40511    69.104
  2   2 -11    4   0.40532    69.145
  3   8  -6    4   0.40534    69.148
  8   0   0    2   0.40541    69.162
  0   5  10    4   0.40542    69.165
  2   4  10    4   0.40548    69.176
  2   6  -9    4   0.40557    69.194
  7   5  -1    4   0.40570    69.219
  3   7   7    4   0.40576    69.230
  7   3  -5    4   0.40576    69.231
  7   5   0    4   0.40577    69.232
  7   1  -6    4   0.40586    69.250
  1   8   7    4   0.40590    69.259
  1   5 -10    4   0.40628    69.332
  7   3   4    4   0.40638    69.351
  7   1   5    4   0.40661    69.397
  4   2 -10    4   0.40665    69.404
  6   1  -8    4   0.40665    69.405
  2  10   0    4   0.40684    69.441
  7   4  -4    4   0.40684    69.441
  2   9  -5    4   0.40686    69.446
  8   1  -1    4   0.40702    69.477
  5   8   1    4   0.40713    69.497
  0   3  11    4   0.40730    69.532
  7   4   3    4   0.40732    69.535
  8   1   0    4   0.40732    69.535
  5   3   8    4   0.40746    69.562
  4   5   8    4   0.40774    69.617
  2   0  11    2   0.40782    69.633
  8   0  -2    2   0.40790    69.648
  2  10  -1    4   0.40792    69.652
  1   3 -11    4   0.40792    69.653
  0  10   3    4   0.40810    69.687
  3   9  -4    4   0.40829    69.725
  5   8  -2    4   0.40830    69.726
  4   9   0    4   0.40846    69.757
  4   7   6    4   0.40848    69.762
  5   7  -5    4   0.40863    69.791
  7   5  -2    4   0.40871    69.807
  8   0   1    2   0.40879    69.823
  2  10   1    4   0.40884    69.831
  7   5   1    4   0.40892    69.847
  4   9  -1    4   0.40908    69.878


