#   ttheta       IntUP     sIntUP    IntDOWN   sIntDOWN    IntDIFF   sIntDIFF
    4.60000       None       None       None       None       None       None
    4.80000       None       None       None       None       None       None
    5.00000       None       None       None       None       None       None
    5.20000       None       None       None       None       None       None
    5.40000       None       None       None       None       None       None
    5.60000       None       None       None       None       None       None
    5.80000       0.01       0.01       None       None      0.000      0.010
    6.00000       0.09       0.09       0.02       0.02      0.060      0.090
    6.20000       0.91       0.91       0.25       0.25      0.670      0.910
    6.40000       6.46       6.46       1.75       1.75      4.720      6.460
    6.60000      30.84      30.84       8.33       8.33     22.510     30.840
    6.80000     109.59     109.59      29.60      29.60     79.980    109.590
    7.00000     359.55     359.55      97.13      97.13    262.420    359.550
    7.20000    1145.68    1145.68     309.50     309.50    836.190   1145.680
    7.40000    2876.91    2876.91     777.23     777.23   2099.680   2876.910
    7.60000    4935.65    4935.65    1333.94    1333.94   3601.710   4935.650
    7.80000    5594.85    5594.85    1514.98    1514.98   4079.860   5594.850
    8.00000    4191.90    4191.90    1146.60    1146.60   3045.300   4191.900
    8.20000    2113.75    2113.75     618.71     618.71   1495.040   2113.750
    8.40000     877.21     877.21     395.59     395.59    481.620    877.210
    8.60000     748.68     748.68     646.37     646.37    102.310    748.680
    8.80000    1211.09    1211.09    1196.50    1196.50     14.580   1211.090
    9.00000    1540.99    1540.99    1539.55    1539.55      1.440   1540.990
    9.20000    1306.28    1306.28    1306.18    1306.18      0.100   1306.280
    9.40000     728.28     728.28     728.28     728.28      0.010    728.280
    9.60000     266.36     266.36     266.36     266.36      0.000    266.360
    9.80000      64.11      64.11      64.11      64.11      0.000     64.110
   10.00000      10.31      10.31      10.31      10.31      0.000     10.310
   10.20000       1.14       1.14       1.14       1.14      0.000      1.140
   10.40000       0.09       0.09       0.09       0.09      0.000      0.090
   10.60000       0.01       0.01       0.01       0.01      0.000      0.010
   10.80000       None       None       None       None       None       None
   11.00000       None       None       None       None       None       None
   11.20000       0.01       0.01       0.01       0.01      0.000      0.010
   11.40000       0.10       0.10       0.14       0.14     -0.040      0.100
   11.60000       0.72       0.72       1.02       1.02     -0.300      0.720
   11.80000       3.48       3.48       4.92       4.92     -1.440      3.480
   12.00000      12.65      12.65      17.86      17.86     -5.210     12.650
   12.20000      43.37      43.37      61.25      61.25    -17.880     43.370
   12.40000     138.84     138.84     196.08     196.08    -57.240    138.840
   12.60000     332.63     332.63     469.77     469.77   -137.140    332.630
   12.80000     533.07     533.07     752.84     752.84   -219.770    533.070
   13.00000     561.95     561.95     793.62     793.62   -231.670    561.950
   13.20000     391.50     391.50     552.90     552.90   -161.400    391.500
   13.40000     180.85     180.85     255.40     255.40    -74.550    180.850
   13.60000      55.73      55.73      78.62      78.62    -22.890     55.730
   13.80000      12.50      12.50      16.92      16.92     -4.420     12.500
   14.00000       7.08       7.08       5.91       5.91      1.170      7.080
   14.20000      21.51      21.51      14.30      14.30      7.210     21.510
   14.40000      73.00      73.00      48.01      48.01     24.990     73.000
   14.60000     244.85     244.85     160.57     160.57     84.290    244.850
   14.80000     673.27     673.27     439.97     439.97    233.300    673.270
   15.00000    1294.96    1294.96     839.92     839.92    455.030   1294.960
   15.20000    1711.71    1711.71    1081.42    1081.42    630.290   1711.710
   15.40000    1695.00    1695.00     973.32     973.32    721.680   1695.000
   15.60000    1527.28    1527.28     682.65     682.65    844.620   1527.280
   15.80000    1437.28    1437.28     454.17     454.17    983.110   1437.280
   16.00000    1239.73    1239.73     312.49     312.49    927.240   1239.730
   16.20000     818.97     818.97     189.57     189.57    629.400    818.970
   16.40000     382.96     382.96      86.43      86.43    296.530    382.960
   16.60000     124.43     124.43      27.90      27.90     96.530    124.430
   16.80000      28.34      28.34       6.52       6.52     21.820     28.340
   17.00000       4.92       4.92       2.48       2.48      2.440      4.920
   17.20000       2.07       2.07       7.22       7.22     -5.160      2.070
   17.40000       5.50       5.50      25.58      25.58    -20.080      5.500
   17.60000      17.71      17.71      83.03      83.03    -65.320     17.710
   17.80000      55.91      55.91     262.17     262.17   -206.250     55.910
   18.00000     144.65     144.65     678.24     678.24   -533.590    144.650
   18.20000     267.93     267.93    1256.21    1256.21   -988.280    267.930
   18.40000     344.71     344.71    1615.09    1615.09  -1270.380    344.710
   18.60000     311.60     311.60    1451.35    1451.35  -1139.750    311.600
   18.80000     207.94     207.94     924.12     924.12   -716.180    207.940
   19.00000     132.96     132.96     433.10     433.10   -300.140    132.960
   19.20000     169.96     169.96     193.95     193.95    -23.990    169.960
   19.40000     446.49     446.49     217.97     217.97    228.520    446.490
   19.60000    1222.35    1222.35     523.14     523.14    699.210   1222.350
   19.80000    2580.87    2580.87    1095.78    1095.78   1485.080   2580.870
   20.00000    3910.58    3910.58    1665.52    1665.52   2245.060   3910.580
   20.20000    4249.91    4249.91    1827.89    1827.89   2422.020   4249.910
   20.40000    3366.88    3366.88    1482.39    1482.39   1884.490   3366.880
   20.60000    1987.34    1987.34     920.25     920.25   1067.090   1987.340
   20.80000     903.94     903.94     460.57     460.57    443.370    903.940
   21.00000     333.98     333.98     197.24     197.24    136.740    333.980
   21.20000     106.95     106.95      74.92      74.92     32.030    106.950
   21.40000      33.38      33.38      26.78      26.78      6.600     33.380
   21.60000      18.77      18.77      15.13      15.13      3.640     18.770
   21.80000      35.41      35.41      27.01      27.01      8.390     35.410
   22.00000      98.05      98.05      74.13      74.13     23.930     98.050
   22.20000     243.06     243.06     183.61     183.61     59.440    243.060
   22.40000     463.68     463.68     350.16     350.16    113.520    463.680
   22.60000     657.00     657.00     495.61     495.61    161.390    657.000
   22.80000     697.30     697.30     523.96     523.96    173.340    697.300
   23.00000     574.35     574.35     425.27     425.27    149.080    574.350
   23.20000     420.57     420.57     293.16     293.16    127.410    420.570
   23.40000     424.42     424.42     252.09     252.09    172.330    424.420
   23.60000     729.67     729.67     384.59     384.59    345.090    729.670
   23.80000    1305.06    1305.06     669.05     669.05    636.020   1305.060
   24.00000    1857.42    1857.42     948.15     948.15    909.270   1857.420
   24.20000    2014.07    2014.07    1027.46    1027.46    986.620   2014.070
   24.40000    1668.35    1668.35     850.98     850.98    817.370   1668.350
   24.60000    1064.12    1064.12     542.64     542.64    521.480   1064.120
   24.80000     529.63     529.63     269.50     269.50    260.130    529.630
   25.00000     218.54     218.54     109.31     109.31    109.240    218.540
   25.20000     107.08     107.08      48.53      48.53     58.550    107.080
   25.40000     137.92     137.92      53.88      53.88     84.040    137.920
   25.60000     326.14     326.14     123.05     123.05    203.090    326.140
   25.80000     738.19     738.19     277.72     277.72    460.480    738.190
   26.00000    1341.24    1341.24     504.69     504.69    836.550   1341.240
   26.20000    1893.00    1893.00     713.00     713.00   1179.990   1893.000
   26.40000    2083.54    2083.54     786.88     786.88   1296.650   2083.540
   26.60000    1822.92    1822.92     694.71     694.71   1128.210   1822.920
   26.80000    1337.62    1337.62     527.00     527.00    810.620   1337.620
   27.00000     965.59     965.59     418.68     418.68    546.910    965.590
   27.20000     878.83     878.83     437.65     437.65    441.190    878.830
   27.40000     992.73     992.73     542.07     542.07    450.650    992.730
   27.60000    1094.88    1094.88     629.94     629.94    464.950   1094.880
   27.80000    1035.48    1035.48     623.78     623.78    411.710   1035.480
   28.00000     815.54     815.54     518.17     518.17    297.370    815.540
   28.20000     536.91     536.91     364.11     364.11    172.800    536.910
   28.40000     300.12     300.12     221.63     221.63     78.490    300.120
   28.60000     148.58     148.58     127.78     127.78     20.790    148.580
   28.80000      77.25      77.25      94.41      94.41    -17.160     77.250
   29.00000      62.50      62.50     116.42     116.42    -53.920     62.500
   29.20000      78.71      78.71     173.16     173.16    -94.450     78.710
   29.40000     102.43     102.43     229.90     229.90   -127.470    102.430
   29.60000     117.26     117.26     253.43     253.43   -136.180    117.260
   29.80000     121.79     121.79     234.09     234.09   -112.300    121.790
   30.00000     132.30     132.30     191.40     191.40    -59.100    132.300
   30.20000     173.93     173.93     155.89     155.89     18.040    173.930
   30.40000     262.25     262.25     144.61     144.61    117.640    262.250
   30.60000     384.50     384.50     151.98     151.98    232.520    384.500
   30.80000     496.64     496.64     159.67     159.67    336.960    496.640
   31.00000     546.33     546.33     152.81     152.81    393.520    546.330
   31.20000     508.00     508.00     129.39     129.39    378.620    508.000
   31.40000     399.79     399.79      99.27      99.27    300.530    399.790
   31.60000     268.49     268.49      77.23      77.23    191.270    268.490
   31.80000     158.29     158.29      74.99      74.99     83.300    158.290
   32.00000      90.01      90.01      95.02      95.02     -5.010     90.010
   32.20000      62.31      62.31     129.13     129.13    -66.820     62.310
   32.40000      67.13      67.13     165.50     165.50    -98.360     67.130
   32.60000     104.15     104.15     200.85     200.85    -96.700    104.150
   32.80000     182.01     182.01     245.48     245.48    -63.470    182.010
   33.00000     303.24     303.24     311.73     311.73     -8.500    303.240
   33.20000     445.87     445.87     394.68     394.68     51.190    445.870
   33.40000     563.38     563.38     466.06     466.06     97.320    563.380
   33.60000     609.01     609.01     491.01     491.01    118.000    609.010
   33.80000     565.46     565.46     453.03     453.03    112.430    565.460
   34.00000     454.85     454.85     365.23     365.23     89.620    454.850
   34.20000     322.85     322.85     260.36     260.36     62.480    322.850
   34.40000     212.10     212.10     170.70     170.70     41.400    212.100
   34.60000     144.52     144.52     113.72     113.72     30.800    144.520
   34.80000     120.10     120.10      90.45      90.45     29.640    120.100
   35.00000     127.63     127.63      93.35      93.35     34.280    127.630
   35.20000     157.65     157.65     116.09     116.09     41.570    157.650
   35.40000     207.96     207.96     157.53     157.53     50.430    207.960
   35.60000     277.92     277.92     216.86     216.86     61.060    277.920
   35.80000     357.67     357.67     285.01     285.01     72.660    357.670
   36.00000     424.57     424.57     342.30     342.30     82.280    424.570
   36.20000     453.22     453.22     366.97     366.97     86.260    453.220
   36.40000     431.92     431.92     348.60     348.60     83.320    431.920
   36.60000     372.26     372.26     295.44     295.44     76.820    372.260
   36.80000     304.15     304.15     230.00     230.00     74.150    304.150
   37.00000     260.11     260.11     176.88     176.88     83.230    260.110
   37.20000     260.45     260.45     151.93     151.93    108.520    260.450
   37.40000     310.02     310.02     160.05     160.05    149.970    310.020
   37.60000     406.99     406.99     200.94     200.94    206.050    406.990
   37.80000     551.85     551.85     274.79     274.79    277.060    551.850
   38.00000     743.50     743.50     380.41     380.41    363.090    743.500
   38.20000     963.68     963.68     506.61     506.61    457.080    963.680
   38.40000    1167.36    1167.36     627.09     627.09    540.260   1167.360
   38.60000    1295.22    1295.22     707.84     707.84    587.380   1295.220
   38.80000    1304.73    1304.73     724.92     724.92    579.810   1304.730
   39.00000    1197.46    1197.46     680.22     680.22    517.250   1197.460
   39.20000    1021.62    1021.62     602.68     602.68    418.940   1021.620
   39.40000     846.65     846.65     532.69     532.69    313.960    846.650
   39.60000     727.77     727.77     499.89     499.89    227.880    727.770
   39.80000     684.07     684.07     509.40     509.40    174.670    684.070
   40.00000     701.26     701.26     544.37     544.37    156.900    701.260
   40.20000     750.30     750.30     579.97     579.97    170.330    750.300
   40.40000     804.67     804.67     597.22     597.22    207.450    804.670
   40.60000     846.25     846.25     588.44     588.44    257.810    846.250
   40.80000     862.32     862.32     554.72     554.72    307.590    862.320
   41.00000     842.57     842.57     501.13     501.13    341.440    842.570
   41.20000     781.13     781.13     434.05     434.05    347.080    781.130
   41.40000     681.36     681.36     361.29     361.29    320.070    681.360
   41.60000     558.26     558.26     292.53     292.53    265.730    558.260
   41.80000     435.62     435.62     238.32     238.32    197.300    435.620
   42.00000     339.39     339.39     207.97     207.97    131.420    339.390
   42.20000     290.61     290.61     207.53     207.53     83.080    290.610
   42.40000     299.59     299.59     238.06     238.06     61.530    299.590
   42.60000     362.00     362.00     294.11     294.11     67.890    362.000
   42.80000     458.21     458.21     363.16     363.16     95.050    458.210
   43.00000     557.75     557.75     427.65     427.65    130.100    557.750
   43.20000     628.97     628.97     470.18     470.18    158.790    628.970
   43.40000     650.17     650.17     479.90     479.90    170.270    650.170
   43.60000     616.84     616.84     456.60     456.60    160.230    616.840
   43.80000     541.40     541.40     409.96     409.96    131.440    541.400
   44.00000     446.15     446.15     354.37     354.37     91.780    446.150
   44.20000     353.58     353.58     302.54     302.54     51.050    353.580
   44.40000     279.05     279.05     261.14     261.14     17.910    279.050
   44.60000     228.14     228.14     230.38     230.38     -2.240    228.140
   44.80000     198.51     198.51     206.55     206.55     -8.040    198.510
   45.00000     183.82     183.82     185.41     185.41     -1.580    183.820
   45.20000     177.76     177.76     164.62     164.62     13.140    177.760
   45.40000     176.61     176.61     144.51     144.51     32.100    176.610
   45.60000     180.29     180.29     127.52     127.52     52.770    180.290
   45.80000     192.00     192.00     117.35     117.35     74.650    192.000
   46.00000     217.04     217.04     118.31     118.31     98.720    217.040
   46.20000     261.16     261.16     134.82     134.82    126.340    261.160
   46.40000     328.46     328.46     170.50     170.50    157.960    328.460
   46.60000     418.97     418.97     226.56     226.56    192.420    418.970
   46.80000     526.58     526.58     299.85     299.85    226.730    526.580
   47.00000     638.59     638.59     381.98     381.98    256.600    638.590
   47.20000     738.03     738.03     460.55     460.55    277.480    738.030
   47.40000     808.63     808.63     522.75     522.75    285.880    808.630
   47.60000     840.33     840.33     559.71     559.71    280.610    840.330
   47.80000     833.16     833.16     569.76     569.76    263.400    833.160
   48.00000     797.44     797.44     558.77     558.77    238.680    797.440
   48.20000     750.33     750.33     537.80     537.80    212.530    750.330
   48.40000     709.95     709.95     518.77     518.77    191.180    709.950
   48.60000     689.43     689.43     510.16     510.16    179.270    689.430
   48.80000     692.79     692.79     514.20     514.20    178.590    692.790
   49.00000     714.11     714.11     526.53     526.53    187.580    714.110
   49.20000     740.07     740.07     538.25     538.25    201.820    740.070
   49.40000     754.78     754.78     539.36     539.36    215.420    754.780
   49.60000     745.09     745.09     522.30     522.30    222.790    745.090
   49.80000     704.67     704.67     484.36     484.36    220.300    704.670
   50.00000     635.43     635.43     428.23     428.23    207.200    635.430
   50.20000     546.37     546.37     360.84     360.84    185.530    546.370
   50.40000     450.34     450.34     291.13     291.13    159.210    450.340
   50.60000     360.11     360.11     227.47     227.47    132.640    360.110
   50.80000     285.09     285.09     175.80     175.80    109.290    285.090
   51.00000     229.71     229.71     138.76     138.76     90.950    229.710
   51.20000     193.61     193.61     116.08     116.08     77.530    193.610
   51.40000     173.17     173.17     105.51     105.51     67.660    173.170
   51.60000     163.52     163.52     104.02     104.02     59.500    163.520
   51.80000     160.21     160.21     108.66     108.66     51.550    160.210
   52.00000     160.06     160.06     116.87     116.87     43.190    160.060
   52.20000     161.24     161.24     126.57     126.57     34.670    161.240
   52.40000     162.84     162.84     135.94     135.94     26.900    162.840
   52.60000     164.35     164.35     143.44     143.44     20.910    164.350
   52.80000     165.33     165.33     147.85     147.85     17.480    165.330
   53.00000     165.46     165.46     148.57     148.57     16.900    165.460
   53.20000     164.90     164.90     145.91     145.91     18.980    164.900
   53.40000     164.67     164.67     141.37     141.37     23.300    164.670
   53.60000     166.98     166.98     137.54     137.54     29.440    166.980
   53.80000     174.99     174.99     137.84     137.84     37.150    174.990
   54.00000     192.08     192.08     145.71     145.71     46.370    192.080
   54.20000     220.72     220.72     163.76     163.76     56.960    220.720
   54.40000     261.37     261.37     192.86     192.86     68.510    261.370
   54.60000     311.82     311.82     231.77     231.77     80.050    311.820
   54.80000     367.38     367.38     277.27     277.27     90.110    367.380
   55.00000     421.93     421.93     324.97     324.97     96.960    421.930
   55.20000     469.25     469.25     370.19     370.19     99.060    469.250
   55.40000     504.47     504.47     408.93     408.93     95.540    504.470
   55.60000     524.88     524.88     438.29     438.29     86.590    524.880
   55.80000     530.12     530.12     456.63     456.63     73.490    530.120
   56.00000     521.76     521.76     463.36     463.36     58.400    521.760
   56.20000     502.58     502.58     458.69     458.69     43.890    502.580
   56.40000     475.82     475.82     443.52     443.52     32.300    475.820
   56.60000     444.66     444.66     419.32     419.32     25.340    444.660
   56.80000     411.95     411.95     388.20     388.20     23.750    411.950
   57.00000     380.14     380.14     352.86     352.86     27.280    380.140
   57.20000     351.36     351.36     316.42     316.42     34.940    351.360
   57.40000     327.39     327.39     282.13     282.13     45.260    327.390
   57.60000     309.65     309.65     252.93     252.93     56.720    309.650
   57.80000     299.12     299.12     231.18     231.18     67.940    299.120
   58.00000     296.38     296.38     218.46     218.46     77.920    296.380
   58.20000     301.63     301.63     215.56     215.56     86.060    301.630
   58.40000     314.85     314.85     222.66     222.66     92.190    314.850
   58.60000     335.78     335.78     239.34     239.34     96.450    335.780
   58.80000     363.83     363.83     264.64     264.64     99.180    363.830
   59.00000     397.81     397.81     296.94     296.94    100.860    397.810
   59.20000     435.72     435.72     333.80     333.80    101.920    435.720
   59.40000     474.66     474.66     371.97     371.97    102.700    474.660
   59.60000     510.99     510.99     407.62     407.62    103.360    510.990
   59.80000     540.77     540.77     436.83     436.83    103.940    540.770
   60.00000     560.45     560.45     456.13     456.13    104.320    560.450
   60.20000     567.48     567.48     463.13     463.13    104.350    567.480
   60.40000     560.77     560.77     456.91     456.91    103.860    560.770
   60.60000     540.86     540.86     438.13     438.13    102.740    540.860
   60.80000     509.73     509.73     408.81     408.81    100.920    509.730
   61.00000     470.33     470.33     371.93     371.93     98.400    470.330
   61.20000     426.01     426.01     330.81     330.81     95.200    426.010
   61.40000     379.99     379.99     288.66     288.66     91.330    379.990
   61.60000     335.02     335.02     248.17     248.17     86.850    335.020
   61.80000     293.23     293.23     211.38     211.38     81.840    293.230
   62.00000     256.14     256.14     179.68     179.68     76.460    256.140
   62.20000     224.89     224.89     153.93     153.93     70.960    224.890
   62.40000     200.31     200.31     134.61     134.61     65.700    200.310
   62.60000     183.03     183.03     121.94     121.94     61.100    183.030
   62.80000     173.50     173.50     115.91     115.91     57.580    173.500
   63.00000     171.88     171.88     116.35     116.35     55.530    171.880
   63.20000     178.09     178.09     122.92     122.92     55.180    178.090
   63.40000     191.86     191.86     135.23     135.23     56.630    191.860
   63.60000     212.86     212.86     152.98     152.98     59.880    212.860
   63.80000     240.87     240.87     176.09     176.09     64.780    240.870
   64.00000     275.87     275.87     204.68     204.68     71.190    275.870
   64.20000     317.93     317.93     239.04     239.04     78.890    317.930
   64.40000     366.89     366.89     279.25     279.25     87.640    366.890
   64.60000     422.03     422.03     324.91     324.91     97.120    422.030
   64.80000     481.64     481.64     374.75     374.75    106.890    481.640
   65.00000     542.92     542.92     426.54     426.54    116.380    542.920
   65.20000     602.03     602.03     477.12     477.12    124.910    602.030
   65.40000     654.58     654.58     522.81     522.81    131.770    654.580
   65.60000     696.21     696.21     559.91     559.91    136.300    696.210
   65.80000     723.32     723.32     585.28     585.28    138.050    723.320
   66.00000     733.62     733.62     596.86     596.86    136.770    733.620
   66.20000     726.50     726.50     593.95     593.95    132.540    726.500
   66.40000     703.04     703.04     577.30     577.30    125.740    703.040
   66.60000     665.82     665.82     548.89     548.89    116.930    665.820
   66.80000     618.44     618.44     511.59     511.59    106.850    618.440
   67.00000     565.01     565.01     468.75     468.75     96.260    565.010
   67.20000     509.64     509.64     423.76     423.76     85.880    509.640
   67.40000     456.00     456.00     379.70     379.70     76.300    456.000
   67.60000     407.07     407.07     339.14     339.14     67.930    407.070
   67.80000     365.00     365.00     304.01     304.01     61.000    365.000
   68.00000     331.16     331.16     275.59     275.59     55.570    331.160
   68.20000     306.16     306.16     254.58     254.58     51.590    306.160
   68.40000     289.99     289.99     241.12     241.12     48.860    289.990
   68.60000     282.09     282.09     234.91     234.91     47.180    282.090
   68.80000     281.49     281.49     235.18     235.18     46.320    281.490
   69.00000     286.87     286.87     240.82     240.82     46.050    286.870
   69.20000     296.62     296.62     250.42     250.42     46.200    296.620
   69.40000     309.02     309.02     262.37     262.37     46.640    309.020
   69.60000     322.31     322.31     275.04     275.04     47.270    322.310
   69.80000     334.88     334.88     286.89     286.89     47.990    334.880
   70.00000     345.41     345.41     296.64     296.64     48.770    345.410
   70.20000     352.94     352.94     303.43     303.43     49.520    352.940
   70.40000     357.04     357.04     306.86     306.86     50.180    357.040
   70.60000     357.70     357.70     307.05     307.05     50.650    357.700
   70.80000     355.40     355.40     304.55     304.55     50.850    355.400
   71.00000     350.91     350.91     300.23     300.23     50.680    350.910
   71.20000     345.19     345.19     295.17     295.17     50.020    345.190
   71.40000     339.24     339.24     290.43     290.43     48.810    339.240
   71.60000     333.94     333.94     286.93     286.93     47.010    333.940
   71.80000     329.95     329.95     285.33     285.33     44.620    329.950
   72.00000     327.60     327.60     285.92     285.92     41.690    327.600
   72.20000     326.94     326.94     288.64     288.64     38.310    326.940
   72.40000     327.76     327.76     293.14     293.14     34.620    327.760
   72.60000     329.65     329.65     298.86     298.86     30.800    329.650
   72.80000     332.20     332.20     305.18     305.18     27.020    332.200
   73.00000     335.05     335.05     311.57     311.57     23.480    335.050
   73.20000     337.99     337.99     317.66     317.66     20.330    337.990
   73.40000     341.03     341.03     323.31     323.31     17.720    341.030
   73.60000     344.37     344.37     328.62     328.62     15.760    344.370
   73.80000     348.34     348.34     333.85     333.85     14.490    348.340
   74.00000     353.28     353.28     339.35     339.35     13.930    353.280
   74.20000     359.48     359.48     345.42     345.42     14.060    359.480
   74.40000     367.03     367.03     352.22     352.22     14.820    367.030
   74.60000     375.78     375.78     359.66     359.66     16.120    375.780
   74.80000     385.31     385.31     367.44     367.44     17.880    385.310
   75.00000     394.98     394.98     374.99     374.99     19.990    394.980
   75.20000     403.98     403.98     381.64     381.64     22.350    403.980
   75.40000     411.48     411.48     386.61     386.61     24.870    411.480
   75.60000     416.69     416.69     389.23     389.23     27.470    416.690
   75.80000     419.05     419.05     388.98     388.98     30.070    419.050
   76.00000     418.22     418.22     385.62     385.62     32.600    418.220
   76.20000     414.21     414.21     379.21     379.21     35.000    414.210
   76.40000     407.36     407.36     370.13     370.13     37.230    407.360
   76.60000     398.27     398.27     359.05     359.05     39.220    398.270
   76.80000     387.76     387.76     346.82     346.82     40.950    387.760
   77.00000     376.77     376.77     334.41     334.41     42.360    376.770
   77.20000     366.24     366.24     322.80     322.80     43.440    366.240
   77.40000     357.03     357.03     312.86     312.86     44.170    357.030
   77.60000     349.84     349.84     305.30     305.30     44.540    349.840
   77.80000     345.15     345.15     300.58     300.58     44.570    345.150
   78.00000     343.16     343.16     298.89     298.89     44.270    343.160
   78.20000     343.86     343.86     300.17     300.17     43.690    343.860
   78.40000     346.98     346.98     304.10     304.10     42.880    346.980
   78.60000     352.06     352.06     310.18     310.18     41.890    352.060
   78.80000     358.53     358.53     317.74     317.74     40.790    358.530
   79.00000     365.69     365.69     326.05     326.05     39.640    365.690
   79.20000     372.85     372.85     334.34     334.34     38.510    372.850
   79.40000     379.32     379.32     341.89     341.89     37.430    379.320
   79.60000     384.48     384.48     348.04     348.04     36.440    384.480
   79.80000     387.81     387.81     352.24     352.24     35.560    387.810
   80.00000     388.87     388.87     354.09     354.09     34.790    388.870
   80.20000     387.38     387.38     353.28     353.28     34.090    387.380
   80.40000     383.12     383.12     349.67     349.67     33.450    383.120
   80.60000     376.03     376.03     343.21     343.21     32.820    376.030
   80.80000     366.12     366.12     333.96     333.96     32.150    366.120
   81.00000     353.49     353.49     322.10     322.10     31.390    353.490
   81.20000     338.36     338.36     307.85     307.85     30.510    338.360
   81.40000     320.97     320.97     291.52     291.52     29.450    320.970
   81.60000     301.67     301.67     273.45     273.45     28.220    301.670
   81.80000     280.83     280.83     254.03     254.03     26.800    280.830
   82.00000     258.87     258.87     233.67     233.67     25.200    258.870