    ttheta   IntUPexp  sIntUPexp   IntUPmod IntDOWNexp sIntDOWNexp IntDOWNmod   IntBKGR flag
     4.600    626.970     93.640    600.000    413.310     90.640    600.000    600.000  1
     4.800    708.720     91.830    600.000    749.570     92.550    600.000    600.000  1
     5.000    718.070     89.380    600.000    575.640     87.290    600.000    600.000  1
     5.200    679.620     86.860    595.556    595.280     85.630    595.556    595.556  1
     5.400    683.030     84.660    591.111    580.640     83.170    591.111    591.111  1
     5.600    727.630     83.540    586.667    705.120     83.160    586.667    586.667  1
     5.800    709.160     83.160    582.228    653.770     82.390    582.224    582.222  1
     6.000    765.500     81.540    577.865    654.010     79.820    577.801    577.778  1
     6.200    813.400     80.760    574.248    865.230     81.570    573.580    573.333  1
     6.400    613.400     78.810    575.349    727.050     80.570    570.634    568.889  1
     6.600    530.910     76.380    595.283    458.890     75.370    572.775    564.444  1
     6.800    892.050     79.610    669.585    610.540     75.480    589.602    560.000  1
     7.000    932.680     79.590    915.097    733.160     76.680    652.679    555.556  1
     7.200   1611.080     89.130   1696.775    863.580     79.100    860.597    551.111  1
     7.400   3505.620    109.220   3423.527   1711.890     88.840   1323.874    546.667  1
     7.600   5658.210    131.620   5477.785   2033.160     95.300   1876.120    542.222  1
     7.800   5454.610    124.070   6132.529   2091.490     91.290   2052.716    537.778  1
     8.000   3593.330     88.070   4725.162   1460.030     68.680   1679.895    533.333  1
     8.200   1720.630     70.730   2642.600    906.500     61.950   1147.578    528.889  1
     8.400    974.330     61.940   1401.648    877.030     60.860    920.029    524.444  1
     8.600   1670.120     68.420   1268.678   1546.150     67.160   1166.369    520.000  1
     8.800   2380.650     76.380   1726.644   2531.380     77.760   1712.060    515.556  1
     9.000   2816.170     80.700   2052.100   2649.690     79.250   2050.663    511.111  1
     9.200   2271.400     72.720   1812.951   2171.750     71.750   1812.850    506.667  1
     9.400   1246.230     62.530   1230.507   1157.090     61.570   1230.502    502.222  1
     9.600    674.620     56.730    764.134    593.590     55.760    764.134    497.778  1
     9.800    690.470     55.490    557.445    574.280     54.090    557.445    493.333  1
    10.000    650.110     54.770    499.197    447.350     52.210    499.197    488.889  1
    10.200    497.370     53.330    485.582    447.730     52.690    485.582    484.444  1
    10.400    549.610     52.200    480.089    475.870     51.270    480.089    480.000  1
    10.600    619.580     53.450    475.561    436.480     51.270    475.561    475.556  1
    10.800    631.830     52.530    471.111    653.120     52.770    471.111    471.111  1
    11.000    459.720     51.330    466.667    493.730     51.790    466.667    466.667  1
    11.200    439.190     51.030    462.231    571.140     52.610    462.234    462.222  1
    11.400    455.230     51.000    457.876    406.060     50.450    457.917    457.778  1
    11.600    538.380     50.190    454.054    536.000     50.170    454.352    453.333  1
    11.800    573.930     46.730    452.373    579.490     46.810    453.810    448.889  1
    12.000    502.590     37.940    457.093    624.970     39.050    462.308    444.444  1
    12.200    382.090     37.940    483.367    483.500     38.880    501.245    440.000  1
    12.400    548.980     38.740    574.399    632.660     39.480    631.640    435.556  1
    12.600    759.490     40.630    763.746    910.880     41.910    900.881    431.111  1
    12.800    938.970     42.750    959.736   1051.910     43.680   1179.504    426.667  1
    13.000    966.570     41.930    984.169   1127.240     43.230   1215.843    422.222  1
    13.200    883.260     40.740    809.273    887.270     40.780    970.675    417.778  1
    13.400    599.700     38.500    594.179    592.610     38.420    668.730    413.333  1
    13.600    501.640     37.630    464.617    467.090     37.310    487.509    408.889  1
    13.800    406.530     37.280    416.942    396.740     37.190    421.366    404.444  1
    14.000    443.330     36.770    407.076    448.140     36.810    405.908    400.000  1
    14.200    397.420     36.610    421.509    482.800     37.390    414.298    400.000  1
    14.400    574.920     37.050    473.000    536.580     36.710    448.014    400.000  1
    14.600    672.480     38.060    644.851    514.490     36.690    560.566    400.000  1
    14.800   1218.700     42.360   1073.264    956.730     40.300    839.969    400.000  1
    15.000   2038.320     48.330   1694.936   1581.720     45.190   1239.922    400.000  1
    15.200   2473.270     51.420   2111.681   1823.200     47.180   1481.422    400.000  1
    15.400   2408.490     51.360   2094.965   1607.340     46.020   1373.314    400.000  1
    15.600   1924.680     47.460   1927.240   1161.060     42.190   1082.643    400.000  1
    15.800   1843.130     46.200   1837.240    916.400     39.550    854.155    400.000  1
    16.000   1535.920     40.560   1639.696    739.870     35.150    712.475    400.000  1
    16.200   1223.090     38.000   1218.948    704.680     34.300    589.561    400.000  1
    16.400    781.620     34.780    782.945    576.060     33.250    486.426    400.000  1
    16.600    619.030     33.130    524.430    497.220     32.160    427.898    400.000  1
    16.800    505.570     31.830    428.342    598.130     32.550    406.524    400.000  1
    17.000    513.340     31.680    404.916    462.200     31.270    402.476    400.000  1
    17.200    489.860     31.630    402.068    426.670     31.160    407.224    400.000  1
    17.400    451.390     31.360    405.504    501.700     31.760    425.582    400.000  1
    17.600    508.040     31.770    417.710    475.440     31.520    483.025    400.000  1
    17.800    581.810     32.380    455.912    541.250     32.050    662.161    400.000  1
    18.000    562.860     32.510    544.650    906.080     34.980   1078.232    400.000  1
    18.200    766.890     33.350    667.935   1573.500     38.620   1656.189    400.000  1
    18.400    817.740     33.590    744.717   2054.020     41.360   2015.061    400.000  1
    18.600    796.700     33.160    711.606   1995.080     40.810   1851.327    400.000  1
    18.800    750.510     32.890    607.936   1463.240     37.670   1324.100    400.000  1
    19.000    484.900     31.530    532.961    800.240     33.810    833.092    400.000  1
    19.200    612.940     32.680    569.960    679.120     33.160    593.950    400.000  1
    19.400    781.230     34.380    846.485    676.610     33.670    617.972    400.000  1
    19.600   1289.180     38.780   1622.337    876.500     36.320    923.141    400.000  1
    19.800   2615.920     46.490   2980.843   1533.950     40.910   1495.792    400.000  1
    20.000   4003.540     51.290   4310.546   2123.310     42.790   2065.529    400.000  1
    20.200   4419.980     50.000   4649.869   2327.750     41.090   2227.900    400.000  1
    20.400   3733.590     46.730   3766.850   1967.750     38.700   1882.397    400.000  1
    20.600   2353.720     39.820   2387.321   1378.380     34.740   1320.254    400.000  1
    20.800   1232.640     32.870   1303.936    838.030     30.550    860.576    400.000  1
    21.000    766.540     29.840    733.976    696.610     29.410    597.241    400.000  1
    21.200    641.730     28.800    506.947    530.860     28.070    474.918    400.000  1
    21.400    527.510     27.720    433.380    561.440     27.950    426.776    400.000  1
    21.600    530.990     28.180    418.768    446.060     27.620    415.129    400.000  1
    21.800    490.100     28.250    435.407    494.580     28.270    427.013    400.000  1
    22.000    514.550     29.300    498.052    500.510     29.220    474.125    400.000  1
    22.200    533.060     32.350    643.056    467.210     31.990    583.613    400.000  1
    22.400    648.520     35.820    863.683    582.960     35.500    750.164    400.000  1
    22.600    917.850     38.650   1056.998    732.610     37.780    895.607    400.000  1
    22.800   1039.300     39.210   1097.299    799.880     38.090    923.961    400.000  1
    23.000    939.740     37.640    974.348    802.830     36.980    825.268    400.000  1
    23.200    699.730     35.780    820.572    518.170     34.860    693.164    400.000  1
    23.400    775.600     35.290    824.413    659.020     34.710    652.087    400.000  1
    23.600    928.820     36.020   1129.668    793.950     35.330    784.585    400.000  1
    23.800   1633.960     37.750   1705.051   1023.040     34.740   1069.046    400.000  1
    24.000   2188.940     38.830   2257.399   1296.800     34.470   1348.149    400.000  1
    24.200   2444.960     38.050   2414.054   1446.820     33.240   1427.455    400.000  1
    24.400   2116.270     32.380   2068.333   1214.120     28.230   1250.979    400.000  1
    24.600   1543.450     29.040   1464.111    942.930     26.110    942.636    400.000  1
    24.800    977.040     26.340    929.626    667.360     24.660    669.500    400.000  1
    25.000    628.410     24.670    618.539    492.070     23.890    509.305    400.000  1
    25.200    487.430     24.150    507.076    480.940     24.110    448.531    400.000  1
    25.400    497.390     24.170    537.919    447.330     23.880    453.884    400.000  1
    25.600    647.350     25.270    726.136    465.600     24.250    523.051    400.000  1
    25.800   1052.790     27.220   1138.186    625.330     24.980    677.720    400.000  1
    26.000   1649.100     29.870   1741.225    849.440     25.960    904.695    400.000  1
    26.200   2207.570     32.630   2292.976   1046.960     27.240   1113.010    400.000  1
    26.400   2333.000     32.980   2483.512   1095.760     27.270   1186.892    400.000  1
    26.600   2142.820     32.020   2222.895   1004.780     26.640   1094.717    400.000  1
    26.800   1673.560     29.650   1737.606    836.330     25.430    927.010    400.000  1
    27.000   1322.860     27.920   1365.580    765.030     24.990    818.682    400.000  1
    27.200   1287.820     27.030   1278.824    830.930     24.660    837.650    400.000  1
    27.400   1472.660     28.480   1392.715   1048.040     26.340    942.077    400.000  1
    27.600   1567.650     29.090   1494.870   1103.570     26.790   1029.941    400.000  1
    27.800   1574.070     29.080   1435.471   1100.410     26.740   1023.781    400.000  1
    28.000   1399.460     27.960   1215.534   1031.160     26.080    918.177    400.000  1
    28.200   1030.610     26.350    936.905    743.960     24.800    764.107    400.000  1
    28.400    758.880     24.540    700.117    606.560     23.690    621.627    400.000  1
    28.600    628.060     23.520    548.575    556.650     23.120    527.785    400.000  1
    28.800    445.170     21.950    477.198    382.780     21.600    494.357    399.950  1
    29.000    449.580     21.930    461.446    467.350     22.030    515.366    398.948  1
    29.200    503.800     22.350    476.659    448.320     22.030    571.108    397.946  1
    29.400    509.060     22.330    499.376    546.190     22.530    626.844    396.944  1
    29.600    497.250     22.310    513.198    507.600     22.370    649.376    395.942  1
    29.800    490.910     21.670    516.729    560.910     22.050    629.034    394.941  1
    30.000    462.580     22.040    526.234    470.280     22.090    585.339    393.939  1
    30.200    561.880     22.530    566.863    470.890     22.020    548.824    392.937  1
    30.400    611.560     22.930    654.180    457.030     22.070    536.541    391.935  1
    30.600    801.050     24.010    775.426    517.540     22.480    542.912    390.933  1
    30.800    996.870     24.870    886.557    583.470     22.700    549.603    389.931  1
    31.000   1032.460     24.830    935.251    530.610     22.220    541.740    388.929  1
    31.200    964.600     24.520    895.917    545.470     22.320    517.310    387.927  1
    31.400    813.860     24.210    786.709    450.400     22.260    486.190    386.925  1
    31.600    686.450     23.580    654.412    412.700     22.080    463.148    385.924  1
    31.800    549.700     22.980    543.213    454.260     22.450    459.911    384.922  1
    32.000    422.510     22.740    473.926    341.250     22.290    478.937    383.920  1
    32.200    395.750     22.670    445.229    454.490     22.990    512.043    382.918  1
    32.400    505.260     22.810    449.049    514.080     22.850    547.410    381.916  1
    32.600    592.330     23.730    485.064    597.950     23.760    581.762    380.914  1
    32.800    578.010     23.900    561.922    627.390     24.150    625.387    379.912  1
    33.000    690.800     24.410    682.143    637.120     24.140    690.639    378.910  1
    33.200    904.550     24.590    823.770    776.170     23.950    772.583    377.909  1
    33.400    963.100     24.190    940.279    867.920     23.740    842.968    376.907  1
    33.600   1014.360     24.240    984.911    828.510     23.380    866.915    375.905  1
    33.800   1026.120     24.200    940.356    829.640     23.280    827.931    374.903  1
    34.000    835.890     23.520    828.748    712.270     22.920    739.136    373.901  1
    34.200    763.650     22.830    695.742    579.330     21.900    633.261    372.899  1
    34.400    633.360     21.850    583.992    547.650     21.400    542.595    371.897  1
    34.600    522.380     21.300    515.414    495.490     21.160    484.619    370.895  1
    34.800    468.790     20.780    489.989    426.160     20.560    460.345    369.894  1
    35.000    516.680     21.050    496.524    450.680     20.700    462.239    368.892  1
    35.200    517.870     21.250    525.541    468.350     20.990    483.975    367.890  1
    35.400    564.380     21.540    574.842    497.420     21.180    524.414    366.888  1
    35.600    659.370     21.960    643.800    554.500     21.410    582.743    365.886  1
    35.800    739.310     22.340    722.548    640.630     21.830    649.893    364.884  1
    36.000    780.550     22.820    788.452    714.190     22.490    706.178    363.882  1
    36.200    813.370     22.410    816.099    736.490     22.030    729.844    362.880  1
    36.400    824.910     22.940    793.794    682.310     22.220    710.476    361.879  1
    36.600    699.620     22.550    733.132    579.610     21.930    656.313    360.877  1
    36.800    648.170     22.530    664.026    553.460     22.050    589.878    359.875  1
    37.000    618.880     22.130    618.984    477.100     21.390    535.753    358.873  1
    37.200    616.440     22.190    618.317    463.550     21.390    509.797    357.871  1
    37.400    606.810     22.100    666.886    436.420     21.220    516.923    356.869  1
    37.600    760.710     22.670    762.855    510.510     21.400    556.806    355.867  1
    37.800    823.090     23.340    906.711    539.360     21.910    629.655    354.865  1
    38.000   1037.790     24.070   1097.359    670.680     22.320    734.273    353.863  1
    38.200   1246.180     23.530   1316.540    772.130     21.500    859.473    352.862  1
    38.400   1453.930     24.360   1519.210    901.200     22.050    978.955    351.860  1
    38.600   1511.670     24.690   1646.076    929.030     22.290   1058.703    350.858  1
    38.800   1552.580     24.280   1654.582    959.340     21.890   1074.777    349.856  1
    39.000   1442.430     24.360   1546.312    875.000     22.000   1029.073    348.854  1
    39.200   1255.670     23.540   1369.467    811.690     21.640    950.532    347.852  1
    39.400   1091.870     23.010   1193.499    718.890     21.390    879.542    346.850  1
    39.600    994.660     22.680   1073.613    794.160     21.810    845.739    345.848  1
    39.800    951.740     22.640   1028.916    758.710     21.800    854.248    344.847  1
    40.000    965.420     22.320   1045.108    805.740     21.640    888.212    343.845  1
    40.200   1014.540     22.550   1093.139    825.050     21.740    922.812    342.843  1
    40.400   1103.250     23.070   1146.511    834.500     21.910    939.065    341.841  1
    40.600   1184.430     23.150   1187.088    847.840     21.690    929.279    340.839  1
    40.800   1163.320     23.000   1202.147    841.600     21.600    894.562    339.837  1
    41.000   1189.780     22.820   1181.398    840.430     21.290    839.968    338.835  1
    41.200   1103.750     22.470   1118.955    744.380     20.870    771.885    337.833  1
    41.400    987.650     21.680   1018.183    651.180     20.180    698.125    336.832  1
    41.600    895.730     21.680    894.087    550.270     20.080    628.361    335.830  1
    41.800    770.710     21.060    770.443    536.030     19.960    573.144    334.828  1
    42.000    739.940     20.690    673.213    566.980     19.860    541.797    333.826  1
    42.200    611.680     20.210    623.433    497.180     19.660    540.357    332.824  1
    42.400    579.350     20.140    631.410    496.710     19.750    569.883    331.822  1
    42.600    674.590     20.470    692.820    612.710     20.180    624.929    330.820  1
    42.800    799.770     21.000    788.025    660.720     20.360    692.976    329.818  1
    43.000    918.990     21.800    886.564    759.380     21.070    756.464    328.817  1
    43.200    970.800     21.710    956.780    813.780     21.020    797.991    327.815  1
    43.400    989.300     21.270    976.977    775.880     20.340    806.713    326.813  1
    43.600    935.560     21.050    942.645    741.830     20.210    782.417    325.811  1
    43.800    858.980     20.780    866.208    653.320     19.860    734.770    324.809  1
    44.000    747.310     19.910    769.951    644.530     19.460    678.180    323.807  1
    44.200    612.060     19.800    676.386    536.060     19.450    625.343    322.805  1
    44.400    593.740     19.540    600.853    552.900     19.360    582.942    321.803  1
    44.600    530.940     19.270    548.943    489.240     19.070    551.185    320.802  1
    44.800    528.630     19.130    518.435    500.050     19.000    526.480    319.930  1
    45.000    469.520     19.060    503.403    430.640     18.870    504.987    319.581  1
    45.200    534.290     19.030    496.994    473.400     18.740    483.857    319.232  1
    45.400    525.740     19.050    495.496    434.180     18.610    463.397    318.883  1
    45.600    550.940     19.360    498.824    430.330     18.780    446.055    318.534  1
    45.800    506.210     19.460    510.180    369.130     18.800    435.537    318.185  1
    46.000    552.600     19.450    534.872    408.850     18.760    436.150    317.836  1
    46.200    553.460     19.660    578.644    382.020     18.840    452.307    317.487  1
    46.400    687.620     19.990    645.595    445.800     18.860    487.637    317.138  1
    46.600    788.410     20.570    735.759    527.190     19.390    543.347    316.789  1
    46.800    865.620     21.070    843.018    582.790     19.800    616.295    316.440  1
    47.000    989.210     21.730    954.672    621.680     20.120    698.074    316.091  1
    47.200   1036.960     21.860   1053.771    704.480     20.410    776.295    315.742  1
    47.400   1098.850     22.190   1124.016    779.260     20.820    838.141    315.393  1
    47.600   1102.770     22.260   1155.367    749.030     20.760    874.760    315.044  1
    47.800   1075.870     21.730   1147.849    806.100     20.600    884.452    314.695  1
    48.000   1080.760     22.090   1111.787    777.220     20.780    873.117    314.346  1
    48.200    966.230     21.670   1064.324    775.510     20.840    851.798    313.997  1
    48.400    931.750     21.650   1023.596    720.350     20.710    832.421    313.647  1
    48.600    951.500     21.580   1002.725    724.420     20.580    823.461    313.298  1
    48.800   1002.480     21.720   1005.734    756.010     20.640    827.149    312.949  1
    49.000   1031.250     20.950   1026.708    788.100     19.940    839.131    312.600  1
    49.200   1069.000     21.060   1052.320    796.870     19.930    850.501    312.251  1
    49.400   1083.970     21.420   1066.674    778.770     20.160    851.260    311.902  1
    49.600   1064.510     21.380   1056.640    774.610     20.160    833.858    311.553  1
    49.800    974.360     21.060   1015.867    687.690     19.840    795.569    311.204  1
    50.000    951.340     20.770    946.280    694.110     19.660    739.084    310.855  1
    50.200    804.200     20.450    856.874    559.250     19.390    671.349    310.506  1
    50.400    714.320     19.840    760.497    494.370     18.890    601.288    310.157  1
    50.600    623.510     19.990    669.914    430.840     19.130    537.281    309.808  1
    50.800    586.160     19.900    594.545    364.580     18.880    485.255    309.459  1
    51.000    543.880     19.660    538.818    424.130     19.120    447.873    309.110  1
    51.200    488.870     19.430    502.368    342.940     18.760    424.840    308.761  1
    51.400    447.830     19.320    481.578    354.020     18.900    413.920    308.412  1
    51.600    513.260     19.420    471.582    340.740     18.630    412.088    308.063  1
    51.800    460.480     19.290    467.924    365.780     18.860    416.373    307.714  1
    52.000    478.070     19.690    467.426    385.820     19.270    424.239    307.365  1
    52.200    469.200     19.640    468.256    416.230     19.400    433.584    307.016  1
    52.400    457.610     19.690    469.506    420.670     19.530    442.609    306.667  1
    52.600    436.640     19.660    470.665    387.200     19.420    449.757    306.318  1
    52.800    469.280     19.900    471.297    363.950     19.420    453.816    305.969  1
    53.000    454.480     19.450    471.083    393.310     19.170    454.185    305.620  1
    53.200    433.110     19.830    470.167    384.810     19.610    451.185    305.271  1
    53.400    452.990     19.920    469.591    393.660     19.660    446.290    304.921  1
    53.600    460.910     20.110    471.554    385.750     19.770    442.117    304.572  1
    53.800    479.420     20.050    479.215    372.580     19.560    442.062    304.223  1
    54.000    514.080     20.170    495.954    406.620     19.690    449.588    303.874  1
    54.200    520.710     20.180    524.249    373.260     19.530    467.286    303.525  1
    54.400    556.730     20.360    564.546    444.450     19.870    496.039    303.176  1
    54.600    640.130     20.930    614.641    460.570     20.150    534.595    302.827  1
    54.800    772.450     21.230    669.860    619.570     20.560    579.753    302.478  1
    55.000    745.570     21.060    724.052    596.610     20.420    627.096    302.129  1
    55.200    827.090     21.060    771.025    654.500     20.320    671.973    301.780  1
    55.400    863.200     19.970    805.898    682.190     19.240    710.362    301.431  1
    55.600    816.190     19.450    825.963    712.540     19.040    739.378    301.082  1
    55.800    802.260     19.820    830.856    725.820     19.500    757.369    300.733  1
    56.000    762.030     19.720    822.146    668.880     19.340    763.743    300.384  1
    56.200    748.920     19.440    802.613    690.690     19.190    758.729    300.035  1
    56.400    764.060     19.410    775.504    674.790     19.050    743.205    299.686  1
    56.600    673.130     19.150    743.996    624.780     18.950    718.655    299.337  1
    56.800    658.880     18.930    710.932    591.050     18.650    687.186    298.988  1
    57.000    656.830     18.950    678.776    574.080     18.590    651.496    298.639  1
    57.200    647.480     19.000    649.645    549.500     18.580    614.711    298.290  1
    57.400    632.710     19.010    625.328    532.240     18.580    580.067    297.941  1
    57.600    579.930     18.760    607.238    485.920     18.350    550.520    297.592  1
    57.800    559.330     18.670    596.363    495.270     18.410    528.424    297.243  1
    58.000    578.680     18.690    593.268    409.250     17.960    515.352    296.894  1
    58.200    584.810     18.830    598.171    417.080     18.110    512.109    296.545  1
    58.400    575.370     19.050    611.043    432.760     18.460    518.852    296.195  1
    58.600    603.540     19.110    631.626    447.210     18.450    535.182    295.846  1
    58.800    640.610     19.320    659.323    474.090     18.600    560.141    295.497  1
    59.000    684.900     19.350    692.953    529.040     18.680    592.093    295.148  1
    59.200    710.680     19.570    730.520    544.500     18.870    628.599    294.799  1
    59.400    787.380     19.550    769.114    615.820     18.840    666.418    294.450  1
    59.600    809.810     20.020    805.090    642.480     19.340    701.727    294.101  1
    59.800    823.770     19.970    834.524    695.080     19.440    730.584    293.752  1
    60.000    826.280     20.050    853.856    698.820     19.540    749.533    293.403  1
    60.200    838.050     20.140    860.532    678.240     19.490    756.183    293.054  1
    60.400    754.590     19.700    853.472    635.750     19.210    749.614    292.705  1
    60.600    714.590     19.580    833.217    604.370     19.140    730.482    292.356  1
    60.800    688.710     19.420    801.740    583.780     19.010    700.819    292.007  1
    61.000    696.510     19.610    761.988    582.590     19.130    663.586    291.658  1
    61.200    675.240     19.530    717.316    569.000     19.080    622.119    291.309  1
    61.400    613.010     19.430    670.949    457.240     18.760    579.617    290.960  1
    61.600    637.100     19.310    625.633    470.770     18.600    538.781    290.611  1
    61.800    544.480     19.140    583.486    396.370     18.500    501.646    290.262  1
    62.000    516.270     18.730    546.054    352.580     18.030    469.597    289.913  1
    62.200    455.270     18.930    514.453    362.030     18.510    443.496    289.564  1
    62.400    474.720     19.000    489.521    379.430     18.600    423.826    289.215  1
    62.600    456.160     18.890    471.897    383.130     18.550    410.802    288.866  1
    62.800    466.050     18.860    462.011    356.880     18.370    404.428    288.517  1
    63.000    456.940     18.380    460.044    326.350     17.840    404.516    288.168  1
    63.200    440.410     18.020    465.910    354.340     17.650    410.734    287.818  1
    63.400    512.770     18.290    479.330    418.840     17.880    422.697    287.469  1
    63.600    488.590     18.450    499.976    414.360     18.140    440.103    287.120  1
    63.800    548.220     18.590    527.640    454.190     18.170    462.858    286.771  1
    64.000    630.730     18.730    562.294    492.070     18.140    491.106    286.422  1
    64.200    605.660     18.780    603.999    437.660     18.070    525.111    286.073  1
    64.400    659.660     18.980    652.614    516.440     18.380    564.974    285.724  1
    64.600    782.990     19.100    707.402    592.390     18.330    610.282    285.375  1
    64.800    839.920     19.700    766.668    625.320     18.810    659.779    285.026  1
    65.000    919.400     19.950    827.594    696.390     19.040    711.217    284.677  1
    65.200    924.990     20.010    886.358    707.150     19.140    761.452    284.328  1
    65.400   1017.500     20.210    938.557    801.940     19.360    806.793    283.979  1
    65.600   1000.250     20.270    979.840    785.100     19.420    843.539    283.630  1
    65.800   1035.910     20.120   1006.601    838.970     19.360    868.558    283.281  1
    66.000   1062.770     20.260   1016.554    814.770     19.290    879.789    282.932  1
    66.200   1023.340     20.310   1009.080    820.360     19.510    876.538    282.583  1
    66.400    950.900     20.050    985.272    786.300     19.380    859.540    282.234  1
    66.600    901.830     19.850    947.700    723.910     19.110    830.776    281.885  1
    66.800    858.090     19.680    899.972    703.260     19.040    793.128    281.536  1
    67.000    788.710     19.330    846.199    663.210     18.810    749.939    281.187  1
    67.200    818.610     19.150    790.481    622.000     18.350    704.598    280.838  1
    67.400    731.560     19.160    736.491    609.020     18.650    660.192    280.489  1
    67.600    699.640     19.070    687.207    587.800     18.580    619.281    280.140  1
    67.800    615.290     18.760    645.003    508.890     18.300    584.007    280.000  1
    68.000    584.640     18.690    611.163    450.590     18.110    555.589    280.000  1
    68.200    610.660     18.770    586.162    481.610     18.190    534.576    280.000  1
    68.400    515.660     18.570    569.985    438.070     18.220    521.123    280.000  1
    68.600    566.210     18.840    562.088    513.380     18.610    514.906    280.000  1
    68.800    557.980     19.090    561.492    489.740     18.800    515.177    280.000  1
    69.000    590.370     19.100    566.866    496.350     18.680    520.817    280.000  1
    69.200    602.210     19.100    576.620    494.580     18.610    530.416    280.000  1
    69.400    610.710     19.040    589.018    558.700     18.800    542.375    280.000  1
    69.600    631.870     19.240    602.310    495.940     18.650    555.045    280.000  1
    69.800    614.170     19.330    614.883    526.890     18.930    566.890    280.000  1
    70.000    591.010     19.730    625.405    555.200     19.570    576.640    280.000  1
    70.200    682.020     19.900    632.943    570.090     19.410    583.427    280.000  1
    70.400    671.820     19.930    637.036    558.630     19.420    586.862    280.000  1
    70.600    620.640     19.650    637.704    564.740     19.400    587.051    280.000  1
    70.800    672.900     19.910    635.400    521.030     19.230    584.547    280.000  1
    71.000    623.430     19.820    630.904    521.460     19.370    580.231    280.000  1
    71.200    650.800     20.390    625.185    527.790     19.830    575.167    280.000  1
    71.400    656.900     20.310    619.238    562.970     19.880    570.426    280.000  1
    71.600    610.220     20.360    613.944    494.240     19.830    566.931    280.000  1
    71.800    570.860     20.200    609.949    472.730     19.730    565.329    280.000  1
    72.000    576.210     20.210    607.602    466.770     19.700    565.917    280.000  1
    72.200    611.690     20.390    606.944    520.160     19.970    568.638    280.000  1
    72.400    659.550     20.730    607.755    527.620     20.120    573.136    280.000  1
    72.600    614.160     20.830    609.652    557.110     20.540    578.856    280.000  1
    72.800    639.040     21.140    612.204    550.080     20.710    585.184    280.000  1
    73.000    596.430     20.820    615.051    572.050     20.700    591.575    280.000  1
    73.200    557.560     20.740    617.992    532.200     20.610    597.662    280.000  1
    73.400    562.180     20.650    621.034    539.590     20.540    603.310    280.000  1
    73.600    614.910     20.340    624.373    573.380     20.150    608.617    280.000  1
    73.800    648.890     20.810    628.336    601.640     20.600    613.850    280.000  1
    74.000    644.830     20.900    633.281    598.980     20.670    619.352    280.000  1
    74.200    647.350     20.850    639.482    604.490     20.660    625.424    280.000  1
    74.400    625.470     20.750    647.033    583.450     20.560    632.218    280.000  1
    74.600    659.670     20.980    655.782    571.600     20.560    639.662    280.000  1
    74.800    598.980     20.630    665.313    555.600     20.430    647.437    280.000  1
    75.000    649.050     21.100    674.980    590.070     20.820    654.995    280.000  1
    75.200    720.450     21.570    683.984    600.830     21.010    661.637    280.000  1
    75.400    704.040     21.520    691.478    644.580     21.240    666.610    280.000  1
    75.600    639.500     21.380    696.694    591.090     21.140    669.227    280.000  1
    75.800    681.640     21.390    699.045    628.850     21.150    668.979    280.000  1
    76.000    717.420     21.590    698.216    602.840     21.040    665.619    280.000  1
    76.200    691.490     21.530    694.213    616.860     21.160    659.210    280.000  1
    76.400    666.950     21.930    687.362    634.470     21.770    650.135    280.000  1
    76.600    670.420     22.020    678.272    540.490     21.380    639.050    280.000  1
    76.800    627.380     21.940    667.764    483.200     21.220    626.818    280.000  1
    77.000    554.070     21.690    656.771    521.920     21.530    614.410    280.000  1
    77.200    578.270     21.760    646.241    535.310     21.530    602.799    280.000  1
    77.400    603.680     21.850    637.034    443.490     21.070    592.863    280.000  1
    77.600    612.980     22.410    629.844    433.230     21.490    585.301    280.000  1
    77.800    636.950     22.600    625.145    496.250     21.890    580.576    280.000  1
    78.000    602.010     22.520    623.159    449.830     21.720    578.887    280.000  1
    78.200    605.130     22.550    623.856    514.090     22.080    580.166    280.000  1
    78.400    618.760     22.500    626.975    485.650     21.800    584.101    280.000  1
    78.600    583.180     22.410    632.063    487.780     21.930    590.178    280.000  1
    78.800    586.350     22.520    638.526    510.530     22.150    597.741    280.000  1
    79.000    633.060     23.390    645.689    538.350     22.920    606.049    280.000  1
    79.200    668.070     23.680    652.846    592.580     23.300    614.341    280.000  1
    79.400    673.480     23.590    659.316    539.330     22.890    621.887    280.000  1
    79.600    620.360     23.390    664.479    568.030     23.120    628.036    280.000  1
    79.800    697.110     23.490    667.804    609.580     23.030    632.242    280.000  1
    80.000    696.350     23.690    668.872    559.430     23.000    634.086    280.000  1
    80.200    673.400     23.990    667.375    578.500     23.480    633.281    280.000  1
    80.400    715.340     24.450    663.121    631.240     24.000    629.668    280.000  1
    80.600    625.410     23.980    656.029    627.000     23.990    623.207    280.000  1
    80.800    659.250     24.300    646.116    600.440     24.000    613.965    280.000  1
    81.000    617.920     24.100    633.494    526.940     23.630    602.101    280.000  1
    81.200    643.900     24.210    618.358    551.740     23.720    587.853    280.000  1
    81.400    610.430     24.050    600.974    570.730     23.840    571.521    280.000  1
    81.600    687.210     25.110    581.672    535.410     24.270    553.452    280.000  1
    81.800    604.920     24.920    560.831    559.320     24.650    534.033    280.000  1
    82.000    589.970     24.970    538.865    499.260     24.460    513.668    280.000  1



#phase 1
  h   k   l mult    sthovl    ttheta
  1   1   1    8   0.08397     7.668
  2   0   0    6   0.09696     8.922
  2   2   0   12   0.13713    12.807
  3   1   1   24   0.16080    15.103
  2   2   2    8   0.16795    15.798
  4   0   0    6   0.19393    18.328
  3   3   1   24   0.21133    20.028
  4   2   0   24   0.21682    20.565
  4   2   2   24   0.23751    22.595
  5   1   1   24   0.25192    24.012
  3   3   3    8   0.25192    24.012
  4   4   0   12   0.27425    26.216
  5   3   1   48   0.28682    27.461
  6   0   0    6   0.29089    27.865
  4   4   2   24   0.29089    27.865
  6   2   0   24   0.30663    29.429
  5   3   3   24   0.31792    30.555
  6   2   2   24   0.32159    30.923
  4   4   4    8   0.33589    32.355
  5   5   1   24   0.34623    33.393
  7   1   1   24   0.34623    33.393
  6   4   0   24   0.34961    33.733
  6   4   2   48   0.36281    35.065
  5   5   3   24   0.37240    36.035
  7   3   1   48   0.37240    36.035
  8   0   0    6   0.38786    37.605
  7   3   3   24   0.39684    38.522
  8   2   0   24   0.39979    38.823
  6   4   4   24   0.39979    38.823
  6   6   0   12   0.41138    40.010
  8   2   2   24   0.41138    40.010
  5   5   5    8   0.41987    40.881
  7   5   1   48   0.41987    40.881
  6   6   2   24   0.42266    41.168
  8   4   0   24   0.43364    42.301
  9   1   1   24   0.44169    43.135
  7   5   3   48   0.44169    43.135
  8   4   2   48   0.44434    43.410
  6   6   4   24   0.45480    44.497
  9   3   1   48   0.46249    45.298
  8   4   4   24   0.47502    46.611
  7   7   1   24   0.48239    47.385
  9   3   3   24   0.48239    47.385
  7   5   5   24   0.48239    47.385
 10   0   0    6   0.48482    47.641
  8   6   0   24   0.48482    47.641
  8   6   2   48   0.49442    48.655
 10   2   0   24   0.49442    48.655
  7   7   3   24   0.50150    49.406
  9   5   1   48   0.50150    49.406
 10   2   2   24   0.50384    49.654
  6   6   6    8   0.50384    49.654
  9   5   3   48   0.51991    51.367
  8   6   4   48   0.52217    51.609
 10   4   0   24   0.52217    51.609
 10   4   2   48   0.53109    52.567
  7   7   5   24   0.53769    53.277
 11   1   1   24   0.53769    53.277
  8   8   0   12   0.54851    54.448
 11   3   1   48   0.55490    55.142
  9   5   5   24   0.55490    55.142
  9   7   1   48   0.55490    55.142
  8   8   2   24   0.55701    55.372
 10   4   4   24   0.55701    55.372
  8   6   6   24   0.56539    56.286
 10   6   0   24   0.56539    56.286
 11   3   3   24   0.57159    56.966
  9   7   3   48   0.57159    56.966
 10   6   2   48   0.57365    57.191
 12   0   0    6   0.58178    58.087
  8   8   4   24   0.58178    58.087
 11   5   1   48   0.58781    58.753
  7   7   7    8   0.58781    58.753
 12   2   0   24   0.58981    58.974
 12   2   2   24   0.59772    59.853
 10   6   4   48   0.59772    59.853
 11   5   3   48   0.60359    60.508
  9   7   5   48   0.60359    60.508
 12   4   0   24   0.61325    61.589
  9   9   1   24   0.61898    62.233
  8   8   6   24   0.62087    62.447
 10   8   0   24   0.62087    62.447
 12   4   2   48   0.62087    62.447
 10   8   2   48   0.62840    63.298
 11   5   5   24   0.63398    63.932
 13   1   1   24   0.63398    63.932
 11   7   1   48   0.63398    63.932
  9   9   3   24   0.63398    63.932
 10   6   6   24   0.63583    64.142
 12   4   4   24   0.64318    64.981
 13   3   1   48   0.64864    65.607
 11   7   3   48   0.64864    65.607
  9   7   7   24   0.64864    65.607
 12   6   0   24   0.65045    65.815
 10   8   4   48   0.65045    65.815
 12   6   2   48   0.65764    66.643
 13   3   3   24   0.66298    67.260
  9   9   5   24   0.66298    67.260
  8   8   8    8   0.67178    68.284
 13   5   1   48   0.67701    68.894
 11   7   5   48   0.67701    68.894
 12   6   4   48   0.67875    69.097
 14   0   0    6   0.67875    69.097
 10   8   6   48   0.68564    69.907
 14   2   0   24   0.68564    69.907
 10  10   0   12   0.68564    69.907
 13   5   3   48   0.69076    70.511
 11   9   1   48   0.69076    70.511
 10  10   2   24   0.69246    70.712
 14   2   2   24   0.69246    70.712
 12   8   0   24   0.69922    71.513
 11   9   3   48   0.70424    72.112
  9   9   7   24   0.70424    72.112
 12   8   2   48   0.70591    72.311
 14   4   0   24   0.70591    72.311
 14   4   2   48   0.71254    73.105
 10  10   4   24   0.71254    73.105
 12   6   6   24   0.71254    73.105
 13   7   1   48   0.71747    73.699
 13   5   5   24   0.71747    73.699
 11   7   7   24   0.71747    73.699
 12   8   4   48   0.72561    74.685
 15   1   1   24   0.73045    75.274
 13   7   3   48   0.73045    75.274
 11   9   5   48   0.73045    75.274
 10   8   8   24   0.73206    75.470
 14   4   4   24   0.73206    75.470
 14   6   0   24   0.73845    76.252
 15   3   1   48   0.74321    76.837
 10  10   6   24   0.74479    77.032
 14   6   2   48   0.74479    77.032
 11  11   1   24   0.75576    78.392
 15   3   3   24   0.75576    78.392
  9   9   9    8   0.75576    78.392
 13   7   5   48   0.75576    78.392
 12  10   0   24   0.75731    78.585
 12   8   6   48   0.75731    78.585
 12  10   2   48   0.76349    79.359
 14   6   4   48   0.76349    79.359
 15   5   1   48   0.76810    79.937
 13   9   1   48   0.76810    79.937
 11  11   3   24   0.76810    79.937
 11   9   7   48   0.76810    79.937
 16   0   0    6   0.77571    80.900
 15   5   3   48   0.78024    81.476
 13   9   3   48   0.78024    81.476


