**********************************************************************
Information about phases
**********************************************************************

Phase Ho2Ti2O7:
 unit cell: 
    10.20000   10.20000   10.20000 
       90.00      90.00      90.00
 B matrix is 
  0.09804 -0.00000 -0.00000
  0.00000  0.09804 -0.00000
  0.00000  0.00000  0.09804
 
symmetry: 
 inversion center in position 0.000 0.000 0.000
 elements of symmetry:
      B    Rot.      B    Rot.      B    Rot.      B    Rot.      B    Rot.
  0.000  1 0 0;  0.750 -1 0 0;  0.250 -1 0 0;  0.500  1 0 0;  0.000  0 0 1;
  0.000  0 1 0;  0.250  0-1 0;  0.500  0 1 0;  0.750  0-1 0;  0.000  1 0 0;
  0.000  0 0 1;  0.500  0 0 1;  0.750  0 0-1;  0.250  0 0-1;  0.000  0 1 0;
      B    Rot.      B    Rot.      B    Rot.      B    Rot.      B    Rot.
  0.500  0 0 1;  0.750  0 0-1;  0.250  0 0-1;  0.000  0 1 0;  0.250  0-1 0;
  0.750 -1 0 0;  0.250 -1 0 0;  0.500  1 0 0;  0.000  0 0 1;  0.500  0 0 1;
  0.250  0-1 0;  0.500  0 1 0;  0.750  0-1 0;  0.000  1 0 0;  0.750 -1 0 0;
      B    Rot.      B    Rot.      B    Rot.      B    Rot.      B    Rot.
  0.500  0 1 0;  0.750  0-1 0;  0.750  0 1 0;  0.000  0-1 0;  0.250  0 1 0;
  0.750  0 0-1;  0.250  0 0-1;  0.250  1 0 0;  0.000 -1 0 0;  0.500 -1 0 0;
  0.250 -1 0 0;  0.500  1 0 0;  0.500  0 0-1;  0.000  0 0-1;  0.750  0 0 1;
      B    Rot.      B    Rot.      B    Rot.      B    Rot.      B    Rot.
  0.500  0-1 0;  0.750  1 0 0;  0.500 -1 0 0;  0.000 -1 0 0;  0.250  1 0 0;
  0.750  1 0 0;  0.250  0 0 1;  0.750  0 0 1;  0.000  0 0-1;  0.500  0 0-1;
  0.250  0 0 1;  0.500  0-1 0;  0.250  0 1 0;  0.000  0-1 0;  0.750  0 1 0;
      B    Rot.      B    Rot.      B    Rot.      B    Rot.
  0.750  0 0 1;  0.250  0 0 1;  0.500  0 0-1;  0.000  0 0-1;
  0.250  0 1 0;  0.500  0-1 0;  0.750  0 1 0;  0.000  0-1 0;
  0.500 -1 0 0;  0.750  1 0 0;  0.250  1 0 0;  0.000 -1 0 0;

 shifting:
 +0.000   +0.500   +0.500   +0.000  
 +0.000   +0.500   +0.000   +0.500  
 +0.000   +0.000   +0.500   +0.500  
**********************************************************************

**********************************************************************
atom Ho1:
type Ho3

        x       y       z   occ. mult.  bscat.(cm-12)
  0.50000 0.50000 0.50000  1.000    16  0.80100

 beta11 beta22 beta33 beta12 beta13 beta23
  0.000  0.000  0.000  0.000  0.000  0.000


    biso =  0.000 (Ang**2)
coeff j0  0.05660 18.31760  0.33650  7.68800  0.63170  2.94270 -0.02480
coeff j2  0.21880 18.51570  1.02400  6.70700  0.92510  2.16140  0.02680
lfactor = 2.00 kappa = 1.00

  chi11  chi22  chi33  chi12  chi13  chi23 (susceptibility, muB/T)
  3.453  3.453  3.453  3.453  3.453  3.453

Symmetry restriction on chi
     11  22  33  12  13  23  =  0
      1   0  -1   0   0   0 
      1  -1   0   0   0   0 
      0   1  -1   0   0   0 
      0   0   0   1  -1   0 
      0   0   0   0   1  -1 
      0   0   0   1   0  -1 

 magnetic form factor from sthovl (from 0.00 with step 0.01 Ang.):

  1.00  0.95  0.81  0.64  0.47  0.33  0.22  0.13  0.07  0.03
  1.00  0.94  0.79  0.62  0.46  0.32  0.21  0.13  0.07  0.03
  1.00  0.93  0.78  0.60  0.44  0.30  0.20  0.12  0.06  0.03
  1.00  0.91  0.76  0.59  0.42  0.29  0.19  0.11  0.06  0.03
  0.99  0.90  0.74  0.57  0.41  0.28  0.18  0.11  0.06  0.02
  0.99  0.89  0.73  0.55  0.40  0.27  0.17  0.10  0.05  0.02
  0.98  0.87  0.71  0.54  0.38  0.26  0.16  0.09  0.05  0.02
  0.97  0.86  0.69  0.52  0.37  0.25  0.15  0.09  0.04  0.02
  0.97  0.84  0.67  0.50  0.35  0.24  0.15  0.08  0.04  0.01
  0.96  0.83  0.66  0.49  0.34  0.23  0.14  0.08  0.04  0.01

 equivalent position of atom in unit cell with chi (in muB/T) and     f_mag_0 (in muB), it is not used, just for test
       x      y      z    chi11  chi22  chi33  chi12  chi13  chi23    mag_ia mag_ib mag_ic
   0.500  0.500  0.500    3.453  3.453  3.453  3.453  3.453  3.453     0.000  0.000  0.000 
   0.000  0.000  0.500    3.453  3.453  3.453  3.453  3.453  3.453     0.000  0.000  0.000 
   0.000  0.500  0.000    3.453  3.453  3.453  3.453  3.453  3.453     0.000  0.000  0.000 
   0.500  0.000  0.000    3.453  3.453  3.453  3.453  3.453  3.453     0.000  0.000  0.000 
   0.250  0.750  0.000    3.453  3.453  3.453  3.453 -3.453 -3.453     0.000  0.000  0.000 
   0.750  0.250  0.000    3.453  3.453  3.453  3.453 -3.453 -3.453     0.000  0.000  0.000 
   0.750  0.750  0.500    3.453  3.453  3.453  3.453 -3.453 -3.453     0.000  0.000  0.000 
   0.250  0.250  0.500    3.453  3.453  3.453  3.453 -3.453 -3.453     0.000  0.000  0.000 
   0.750  0.000  0.250    3.453  3.453  3.453 -3.453  3.453 -3.453     0.000  0.000  0.000 
   0.250  0.000  0.750    3.453  3.453  3.453 -3.453  3.453 -3.453     0.000  0.000  0.000 
   0.250  0.500  0.250    3.453  3.453  3.453 -3.453  3.453 -3.453     0.000  0.000  0.000 
   0.750  0.500  0.750    3.453  3.453  3.453 -3.453  3.453 -3.453     0.000  0.000  0.000 
   0.000  0.250  0.750    3.453  3.453  3.453 -3.453 -3.453  3.453     0.000  0.000  0.000 
   0.000  0.750  0.250    3.453  3.453  3.453 -3.453 -3.453  3.453     0.000  0.000  0.000 
   0.500  0.750  0.750    3.453  3.453  3.453 -3.453 -3.453  3.453     0.000  0.000  0.000 
   0.500  0.250  0.250    3.453  3.453  3.453 -3.453 -3.453  3.453     0.000  0.000  0.000 

 CHI in orthogonal coordinate system x||a* z||c (in 10**-12cm)
  0.931  0.931  0.931    0.931  0.931  0.931    0.931  0.931  0.931  
  0.931  0.931  0.931    0.931  0.931  0.931    0.931  0.931  0.931  
  0.931  0.931  0.931    0.931  0.931  0.931    0.931  0.931  0.931  
 
  0.931  0.931  0.931    0.931  0.931 -0.931    0.931  0.931 -0.931  
  0.931  0.931  0.931    0.931  0.931 -0.931    0.931  0.931 -0.931  
  0.931  0.931  0.931   -0.931 -0.931  0.931   -0.931 -0.931  0.931  
 
  0.931  0.931 -0.931    0.931  0.931 -0.931    0.931 -0.931  0.931  
  0.931  0.931 -0.931    0.931  0.931 -0.931   -0.931  0.931 -0.931  
 -0.931 -0.931  0.931   -0.931 -0.931  0.931    0.931 -0.931  0.931  
 
  0.931 -0.931  0.931    0.931 -0.931  0.931    0.931 -0.931  0.931  
 -0.931  0.931 -0.931   -0.931  0.931 -0.931   -0.931  0.931 -0.931  
  0.931 -0.931  0.931    0.931 -0.931  0.931    0.931 -0.931  0.931  
 
  0.931 -0.931 -0.931    0.931 -0.931 -0.931    0.931 -0.931 -0.931  
 -0.931  0.931  0.931   -0.931  0.931  0.931   -0.931  0.931  0.931  
 -0.931  0.931  0.931   -0.931  0.931  0.931   -0.931  0.931  0.931  
 
  0.931 -0.931 -0.931  
 -0.931  0.931  0.931  
 -0.931  0.931  0.931  
**********************************************************************

**********************************************************************
atom Ti1:
type O

        x       y       z   occ. mult.  bscat.(cm-12)
  0.00000 0.00000 0.00000  1.000    16  -0.34380

 beta11 beta22 beta33 beta12 beta13 beta23
  0.000  0.000  0.000  0.000  0.000  0.000


    biso =  0.000 (Ang**2)

 equivalent position of atom in unit cell
       x      y      z    
   0.000  0.000  0.000 
   0.500  0.500  0.000 
   0.500  0.000  0.500 
   0.000  0.500  0.500 
   0.750  0.250  0.500 
   0.250  0.750  0.500 
   0.250  0.250  0.000 
   0.750  0.750  0.000 
   0.250  0.500  0.750 
   0.750  0.500  0.250 
   0.750  0.000  0.750 
   0.250  0.000  0.250 
   0.500  0.750  0.250 
   0.500  0.250  0.750 
   0.000  0.250  0.250 
   0.000  0.750  0.750 
**********************************************************************

**********************************************************************
atom O1:
type O

        x       y       z   occ. mult.  bscat.(cm-12)
  0.32965 0.12500 0.12500  1.000    48  0.58030

 beta11 beta22 beta33 beta12 beta13 beta23
  0.000  0.000  0.000  0.000  0.000  0.000


    biso =  0.000 (Ang**2)

 equivalent position of atom in unit cell
       x      y      z    
   0.330  0.125  0.125 
   0.670  0.875  0.875 
   0.830  0.625  0.125 
   0.170  0.375  0.875 
   0.830  0.125  0.625 
   0.170  0.875  0.375 
   0.330  0.625  0.625 
   0.670  0.375  0.375 
   0.420  0.125  0.625 
   0.580  0.875  0.375 
   0.920  0.625  0.625 
   0.080  0.375  0.375 
   0.920  0.125  0.125 
   0.080  0.875  0.875 
   0.420  0.625  0.125 
   0.580  0.375  0.875 
   0.125  0.330  0.125 
   0.875  0.670  0.875 
   0.625  0.830  0.125 
   0.375  0.170  0.875 
   0.625  0.330  0.625 
   0.375  0.670  0.375 
   0.125  0.830  0.625 
   0.875  0.170  0.375 
   0.625  0.420  0.125 
   0.375  0.580  0.875 
   0.125  0.920  0.125 
   0.875  0.080  0.875 
   0.125  0.420  0.625 
   0.875  0.580  0.375 
   0.625  0.920  0.625 
   0.375  0.080  0.375 
   0.125  0.125  0.330 
   0.875  0.875  0.670 
   0.625  0.625  0.330 
   0.375  0.375  0.670 
   0.625  0.125  0.830 
   0.375  0.875  0.170 
   0.125  0.625  0.830 
   0.875  0.375  0.170 
   0.125  0.625  0.420 
   0.875  0.375  0.580 
   0.625  0.125  0.420 
   0.375  0.875  0.580 
   0.625  0.625  0.920 
   0.375  0.375  0.080 
   0.125  0.125  0.920 
   0.875  0.875  0.080 
**********************************************************************

**********************************************************************
atom O2:
type O

        x       y       z   occ. mult.  bscat.(cm-12)
  0.37500 0.37500 0.37500  1.000     8  0.58030

 beta11 beta22 beta33 beta12 beta13 beta23
  0.000  0.000  0.000  0.000  0.000  0.000


    biso =  0.000 (Ang**2)

 equivalent position of atom in unit cell
       x      y      z    
   0.375  0.375  0.375 
   0.625  0.625  0.625 
   0.875  0.875  0.375 
   0.125  0.125  0.625 
   0.875  0.375  0.875 
   0.125  0.625  0.125 
   0.375  0.875  0.875 
   0.625  0.125  0.125 


**********************************************************************
Information about experiments
**********************************************************************
Experiment pnd (mono):
**********************************************************************
Phase Ho2Ti2O7:
UB matrix is 
  0.06342 -0.06726  0.03236
  0.02099 -0.02507 -0.09160
  0.07176  0.06677 -0.00180
 
Extinction is 
 58.54700  1.38400  0.00000  0.00000  0.00000  0.00000
 
   h  k  l     FRexp    sFRexp FRmod_ext     ReFN      ImFN     |FMp| 2|FMpZ|  sthovl   FRmod
   0  0  8    0.6454    0.0133   0.7157   24.4839    0.0000    7.1974  14.392   0.392   0.360
  MSF / scat.vec. k / MSF perp. to k in global Cartesian system
    0.0009,  -0.0026,   7.1986    + j *   -0.0000,  -0.0000,  -0.0000
    0.3300,  -0.9343,  -0.0183
    0.0444,  -0.1258,   7.1962    + j *   -0.0000,   0.0000,  -0.0000
  structure factor tensor in local Cartesian system
    7.1991,   0.0000,   0.0000    + j *   -0.0000,   0.0000,  -0.0000
    0.0000,   7.1991,   0.0000    + j *    0.0000,  -0.0000,  -0.0000
    0.0000,   0.0000,   7.1991    + j *   -0.0000,  -0.0000,  -0.0000
 
   h  k  l     FRexp    sFRexp FRmod_ext     ReFN      ImFN     |FMp| 2|FMpZ|  sthovl   FRmod
   2  0  6    1.7568    0.0454   1.6573    7.3949    0.0000    2.3014   3.226   0.310   2.058
  MSF / scat.vec. k / MSF perp. to k in global Cartesian system
    2.1264,  -6.3669,  -0.2482    + j *   -0.0000,   0.0000,   0.0000
    0.5176,  -0.8187,   0.2141
   -1.1731,  -1.1485,  -1.6128    + j *    0.0000,   0.0000,   0.0000
  structure factor tensor in local Cartesian system
    0.0000,   0.0000,   9.2570    + j *    0.0000,  -0.0000,  -0.0000
    0.0000,   0.0000,   0.0000    + j *   -0.0000,   0.0000,   0.0000
    9.2570,   0.0000,   0.0000    + j *   -0.0000,   0.0000,   0.0000
 
   h  k  l     FRexp    sFRexp FRmod_ext     ReFN      ImFN     |FMp| 2|FMpZ|  sthovl   FRmod
   0  2  6    1.6797    0.0371   1.5508    7.3949    0.0000    2.1527   2.809   0.310   1.876
  MSF / scat.vec. k / MSF perp. to k in global Cartesian system
    2.1971,  -5.8474,  -0.2310    + j *   -0.0000,   0.0000,   0.0000
    0.0961,  -0.9673,   0.1980
    1.6273,  -0.1138,  -1.4046    + j *   -0.0000,   0.0000,   0.0000
  structure factor tensor in local Cartesian system
    0.0000,   0.0000,   0.0000    + j *    0.0000,  -0.0000,   0.0000
    0.0000,  -0.0000,   9.2570    + j *   -0.0000,   0.0000,  -0.0000
    0.0000,   9.2570,   0.0000    + j *    0.0000,  -0.0000,   0.0000
 
   h  k  l     FRexp    sFRexp FRmod_ext     ReFN      ImFN     |FMp| 2|FMpZ|  sthovl   FRmod
   2  0 10    0.9051    0.0232   0.9376  -15.0011    0.0000    0.7881   1.137   0.500   0.877
  MSF / scat.vec. k / MSF perp. to k in global Cartesian system
    1.1213,  -3.3573,  -0.1309    + j *   -0.0000,   0.0000,   0.0000
    0.4505,  -0.8742,   0.1256
   -0.4490,  -0.3100,  -0.5687    + j *    0.0000,   0.0000,   0.0000
  structure factor tensor in local Cartesian system
    0.0000,   0.0000,   4.8813    + j *    0.0000,   0.0000,  -0.0000
    0.0000,   0.0000,   0.0000    + j *    0.0000,   0.0000,   0.0000
    4.8813,   0.0000,   0.0000    + j *   -0.0000,   0.0000,  -0.0000
 
   h  k  l     FRexp    sFRexp FRmod_ext     ReFN      ImFN     |FMp| 2|FMpZ|  sthovl   FRmod
   0  2 10    0.9243    0.0179   0.9453  -15.0011    0.0000    0.7394   0.993   0.500   0.891
  MSF / scat.vec. k / MSF perp. to k in global Cartesian system
    1.1585,  -3.0834,  -0.1218    + j *   -0.0000,   0.0000,   0.0000
    0.1891,  -0.9663,   0.1156
    0.5455,   0.0500,  -0.4967    + j *   -0.0000,  -0.0000,   0.0000
  structure factor tensor in local Cartesian system
    0.0000,   0.0000,   0.0000    + j *    0.0000,   0.0000,   0.0000
    0.0000,   0.0000,   4.8813    + j *    0.0000,   0.0000,  -0.0000
    0.0000,   4.8813,   0.0000    + j *    0.0000,  -0.0000,   0.0000
 
   h  k  l     FRexp    sFRexp FRmod_ext     ReFN      ImFN     |FMp| 2|FMpZ|  sthovl   FRmod
   4 -4  0    0.7186    0.0103   0.7705   29.0008    0.0000   10.1046  20.196   0.277   0.298
  MSF / scat.vec. k / MSF perp. to k in global Cartesian system
    0.0012,  -0.0036,  10.1112    + j *    0.0000,   0.0000,   0.0000
    0.9425,   0.3322,   0.0360
   -0.3415,  -0.1244,  10.0981    + j *   -0.0000,   0.0000,   0.0000
  structure factor tensor in local Cartesian system
   10.1119,   0.0000,   0.0000    + j *   -0.0000,   0.0000,  -0.0000
    0.0000,  10.1119,   0.0000    + j *    0.0000,   0.0000,   0.0000
    0.0000,   0.0000,  10.1119    + j *   -0.0000,   0.0000,  -0.0000
 
   h  k  l     FRexp    sFRexp FRmod_ext     ReFN      ImFN     |FMp| 2|FMpZ|  sthovl   FRmod
   6 -6  0    0.4468    0.0112   0.5075   16.4975    0.0000    6.6383  13.266   0.416   0.248
  MSF / scat.vec. k / MSF perp. to k in global Cartesian system
   -0.4094,  -0.2748,   6.6243    + j *   -0.0000,  -0.0000,  -0.0000
    0.9425,   0.3322,   0.0360
   -0.1842,  -0.1955,   6.6328    + j *    0.0000,  -0.0000,  -0.0000
  structure factor tensor in local Cartesian system
    0.0000,   6.6441,   0.0000    + j *    0.0000,  -0.0000,   0.0000
    6.6441,   0.0000,   0.0000    + j *   -0.0000,   0.0000,  -0.0000
    0.0000,   0.0000,   0.0000    + j *    0.0000,  -0.0000,   0.0000
 
   h  k  l     FRexp    sFRexp FRmod_ext     ReFN      ImFN     |FMp| 2|FMpZ|  sthovl   FRmod
   1 -1  1    0.5570    0.0101   0.5275   -6.9045    0.0000   14.3139  28.623   0.085   0.190
  MSF / scat.vec. k / MSF perp. to k in global Cartesian system
    0.3855,  -0.1030, -14.3090    + j *   -0.0000,   0.0000,   0.0000
    0.9601,  -0.2682,   0.0188
    0.2564,  -0.0670, -14.3115    + j *   -0.0000,   0.0000,   0.0000
  structure factor tensor in local Cartesian system
   -7.1588,  -7.1588,   7.1588    + j *    0.0000,   0.0000,  -0.0000
   -7.1588,  -7.1588,  -7.1588    + j *    0.0000,   0.0000,   0.0000
    7.1588,  -7.1588,  -7.1588    + j *   -0.0000,   0.0000,  -0.0000
 
   h  k  l     FRexp    sFRexp FRmod_ext     ReFN      ImFN     |FMp| 2|FMpZ|  sthovl   FRmod
  -1  1  1    0.4705    0.0101   0.5274   -6.9045    0.0000   14.3052  28.587   0.085   0.190
  MSF / scat.vec. k / MSF perp. to k in global Cartesian system
    0.4949,   0.7004, -14.2823    + j *   -0.0000,  -0.0000,   0.0000
   -0.5790,  -0.8107,  -0.0399
    0.3293,   0.4687, -14.2937    + j *   -0.0000,  -0.0000,   0.0000
  structure factor tensor in local Cartesian system
   -7.1588,  -7.1588,  -7.1588    + j *   -0.0000,   0.0000,   0.0000
   -7.1588,  -7.1588,   7.1588    + j *    0.0000,   0.0000,  -0.0000
   -7.1588,   7.1588,  -7.1588    + j *    0.0000,  -0.0000,   0.0000
 
   h  k  l     FRexp    sFRexp FRmod_ext     ReFN      ImFN     |FMp| 2|FMpZ|  sthovl   FRmod
   1  1  1    0.5367    0.0109   0.4824    6.9045    0.0000    8.4385  10.066   0.085   0.329
  MSF / scat.vec. k / MSF perp. to k in global Cartesian system
   -2.9016,   9.7393,   0.3915    + j *    0.0000,  -0.0000,  -0.0000
    0.1679,  -0.5635,   0.8052
   -1.9338,   6.4912,   5.0332    + j *    0.0000,  -0.0000,  -0.0000
  structure factor tensor in local Cartesian system
    7.1588,  -7.1588,  -7.1588    + j *   -0.0000,   0.0000,   0.0000
   -7.1588,   7.1588,  -7.1588    + j *    0.0000,  -0.0000,   0.0000
   -7.1588,  -7.1588,   7.1588    + j *    0.0000,   0.0000,  -0.0000
 
   h  k  l     FRexp    sFRexp FRmod_ext     ReFN      ImFN     |FMp| 2|FMpZ|  sthovl   FRmod
  -1  1 -1    0.5601    0.0100   0.5275   -6.9045    0.0000   14.3139  28.623   0.085   0.190
  MSF / scat.vec. k / MSF perp. to k in global Cartesian system
    0.3855,  -0.1030, -14.3090    + j *    0.0000,  -0.0000,  -0.0000
   -0.9601,   0.2682,  -0.0188
    0.2564,  -0.0670, -14.3115    + j *    0.0000,  -0.0000,  -0.0000
  structure factor tensor in local Cartesian system
   -7.1588,  -7.1588,   7.1588    + j *    0.0000,  -0.0000,   0.0000
   -7.1588,  -7.1588,  -7.1588    + j *   -0.0000,  -0.0000,  -0.0000
    7.1588,  -7.1588,  -7.1588    + j *    0.0000,  -0.0000,   0.0000
 
   h  k  l     FRexp    sFRexp FRmod_ext     ReFN      ImFN     |FMp| 2|FMpZ|  sthovl   FRmod
   3 -1  1    1.2662    0.0112   1.2695   -4.6135    0.0000    8.4400   3.381   0.163   1.339
  MSF / scat.vec. k / MSF perp. to k in global Cartesian system
   -3.4215,   8.2720,   0.3161    + j *    0.0000,  -0.0000,  -0.0000
    0.8915,  -0.0109,   0.4512
   -0.7058,   8.2387,   1.6904    + j *    0.0000,  -0.0000,  -0.0000
  structure factor tensor in local Cartesian system
   -6.4703,   6.4703,  -6.4703    + j *    0.0000,  -0.0000,   0.0000
    6.4703,  -6.4703,  -6.4703    + j *   -0.0000,   0.0000,   0.0000
   -6.4703,  -6.4703,  -6.4703    + j *    0.0000,   0.0000,   0.0000
 
   h  k  l     FRexp    sFRexp FRmod_ext     ReFN      ImFN     |FMp| 2|FMpZ|  sthovl   FRmod
   1 -1  3    0.5464    0.0105   0.5606   -4.6135    0.0000   12.9315  25.818   0.163   0.291
  MSF / scat.vec. k / MSF perp. to k in global Cartesian system
    0.4473,   0.6331, -12.9088    + j *   -0.0000,  -0.0000,   0.0000
    0.7004,  -0.7035,  -0.0012
    0.5306,   0.5494, -12.9090    + j *   -0.0000,  -0.0000,   0.0000
  structure factor tensor in local Cartesian system
   -6.4703,  -6.4703,  -6.4703    + j *    0.0000,   0.0000,   0.0000
   -6.4703,  -6.4703,   6.4703    + j *    0.0000,   0.0000,  -0.0000
   -6.4703,   6.4703,  -6.4703    + j *    0.0000,  -0.0000,   0.0000
 
   h  k  l     FRexp    sFRexp FRmod_ext     ReFN      ImFN     |FMp| 2|FMpZ|  sthovl   FRmod
  -1  1  3    0.5484    0.0106   0.5599   -4.6135    0.0000   12.9293  25.835   0.163   0.290
  MSF / scat.vec. k / MSF perp. to k in global Cartesian system
    0.3485,  -0.0931, -12.9329    + j *   -0.0000,   0.0000,   0.0000
   -0.1034,  -0.9868,  -0.0319
    0.3977,   0.3769, -12.9177    + j *   -0.0000,  -0.0000,   0.0000
  structure factor tensor in local Cartesian system
   -6.4703,  -6.4703,   6.4703    + j *    0.0000,   0.0000,  -0.0000
   -6.4703,  -6.4703,  -6.4703    + j *    0.0000,   0.0000,   0.0000
    6.4703,  -6.4703,  -6.4703    + j *   -0.0000,   0.0000,   0.0000
 
   h  k  l     FRexp    sFRexp FRmod_ext     ReFN      ImFN     |FMp| 2|FMpZ|  sthovl   FRmod
  -1  3  1    1.1461    0.0110   1.1759   -4.6135    0.0000    8.6814   2.388   0.163   1.217
  MSF / scat.vec. k / MSF perp. to k in global Cartesian system
   -3.4215,   8.2720,   0.3161    + j *    0.0000,  -0.0000,  -0.0000
   -0.7161,  -0.5776,   0.3899
   -5.0346,   6.9709,   1.1942    + j *    0.0000,  -0.0000,  -0.0000
  structure factor tensor in local Cartesian system
   -6.4703,   6.4703,  -6.4703    + j *    0.0000,  -0.0000,   0.0000
    6.4703,  -6.4703,  -6.4703    + j *   -0.0000,   0.0000,   0.0000
   -6.4703,  -6.4703,  -6.4703    + j *    0.0000,   0.0000,   0.0000
 
   h  k  l     FRexp    sFRexp FRmod_ext     ReFN      ImFN     |FMp| 2|FMpZ|  sthovl   FRmod
   1 -1  5    0.2854    0.0105   0.2682  -16.0622    0.0000   10.6941  21.384   0.255   0.110
  MSF / scat.vec. k / MSF perp. to k in global Cartesian system
    0.2882,  -0.0770, -10.6946    + j *    0.0000,   0.0000,   0.0000
    0.5741,  -0.8086,  -0.0078
    0.1054,   0.1804, -10.6921    + j *    0.0000,   0.0000,   0.0000
  structure factor tensor in local Cartesian system
   -5.3505,  -5.3505,   5.3505    + j *    0.0000,  -0.0000,  -0.0000
   -5.3505,  -5.3505,  -5.3505    + j *   -0.0000,   0.0000,   0.0000
    5.3505,  -5.3505,  -5.3505    + j *   -0.0000,   0.0000,   0.0000
 
   h  k  l     FRexp    sFRexp FRmod_ext     ReFN      ImFN     |FMp| 2|FMpZ|  sthovl   FRmod
  -1  1  5    0.2665    0.0106   0.2700  -16.0622    0.0000   10.6919  21.361   0.255   0.110
  MSF / scat.vec. k / MSF perp. to k in global Cartesian system
    0.3699,   0.5235, -10.6746    + j *    0.0000,  -0.0000,   0.0000
    0.0610,  -0.9895,  -0.0274
    0.3824,   0.3204, -10.6803    + j *    0.0000,  -0.0000,   0.0000
  structure factor tensor in local Cartesian system
   -5.3505,  -5.3505,  -5.3505    + j *    0.0000,  -0.0000,   0.0000
   -5.3505,  -5.3505,   5.3505    + j *   -0.0000,   0.0000,  -0.0000
   -5.3505,   5.3505,  -5.3505    + j *    0.0000,  -0.0000,   0.0000
 
   h  k  l     FRexp    sFRexp FRmod_ext     ReFN      ImFN     |FMp| 2|FMpZ|  sthovl   FRmod
   1  1  5    0.8275    0.0127   0.8359   16.0622    0.0000    2.2493   4.314   0.255   0.627
  MSF / scat.vec. k / MSF perp. to k in global Cartesian system
   -2.1687,   7.2792,   0.2926    + j *    0.0000,  -0.0000,  -0.0000
    0.3100,  -0.9071,   0.2543
    0.1042,   0.6290,   2.1571    + j *   -0.0000,  -0.0000,  -0.0000
  structure factor tensor in local Cartesian system
    5.3505,  -5.3505,  -5.3505    + j *   -0.0000,   0.0000,   0.0000
   -5.3505,   5.3505,  -5.3505    + j *    0.0000,  -0.0000,   0.0000
   -5.3505,  -5.3505,   5.3505    + j *    0.0000,   0.0000,  -0.0000
 
   h  k  l     FRexp    sFRexp FRmod_ext     ReFN      ImFN     |FMp| 2|FMpZ|  sthovl   FRmod
   1 -1  7    0.3576    0.0215   0.3353  -14.7345    0.0000    8.2247  16.424   0.350   0.150
  MSF / scat.vec. k / MSF perp. to k in global Cartesian system
    0.2845,   0.4027,  -8.2107    + j *   -0.0000,  -0.0000,   0.0000
    0.5101,  -0.8500,  -0.0108
    0.3407,   0.3091,  -8.2118    + j *   -0.0000,  -0.0000,   0.0000
  structure factor tensor in local Cartesian system
   -4.1155,  -4.1155,  -4.1155    + j *   -0.0000,   0.0000,  -0.0000
   -4.1155,  -4.1155,   4.1155    + j *    0.0000,  -0.0000,   0.0000
   -4.1155,   4.1155,  -4.1155    + j *   -0.0000,   0.0000,  -0.0000
 
   h  k  l     FRexp    sFRexp FRmod_ext     ReFN      ImFN     |FMp| 2|FMpZ|  sthovl   FRmod
  -1  1  7    0.3058    0.0131   0.3343  -14.7345    0.0000    8.2238  16.437   0.350   0.149
  MSF / scat.vec. k / MSF perp. to k in global Cartesian system
    0.2216,  -0.0592,  -8.2260    + j *   -0.0000,  -0.0000,   0.0000
    0.1368,  -0.9816,  -0.0251
    0.1806,   0.2354,  -8.2185    + j *   -0.0000,  -0.0000,   0.0000
  structure factor tensor in local Cartesian system
   -4.1155,  -4.1155,   4.1155    + j *   -0.0000,   0.0000,   0.0000
   -4.1155,  -4.1155,  -4.1155    + j *    0.0000,  -0.0000,  -0.0000
    4.1155,  -4.1155,  -4.1155    + j *    0.0000,  -0.0000,  -0.0000
 
   h  k  l     FRexp    sFRexp FRmod_ext     ReFN      ImFN     |FMp| 2|FMpZ|  sthovl   FRmod
   1  1  7    1.1807    0.0277   1.1368  -14.7345    0.0000    1.2755   2.419   0.350   1.330
  MSF / scat.vec. k / MSF perp. to k in global Cartesian system
   -2.1762,   5.2614,   0.2010    + j *    0.0000,  -0.0000,  -0.0000
    0.3180,  -0.9217,   0.1799
   -0.3938,   0.0955,   1.2094    + j *   -0.0000,  -0.0000,  -0.0000
  structure factor tensor in local Cartesian system
   -4.1155,   4.1155,  -4.1155    + j *   -0.0000,   0.0000,   0.0000
    4.1155,  -4.1155,  -4.1155    + j *    0.0000,  -0.0000,   0.0000
   -4.1155,  -4.1155,  -4.1155    + j *    0.0000,   0.0000,  -0.0000
 
   h  k  l     FRexp    sFRexp FRmod_ext     ReFN      ImFN     |FMp| 2|FMpZ|  sthovl   FRmod
   1 -1  9    0.1501    0.0192   0.0796   -5.1679    0.0000    5.9596  11.916   0.447   0.075
  MSF / scat.vec. k / MSF perp. to k in global Cartesian system
    0.1606,  -0.0429,  -5.9603    + j *    0.0000,   0.0000,   0.0000
    0.4723,  -0.8714,  -0.0125
    0.0700,   0.1242,  -5.9579    + j *    0.0000,   0.0000,   0.0000
  structure factor tensor in local Cartesian system
   -2.9819,  -2.9819,   2.9819    + j *    0.0000,  -0.0000,  -0.0000
   -2.9819,  -2.9819,  -2.9819    + j *   -0.0000,   0.0000,   0.0000
    2.9819,  -2.9819,  -2.9819    + j *   -0.0000,   0.0000,   0.0000
 
   h  k  l     FRexp    sFRexp FRmod_ext     ReFN      ImFN     |FMp| 2|FMpZ|  sthovl   FRmod
  -1  1  9    0.1758    0.0133   0.0804   -5.1679    0.0000    5.9589  11.903   0.447   0.075
  MSF / scat.vec. k / MSF perp. to k in global Cartesian system
    0.2061,   0.2918,  -5.9492    + j *    0.0000,  -0.0000,   0.0000
    0.1797,  -0.9746,  -0.0237
    0.2255,   0.1867,  -5.9517    + j *   -0.0000,  -0.0000,   0.0000
  structure factor tensor in local Cartesian system
   -2.9819,  -2.9819,  -2.9819    + j *    0.0000,  -0.0000,   0.0000
   -2.9819,  -2.9819,   2.9819    + j *   -0.0000,   0.0000,  -0.0000
   -2.9819,   2.9819,  -2.9819    + j *    0.0000,  -0.0000,   0.0000
 
   h  k  l     FRexp    sFRexp FRmod_ext     ReFN      ImFN     |FMp| 2|FMpZ|  sthovl   FRmod
   1  1  9    0.6331    0.0357   0.6638    5.1679    0.0000    0.7692   1.478   0.447   0.608
  MSF / scat.vec. k / MSF perp. to k in global Cartesian system
   -1.2086,   4.0568,   0.1631    + j *    0.0000,  -0.0000,   0.0000
    0.3217,  -0.9276,   0.1370
    0.1440,   0.1569,   0.7391    + j *   -0.0000,   0.0000,   0.0000
  structure factor tensor in local Cartesian system
    2.9819,  -2.9819,  -2.9819    + j *   -0.0000,   0.0000,   0.0000
   -2.9819,   2.9819,  -2.9819    + j *    0.0000,  -0.0000,   0.0000
   -2.9819,  -2.9819,   2.9819    + j *    0.0000,   0.0000,  -0.0000
 
   h  k  l     FRexp    sFRexp FRmod_ext     ReFN      ImFN     |FMp| 2|FMpZ|  sthovl   FRmod
   1 -1 11    0.2714    0.0211   0.3513   -9.5194    0.0000    4.0893   8.166   0.544   0.227
  MSF / scat.vec. k / MSF perp. to k in global Cartesian system
    0.1414,   0.2002,  -4.0824    + j *   -0.0000,  -0.0000,   0.0000
    0.4475,  -0.8843,  -0.0136
    0.1680,   0.1478,  -4.0832    + j *   -0.0000,  -0.0000,   0.0000
  structure factor tensor in local Cartesian system
   -2.0462,  -2.0462,  -2.0462    + j *    0.0000,   0.0000,   0.0000
   -2.0462,  -2.0462,   2.0462    + j *    0.0000,   0.0000,  -0.0000
   -2.0462,   2.0462,  -2.0462    + j *    0.0000,  -0.0000,   0.0000
 
   h  k  l     FRexp    sFRexp FRmod_ext     ReFN      ImFN     |FMp| 2|FMpZ|  sthovl   FRmod
  -1  1 11    0.2734    0.0140   0.3507   -9.5194    0.0000    4.0890   8.173   0.544   0.227
  MSF / scat.vec. k / MSF perp. to k in global Cartesian system
    0.1102,  -0.0295,  -4.0900    + j *   -0.0000,   0.0000,   0.0000
    0.2071,  -0.9691,  -0.0228
    0.0797,   0.1131,  -4.0866    + j *   -0.0000,  -0.0000,   0.0000
  structure factor tensor in local Cartesian system
   -2.0462,  -2.0462,   2.0462    + j *    0.0000,   0.0000,  -0.0000
   -2.0462,  -2.0462,  -2.0462    + j *    0.0000,   0.0000,   0.0000
    2.0462,  -2.0462,  -2.0462    + j *   -0.0000,   0.0000,   0.0000
 
   h  k  l     FRexp    sFRexp FRmod_ext     ReFN      ImFN     |FMp| 2|FMpZ|  sthovl   FRmod
   3 -1  3    0.9056    0.0118   0.9171   20.5021    0.0000    6.3757   4.301   0.214   0.715
  MSF / scat.vec. k / MSF perp. to k in global Cartesian system
   -2.3805,   7.9902,   0.3212    + j *    0.0000,  -0.0000,  -0.0000
    0.8297,  -0.4370,   0.3349
    2.1517,   5.6031,   2.1504    + j *   -0.0000,  -0.0000,  -0.0000
  structure factor tensor in local Cartesian system
    5.8731,  -5.8731,  -5.8731    + j *   -0.0000,   0.0000,   0.0000
   -5.8731,   5.8731,  -5.8731    + j *    0.0000,  -0.0000,   0.0000
   -5.8731,  -5.8731,   5.8731    + j *    0.0000,   0.0000,  -0.0000
 
   h  k  l     FRexp    sFRexp FRmod_ext     ReFN      ImFN     |FMp| 2|FMpZ|  sthovl   FRmod
  -1  3  3    0.8683    0.0117   0.9200   20.5021    0.0000    5.8667   4.107   0.214   0.723
  MSF / scat.vec. k / MSF perp. to k in global Cartesian system
   -2.3805,   7.9902,   0.3212    + j *    0.0000,  -0.0000,  -0.0000
   -0.3935,  -0.8682,   0.2882
   -4.7453,   2.7720,   2.0535    + j *    0.0000,  -0.0000,  -0.0000
  structure factor tensor in local Cartesian system
    5.8731,  -5.8731,  -5.8731    + j *   -0.0000,   0.0000,   0.0000
   -5.8731,   5.8731,  -5.8731    + j *    0.0000,  -0.0000,   0.0000
   -5.8731,  -5.8731,   5.8731    + j *    0.0000,   0.0000,  -0.0000
 
   h  k  l     FRexp    sFRexp FRmod_ext     ReFN      ImFN     |FMp| 2|FMpZ|  sthovl   FRmod
   3 -3  1    0.4608    0.0101   0.4672  -20.5021    0.0000   11.7379  23.441   0.214   0.143
  MSF / scat.vec. k / MSF perp. to k in global Cartesian system
    0.4060,   0.5746, -11.7173    + j *    0.0000,  -0.0000,   0.0000
    0.9931,   0.1090,   0.0308
    0.3024,   0.5633, -11.7205    + j *   -0.0000,  -0.0000,   0.0000
  structure factor tensor in local Cartesian system
   -5.8731,  -5.8731,  -5.8731    + j *    0.0000,  -0.0000,   0.0000
   -5.8731,  -5.8731,   5.8731    + j *   -0.0000,   0.0000,  -0.0000
   -5.8731,   5.8731,  -5.8731    + j *    0.0000,  -0.0000,   0.0000
 
   h  k  l     FRexp    sFRexp FRmod_ext     ReFN      ImFN     |FMp| 2|FMpZ|  sthovl   FRmod
  -3  3  1    0.4477    0.0101   0.4663  -20.5021    0.0000   11.7413  23.459   0.214   0.143
  MSF / scat.vec. k / MSF perp. to k in global Cartesian system
    0.3163,  -0.0845, -11.7392    + j *    0.0000,   0.0000,   0.0000
   -0.8417,  -0.5377,  -0.0392
    0.5194,   0.0452, -11.7297    + j *   -0.0000,   0.0000,   0.0000
  structure factor tensor in local Cartesian system
   -5.8731,  -5.8731,   5.8731    + j *    0.0000,  -0.0000,  -0.0000
   -5.8731,  -5.8731,  -5.8731    + j *   -0.0000,   0.0000,   0.0000
    5.8731,  -5.8731,  -5.8731    + j *   -0.0000,   0.0000,   0.0000
 
   h  k  l     FRexp    sFRexp FRmod_ext     ReFN      ImFN     |FMp| 2|FMpZ|  sthovl   FRmod
   5 -3  1    0.9298    0.0111   0.9317    9.0534    0.0000    6.9007   0.976   0.290   0.889
  MSF / scat.vec. k / MSF perp. to k in global Cartesian system
   -1.9819,   6.6523,   0.2674    + j *    0.0000,  -0.0000,  -0.0000
    0.9504,   0.1527,   0.2701
   -1.2059,   6.7770,   0.4880    + j *    0.0000,  -0.0000,  -0.0000
  structure factor tensor in local Cartesian system
    4.8897,  -4.8897,  -4.8897    + j *   -0.0000,   0.0000,   0.0000
   -4.8897,   4.8897,  -4.8897    + j *    0.0000,  -0.0000,   0.0000
   -4.8897,  -4.8897,   4.8897    + j *    0.0000,   0.0000,  -0.0000
 
   h  k  l     FRexp    sFRexp FRmod_ext     ReFN      ImFN     |FMp| 2|FMpZ|  sthovl   FRmod
   3 -1  5    1.3996    0.0181   1.4151   -9.0534    0.0000    3.4293   3.317   0.290   1.772
  MSF / scat.vec. k / MSF perp. to k in global Cartesian system
   -2.5856,   6.2512,   0.2388    + j *    0.0000,  -0.0000,  -0.0000
    0.7229,  -0.6378,   0.2406
    1.6806,   2.4870,   1.6584    + j *   -0.0000,  -0.0000,  -0.0000
  structure factor tensor in local Cartesian system
   -4.8897,   4.8897,  -4.8897    + j *    0.0000,  -0.0000,   0.0000
    4.8897,  -4.8897,  -4.8897    + j *   -0.0000,   0.0000,   0.0000
   -4.8897,  -4.8897,  -4.8897    + j *    0.0000,   0.0000,   0.0000
 
   h  k  l     FRexp    sFRexp FRmod_ext     ReFN      ImFN     |FMp| 2|FMpZ|  sthovl   FRmod
  -1  3  5    1.3519    0.0186   1.3133   -9.0534    0.0000    3.9491   2.772   0.290   1.576
  MSF / scat.vec. k / MSF perp. to k in global Cartesian system
   -2.5856,   6.2512,   0.2388    + j *    0.0000,  -0.0000,  -0.0000
   -0.1783,  -0.9555,   0.2062
   -3.5780,   0.9334,   1.3862    + j *    0.0000,  -0.0000,  -0.0000
  structure factor tensor in local Cartesian system
   -4.8897,   4.8897,  -4.8897    + j *    0.0000,  -0.0000,   0.0000
    4.8897,  -4.8897,  -4.8897    + j *   -0.0000,   0.0000,   0.0000
   -4.8897,  -4.8897,  -4.8897    + j *    0.0000,   0.0000,   0.0000
 
   h  k  l     FRexp    sFRexp FRmod_ext     ReFN      ImFN     |FMp| 2|FMpZ|  sthovl   FRmod
  -3  5  1    0.9013    0.0107   0.9202    9.0534    0.0000    6.7894   1.134   0.290   0.870
  MSF / scat.vec. k / MSF perp. to k in global Cartesian system
   -1.9819,   6.6523,   0.2674    + j *    0.0000,  -0.0000,  -0.0000
   -0.8521,  -0.4827,   0.2014
   -3.2506,   5.9336,   0.5672    + j *    0.0000,  -0.0000,  -0.0000
  structure factor tensor in local Cartesian system
    4.8897,  -4.8897,  -4.8897    + j *   -0.0000,   0.0000,   0.0000
   -4.8897,   4.8897,  -4.8897    + j *    0.0000,  -0.0000,   0.0000
   -4.8897,  -4.8897,   4.8897    + j *    0.0000,   0.0000,  -0.0000
 
   h  k  l     FRexp    sFRexp FRmod_ext     ReFN      ImFN     |FMp| 2|FMpZ|  sthovl   FRmod
   3 -1  7    1.6465    0.1560   1.9854   -3.2165    0.0000    2.4905   2.155   0.377   2.145
  MSF / scat.vec. k / MSF perp. to k in global Cartesian system
   -1.5352,   5.1531,   0.2071    + j *    0.0000,  -0.0000,  -0.0000
    0.6427,  -0.7346,   0.1805
    1.5642,   1.6108,   1.0776    + j *   -0.0000,  -0.0000,  -0.0000
  structure factor tensor in local Cartesian system
    3.7877,  -3.7877,  -3.7877    + j *   -0.0000,   0.0000,   0.0000
   -3.7877,   3.7877,  -3.7877    + j *    0.0000,  -0.0000,   0.0000
   -3.7877,  -3.7877,   3.7877    + j *    0.0000,   0.0000,  -0.0000
 
   h  k  l     FRexp    sFRexp FRmod_ext     ReFN      ImFN     |FMp| 2|FMpZ|  sthovl   FRmod
  -1  3  7    2.1227    0.1283   2.0448   -3.2165    0.0000    2.0575   1.962   0.377   2.206
  MSF / scat.vec. k / MSF perp. to k in global Cartesian system
   -1.5352,   5.1531,   0.2071    + j *    0.0000,  -0.0000,  -0.0000
   -0.0514,  -0.9792,   0.1540
   -1.7935,   0.2344,   0.9808    + j *    0.0000,  -0.0000,  -0.0000
  structure factor tensor in local Cartesian system
    3.7877,  -3.7877,  -3.7877    + j *   -0.0000,   0.0000,   0.0000
   -3.7877,   3.7877,  -3.7877    + j *    0.0000,  -0.0000,   0.0000
   -3.7877,  -3.7877,   3.7877    + j *    0.0000,   0.0000,  -0.0000
 
   h  k  l     FRexp    sFRexp FRmod_ext     ReFN      ImFN     |FMp| 2|FMpZ|  sthovl   FRmod
   3 -1  9    1.3108    0.0774   1.3078   -6.3501    0.0000    1.1481   1.311   0.468   1.421
  MSF / scat.vec. k / MSF perp. to k in global Cartesian system
   -1.4598,   3.5293,   0.1348    + j *    0.0000,  -0.0000,   0.0000
    0.5867,  -0.7874,   0.1415
    0.6998,   0.6312,   0.6557    + j *   -0.0000,  -0.0000,   0.0000
  structure factor tensor in local Cartesian system
   -2.7606,   2.7606,  -2.7606    + j *    0.0000,  -0.0000,   0.0000
    2.7606,  -2.7606,  -2.7606    + j *   -0.0000,   0.0000,   0.0000
   -2.7606,  -2.7606,  -2.7606    + j *    0.0000,   0.0000,   0.0000
 
   h  k  l     FRexp    sFRexp FRmod_ext     ReFN      ImFN     |FMp| 2|FMpZ|  sthovl   FRmod
  -1  3  9    1.3188    0.0362   1.2509   -6.3501    0.0000    1.4728   1.126   0.468   1.343
  MSF / scat.vec. k / MSF perp. to k in global Cartesian system
   -1.4598,   3.5293,   0.1348    + j *    0.0000,  -0.0000,   0.0000
    0.0278,  -0.9844,   0.1202
   -1.3607,   0.0219,   0.5630    + j *    0.0000,   0.0000,   0.0000
  structure factor tensor in local Cartesian system
   -2.7606,   2.7606,  -2.7606    + j *    0.0000,  -0.0000,   0.0000
    2.7606,  -2.7606,  -2.7606    + j *   -0.0000,   0.0000,   0.0000
   -2.7606,  -2.7606,  -2.7606    + j *    0.0000,   0.0000,   0.0000
 
   h  k  l     FRexp    sFRexp FRmod_ext     ReFN      ImFN     |FMp| 2|FMpZ|  sthovl   FRmod
   5 -5  1    1.5063    0.0193   2.0072    2.3953    0.0000    8.2289  16.448   0.350   2.749
  MSF / scat.vec. k / MSF perp. to k in global Cartesian system
    0.2216,  -0.0592,  -8.2260    + j *   -0.0000,  -0.0000,   0.0000
    0.9795,   0.1981,   0.0330
    0.2860,  -0.0462,  -8.2238    + j *    0.0000,  -0.0000,   0.0000
  structure factor tensor in local Cartesian system
   -4.1155,  -4.1155,   4.1155    + j *   -0.0000,   0.0000,   0.0000
   -4.1155,  -4.1155,  -4.1155    + j *    0.0000,  -0.0000,  -0.0000
    4.1155,  -4.1155,  -4.1155    + j *    0.0000,  -0.0000,  -0.0000
 
   h  k  l     FRexp    sFRexp FRmod_ext     ReFN      ImFN     |FMp| 2|FMpZ|  sthovl   FRmod
  -5  5  1    1.5319    0.0144   2.0075    2.3953    0.0000    8.2245  16.431   0.350   2.749
  MSF / scat.vec. k / MSF perp. to k in global Cartesian system
    0.2845,   0.4027,  -8.2107    + j *   -0.0000,  -0.0000,   0.0000
   -0.8870,  -0.4598,  -0.0382
    0.1742,   0.3455,  -8.2154    + j *   -0.0000,   0.0000,   0.0000
  structure factor tensor in local Cartesian system
   -4.1155,  -4.1155,  -4.1155    + j *   -0.0000,   0.0000,  -0.0000
   -4.1155,  -4.1155,   4.1155    + j *    0.0000,  -0.0000,   0.0000
   -4.1155,   4.1155,  -4.1155    + j *   -0.0000,   0.0000,  -0.0000
 
   h  k  l     FRexp    sFRexp FRmod_ext     ReFN      ImFN     |FMp| 2|FMpZ|  sthovl   FRmod
   7 -5  1    1.0760    0.0159   1.0660   -8.2322    0.0000    4.4053   0.603   0.425   1.104
  MSF / scat.vec. k / MSF perp. to k in global Cartesian system
   -1.7053,   4.1228,   0.1575    + j *   -0.0000,   0.0000,   0.0000
    0.9571,   0.2128,   0.1963
   -1.0038,   4.2788,   0.3014    + j *   -0.0000,   0.0000,   0.0000
  structure factor tensor in local Cartesian system
   -3.2248,   3.2248,  -3.2248    + j *   -0.0000,   0.0000,  -0.0000
    3.2248,  -3.2248,  -3.2248    + j *    0.0000,  -0.0000,  -0.0000
   -3.2248,  -3.2248,  -3.2248    + j *   -0.0000,  -0.0000,  -0.0000
 
   h  k  l     FRexp    sFRexp FRmod_ext     ReFN      ImFN     |FMp| 2|FMpZ|  sthovl   FRmod
  -5  7  1    1.0647    0.0127   1.0414   -8.2322    0.0000    4.4562   0.385   0.425   1.065
  MSF / scat.vec. k / MSF perp. to k in global Cartesian system
   -1.7053,   4.1228,   0.1575    + j *   -0.0000,   0.0000,   0.0000
   -0.8899,  -0.4382,   0.1258
   -1.9531,   4.0008,   0.1926    + j *   -0.0000,   0.0000,   0.0000
  structure factor tensor in local Cartesian system
   -3.2248,   3.2248,  -3.2248    + j *   -0.0000,   0.0000,  -0.0000
    3.2248,  -3.2248,  -3.2248    + j *    0.0000,  -0.0000,  -0.0000
   -3.2248,  -3.2248,  -3.2248    + j *   -0.0000,  -0.0000,  -0.0000
 
   h  k  l     FRexp    sFRexp FRmod_ext     ReFN      ImFN     |FMp| 2|FMpZ|  sthovl   FRmod
   7 -7  1    0.7265    0.0123   0.7437  -22.5646    0.0000    5.1129  10.212   0.488   0.455
  MSF / scat.vec. k / MSF perp. to k in global Cartesian system
    0.1768,   0.2503,  -5.1041    + j *   -0.0000,  -0.0000,   0.0000
    0.9709,   0.2367,   0.0339
    0.1209,   0.2367,  -5.1060    + j *   -0.0000,   0.0000,   0.0000
  structure factor tensor in local Cartesian system
   -2.5583,  -2.5583,  -2.5583    + j *   -0.0000,   0.0000,  -0.0000
   -2.5583,  -2.5583,   2.5583    + j *    0.0000,  -0.0000,   0.0000
   -2.5583,   2.5583,  -2.5583    + j *   -0.0000,   0.0000,  -0.0000
 
   h  k  l     FRexp    sFRexp FRmod_ext     ReFN      ImFN     |FMp| 2|FMpZ|  sthovl   FRmod
  -7  7  1    0.6802    0.0106   0.7435  -22.5646    0.0000    5.1149  10.221   0.488   0.455
  MSF / scat.vec. k / MSF perp. to k in global Cartesian system
    0.1378,  -0.0368,  -5.1136    + j *   -0.0000,  -0.0000,   0.0000
   -0.9046,  -0.4245,  -0.0376
    0.2135,  -0.0013,  -5.1104    + j *    0.0000,  -0.0000,   0.0000
  structure factor tensor in local Cartesian system
   -2.5583,  -2.5583,   2.5583    + j *   -0.0000,   0.0000,   0.0000
   -2.5583,  -2.5583,  -2.5583    + j *    0.0000,  -0.0000,  -0.0000
    2.5583,  -2.5583,  -2.5583    + j *    0.0000,  -0.0000,  -0.0000
 
   h  k  l     FRexp    sFRexp FRmod_ext     ReFN      ImFN     |FMp| 2|FMpZ|  sthovl   FRmod
   4 -2  2    1.2540    0.0126   1.2463    7.1133    0.0000    6.8016   2.527   0.240   1.382
  MSF / scat.vec. k / MSF perp. to k in global Cartesian system
    2.6291,  -6.9972,  -0.2764    + j *   -0.0000,   0.0000,   0.0000
    0.9430,  -0.1022,   0.3121
   -0.3534,  -6.6739,  -1.2635    + j *   -0.0000,   0.0000,   0.0000
  structure factor tensor in local Cartesian system
   -0.0000,  -0.0000,  -0.0000    + j *    0.0000,  -0.0000,   0.0000
   -0.0000,  -0.0000,  11.0772    + j *   -0.0000,   0.0000,  -0.0000
   -0.0000,  11.0772,   0.0000    + j *    0.0000,  -0.0000,   0.0000
 
   h  k  l     FRexp    sFRexp FRmod_ext     ReFN      ImFN     |FMp| 2|FMpZ|  sthovl   FRmod
   2 -2  4    0.3027    0.0113   0.2207    7.1133    0.0000   11.0722  22.091   0.240   0.118
  MSF / scat.vec. k / MSF perp. to k in global Cartesian system
   -0.6825,  -0.4582,  11.0441    + j *    0.0000,   0.0000,  -0.0000
    0.8136,  -0.5711,   0.0058
   -0.4954,  -0.5895,  11.0454    + j *    0.0000,   0.0000,  -0.0000
  structure factor tensor in local Cartesian system
   -0.0000,  11.0772,   0.0000    + j *    0.0000,  -0.0000,   0.0000
   11.0772,   0.0000,   0.0000    + j *   -0.0000,   0.0000,  -0.0000
    0.0000,   0.0000,  -0.0000    + j *    0.0000,  -0.0000,   0.0000
 
   h  k  l     FRexp    sFRexp FRmod_ext     ReFN      ImFN     |FMp| 2|FMpZ|  sthovl   FRmod
  -2  2  4    0.2632    0.0108   0.2199    7.1133    0.0000   11.0722  22.105   0.240   0.117
  MSF / scat.vec. k / MSF perp. to k in global Cartesian system
   -0.6825,  -0.4582,  11.0441    + j *    0.0000,   0.0000,  -0.0000
   -0.2747,  -0.9547,  -0.0357
   -0.6193,  -0.2387,  11.0523    + j *    0.0000,   0.0000,  -0.0000
  structure factor tensor in local Cartesian system
   -0.0000,  11.0772,   0.0000    + j *    0.0000,  -0.0000,  -0.0000
   11.0772,   0.0000,   0.0000    + j *   -0.0000,   0.0000,   0.0000
    0.0000,   0.0000,  -0.0000    + j *   -0.0000,   0.0000,   0.0000
 
   h  k  l     FRexp    sFRexp FRmod_ext     ReFN      ImFN     |FMp| 2|FMpZ|  sthovl   FRmod
  -2  4  2    1.2216    0.0123   1.2049    7.1133    0.0000    7.3117   2.289   0.240   1.312
  MSF / scat.vec. k / MSF perp. to k in global Cartesian system
    2.5445,  -7.6188,  -0.2970    + j *   -0.0000,   0.0000,   0.0000
   -0.6895,  -0.6777,   0.2498
    4.8840,  -5.3196,  -1.1446    + j *   -0.0000,   0.0000,   0.0000
  structure factor tensor in local Cartesian system
   -0.0000,   0.0000,  11.0772    + j *    0.0000,  -0.0000,  -0.0000
    0.0000,   0.0000,   0.0000    + j *   -0.0000,   0.0000,   0.0000
   11.0772,   0.0000,   0.0000    + j *   -0.0000,   0.0000,   0.0000
 
   h  k  l     FRexp    sFRexp FRmod_ext     ReFN      ImFN     |FMp| 2|FMpZ|  sthovl   FRmod
   2 -2  6    0.1800    0.0122   0.0961    7.3152    0.0000    8.8649  17.730   0.325   0.079
  MSF / scat.vec. k / MSF perp. to k in global Cartesian system
    0.0011,  -0.0032,   8.8649    + j *   -0.0000,  -0.0000,  -0.0000
    0.7004,  -0.7035,  -0.0012
    0.0088,  -0.0109,   8.8649    + j *   -0.0000,  -0.0000,  -0.0000
  structure factor tensor in local Cartesian system
    8.8655,   0.0000,   0.0000    + j *   -0.0000,   0.0000,  -0.0000
    0.0000,   8.8655,   0.0000    + j *    0.0000,  -0.0000,   0.0000
    0.0000,   0.0000,   8.8655    + j *   -0.0000,   0.0000,  -0.0000
 
   h  k  l     FRexp    sFRexp FRmod_ext     ReFN      ImFN     |FMp| 2|FMpZ|  sthovl   FRmod
  -2  2  6    0.1517    0.0107   0.0966    7.3152    0.0000    8.8604  17.712   0.325   0.079
  MSF / scat.vec. k / MSF perp. to k in global Cartesian system
    0.0011,  -0.0032,   8.8649    + j *   -0.0000,  -0.0000,  -0.0000
   -0.1034,  -0.9868,  -0.0319
   -0.0282,  -0.2823,   8.8559    + j *   -0.0000,   0.0000,  -0.0000
  structure factor tensor in local Cartesian system
    8.8655,   0.0000,   0.0000    + j *   -0.0000,   0.0000,   0.0000
    0.0000,   8.8655,   0.0000    + j *    0.0000,  -0.0000,  -0.0000
    0.0000,   0.0000,   8.8655    + j *    0.0000,  -0.0000,  -0.0000
 
   h  k  l     FRexp    sFRexp FRmod_ext     ReFN      ImFN     |FMp| 2|FMpZ|  sthovl   FRmod
   2 -2 10    0.1787    0.0177   0.1596    7.3152    0.0000    4.7014   9.403   0.509   0.116
  MSF / scat.vec. k / MSF perp. to k in global Cartesian system
    0.0006,  -0.0017,   4.7016    + j *   -0.0000,  -0.0000,  -0.0000
    0.5741,  -0.8086,  -0.0078
    0.0217,  -0.0315,   4.7013    + j *   -0.0000,  -0.0000,  -0.0000
  structure factor tensor in local Cartesian system
    4.7019,   0.0000,   0.0000    + j *   -0.0000,   0.0000,   0.0000
    0.0000,   4.7019,   0.0000    + j *    0.0000,  -0.0000,  -0.0000
    0.0000,   0.0000,   4.7019    + j *    0.0000,  -0.0000,  -0.0000
 
   h  k  l     FRexp    sFRexp FRmod_ext     ReFN      ImFN     |FMp| 2|FMpZ|  sthovl   FRmod
  -2  2 10    0.2084    0.0122   0.1600    7.3152    0.0000    4.6998   9.396   0.509   0.117
  MSF / scat.vec. k / MSF perp. to k in global Cartesian system
    0.0006,  -0.0017,   4.7016    + j *   -0.0000,  -0.0000,  -0.0000
    0.0610,  -0.9895,  -0.0274
    0.0084,  -0.1292,   4.6980    + j *   -0.0000,   0.0000,  -0.0000
  structure factor tensor in local Cartesian system
    4.7019,   0.0000,   0.0000    + j *   -0.0000,   0.0000,  -0.0000
    0.0000,   4.7019,   0.0000    + j *    0.0000,  -0.0000,   0.0000
    0.0000,   0.0000,   4.7019    + j *   -0.0000,   0.0000,  -0.0000
 
   h  k  l     FRexp    sFRexp FRmod_ext     ReFN      ImFN     |FMp| 2|FMpZ|  sthovl   FRmod
   6 -4  2    0.9045    0.0153   0.9064   -1.9893    0.0000    5.4972   1.035   0.367   0.902
  MSF / scat.vec. k / MSF perp. to k in global Cartesian system
    1.7948,  -5.3738,  -0.2095    + j *   -0.0000,   0.0000,   0.0000
    0.9736,   0.0587,   0.2179
    0.4185,  -5.4568,  -0.5175    + j *   -0.0000,   0.0000,   0.0000
  structure factor tensor in local Cartesian system
    0.0000,   0.0000,   7.8132    + j *   -0.0000,   0.0000,  -0.0000
    0.0000,  -0.0000,   0.0000    + j *    0.0000,  -0.0000,   0.0000
    7.8132,   0.0000,   0.0000    + j *   -0.0000,   0.0000,  -0.0000
 
   h  k  l     FRexp    sFRexp FRmod_ext     ReFN      ImFN     |FMp| 2|FMpZ|  sthovl   FRmod
   4 -2  6    1.6331    0.0942   1.6509    1.9893    0.0000    3.1215   2.065   0.367   1.701
  MSF / scat.vec. k / MSF perp. to k in global Cartesian system
    1.8544,  -4.9354,  -0.1950    + j *   -0.0000,   0.0000,   0.0000
    0.7937,  -0.5663,   0.1945
   -1.5625,  -2.4974,  -1.0323    + j *    0.0000,   0.0000,   0.0000
  structure factor tensor in local Cartesian system
    0.0000,   0.0000,   0.0000    + j *    0.0000,  -0.0000,   0.0000
    0.0000,  -0.0000,   7.8132    + j *   -0.0000,   0.0000,  -0.0000
    0.0000,   7.8132,   0.0000    + j *    0.0000,  -0.0000,   0.0000
 
   h  k  l     FRexp    sFRexp FRmod_ext     ReFN      ImFN     |FMp| 2|FMpZ|  sthovl   FRmod
  -2  4  6    1.3035    0.0369   1.4897    1.9893    0.0000    3.3580   1.841   0.367   1.526
  MSF / scat.vec. k / MSF perp. to k in global Cartesian system
    1.7948,  -5.3738,  -0.2095    + j *   -0.0000,   0.0000,   0.0000
   -0.2750,  -0.9431,   0.1537
    3.0662,  -1.0136,  -0.9204    + j *   -0.0000,   0.0000,   0.0000
  structure factor tensor in local Cartesian system
    0.0000,   0.0000,   7.8132    + j *    0.0000,  -0.0000,  -0.0000
    0.0000,  -0.0000,   0.0000    + j *   -0.0000,   0.0000,   0.0000
    7.8132,   0.0000,   0.0000    + j *   -0.0000,   0.0000,   0.0000
 
   h  k  l     FRexp    sFRexp FRmod_ext     ReFN      ImFN     |FMp| 2|FMpZ|  sthovl   FRmod
  -4  6  2    0.8930    0.0129   0.9193   -1.9893    0.0000    5.1175   0.782   0.367   0.915
  MSF / scat.vec. k / MSF perp. to k in global Cartesian system
    1.8544,  -4.9354,  -0.1950    + j *   -0.0000,   0.0000,   0.0000
   -0.8076,  -0.5692,   0.1499
    2.9104,  -4.1911,  -0.3910    + j *   -0.0000,   0.0000,   0.0000
  structure factor tensor in local Cartesian system
    0.0000,   0.0000,   0.0000    + j *   -0.0000,   0.0000,   0.0000
    0.0000,  -0.0000,   7.8132    + j *    0.0000,  -0.0000,  -0.0000
    0.0000,   7.8132,   0.0000    + j *    0.0000,  -0.0000,  -0.0000
 
   h  k  l     FRexp    sFRexp FRmod_ext     ReFN      ImFN     |FMp| 2|FMpZ|  sthovl   FRmod
   4 -2 10    0.7395    0.0608   0.9046   -9.5955    0.0000    1.1387   0.874   0.537   0.855
  MSF / scat.vec. k / MSF perp. to k in global Cartesian system
    0.9985,  -2.6574,  -0.1050    + j *   -0.0000,   0.0000,   0.0000
    0.6627,  -0.7280,   0.1262
   -0.7443,  -0.7429,  -0.4368    + j *    0.0000,   0.0000,   0.0000
  structure factor tensor in local Cartesian system
    0.0000,  -0.0000,  -0.0000    + j *    0.0000,  -0.0000,   0.0000
   -0.0000,   0.0000,   4.2069    + j *   -0.0000,   0.0000,  -0.0000
   -0.0000,   4.2069,   0.0000    + j *    0.0000,  -0.0000,   0.0000
 
   h  k  l     FRexp    sFRexp FRmod_ext     ReFN      ImFN     |FMp| 2|FMpZ|  sthovl   FRmod
  -2  4 10    0.8574    0.0196   0.9145   -9.5955    0.0000    1.2257   0.781   0.537   0.870
  MSF / scat.vec. k / MSF perp. to k in global Cartesian system
    0.9664,  -2.8935,  -0.1128    + j *   -0.0000,   0.0000,   0.0000
   -0.0673,  -0.9854,   0.0983
    1.1566,  -0.1097,  -0.3906    + j *   -0.0000,   0.0000,   0.0000
  structure factor tensor in local Cartesian system
    0.0000,   0.0000,   4.2069    + j *    0.0000,  -0.0000,  -0.0000
    0.0000,   0.0000,   0.0000    + j *   -0.0000,   0.0000,   0.0000
    4.2069,   0.0000,   0.0000    + j *   -0.0000,   0.0000,   0.0000
 
   h  k  l     FRexp    sFRexp FRmod_ext     ReFN      ImFN     |FMp| 2|FMpZ|  sthovl   FRmod
   6 -6  2    0.1377    0.0108   0.0809    7.3152    0.0000    6.3829  12.760   0.427   0.074
  MSF / scat.vec. k / MSF perp. to k in global Cartesian system
    0.0008,  -0.0023,   6.3859    + j *   -0.0000,   0.0000,  -0.0000
    0.9931,   0.1090,   0.0308
   -0.1945,  -0.0237,   6.3799    + j *    0.0000,   0.0000,  -0.0000
  structure factor tensor in local Cartesian system
    6.3864,   0.0000,   0.0000    + j *   -0.0000,   0.0000,  -0.0000
    0.0000,   6.3864,   0.0000    + j *    0.0000,  -0.0000,   0.0000
    0.0000,   0.0000,   6.3864    + j *   -0.0000,   0.0000,  -0.0000
 
   h  k  l     FRexp    sFRexp FRmod_ext     ReFN      ImFN     |FMp| 2|FMpZ|  sthovl   FRmod
  -6  6  2    0.1356    0.0102   0.0813    7.3152    0.0000    6.3810  12.752   0.427   0.075
  MSF / scat.vec. k / MSF perp. to k in global Cartesian system
    0.0008,  -0.0023,   6.3859    + j *   -0.0000,  -0.0000,  -0.0000
   -0.8417,  -0.5377,  -0.0392
   -0.2099,  -0.1369,   6.3761    + j *    0.0000,  -0.0000,  -0.0000
  structure factor tensor in local Cartesian system
    6.3864,   0.0000,   0.0000    + j *   -0.0000,   0.0000,   0.0000
    0.0000,   6.3864,   0.0000    + j *    0.0000,  -0.0000,  -0.0000
    0.0000,   0.0000,   6.3864    + j *    0.0000,  -0.0000,  -0.0000
 
   h  k  l     FRexp    sFRexp FRmod_ext     ReFN      ImFN     |FMp| 2|FMpZ|  sthovl   FRmod
   8 -6  2    1.0963    0.0230   1.0634    7.9332    0.0000    3.2224   0.483   0.500   1.095
  MSF / scat.vec. k / MSF perp. to k in global Cartesian system
    1.1585,  -3.0834,  -0.1218    + j *   -0.0000,   0.0000,   0.0000
    0.9758,   0.1352,   0.1699
    0.4710,  -3.1786,  -0.2415    + j *   -0.0000,   0.0000,   0.0000
  structure factor tensor in local Cartesian system
    0.0000,   0.0000,   0.0000    + j *    0.0000,   0.0000,  -0.0000
    0.0000,   0.0000,   4.8813    + j *    0.0000,   0.0000,  -0.0000
    0.0000,   4.8813,   0.0000    + j *   -0.0000,  -0.0000,   0.0000
 
   h  k  l     FRexp    sFRexp FRmod_ext     ReFN      ImFN     |FMp| 2|FMpZ|  sthovl   FRmod
  -6  8  2    1.1152    0.0143   1.0525    7.9332    0.0000    3.4636   0.413   0.500   1.079
  MSF / scat.vec. k / MSF perp. to k in global Cartesian system
    1.1213,  -3.3573,  -0.1309    + j *   -0.0000,   0.0000,   0.0000
   -0.8541,  -0.5098,   0.1001
    1.7646,  -2.9732,  -0.2063    + j *   -0.0000,   0.0000,   0.0000
  structure factor tensor in local Cartesian system
    0.0000,   0.0000,   4.8813    + j *    0.0000,   0.0000,  -0.0000
    0.0000,   0.0000,   0.0000    + j *    0.0000,   0.0000,  -0.0000
    4.8813,   0.0000,   0.0000    + j *   -0.0000,  -0.0000,   0.0000
 
   h  k  l     FRexp    sFRexp FRmod_ext     ReFN      ImFN     |FMp| 2|FMpZ|  sthovl   FRmod
   5 -3  3    1.2627    0.0187   1.2397   -2.4646    0.0000    5.3918   1.920   0.321   1.262
  MSF / scat.vec. k / MSF perp. to k in global Cartesian system
   -2.3693,   5.7283,   0.2189    + j *    0.0000,  -0.0000,  -0.0000
    0.9581,  -0.1472,   0.2381
    0.6121,   5.2703,   0.9599    + j *   -0.0000,  -0.0000,  -0.0000
  structure factor tensor in local Cartesian system
   -4.4807,   4.4807,  -4.4807    + j *    0.0000,  -0.0000,   0.0000
    4.4807,  -4.4807,  -4.4807    + j *   -0.0000,   0.0000,  -0.0000
   -4.4807,  -4.4807,  -4.4807    + j *    0.0000,  -0.0000,   0.0000
 
   h  k  l     FRexp    sFRexp FRmod_ext     ReFN      ImFN     |FMp| 2|FMpZ|  sthovl   FRmod
   3 -3  5    0.5674    0.0129   0.5372   -2.4646    0.0000    8.9553  17.878   0.321   0.385
  MSF / scat.vec. k / MSF perp. to k in global Cartesian system
    0.3097,   0.4384,  -8.9392    + j *    0.0000,  -0.0000,   0.0000
    0.8615,  -0.4975,   0.0093
    0.3408,   0.4205,  -8.9389    + j *   -0.0000,  -0.0000,   0.0000
  structure factor tensor in local Cartesian system
   -4.4807,  -4.4807,  -4.4807    + j *    0.0000,  -0.0000,   0.0000
   -4.4807,  -4.4807,   4.4807    + j *   -0.0000,   0.0000,  -0.0000
   -4.4807,   4.4807,  -4.4807    + j *    0.0000,  -0.0000,   0.0000
 
   h  k  l     FRexp    sFRexp FRmod_ext     ReFN      ImFN     |FMp| 2|FMpZ|  sthovl   FRmod
  -3  3  5    0.5577    0.0114   0.5368   -2.4646    0.0000    8.9541  17.889   0.321   0.384
  MSF / scat.vec. k / MSF perp. to k in global Cartesian system
    0.2413,  -0.0645,  -8.9559    + j *    0.0000,   0.0000,   0.0000
   -0.3582,  -0.9274,  -0.0372
    0.3528,   0.2243,  -8.9443    + j *    0.0000,  -0.0000,   0.0000
  structure factor tensor in local Cartesian system
   -4.4807,  -4.4807,   4.4807    + j *    0.0000,  -0.0000,  -0.0000
   -4.4807,  -4.4807,  -4.4807    + j *   -0.0000,   0.0000,   0.0000
    4.4807,  -4.4807,  -4.4807    + j *   -0.0000,   0.0000,   0.0000
 
   h  k  l     FRexp    sFRexp FRmod_ext     ReFN      ImFN     |FMp| 2|FMpZ|  sthovl   FRmod
  -3  5  3    1.1330    0.0165   1.1478   -2.4646    0.0000    5.6725   1.338   0.321   1.160
  MSF / scat.vec. k / MSF perp. to k in global Cartesian system
   -2.3693,   5.7283,   0.2189    + j *    0.0000,  -0.0000,  -0.0000
   -0.6681,  -0.7204,   0.1761
   -4.0769,   3.8869,   0.6689    + j *    0.0000,  -0.0000,  -0.0000
  structure factor tensor in local Cartesian system
   -4.4807,   4.4807,  -4.4807    + j *    0.0000,  -0.0000,  -0.0000
    4.4807,  -4.4807,  -4.4807    + j *   -0.0000,   0.0000,   0.0000
   -4.4807,  -4.4807,  -4.4807    + j *   -0.0000,   0.0000,   0.0000
 
   h  k  l     FRexp    sFRexp FRmod_ext     ReFN      ImFN     |FMp| 2|FMpZ|  sthovl   FRmod
   3 -3  7    0.7830    0.0198   0.7871  -28.3321    0.0000    6.9813  13.962   0.401   0.424
  MSF / scat.vec. k / MSF perp. to k in global Cartesian system
    0.1881,  -0.0503,  -6.9803    + j *   -0.0000,  -0.0000,   0.0000
    0.7708,  -0.6268,   0.0030
    0.0650,   0.0498,  -6.9808    + j *   -0.0000,  -0.0000,   0.0000
  structure factor tensor in local Cartesian system
   -3.4923,  -3.4923,   3.4923    + j *   -0.0000,   0.0000,   0.0000
   -3.4923,  -3.4923,  -3.4923    + j *    0.0000,  -0.0000,  -0.0000
    3.4923,  -3.4923,  -3.4923    + j *    0.0000,  -0.0000,  -0.0000
 
   h  k  l     FRexp    sFRexp FRmod_ext     ReFN      ImFN     |FMp| 2|FMpZ|  sthovl   FRmod
  -3  3  7    0.7301    0.0125   0.7875  -28.3321    0.0000    6.9784  13.945   0.401   0.425
  MSF / scat.vec. k / MSF perp. to k in global Cartesian system
    0.2414,   0.3417,  -6.9673    + j *   -0.0000,  -0.0000,   0.0000
   -0.2063,  -0.9712,  -0.0343
    0.2117,   0.2018,  -6.9723    + j *   -0.0000,  -0.0000,   0.0000
  structure factor tensor in local Cartesian system
   -3.4923,  -3.4923,  -3.4923    + j *   -0.0000,   0.0000,  -0.0000
   -3.4923,  -3.4923,   3.4923    + j *    0.0000,  -0.0000,   0.0000
   -3.4923,   3.4923,  -3.4923    + j *   -0.0000,   0.0000,  -0.0000
 
   h  k  l     FRexp    sFRexp FRmod_ext     ReFN      ImFN     |FMp| 2|FMpZ|  sthovl   FRmod
   3 -3  9    0.6221    0.0218   0.6608  -18.7655    0.0000    5.1130  10.208   0.488   0.388
  MSF / scat.vec. k / MSF perp. to k in global Cartesian system
    0.1768,   0.2503,  -5.1041    + j *    0.0000,  -0.0000,   0.0000
    0.7004,  -0.7035,  -0.0012
    0.2098,   0.2172,  -5.1041    + j *   -0.0000,  -0.0000,   0.0000
  structure factor tensor in local Cartesian system
   -2.5583,  -2.5583,  -2.5583    + j *    0.0000,  -0.0000,   0.0000
   -2.5583,  -2.5583,   2.5583    + j *   -0.0000,   0.0000,  -0.0000
   -2.5583,   2.5583,  -2.5583    + j *    0.0000,  -0.0000,   0.0000
 
   h  k  l     FRexp    sFRexp FRmod_ext     ReFN      ImFN     |FMp| 2|FMpZ|  sthovl   FRmod
  -3  3  9    0.5784    0.0114   0.6605  -18.7655    0.0000    5.1122  10.215   0.488   0.388
  MSF / scat.vec. k / MSF perp. to k in global Cartesian system
    0.1378,  -0.0368,  -5.1136    + j *    0.0000,   0.0000,   0.0000
   -0.1034,  -0.9868,  -0.0319
    0.1572,   0.1490,  -5.1076    + j *    0.0000,  -0.0000,   0.0000
  structure factor tensor in local Cartesian system
   -2.5583,  -2.5583,   2.5583    + j *    0.0000,  -0.0000,  -0.0000
   -2.5583,  -2.5583,  -2.5583    + j *   -0.0000,   0.0000,   0.0000
    2.5583,  -2.5583,  -2.5583    + j *   -0.0000,   0.0000,   0.0000
 
   h  k  l     FRexp    sFRexp FRmod_ext     ReFN      ImFN     |FMp| 2|FMpZ|  sthovl   FRmod
   5 -3  5    0.8922    0.0146   0.9130   13.9133    0.0000    4.2812   1.729   0.377   0.820
  MSF / scat.vec. k / MSF perp. to k in global Cartesian system
   -1.5352,   5.1531,   0.2071    + j *    0.0000,  -0.0000,  -0.0000
    0.9039,  -0.3689,   0.1985
    1.4569,   3.9318,   0.8643    + j *   -0.0000,  -0.0000,  -0.0000
  structure factor tensor in local Cartesian system
    3.7877,  -3.7877,  -3.7877    + j *   -0.0000,   0.0000,   0.0000
   -3.7877,   3.7877,  -3.7877    + j *    0.0000,  -0.0000,   0.0000
   -3.7877,  -3.7877,   3.7877    + j *    0.0000,   0.0000,  -0.0000
 
   h  k  l     FRexp    sFRexp FRmod_ext     ReFN      ImFN     |FMp| 2|FMpZ|  sthovl   FRmod
  -3  5  5    0.8996    0.0119   0.9233   13.9133    0.0000    3.9420   1.495   0.377   0.841
  MSF / scat.vec. k / MSF perp. to k in global Cartesian system
   -1.5352,   5.1531,   0.2071    + j *    0.0000,  -0.0000,  -0.0000
   -0.4844,  -0.8583,   0.1456
   -3.3332,   1.9674,   0.7474    + j *    0.0000,  -0.0000,  -0.0000
  structure factor tensor in local Cartesian system
    3.7877,  -3.7877,  -3.7877    + j *   -0.0000,   0.0000,   0.0000
   -3.7877,   3.7877,  -3.7877    + j *    0.0000,  -0.0000,   0.0000
   -3.7877,  -3.7877,   3.7877    + j *    0.0000,   0.0000,  -0.0000
 
   h  k  l     FRexp    sFRexp FRmod_ext     ReFN      ImFN     |FMp| 2|FMpZ|  sthovl   FRmod
   5 -5  3    0.3250    0.0107   0.3318  -13.9133    0.0000    7.5703  15.116   0.377   0.157
  MSF / scat.vec. k / MSF perp. to k in global Cartesian system
    0.2618,   0.3706,  -7.5568    + j *    0.0000,  -0.0000,   0.0000
    0.9966,  -0.0591,   0.0259
    0.2198,   0.3731,  -7.5579    + j *   -0.0000,  -0.0000,   0.0000
  structure factor tensor in local Cartesian system
   -3.7877,  -3.7877,  -3.7877    + j *    0.0000,  -0.0000,   0.0000
   -3.7877,  -3.7877,   3.7877    + j *   -0.0000,   0.0000,  -0.0000
   -3.7877,   3.7877,  -3.7877    + j *    0.0000,  -0.0000,   0.0000
 
   h  k  l     FRexp    sFRexp FRmod_ext     ReFN      ImFN     |FMp| 2|FMpZ|  sthovl   FRmod
  -5  5  3    0.2942    0.0102   0.3311  -13.9133    0.0000    7.5714  15.126   0.377   0.156
  MSF / scat.vec. k / MSF perp. to k in global Cartesian system
    0.2040,  -0.0545,  -7.5709    + j *    0.0000,   0.0000,   0.0000
   -0.7388,  -0.6708,  -0.0403
    0.3463,   0.0747,  -7.5631    + j *   -0.0000,   0.0000,   0.0000
  structure factor tensor in local Cartesian system
   -3.7877,  -3.7877,   3.7877    + j *    0.0000,  -0.0000,  -0.0000
   -3.7877,  -3.7877,  -3.7877    + j *   -0.0000,   0.0000,   0.0000
    3.7877,  -3.7877,  -3.7877    + j *   -0.0000,   0.0000,   0.0000
 
   h  k  l     FRexp    sFRexp FRmod_ext     ReFN      ImFN     |FMp| 2|FMpZ|  sthovl   FRmod
   7 -5  3    0.9692    0.0140   0.9693   16.8835    0.0000    4.0715   0.762   0.447   0.929
  MSF / scat.vec. k / MSF perp. to k in global Cartesian system
   -1.2086,   4.0568,   0.1631    + j *   -0.0000,   0.0000,   0.0000
    0.9822,  -0.0028,   0.1826
   -0.0361,   4.0535,   0.3810    + j *   -0.0000,   0.0000,   0.0000
  structure factor tensor in local Cartesian system
    2.9819,  -2.9819,  -2.9819    + j *    0.0000,   0.0000,  -0.0000
   -2.9819,   2.9819,  -2.9819    + j *    0.0000,   0.0000,   0.0000
   -2.9819,  -2.9819,   2.9819    + j *   -0.0000,   0.0000,   0.0000
 
   h  k  l     FRexp    sFRexp FRmod_ext     ReFN      ImFN     |FMp| 2|FMpZ|  sthovl   FRmod
   5 -3  7    1.1006    0.0254   1.0612  -16.8835    0.0000    2.5104   1.375   0.447   1.149
  MSF / scat.vec. k / MSF perp. to k in global Cartesian system
   -1.5768,   3.8123,   0.1457    + j *    0.0000,  -0.0000,  -0.0000
    0.8345,  -0.5162,   0.1633
    1.1909,   2.1003,   0.6874    + j *   -0.0000,  -0.0000,  -0.0000
  structure factor tensor in local Cartesian system
   -2.9819,   2.9819,  -2.9819    + j *    0.0000,  -0.0000,   0.0000
    2.9819,  -2.9819,  -2.9819    + j *   -0.0000,   0.0000,  -0.0000
   -2.9819,  -2.9819,  -2.9819    + j *    0.0000,  -0.0000,   0.0000
 
   h  k  l     FRexp    sFRexp FRmod_ext     ReFN      ImFN     |FMp| 2|FMpZ|  sthovl   FRmod
  -3  5  7    1.1410    0.0172   1.0443  -16.8835    0.0000    2.8258   1.015   0.447   1.107
  MSF / scat.vec. k / MSF perp. to k in global Cartesian system
   -1.5768,   3.8123,   0.1457    + j *    0.0000,  -0.0000,  -0.0000
   -0.3360,  -0.9288,   0.1187
   -2.6016,   0.9792,   0.5077    + j *    0.0000,  -0.0000,  -0.0000
  structure factor tensor in local Cartesian system
   -2.9819,   2.9819,  -2.9819    + j *    0.0000,  -0.0000,  -0.0000
    2.9819,  -2.9819,  -2.9819    + j *   -0.0000,   0.0000,   0.0000
   -2.9819,  -2.9819,  -2.9819    + j *   -0.0000,   0.0000,   0.0000
 
   h  k  l     FRexp    sFRexp FRmod_ext     ReFN      ImFN     |FMp| 2|FMpZ|  sthovl   FRmod
  -5  7  3    0.9546    0.0112   0.9719   16.8835    0.0000    3.9346   0.694   0.447   0.934
  MSF / scat.vec. k / MSF perp. to k in global Cartesian system
   -1.2086,   4.0568,   0.1631    + j *   -0.0000,   0.0000,   0.0000
   -0.7735,  -0.6217,   0.1156
   -2.4409,   3.0663,   0.3472    + j *   -0.0000,   0.0000,   0.0000
  structure factor tensor in local Cartesian system
    2.9819,  -2.9819,  -2.9819    + j *    0.0000,   0.0000,   0.0000
   -2.9819,   2.9819,  -2.9819    + j *    0.0000,   0.0000,  -0.0000
   -2.9819,  -2.9819,   2.9819    + j *    0.0000,  -0.0000,   0.0000
 
   h  k  l     FRexp    sFRexp FRmod_ext     ReFN      ImFN     |FMp| 2|FMpZ|  sthovl   FRmod
   5 -3  9    0.9681    0.1019   0.8605    7.3168    0.0000    1.8502   0.933   0.526   0.811
  MSF / scat.vec. k / MSF perp. to k in global Cartesian system
   -0.8929,   2.9969,   0.1205    + j *    0.0000,  -0.0000,   0.0000
    0.7705,  -0.6128,   0.1354
    1.0758,   1.4312,   0.4663    + j *   -0.0000,  -0.0000,   0.0000
  structure factor tensor in local Cartesian system
    2.2028,  -2.2028,  -2.2028    + j *   -0.0000,   0.0000,   0.0000
   -2.2028,   2.2028,  -2.2028    + j *    0.0000,  -0.0000,   0.0000
   -2.2028,  -2.2028,   2.2028    + j *    0.0000,   0.0000,  -0.0000
 
   h  k  l     FRexp    sFRexp FRmod_ext     ReFN      ImFN     |FMp| 2|FMpZ|  sthovl   FRmod
  -3  5  9    0.7894    0.0170   0.8812    7.3168    0.0000    1.5956   0.771   0.526   0.839
  MSF / scat.vec. k / MSF perp. to k in global Cartesian system
   -0.8929,   2.9969,   0.1205    + j *    0.0000,  -0.0000,   0.0000
   -0.2239,  -0.9633,   0.0974
   -1.5023,   0.3746,   0.3857    + j *    0.0000,  -0.0000,   0.0000
  structure factor tensor in local Cartesian system
    2.2028,  -2.2028,  -2.2028    + j *   -0.0000,   0.0000,   0.0000
   -2.2028,   2.2028,  -2.2028    + j *    0.0000,  -0.0000,   0.0000
   -2.2028,  -2.2028,   2.2028    + j *    0.0000,   0.0000,  -0.0000
 
   h  k  l     FRexp    sFRexp FRmod_ext     ReFN      ImFN     |FMp| 2|FMpZ|  sthovl   FRmod
  -5  9  3    0.1875    0.0109   0.2141   -7.3168    0.0000    4.2735   8.326   0.526   0.151
  MSF / scat.vec. k / MSF perp. to k in global Cartesian system
    0.1186,  -0.0317,  -4.4030    + j *   -0.0000,   0.0000,   0.0000
   -0.7851,  -0.5759,   0.2252
   -0.7180,  -0.6454,  -4.1630    + j *   -0.0000,   0.0000,   0.0000
  structure factor tensor in local Cartesian system
   -2.2028,  -2.2028,   2.2028    + j *    0.0000,  -0.0000,  -0.0000
   -2.2028,  -2.2028,  -2.2028    + j *   -0.0000,   0.0000,   0.0000
    2.2028,  -2.2028,  -2.2028    + j *   -0.0000,   0.0000,   0.0000
 
   h  k  l     FRexp    sFRexp FRmod_ext     ReFN      ImFN     |FMp| 2|FMpZ|  sthovl   FRmod
   4 -4  8    0.4409    0.0181   0.4718   13.6728    0.0000    5.2637  10.527   0.480   0.263
  MSF / scat.vec. k / MSF perp. to k in global Cartesian system
    0.0006,  -0.0019,   5.2638    + j *   -0.0000,  -0.0000,  -0.0000
    0.8136,  -0.5711,   0.0058
   -0.0242,   0.0156,   5.2636    + j *   -0.0000,  -0.0000,  -0.0000
  structure factor tensor in local Cartesian system
    5.2642,   0.0000,   0.0000    + j *   -0.0000,   0.0000,  -0.0000
    0.0000,   5.2642,   0.0000    + j *    0.0000,  -0.0000,   0.0000
    0.0000,   0.0000,   5.2642    + j *   -0.0000,   0.0000,  -0.0000
 
   h  k  l     FRexp    sFRexp FRmod_ext     ReFN      ImFN     |FMp| 2|FMpZ|  sthovl   FRmod
  -4  4  8    0.4445    0.0129   0.4724   13.6728    0.0000    5.2604  10.514   0.480   0.264
  MSF / scat.vec. k / MSF perp. to k in global Cartesian system
    0.0006,  -0.0019,   5.2638    + j *   -0.0000,  -0.0000,  -0.0000
   -0.2747,  -0.9547,  -0.0357
   -0.0510,  -0.1814,   5.2571    + j *   -0.0000,   0.0000,  -0.0000
  structure factor tensor in local Cartesian system
    5.2642,   0.0000,   0.0000    + j *   -0.0000,   0.0000,   0.0000
    0.0000,   5.2642,   0.0000    + j *    0.0000,  -0.0000,  -0.0000
    0.0000,   0.0000,   5.2642    + j *    0.0000,  -0.0000,  -0.0000
 
   h  k  l     FRexp    sFRexp FRmod_ext     ReFN      ImFN     |FMp| 2|FMpZ|  sthovl   FRmod
  -4  8  4    0.4506    0.0107   0.5042   13.6728    0.0000    5.0962   9.871   0.480   0.289
  MSF / scat.vec. k / MSF perp. to k in global Cartesian system
    0.0006,  -0.0019,   5.2638    + j *    0.0000,  -0.0000,  -0.0000
   -0.6895,  -0.6777,   0.2498
    0.9074,   0.8893,   4.9353    + j *   -0.0000,  -0.0000,  -0.0000
  structure factor tensor in local Cartesian system
    5.2642,   0.0000,   0.0000    + j *   -0.0000,   0.0000,   0.0000
    0.0000,   5.2642,   0.0000    + j *    0.0000,  -0.0000,  -0.0000
    0.0000,   0.0000,   5.2642    + j *    0.0000,  -0.0000,  -0.0000
 
   h  k  l     FRexp    sFRexp FRmod_ext     ReFN      ImFN     |FMp| 2|FMpZ|  sthovl   FRmod
   6 -4  6    1.1854    0.0266   1.0994   11.0919    0.0000    3.2360   1.166   0.460   1.184
  MSF / scat.vec. k / MSF perp. to k in global Cartesian system
    1.3053,  -3.9083,  -0.1524    + j *   -0.0000,   0.0000,   0.0000
    0.9174,  -0.3516,   0.1660
   -1.0740,  -2.9964,  -0.5830    + j *    0.0000,   0.0000,   0.0000
  structure factor tensor in local Cartesian system
    0.0000,   0.0000,   5.6825    + j *   -0.0000,   0.0000,  -0.0000
    0.0000,   0.0000,   0.0000    + j *    0.0000,  -0.0000,   0.0000
    5.6825,   0.0000,   0.0000    + j *   -0.0000,   0.0000,  -0.0000
 
   h  k  l     FRexp    sFRexp FRmod_ext     ReFN      ImFN     |FMp| 2|FMpZ|  sthovl   FRmod
  -4  6  6    1.1309    0.0135   1.0699   11.0919    0.0000    3.0150   0.822   0.460   1.128
  MSF / scat.vec. k / MSF perp. to k in global Cartesian system
    1.3487,  -3.5894,  -0.1418    + j *   -0.0000,   0.0000,   0.0000
   -0.5036,  -0.8525,   0.1118
    2.5617,  -1.5360,  -0.4111    + j *   -0.0000,   0.0000,   0.0000
  structure factor tensor in local Cartesian system
    0.0000,   0.0000,   0.0000    + j *   -0.0000,   0.0000,   0.0000
    0.0000,   0.0000,   5.6825    + j *    0.0000,  -0.0000,  -0.0000
    0.0000,   5.6825,   0.0000    + j *    0.0000,  -0.0000,  -0.0000
 
   h  k  l     FRexp    sFRexp FRmod_ext     ReFN      ImFN     |FMp| 2|FMpZ|  sthovl   FRmod
   5 -5  5    0.7398    0.0133   0.7513  -25.3620    0.0000    6.4480  12.894   0.425   0.413
  MSF / scat.vec. k / MSF perp. to k in global Cartesian system
    0.1737,  -0.0464,  -6.4458    + j *   -0.0000,   0.0000,   0.0000
    0.9601,  -0.2682,   0.0188
    0.1155,  -0.0302,  -6.4469    + j *   -0.0000,   0.0000,   0.0000
  structure factor tensor in local Cartesian system
   -3.2248,  -3.2248,   3.2248    + j *   -0.0000,   0.0000,  -0.0000
   -3.2248,  -3.2248,  -3.2248    + j *    0.0000,  -0.0000,   0.0000
    3.2248,  -3.2248,  -3.2248    + j *   -0.0000,   0.0000,  -0.0000
 
   h  k  l     FRexp    sFRexp FRmod_ext     ReFN      ImFN     |FMp| 2|FMpZ|  sthovl   FRmod
  -5  5  5    0.7156    0.0126   0.7517  -25.3620    0.0000    6.4441  12.878   0.425   0.413
  MSF / scat.vec. k / MSF perp. to k in global Cartesian system
    0.2229,   0.3155,  -6.4338    + j *   -0.0000,  -0.0000,   0.0000
   -0.5790,  -0.8107,  -0.0399
    0.1484,   0.2111,  -6.4389    + j *   -0.0000,  -0.0000,   0.0000
  structure factor tensor in local Cartesian system
   -3.2248,  -3.2248,  -3.2248    + j *   -0.0000,   0.0000,   0.0000
   -3.2248,  -3.2248,   3.2248    + j *    0.0000,  -0.0000,  -0.0000
   -3.2248,   3.2248,  -3.2248    + j *    0.0000,  -0.0000,  -0.0000
 
   h  k  l     FRexp    sFRexp FRmod_ext     ReFN      ImFN     |FMp| 2|FMpZ|  sthovl   FRmod
   7 -5  5    1.2840    0.0434   1.1867   -5.4348    0.0000    2.9807   0.884   0.488   1.243
  MSF / scat.vec. k / MSF perp. to k in global Cartesian system
   -1.3528,   3.2707,   0.1250    + j *   -0.0000,   0.0000,   0.0000
    0.9657,  -0.1904,   0.1635
    0.5211,   2.9013,   0.4422    + j *   -0.0000,   0.0000,   0.0000
  structure factor tensor in local Cartesian system
   -2.5583,   2.5583,  -2.5583    + j *    0.0000,   0.0000,  -0.0000
    2.5583,  -2.5583,  -2.5583    + j *    0.0000,   0.0000,  -0.0000
   -2.5583,  -2.5583,  -2.5583    + j *   -0.0000,  -0.0000,   0.0000
 
   h  k  l     FRexp    sFRexp FRmod_ext     ReFN      ImFN     |FMp| 2|FMpZ|  sthovl   FRmod
   5 -5  7    0.1341    0.0180   0.0729   -5.4348    0.0000    5.1132  10.208   0.488   0.071
  MSF / scat.vec. k / MSF perp. to k in global Cartesian system
    0.1768,   0.2503,  -5.1041    + j *    0.0000,   0.0000,   0.0000
    0.9020,  -0.4212,   0.0127
    0.1872,   0.2455,  -5.1039    + j *   -0.0000,   0.0000,   0.0000
  structure factor tensor in local Cartesian system
   -2.5583,  -2.5583,  -2.5583    + j *    0.0000,  -0.0000,  -0.0000
   -2.5583,  -2.5583,   2.5583    + j *   -0.0000,   0.0000,   0.0000
   -2.5583,   2.5583,  -2.5583    + j *   -0.0000,   0.0000,   0.0000
 
   h  k  l     FRexp    sFRexp FRmod_ext     ReFN      ImFN     |FMp| 2|FMpZ|  sthovl   FRmod
  -5  5  7    0.1338    0.0107   0.0723   -5.4348    0.0000    5.1127  10.214   0.488   0.071
  MSF / scat.vec. k / MSF perp. to k in global Cartesian system
    0.1378,  -0.0368,  -5.1136    + j *    0.0000,  -0.0000,   0.0000
   -0.4376,  -0.8934,  -0.0384
    0.2129,   0.1165,  -5.1070    + j *   -0.0000,  -0.0000,   0.0000
  structure factor tensor in local Cartesian system
   -2.5583,  -2.5583,   2.5583    + j *    0.0000,  -0.0000,   0.0000
   -2.5583,  -2.5583,  -2.5583    + j *   -0.0000,   0.0000,  -0.0000
    2.5583,  -2.5583,  -2.5583    + j *    0.0000,  -0.0000,   0.0000
 
   h  k  l     FRexp    sFRexp FRmod_ext     ReFN      ImFN     |FMp| 2|FMpZ|  sthovl   FRmod
  -5  7  5    1.1932    0.0176   1.1152   -5.4348    0.0000    3.1605   0.582   0.488   1.149
  MSF / scat.vec. k / MSF perp. to k in global Cartesian system
   -1.3528,   3.2707,   0.1250    + j *   -0.0000,   0.0000,   0.0000
   -0.6419,  -0.7570,   0.1021
   -2.3970,   2.0392,   0.2911    + j *   -0.0000,   0.0000,   0.0000
  structure factor tensor in local Cartesian system
   -2.5583,   2.5583,  -2.5583    + j *    0.0000,   0.0000,  -0.0000
    2.5583,  -2.5583,  -2.5583    + j *    0.0000,   0.0000,  -0.0000
   -2.5583,  -2.5583,  -2.5583    + j *   -0.0000,  -0.0000,   0.0000
 
   h  k  l     FRexp    sFRexp FRmod_ext     ReFN      ImFN     |FMp| 2|FMpZ|  sthovl   FRmod
   6 -6  6    0.1782    0.0143   0.1598    7.3152    0.0000    4.7007   9.400   0.509   0.117
  MSF / scat.vec. k / MSF perp. to k in global Cartesian system
    0.0006,  -0.0017,   4.7016    + j *   -0.0000,   0.0000,  -0.0000
    0.9601,  -0.2682,   0.0188
   -0.0842,   0.0220,   4.6999    + j *    0.0000,  -0.0000,  -0.0000
  structure factor tensor in local Cartesian system
    4.7019,   0.0000,   0.0000    + j *   -0.0000,   0.0000,  -0.0000
    0.0000,   4.7019,   0.0000    + j *    0.0000,  -0.0000,   0.0000
    0.0000,   0.0000,   4.7019    + j *   -0.0000,   0.0000,  -0.0000
 
   h  k  l     FRexp    sFRexp FRmod_ext     ReFN      ImFN     |FMp| 2|FMpZ|  sthovl   FRmod
  -6  6  6    0.1811    0.0103   0.1605    7.3152    0.0000    4.6978   9.388   0.509   0.117
  MSF / scat.vec. k / MSF perp. to k in global Cartesian system
    0.0006,  -0.0017,   4.7016    + j *   -0.0000,  -0.0000,  -0.0000
   -0.5790,  -0.8107,  -0.0399
   -0.1081,  -0.1539,   4.6941    + j *    0.0000,   0.0000,  -0.0000
  structure factor tensor in local Cartesian system
    4.7019,   0.0000,   0.0000    + j *   -0.0000,   0.0000,   0.0000
    0.0000,   4.7019,   0.0000    + j *    0.0000,  -0.0000,  -0.0000
    0.0000,   0.0000,   4.7019    + j *    0.0000,  -0.0000,  -0.0000
 
Chi2 is 2766.890:
**********************************************************************