**********************************************************************
Information about phases
**********************************************************************

Phase HoTi:
 unit cell: 
    10.20000   10.20000   10.20000 
       90.00      90.00      90.00
 B matrix is 
  0.09804 -0.00000 -0.00000
  0.00000  0.09804 -0.00000
  0.00000  0.00000  0.09804
 
symmetry: 
 inversion center in position 0.000 0.000 0.000
 elements of symmetry:
      B    Rot.      B    Rot.      B    Rot.      B    Rot.      B    Rot.
  0.000  1 0 0;  0.750 -1 0 0;  0.250 -1 0 0;  0.500  1 0 0;  0.000  0 0 1;
  0.000  0 1 0;  0.250  0-1 0;  0.500  0 1 0;  0.750  0-1 0;  0.000  1 0 0;
  0.000  0 0 1;  0.500  0 0 1;  0.750  0 0-1;  0.250  0 0-1;  0.000  0 1 0;
      B    Rot.      B    Rot.      B    Rot.      B    Rot.      B    Rot.
  0.500  0 0 1;  0.750  0 0-1;  0.250  0 0-1;  0.000  0 1 0;  0.250  0-1 0;
  0.750 -1 0 0;  0.250 -1 0 0;  0.500  1 0 0;  0.000  0 0 1;  0.500  0 0 1;
  0.250  0-1 0;  0.500  0 1 0;  0.750  0-1 0;  0.000  1 0 0;  0.750 -1 0 0;
      B    Rot.      B    Rot.      B    Rot.      B    Rot.      B    Rot.
  0.500  0 1 0;  0.750  0-1 0;  0.750  0 1 0;  0.000  0-1 0;  0.250  0 1 0;
  0.750  0 0-1;  0.250  0 0-1;  0.250  1 0 0;  0.000 -1 0 0;  0.500 -1 0 0;
  0.250 -1 0 0;  0.500  1 0 0;  0.500  0 0-1;  0.000  0 0-1;  0.750  0 0 1;
      B    Rot.      B    Rot.      B    Rot.      B    Rot.      B    Rot.
  0.500  0-1 0;  0.750  1 0 0;  0.500 -1 0 0;  0.000 -1 0 0;  0.250  1 0 0;
  0.750  1 0 0;  0.250  0 0 1;  0.750  0 0 1;  0.000  0 0-1;  0.500  0 0-1;
  0.250  0 0 1;  0.500  0-1 0;  0.250  0 1 0;  0.000  0-1 0;  0.750  0 1 0;
      B    Rot.      B    Rot.      B    Rot.      B    Rot.
  0.750  0 0 1;  0.250  0 0 1;  0.500  0 0-1;  0.000  0 0-1;
  0.250  0 1 0;  0.500  0-1 0;  0.750  0 1 0;  0.000  0-1 0;
  0.500 -1 0 0;  0.750  1 0 0;  0.250  1 0 0;  0.000 -1 0 0;

 shifting:
 +0.000   +0.500   +0.500   +0.000  
 +0.000   +0.500   +0.000   +0.500  
 +0.000   +0.000   +0.500   +0.500  
**********************************************************************

**********************************************************************
atom Ho:
type Ho3

        x       y       z   occ. mult.  bscat.(cm-12)
  0.50000 0.50000 0.50000  1.000    16  0.80100

 beta11 beta22 beta33 beta12 beta13 beta23
  0.000  0.000  0.000  0.000  0.000  0.000


    biso =  0.289 (Ang**2)
coeff j0  0.05660 18.31760  0.33650  7.68800  0.63170  2.94270 -0.02480
coeff j2  0.21880 18.51570  1.02400  6.70700  0.92510  2.16140  0.02680
lfactor = 2.00 kappa = 1.00

  chi11  chi22  chi33  chi12  chi13  chi23 (susceptibility, muB/T)
  3.293  3.293  3.293  3.384  3.384  3.384

Symmetry restriction on chi
     11  22  33  12  13  23  =  0
      1   0  -1   0   0   0 
      1  -1   0   0   0   0 
      0   1  -1   0   0   0 
      0   0   0   1  -1   0 
      0   0   0   0   1  -1 
      0   0   0   1   0  -1 

 magnetic form factor from sthovl (from 0.00 with step 0.01 Ang.):

  1.00  0.95  0.81  0.64  0.47  0.33  0.22  0.13  0.07  0.03
  1.00  0.94  0.79  0.62  0.46  0.32  0.21  0.13  0.07  0.03
  1.00  0.93  0.78  0.60  0.44  0.30  0.20  0.12  0.06  0.03
  1.00  0.91  0.76  0.59  0.42  0.29  0.19  0.11  0.06  0.03
  0.99  0.90  0.74  0.57  0.41  0.28  0.18  0.11  0.06  0.02
  0.99  0.89  0.73  0.55  0.40  0.27  0.17  0.10  0.05  0.02
  0.98  0.87  0.71  0.54  0.38  0.26  0.16  0.09  0.05  0.02
  0.97  0.86  0.69  0.52  0.37  0.25  0.15  0.09  0.04  0.02
  0.97  0.84  0.67  0.50  0.35  0.24  0.15  0.08  0.04  0.01
  0.96  0.83  0.66  0.49  0.34  0.23  0.14  0.08  0.04  0.01

 equivalent position of atom in unit cell with chi (in muB/T) and     f_mag_0 (in muB), it is not used, just for test
       x      y      z    chi11  chi22  chi33  chi12  chi13  chi23    mag_ia mag_ib mag_ic
   0.500  0.500  0.500    3.293  3.293  3.293  3.384  3.384  3.384     5.774  5.774  5.774 
   0.000  0.000  0.500    3.293  3.293  3.293  3.384  3.384  3.384     5.774  5.774  5.774 
   0.000  0.500  0.000    3.293  3.293  3.293  3.384  3.384  3.384     5.774  5.774  5.774 
   0.500  0.000  0.000    3.293  3.293  3.293  3.384  3.384  3.384     5.774  5.774  5.774 
   0.250  0.750  0.000    3.293  3.293  3.293  3.384 -3.384 -3.384    -5.774 -5.774  5.774 
   0.750  0.250  0.000    3.293  3.293  3.293  3.384 -3.384 -3.384     5.774  5.774 -5.774 
   0.750  0.750  0.500    3.293  3.293  3.293  3.384 -3.384 -3.384    -5.774 -5.774  5.774 
   0.250  0.250  0.500    3.293  3.293  3.293  3.384 -3.384 -3.384     5.774  5.774 -5.774 
   0.750  0.000  0.250    3.293  3.293  3.293 -3.384  3.384 -3.384    -5.774  5.774 -5.774 
   0.250  0.000  0.750    3.293  3.293  3.293 -3.384  3.384 -3.384     5.774 -5.774  5.774 
   0.250  0.500  0.250    3.293  3.293  3.293 -3.384  3.384 -3.384    -5.774  5.774 -5.774 
   0.750  0.500  0.750    3.293  3.293  3.293 -3.384  3.384 -3.384     5.774 -5.774  5.774 
   0.000  0.250  0.750    3.293  3.293  3.293 -3.384 -3.384  3.384     5.774 -5.774 -5.774 
   0.000  0.750  0.250    3.293  3.293  3.293 -3.384 -3.384  3.384    -5.774  5.774  5.774 
   0.500  0.750  0.750    3.293  3.293  3.293 -3.384 -3.384  3.384     5.774 -5.774 -5.774 
   0.500  0.250  0.250    3.293  3.293  3.293 -3.384 -3.384  3.384    -5.774  5.774  5.774 

 CHI in orthogonal coordinate system x||a* z||c (in 10**-12cm)
  0.887  0.912  0.912    0.887  0.912  0.912    0.887  0.912  0.912  
  0.912  0.887  0.912    0.912  0.887  0.912    0.912  0.887  0.912  
  0.912  0.912  0.887    0.912  0.912  0.887    0.912  0.912  0.887  
 
  0.887  0.912  0.912    0.887  0.912 -0.912    0.887  0.912 -0.912  
  0.912  0.887  0.912    0.912  0.887 -0.912    0.912  0.887 -0.912  
  0.912  0.912  0.887   -0.912 -0.912  0.887   -0.912 -0.912  0.887  
 
  0.887  0.912 -0.912    0.887  0.912 -0.912    0.887 -0.912  0.912  
  0.912  0.887 -0.912    0.912  0.887 -0.912   -0.912  0.887 -0.912  
 -0.912 -0.912  0.887   -0.912 -0.912  0.887    0.912 -0.912  0.887  
 
  0.887 -0.912  0.912    0.887 -0.912  0.912    0.887 -0.912  0.912  
 -0.912  0.887 -0.912   -0.912  0.887 -0.912   -0.912  0.887 -0.912  
  0.912 -0.912  0.887    0.912 -0.912  0.887    0.912 -0.912  0.887  
 
  0.887 -0.912 -0.912    0.887 -0.912 -0.912    0.887 -0.912 -0.912  
 -0.912  0.887  0.912   -0.912  0.887  0.912   -0.912  0.887  0.912  
 -0.912  0.912  0.887   -0.912  0.912  0.887   -0.912  0.912  0.887  
 
  0.887 -0.912 -0.912  
 -0.912  0.887  0.912  
 -0.912  0.912  0.887  
**********************************************************************

**********************************************************************
atom Ti:
type 

        x       y       z   occ. mult.  bscat.(cm-12)
  0.00000 0.00000 0.00000  1.000    16  -0.34380

 beta11 beta22 beta33 beta12 beta13 beta23
  0.000  0.000  0.000  0.000  0.000  0.000


    biso =  0.853 (Ang**2)

 equivalent position of atom in unit cell
       x      y      z    
   0.000  0.000  0.000 
   0.500  0.500  0.000 
   0.500  0.000  0.500 
   0.000  0.500  0.500 
   0.750  0.250  0.500 
   0.250  0.750  0.500 
   0.250  0.250  0.000 
   0.750  0.750  0.000 
   0.250  0.500  0.750 
   0.750  0.500  0.250 
   0.750  0.000  0.750 
   0.250  0.000  0.250 
   0.500  0.750  0.250 
   0.500  0.250  0.750 
   0.000  0.250  0.250 
   0.000  0.750  0.750 
**********************************************************************

**********************************************************************
atom O1:
type 

        x       y       z   occ. mult.  bscat.(cm-12)
  0.32486 0.12500 0.12500  1.000    48  0.58030

 beta11 beta22 beta33 beta12 beta13 beta23
  0.000  0.000  0.000  0.000  0.000  0.000


    biso =  1.040 (Ang**2)

 equivalent position of atom in unit cell
       x      y      z    
   0.325  0.125  0.125 
   0.675  0.875  0.875 
   0.825  0.625  0.125 
   0.175  0.375  0.875 
   0.825  0.125  0.625 
   0.175  0.875  0.375 
   0.325  0.625  0.625 
   0.675  0.375  0.375 
   0.425  0.125  0.625 
   0.575  0.875  0.375 
   0.925  0.625  0.625 
   0.075  0.375  0.375 
   0.925  0.125  0.125 
   0.075  0.875  0.875 
   0.425  0.625  0.125 
   0.575  0.375  0.875 
   0.125  0.325  0.125 
   0.875  0.675  0.875 
   0.625  0.825  0.125 
   0.375  0.175  0.875 
   0.625  0.325  0.625 
   0.375  0.675  0.375 
   0.125  0.825  0.625 
   0.875  0.175  0.375 
   0.625  0.425  0.125 
   0.375  0.575  0.875 
   0.125  0.925  0.125 
   0.875  0.075  0.875 
   0.125  0.425  0.625 
   0.875  0.575  0.375 
   0.625  0.925  0.625 
   0.375  0.075  0.375 
   0.125  0.125  0.325 
   0.875  0.875  0.675 
   0.625  0.625  0.325 
   0.375  0.375  0.675 
   0.625  0.125  0.825 
   0.375  0.875  0.175 
   0.125  0.625  0.825 
   0.875  0.375  0.175 
   0.125  0.625  0.425 
   0.875  0.375  0.575 
   0.625  0.125  0.425 
   0.375  0.875  0.575 
   0.625  0.625  0.925 
   0.375  0.375  0.075 
   0.125  0.125  0.925 
   0.875  0.875  0.075 
**********************************************************************

**********************************************************************
atom O2:
type 

        x       y       z   occ. mult.  bscat.(cm-12)
  0.37500 0.37500 0.37500  1.000     8  0.58030

 beta11 beta22 beta33 beta12 beta13 beta23
  0.000  0.000  0.000  0.000  0.000  0.000


    biso =  0.171 (Ang**2)

 equivalent position of atom in unit cell
       x      y      z    
   0.375  0.375  0.375 
   0.625  0.625  0.625 
   0.875  0.875  0.375 
   0.125  0.125  0.625 
   0.875  0.375  0.875 
   0.125  0.625  0.125 
   0.375  0.875  0.875 
   0.625  0.125  0.125 


**********************************************************************
Information about experiments
**********************************************************************
Experiment pnd (mono):
**********************************************************************
Phase HoTi:
UB matrix is 
  0.06342 -0.06726  0.03236
  0.02099 -0.02507 -0.09160
  0.07176  0.06677 -0.00180
 
Extinction is 
  0.17565  0.17565  0.17565  0.00000  0.00000  0.00000
 
   h  k  l     FRexp    sFRexp FRmod_ext     ReFN      ImFN     |FMp| 2|FMpZ|  sthovl   FRmod
   0  0  8    0.6454    0.0133   0.7060   21.3470    0.0000    6.5650  13.128   0.392   0.343
  MSF / scat.vec. k / MSF perp. to k in global Cartesian system
    0.0008,  -0.0024,   6.5661    + j *   -0.0000,  -0.0000,  -0.0000
    0.3300,  -0.9343,  -0.0183
    0.0405,  -0.1147,   6.5639    + j *   -0.0000,   0.0000,  -0.0000
  structure factor tensor in local Cartesian system
    6.5665,   0.0000,   0.0000    + j *   -0.0000,   0.0000,  -0.0000
    0.0000,   6.5665,   0.0000    + j *    0.0000,  -0.0000,  -0.0000
    0.0000,   0.0000,   6.5665    + j *   -0.0000,  -0.0000,  -0.0000
 
   h  k  l     FRexp    sFRexp FRmod_ext     ReFN      ImFN     |FMp| 2|FMpZ|  sthovl   FRmod
   2  0  6    1.7568    0.0454   0.3609    8.8183    0.0000    2.1938   3.075   0.310   1.800
  MSF / scat.vec. k / MSF perp. to k in global Cartesian system
    2.0270,  -6.0693,  -0.2366    + j *   -0.0000,   0.0000,   0.0000
    0.5176,  -0.8187,   0.2141
   -1.1183,  -1.0948,  -1.5374    + j *    0.0000,   0.0000,   0.0000
  structure factor tensor in local Cartesian system
    0.0000,   0.0000,   8.8244    + j *    0.0000,  -0.0000,  -0.0000
    0.0000,  -0.0000,   0.0000    + j *   -0.0000,   0.0000,   0.0000
    8.8244,   0.0000,   0.0000    + j *   -0.0000,   0.0000,   0.0000
 
   h  k  l     FRexp    sFRexp FRmod_ext     ReFN      ImFN     |FMp| 2|FMpZ|  sthovl   FRmod
   0  2  6    1.6797    0.0371   0.3469    8.8183    0.0000    2.0520   2.678   0.310   1.669
  MSF / scat.vec. k / MSF perp. to k in global Cartesian system
    2.0944,  -5.5741,  -0.2202    + j *   -0.0000,   0.0000,   0.0000
    0.0961,  -0.9673,   0.1980
    1.5512,  -0.1085,  -1.3390    + j *   -0.0000,   0.0000,   0.0000
  structure factor tensor in local Cartesian system
    0.0000,  -0.0000,   0.0000    + j *    0.0000,  -0.0000,   0.0000
   -0.0000,   0.0000,   8.8244    + j *   -0.0000,   0.0000,  -0.0000
    0.0000,   8.8244,   0.0000    + j *    0.0000,  -0.0000,   0.0000
 
   h  k  l     FRexp    sFRexp FRmod_ext     ReFN      ImFN     |FMp| 2|FMpZ|  sthovl   FRmod
   2  0 10    0.9051    0.0232   1.4248  -12.9824    0.0000    0.7186   1.037   0.500   0.870
  MSF / scat.vec. k / MSF perp. to k in global Cartesian system
    1.0224,  -3.0613,  -0.1194    + j *   -0.0000,   0.0000,   0.0000
    0.4505,  -0.8742,   0.1256
   -0.4094,  -0.2826,  -0.5185    + j *    0.0000,   0.0000,   0.0000
  structure factor tensor in local Cartesian system
    0.0000,  -0.0000,   4.4509    + j *   -0.0000,   0.0000,  -0.0000
   -0.0000,   0.0000,   0.0000    + j *    0.0000,  -0.0000,   0.0000
    4.4509,   0.0000,   0.0000    + j *   -0.0000,   0.0000,  -0.0000
 
   h  k  l     FRexp    sFRexp FRmod_ext     ReFN      ImFN     |FMp| 2|FMpZ|  sthovl   FRmod
   0  2 10    0.9243    0.0179   1.4305  -12.9824    0.0000    0.6742   0.906   0.500   0.886
  MSF / scat.vec. k / MSF perp. to k in global Cartesian system
    1.0564,  -2.8115,  -0.1111    + j *   -0.0000,   0.0000,   0.0000
    0.1891,  -0.9663,   0.1156
    0.4974,   0.0456,  -0.4529    + j *   -0.0000,  -0.0000,   0.0000
  structure factor tensor in local Cartesian system
    0.0000,  -0.0000,  -0.0000    + j *   -0.0000,   0.0000,   0.0000
   -0.0000,   0.0000,   4.4509    + j *    0.0000,  -0.0000,  -0.0000
   -0.0000,   4.4509,   0.0000    + j *    0.0000,  -0.0000,   0.0000
 
   h  k  l     FRexp    sFRexp FRmod_ext     ReFN      ImFN     |FMp| 2|FMpZ|  sthovl   FRmod
   4 -4  0    0.7186    0.0103   0.6933   25.7755    0.0000    9.4238  18.835   0.277   0.281
  MSF / scat.vec. k / MSF perp. to k in global Cartesian system
    0.0012,  -0.0034,   9.4299    + j *    0.0000,   0.0000,   0.0000
    0.9425,   0.3322,   0.0360
   -0.3185,  -0.1160,   9.4177    + j *   -0.0000,   0.0000,   0.0000
  structure factor tensor in local Cartesian system
    9.4306,   0.0000,   0.0000    + j *    0.0000,   0.0000,  -0.0000
    0.0000,   9.4306,   0.0000    + j *    0.0000,  -0.0000,   0.0000
    0.0000,   0.0000,   9.4306    + j *   -0.0000,   0.0000,  -0.0000
 
   h  k  l     FRexp    sFRexp FRmod_ext     ReFN      ImFN     |FMp| 2|FMpZ|  sthovl   FRmod
   6 -6  0    0.4468    0.0112   0.6855   17.1340    0.0000    6.1889  12.368   0.416   0.286
  MSF / scat.vec. k / MSF perp. to k in global Cartesian system
   -0.3817,  -0.2562,   6.1759    + j *   -0.0000,  -0.0000,  -0.0000
    0.9425,   0.3322,   0.0360
   -0.1717,  -0.1822,   6.1839    + j *    0.0000,  -0.0000,  -0.0000
  structure factor tensor in local Cartesian system
    0.0000,   6.1944,   0.0000    + j *    0.0000,   0.0000,   0.0000
    6.1944,   0.0000,   0.0000    + j *    0.0000,   0.0000,  -0.0000
    0.0000,   0.0000,  -0.0000    + j *    0.0000,  -0.0000,   0.0000
 
   h  k  l     FRexp    sFRexp FRmod_ext     ReFN      ImFN     |FMp| 2|FMpZ|  sthovl   FRmod
   1 -1  1    0.5570    0.0101   0.3552   -6.3495    0.0000   13.8106  27.616   0.085   0.205
  MSF / scat.vec. k / MSF perp. to k in global Cartesian system
    0.3771,  -0.1009, -13.8057    + j *   -0.0000,   0.0000,   0.0000
    0.9601,  -0.2682,   0.0188
    0.2474,  -0.0646, -13.8082    + j *   -0.0000,   0.0000,   0.0000
  structure factor tensor in local Cartesian system
   -6.8123,  -7.0018,   7.0018    + j *    0.0000,   0.0000,  -0.0000
   -7.0018,  -6.8123,  -7.0018    + j *    0.0000,   0.0000,   0.0000
    7.0018,  -7.0018,  -6.8123    + j *   -0.0000,   0.0000,  -0.0000
 
   h  k  l     FRexp    sFRexp FRmod_ext     ReFN      ImFN     |FMp| 2|FMpZ|  sthovl   FRmod
  -1  1  1    0.4705    0.0101   0.3459   -6.3495    0.0000   13.8021  27.582   0.085   0.205
  MSF / scat.vec. k / MSF perp. to k in global Cartesian system
    0.4840,   0.6850, -13.7796    + j *   -0.0000,  -0.0000,   0.0000
   -0.5790,  -0.8107,  -0.0399
    0.3177,   0.4522, -13.7911    + j *   -0.0000,  -0.0000,   0.0000
  structure factor tensor in local Cartesian system
   -6.8123,  -7.0018,  -7.0018    + j *   -0.0000,   0.0000,   0.0000
   -7.0018,  -6.8123,   7.0018    + j *    0.0000,   0.0000,  -0.0000
   -7.0018,   7.0018,  -6.8123    + j *    0.0000,  -0.0000,   0.0000
 
   h  k  l     FRexp    sFRexp FRmod_ext     ReFN      ImFN     |FMp| 2|FMpZ|  sthovl   FRmod
   1  1  1    0.5367    0.0109   1.0000    6.3495    0.0000    8.1417   9.712   0.085   0.334
  MSF / scat.vec. k / MSF perp. to k in global Cartesian system
   -2.8380,   9.5258,   0.1934    + j *    0.0000,  -0.0000,  -0.0000
    0.1679,  -0.5635,   0.8052
   -1.8658,   6.2629,   4.8562    + j *    0.0000,  -0.0000,  -0.0000
  structure factor tensor in local Cartesian system
    6.8123,  -7.0018,  -7.0018    + j *   -0.0000,   0.0000,   0.0000
   -7.0018,   6.8123,  -7.0018    + j *    0.0000,  -0.0000,   0.0000
   -7.0018,  -7.0018,   6.8123    + j *    0.0000,   0.0000,  -0.0000
 
   h  k  l     FRexp    sFRexp FRmod_ext     ReFN      ImFN     |FMp| 2|FMpZ|  sthovl   FRmod
  -1  1 -1    0.5601    0.0100   0.3552   -6.3495    0.0000   13.8106  27.616   0.085   0.205
  MSF / scat.vec. k / MSF perp. to k in global Cartesian system
    0.3771,  -0.1009, -13.8057    + j *    0.0000,  -0.0000,  -0.0000
   -0.9601,   0.2682,  -0.0188
    0.2474,  -0.0646, -13.8082    + j *    0.0000,  -0.0000,  -0.0000
  structure factor tensor in local Cartesian system
   -6.8123,  -7.0018,   7.0018    + j *    0.0000,  -0.0000,   0.0000
   -7.0018,  -6.8123,  -7.0018    + j *   -0.0000,  -0.0000,  -0.0000
    7.0018,  -7.0018,  -6.8123    + j *    0.0000,  -0.0000,   0.0000
 
   h  k  l     FRexp    sFRexp FRmod_ext     ReFN      ImFN     |FMp| 2|FMpZ|  sthovl   FRmod
   3 -1  1    1.2662    0.0112   0.4546   -4.5614    0.0000    8.2441   3.560   0.163   1.373
  MSF / scat.vec. k / MSF perp. to k in global Cartesian system
   -3.3279,   8.0457,   0.4777    + j *    0.0000,  -0.0000,  -0.0000
    0.8915,  -0.0109,   0.4512
   -0.7550,   8.0142,   1.7799    + j *    0.0000,  -0.0000,  -0.0000
  structure factor tensor in local Cartesian system
   -6.1231,   6.2934,  -6.2934    + j *    0.0000,  -0.0000,   0.0000
    6.2934,  -6.1231,  -6.2934    + j *   -0.0000,   0.0000,   0.0000
   -6.2934,  -6.2934,  -6.1231    + j *    0.0000,   0.0000,   0.0000
 
   h  k  l     FRexp    sFRexp FRmod_ext     ReFN      ImFN     |FMp| 2|FMpZ|  sthovl   FRmod
   1 -1  3    0.5464    0.0105   0.3260   -4.5614    0.0000   12.4079  24.771   0.163   0.280
  MSF / scat.vec. k / MSF perp. to k in global Cartesian system
    0.4351,   0.6157, -12.3855    + j *   -0.0000,  -0.0000,   0.0000
    0.7004,  -0.7035,  -0.0012
    0.5162,   0.5342, -12.3856    + j *   -0.0000,  -0.0000,   0.0000
  structure factor tensor in local Cartesian system
   -6.1231,  -6.2934,  -6.2934    + j *    0.0000,   0.0000,   0.0000
   -6.2934,  -6.1231,   6.2934    + j *    0.0000,   0.0000,  -0.0000
   -6.2934,   6.2934,  -6.1231    + j *    0.0000,  -0.0000,   0.0000
 
   h  k  l     FRexp    sFRexp FRmod_ext     ReFN      ImFN     |FMp| 2|FMpZ|  sthovl   FRmod
  -1  1  3    0.5484    0.0106   0.3129   -4.5614    0.0000   12.4056  24.789   0.163   0.280
  MSF / scat.vec. k / MSF perp. to k in global Cartesian system
    0.3390,  -0.0906, -12.4089    + j *   -0.0000,   0.0000,   0.0000
   -0.1034,  -0.9868,  -0.0319
    0.3863,   0.3611, -12.3943    + j *   -0.0000,  -0.0000,   0.0000
  structure factor tensor in local Cartesian system
   -6.1231,  -6.2934,   6.2934    + j *    0.0000,   0.0000,  -0.0000
   -6.2934,  -6.1231,  -6.2934    + j *    0.0000,   0.0000,   0.0000
    6.2934,  -6.2934,  -6.1231    + j *   -0.0000,   0.0000,   0.0000
 
   h  k  l     FRexp    sFRexp FRmod_ext     ReFN      ImFN     |FMp| 2|FMpZ|  sthovl   FRmod
  -1  3  1    1.1461    0.0110   0.4362   -4.5614    0.0000    8.4684   2.612   0.163   1.249
  MSF / scat.vec. k / MSF perp. to k in global Cartesian system
   -3.3279,   8.0457,   0.4777    + j *    0.0000,  -0.0000,  -0.0000
   -0.7161,  -0.5776,   0.3899
   -4.8493,   6.8186,   1.3060    + j *    0.0000,  -0.0000,  -0.0000
  structure factor tensor in local Cartesian system
   -6.1231,   6.2934,  -6.2934    + j *    0.0000,  -0.0000,   0.0000
    6.2934,  -6.1231,  -6.2934    + j *   -0.0000,   0.0000,   0.0000
   -6.2934,  -6.2934,  -6.1231    + j *    0.0000,   0.0000,   0.0000
 
   h  k  l     FRexp    sFRexp FRmod_ext     ReFN      ImFN     |FMp| 2|FMpZ|  sthovl   FRmod
   1 -1  5    0.2854    0.0105   0.4768  -15.5849    0.0000   10.1474  20.291   0.255   0.114
  MSF / scat.vec. k / MSF perp. to k in global Cartesian system
    0.2772,  -0.0741, -10.1479    + j *    0.0000,   0.0000,   0.0000
    0.5741,  -0.8086,  -0.0078
    0.1020,   0.1726, -10.1455    + j *    0.0000,   0.0000,   0.0000
  structure factor tensor in local Cartesian system
   -5.0074,  -5.1467,   5.1467    + j *    0.0000,  -0.0000,  -0.0000
   -5.1467,  -5.0074,  -5.1467    + j *   -0.0000,   0.0000,   0.0000
    5.1467,  -5.1467,  -5.0074    + j *   -0.0000,   0.0000,   0.0000
 
   h  k  l     FRexp    sFRexp FRmod_ext     ReFN      ImFN     |FMp| 2|FMpZ|  sthovl   FRmod
  -1  1  5    0.2665    0.0106   0.4667  -15.5849    0.0000   10.1454  20.268   0.255   0.114
  MSF / scat.vec. k / MSF perp. to k in global Cartesian system
    0.3558,   0.5035, -10.1287    + j *    0.0000,  -0.0000,   0.0000
    0.0610,  -0.9895,  -0.0274
    0.3681,   0.3044, -10.1342    + j *    0.0000,  -0.0000,   0.0000
  structure factor tensor in local Cartesian system
   -5.0074,  -5.1467,  -5.1467    + j *    0.0000,  -0.0000,   0.0000
   -5.1467,  -5.0074,   5.1467    + j *   -0.0000,   0.0000,  -0.0000
   -5.1467,   5.1467,  -5.0074    + j *    0.0000,  -0.0000,   0.0000
 
   h  k  l     FRexp    sFRexp FRmod_ext     ReFN      ImFN     |FMp| 2|FMpZ|  sthovl   FRmod
   1  1  5    0.8275    0.0127   1.7276   15.5849    0.0000    2.0303   3.889   0.255   0.648
  MSF / scat.vec. k / MSF perp. to k in global Cartesian system
   -2.0861,   7.0019,   0.1422    + j *    0.0000,  -0.0000,  -0.0000
    0.3100,  -0.9071,   0.2543
    0.1112,   0.5729,   1.9446    + j *   -0.0000,  -0.0000,  -0.0000
  structure factor tensor in local Cartesian system
    5.0074,  -5.1467,  -5.1467    + j *   -0.0000,   0.0000,   0.0000
   -5.1467,   5.0074,  -5.1467    + j *    0.0000,  -0.0000,   0.0000
   -5.1467,  -5.1467,   5.0074    + j *    0.0000,   0.0000,  -0.0000
 
   h  k  l     FRexp    sFRexp FRmod_ext     ReFN      ImFN     |FMp| 2|FMpZ|  sthovl   FRmod
   1 -1  7    0.3576    0.0215   0.4911  -12.9502    0.0000    7.6754  15.326   0.350   0.135
  MSF / scat.vec. k / MSF perp. to k in global Cartesian system
    0.2691,   0.3809,  -7.6620    + j *   -0.0000,  -0.0000,   0.0000
    0.5101,  -0.8500,  -0.0108
    0.3229,   0.2914,  -7.6631    + j *   -0.0000,  -0.0000,   0.0000
  structure factor tensor in local Cartesian system
   -3.7879,  -3.8932,  -3.8932    + j *   -0.0000,   0.0000,  -0.0000
   -3.8932,  -3.7879,   3.8932    + j *    0.0000,  -0.0000,   0.0000
   -3.8932,   3.8932,  -3.7879    + j *   -0.0000,   0.0000,  -0.0000
 
   h  k  l     FRexp    sFRexp FRmod_ext     ReFN      ImFN     |FMp| 2|FMpZ|  sthovl   FRmod
  -1  1  7    0.3058    0.0131   0.4849  -12.9502    0.0000    7.6745  15.339   0.350   0.135
  MSF / scat.vec. k / MSF perp. to k in global Cartesian system
    0.2097,  -0.0561,  -7.6765    + j *   -0.0000,  -0.0000,   0.0000
    0.1368,  -0.9816,  -0.0251
    0.1712,   0.2200,  -7.6694    + j *   -0.0000,  -0.0000,   0.0000
  structure factor tensor in local Cartesian system
   -3.7879,  -3.8932,   3.8932    + j *   -0.0000,   0.0000,   0.0000
   -3.8932,  -3.7879,  -3.8932    + j *    0.0000,  -0.0000,  -0.0000
    3.8932,  -3.8932,  -3.7879    + j *    0.0000,  -0.0000,  -0.0000
 
   h  k  l     FRexp    sFRexp FRmod_ext     ReFN      ImFN     |FMp| 2|FMpZ|  sthovl   FRmod
   1  1  7    1.1807    0.0277   0.5579  -12.9502    0.0000    1.3067   2.492   0.350   1.397
  MSF / scat.vec. k / MSF perp. to k in global Cartesian system
   -2.0587,   4.9773,   0.2955    + j *    0.0000,  -0.0000,  -0.0000
    0.3180,  -0.9217,   0.1799
   -0.3786,   0.1078,   1.2461    + j *   -0.0000,  -0.0000,  -0.0000
  structure factor tensor in local Cartesian system
   -3.7879,   3.8932,  -3.8932    + j *   -0.0000,   0.0000,   0.0000
    3.8932,  -3.7879,  -3.8932    + j *    0.0000,  -0.0000,   0.0000
   -3.8932,  -3.8932,  -3.7879    + j *    0.0000,   0.0000,  -0.0000
 
   h  k  l     FRexp    sFRexp FRmod_ext     ReFN      ImFN     |FMp| 2|FMpZ|  sthovl   FRmod
   1 -1  9    0.1501    0.0192   0.2884   -6.6269    0.0000    5.4392  10.875   0.447   0.079
  MSF / scat.vec. k / MSF perp. to k in global Cartesian system
    0.1486,  -0.0397,  -5.4399    + j *    0.0000,   0.0000,   0.0000
    0.4723,  -0.8714,  -0.0125
    0.0652,   0.1141,  -5.4377    + j *    0.0000,   0.0000,   0.0000
  structure factor tensor in local Cartesian system
   -2.6843,  -2.7589,   2.7589    + j *    0.0000,  -0.0000,  -0.0000
   -2.7589,  -2.6843,  -2.7589    + j *   -0.0000,   0.0000,   0.0000
    2.7589,  -2.7589,  -2.6843    + j *   -0.0000,   0.0000,   0.0000
 
   h  k  l     FRexp    sFRexp FRmod_ext     ReFN      ImFN     |FMp| 2|FMpZ|  sthovl   FRmod
  -1  1  9    0.1758    0.0133   0.2823   -6.6269    0.0000    5.4387  10.864   0.447   0.080
  MSF / scat.vec. k / MSF perp. to k in global Cartesian system
    0.1907,   0.2699,  -5.4296    + j *    0.0000,  -0.0000,   0.0000
    0.1797,  -0.9746,  -0.0237
    0.2090,   0.1710,  -5.4320    + j *   -0.0000,  -0.0000,   0.0000
  structure factor tensor in local Cartesian system
   -2.6843,  -2.7589,  -2.7589    + j *    0.0000,  -0.0000,   0.0000
   -2.7589,  -2.6843,   2.7589    + j *   -0.0000,   0.0000,  -0.0000
   -2.7589,   2.7589,  -2.6843    + j *    0.0000,  -0.0000,   0.0000
 
   h  k  l     FRexp    sFRexp FRmod_ext     ReFN      ImFN     |FMp| 2|FMpZ|  sthovl   FRmod
   1  1  9    0.6331    0.0357   2.9003    6.6269    0.0000    0.6402   1.221   0.447   0.726
  MSF / scat.vec. k / MSF perp. to k in global Cartesian system
   -1.1183,   3.7535,   0.0762    + j *    0.0000,  -0.0000,   0.0000
    0.3217,  -0.9276,   0.1370
    0.1365,   0.1357,   0.6106    + j *   -0.0000,   0.0000,   0.0000
  structure factor tensor in local Cartesian system
    2.6843,  -2.7589,  -2.7589    + j *   -0.0000,   0.0000,   0.0000
   -2.7589,   2.6843,  -2.7589    + j *    0.0000,  -0.0000,   0.0000
   -2.7589,  -2.7589,   2.6843    + j *    0.0000,   0.0000,  -0.0000
 
   h  k  l     FRexp    sFRexp FRmod_ext     ReFN      ImFN     |FMp| 2|FMpZ|  sthovl   FRmod
   1 -1 11    0.2714    0.0211   0.6113   -9.4285    0.0000    3.6301   7.249   0.544   0.264
  MSF / scat.vec. k / MSF perp. to k in global Cartesian system
    0.1273,   0.1801,  -3.6238    + j *   -0.0000,  -0.0000,   0.0000
    0.4475,  -0.8843,  -0.0136
    0.1515,   0.1324,  -3.6245    + j *   -0.0000,  -0.0000,   0.0000
  structure factor tensor in local Cartesian system
   -1.7915,  -1.8413,  -1.8413    + j *    0.0000,   0.0000,   0.0000
   -1.8413,  -1.7915,   1.8413    + j *    0.0000,   0.0000,  -0.0000
   -1.8413,   1.8413,  -1.7915    + j *    0.0000,  -0.0000,   0.0000
 
   h  k  l     FRexp    sFRexp FRmod_ext     ReFN      ImFN     |FMp| 2|FMpZ|  sthovl   FRmod
  -1  1 11    0.2734    0.0140   0.6088   -9.4285    0.0000    3.6297   7.255   0.544   0.263
  MSF / scat.vec. k / MSF perp. to k in global Cartesian system
    0.0992,  -0.0265,  -3.6306    + j *   -0.0000,   0.0000,   0.0000
    0.2071,  -0.9691,  -0.0228
    0.0720,   0.1007,  -3.6276    + j *   -0.0000,  -0.0000,   0.0000
  structure factor tensor in local Cartesian system
   -1.7915,  -1.8413,   1.8413    + j *    0.0000,   0.0000,  -0.0000
   -1.8413,  -1.7915,  -1.8413    + j *    0.0000,   0.0000,   0.0000
    1.8413,  -1.8413,  -1.7915    + j *   -0.0000,   0.0000,   0.0000
 
   h  k  l     FRexp    sFRexp FRmod_ext     ReFN      ImFN     |FMp| 2|FMpZ|  sthovl   FRmod
   3 -1  3    0.9056    0.0118   1.4767   20.4363    0.0000    6.1171   3.887   0.214   0.736
  MSF / scat.vec. k / MSF perp. to k in global Cartesian system
   -2.3026,   7.7287,   0.1569    + j *    0.0000,  -0.0000,  -0.0000
    0.8297,  -0.4370,   0.3349
    2.1240,   5.3972,   1.9435    + j *   -0.0000,  -0.0000,  -0.0000
  structure factor tensor in local Cartesian system
    5.5271,  -5.6808,  -5.6808    + j *   -0.0000,   0.0000,   0.0000
   -5.6808,   5.5271,  -5.6808    + j *    0.0000,  -0.0000,   0.0000
   -5.6808,  -5.6808,   5.5271    + j *    0.0000,   0.0000,  -0.0000
 
   h  k  l     FRexp    sFRexp FRmod_ext     ReFN      ImFN     |FMp| 2|FMpZ|  sthovl   FRmod
  -1  3  3    0.8683    0.0117   1.5159   20.4363    0.0000    5.6230   3.691   0.214   0.745
  MSF / scat.vec. k / MSF perp. to k in global Cartesian system
   -2.3026,   7.7287,   0.1569    + j *    0.0000,  -0.0000,  -0.0000
   -0.3935,  -0.8682,   0.2882
   -4.6074,   2.6429,   1.8453    + j *    0.0000,  -0.0000,  -0.0000
  structure factor tensor in local Cartesian system
    5.5271,  -5.6808,  -5.6808    + j *   -0.0000,   0.0000,   0.0000
   -5.6808,   5.5271,  -5.6808    + j *    0.0000,  -0.0000,   0.0000
   -5.6808,  -5.6808,   5.5271    + j *    0.0000,   0.0000,  -0.0000
 
   h  k  l     FRexp    sFRexp FRmod_ext     ReFN      ImFN     |FMp| 2|FMpZ|  sthovl   FRmod
   3 -3  1    0.4608    0.0101   0.5907  -20.4363    0.0000   11.2001  22.366   0.214   0.155
  MSF / scat.vec. k / MSF perp. to k in global Cartesian system
    0.3927,   0.5558, -11.1799    + j *    0.0000,  -0.0000,   0.0000
    0.9931,   0.1090,   0.0308
    0.2879,   0.5443, -11.1832    + j *   -0.0000,  -0.0000,   0.0000
  structure factor tensor in local Cartesian system
   -5.5271,  -5.6808,  -5.6808    + j *    0.0000,  -0.0000,   0.0000
   -5.6808,  -5.5271,   5.6808    + j *   -0.0000,   0.0000,  -0.0000
   -5.6808,   5.6808,  -5.5271    + j *    0.0000,  -0.0000,   0.0000
 
   h  k  l     FRexp    sFRexp FRmod_ext     ReFN      ImFN     |FMp| 2|FMpZ|  sthovl   FRmod
  -3  3  1    0.4477    0.0101   0.5859  -20.4363    0.0000   11.2033  22.384   0.214   0.154
  MSF / scat.vec. k / MSF perp. to k in global Cartesian system
    0.3060,  -0.0818, -11.2011    + j *    0.0000,   0.0000,   0.0000
   -0.8417,  -0.5377,  -0.0392
    0.4973,   0.0404, -11.1922    + j *   -0.0000,   0.0000,   0.0000
  structure factor tensor in local Cartesian system
   -5.5271,  -5.6808,   5.6808    + j *    0.0000,  -0.0000,  -0.0000
   -5.6808,  -5.5271,  -5.6808    + j *   -0.0000,   0.0000,   0.0000
    5.6808,  -5.6808,  -5.5271    + j *   -0.0000,   0.0000,   0.0000
 
   h  k  l     FRexp    sFRexp FRmod_ext     ReFN      ImFN     |FMp| 2|FMpZ|  sthovl   FRmod
   5 -3  1    0.9298    0.0111   2.5008    9.0466    0.0000    6.5934   0.699   0.290   0.916
  MSF / scat.vec. k / MSF perp. to k in global Cartesian system
   -1.8958,   6.3634,   0.1292    + j *    0.0000,  -0.0000,  -0.0000
    0.9504,   0.1527,   0.2701
   -1.1211,   6.4879,   0.3494    + j *    0.0000,  -0.0000,  -0.0000
  structure factor tensor in local Cartesian system
    4.5508,  -4.6774,  -4.6774    + j *   -0.0000,   0.0000,   0.0000
   -4.6774,   4.5508,  -4.6774    + j *    0.0000,  -0.0000,   0.0000
   -4.6774,  -4.6774,   4.5508    + j *    0.0000,   0.0000,  -0.0000
 
   h  k  l     FRexp    sFRexp FRmod_ext     ReFN      ImFN     |FMp| 2|FMpZ|  sthovl   FRmod
   3 -1  5    1.3996    0.0181   0.3865   -9.0466    0.0000    3.3430   3.411   0.290   1.811
  MSF / scat.vec. k / MSF perp. to k in global Cartesian system
   -2.4733,   5.9797,   0.3551    + j *    0.0000,  -0.0000,  -0.0000
    0.7229,  -0.6378,   0.2406
    1.5856,   2.3984,   1.7057    + j *   -0.0000,  -0.0000,  -0.0000
  structure factor tensor in local Cartesian system
   -4.5508,   4.6774,  -4.6774    + j *    0.0000,  -0.0000,   0.0000
    4.6774,  -4.5508,  -4.6774    + j *   -0.0000,   0.0000,   0.0000
   -4.6774,  -4.6774,  -4.5508    + j *    0.0000,   0.0000,   0.0000
 
   h  k  l     FRexp    sFRexp FRmod_ext     ReFN      ImFN     |FMp| 2|FMpZ|  sthovl   FRmod
  -1  3  5    1.3519    0.0186   0.3608   -9.0466    0.0000    3.8235   2.894   0.290   1.618
  MSF / scat.vec. k / MSF perp. to k in global Cartesian system
   -2.4733,   5.9797,   0.3551    + j *    0.0000,  -0.0000,  -0.0000
   -0.1783,  -0.9555,   0.2062
   -3.4180,   0.9178,   1.4472    + j *    0.0000,  -0.0000,  -0.0000
  structure factor tensor in local Cartesian system
   -4.5508,   4.6774,  -4.6774    + j *    0.0000,  -0.0000,   0.0000
    4.6774,  -4.5508,  -4.6774    + j *   -0.0000,   0.0000,   0.0000
   -4.6774,  -4.6774,  -4.5508    + j *    0.0000,   0.0000,   0.0000
 
   h  k  l     FRexp    sFRexp FRmod_ext     ReFN      ImFN     |FMp| 2|FMpZ|  sthovl   FRmod
  -3  5  1    0.9013    0.0107   2.6088    9.0466    0.0000    6.4853   0.842   0.290   0.899
  MSF / scat.vec. k / MSF perp. to k in global Cartesian system
   -1.8958,   6.3634,   0.1292    + j *    0.0000,  -0.0000,  -0.0000
   -0.8521,  -0.4827,   0.2014
   -3.1312,   5.6637,   0.4211    + j *    0.0000,  -0.0000,  -0.0000
  structure factor tensor in local Cartesian system
    4.5508,  -4.6774,  -4.6774    + j *   -0.0000,   0.0000,   0.0000
   -4.6774,   4.5508,  -4.6774    + j *    0.0000,  -0.0000,   0.0000
   -4.6774,  -4.6774,   4.5508    + j *    0.0000,   0.0000,  -0.0000
 
   h  k  l     FRexp    sFRexp FRmod_ext     ReFN      ImFN     |FMp| 2|FMpZ|  sthovl   FRmod
   3 -1  7    1.6465    0.1560   0.2708   -2.0155    0.0000    2.3029   1.841   0.377   2.049
  MSF / scat.vec. k / MSF perp. to k in global Cartesian system
   -1.4443,   4.8479,   0.0984    + j *    0.0000,  -0.0000,  -0.0000
    0.6427,  -0.7346,   0.1805
    1.4827,   1.5026,   0.9205    + j *   -0.0000,  -0.0000,  -0.0000
  structure factor tensor in local Cartesian system
    3.4669,  -3.5633,  -3.5633    + j *   -0.0000,   0.0000,   0.0000
   -3.5633,   3.4669,  -3.5633    + j *    0.0000,  -0.0000,   0.0000
   -3.5633,  -3.5633,   3.4669    + j *    0.0000,   0.0000,  -0.0000
 
   h  k  l     FRexp    sFRexp FRmod_ext     ReFN      ImFN     |FMp| 2|FMpZ|  sthovl   FRmod
  -1  3  7    2.1227    0.1283   0.2558   -2.0155    0.0000    1.8916   1.657   0.377   2.225
  MSF / scat.vec. k / MSF perp. to k in global Cartesian system
   -1.4443,   4.8479,   0.0984    + j *    0.0000,  -0.0000,  -0.0000
   -0.0514,  -0.9792,   0.1540
   -1.6880,   0.2060,   0.8286    + j *    0.0000,  -0.0000,  -0.0000
  structure factor tensor in local Cartesian system
    3.4669,  -3.5633,  -3.5633    + j *   -0.0000,   0.0000,   0.0000
   -3.5633,   3.4669,  -3.5633    + j *    0.0000,  -0.0000,   0.0000
   -3.5633,  -3.5633,   3.4669    + j *    0.0000,   0.0000,  -0.0000
 
   h  k  l     FRexp    sFRexp FRmod_ext     ReFN      ImFN     |FMp| 2|FMpZ|  sthovl   FRmod
   3 -1  9    1.3108    0.0774   0.1701   -4.0940    0.0000    1.0969   1.341   0.468   1.724
  MSF / scat.vec. k / MSF perp. to k in global Cartesian system
   -1.3431,   3.2472,   0.1928    + j *    0.0000,  -0.0000,   0.0000
    0.5867,  -0.7874,   0.1415
    0.6381,   0.5884,   0.6706    + j *   -0.0000,  -0.0000,   0.0000
  structure factor tensor in local Cartesian system
   -2.4712,   2.5400,  -2.5400    + j *    0.0000,  -0.0000,   0.0000
    2.5400,  -2.4712,  -2.5400    + j *   -0.0000,   0.0000,   0.0000
   -2.5400,  -2.5400,  -2.4712    + j *    0.0000,   0.0000,   0.0000
 
   h  k  l     FRexp    sFRexp FRmod_ext     ReFN      ImFN     |FMp| 2|FMpZ|  sthovl   FRmod
  -1  3  9    1.3188    0.0362   0.1546   -4.0940    0.0000    1.3828   1.172   0.468   1.575
  MSF / scat.vec. k / MSF perp. to k in global Cartesian system
   -1.3431,   3.2472,   0.1928    + j *    0.0000,  -0.0000,   0.0000
    0.0278,  -0.9844,   0.1202
   -1.2522,   0.0283,   0.5858    + j *    0.0000,   0.0000,   0.0000
  structure factor tensor in local Cartesian system
   -2.4712,   2.5400,  -2.5400    + j *    0.0000,  -0.0000,   0.0000
    2.5400,  -2.4712,  -2.5400    + j *   -0.0000,   0.0000,   0.0000
   -2.5400,  -2.5400,  -2.4712    + j *    0.0000,   0.0000,   0.0000
 
   h  k  l     FRexp    sFRexp FRmod_ext     ReFN      ImFN     |FMp| 2|FMpZ|  sthovl   FRmod
   5 -5  1    1.5063    0.0193   1.6573    1.4731    0.0000    7.6793  15.349   0.350   1.949
  MSF / scat.vec. k / MSF perp. to k in global Cartesian system
    0.2097,  -0.0561,  -7.6765    + j *   -0.0000,  -0.0000,   0.0000
    0.9795,   0.1981,   0.0330
    0.2672,  -0.0445,  -7.6745    + j *    0.0000,  -0.0000,   0.0000
  structure factor tensor in local Cartesian system
   -3.7879,  -3.8932,   3.8932    + j *   -0.0000,   0.0000,   0.0000
   -3.8932,  -3.7879,  -3.8932    + j *    0.0000,  -0.0000,  -0.0000
    3.8932,  -3.8932,  -3.7879    + j *    0.0000,  -0.0000,  -0.0000
 
   h  k  l     FRexp    sFRexp FRmod_ext     ReFN      ImFN     |FMp| 2|FMpZ|  sthovl   FRmod
  -5  5  1    1.5319    0.0144   1.6612    1.4731    0.0000    7.6752  15.333   0.350   1.949
  MSF / scat.vec. k / MSF perp. to k in global Cartesian system
    0.2691,   0.3809,  -7.6620    + j *   -0.0000,  -0.0000,   0.0000
   -0.8870,  -0.4598,  -0.0382
    0.1613,   0.3250,  -7.6666    + j *   -0.0000,   0.0000,   0.0000
  structure factor tensor in local Cartesian system
   -3.7879,  -3.8932,  -3.8932    + j *   -0.0000,   0.0000,  -0.0000
   -3.8932,  -3.7879,   3.8932    + j *    0.0000,  -0.0000,   0.0000
   -3.8932,   3.8932,  -3.7879    + j *   -0.0000,   0.0000,  -0.0000
 
   h  k  l     FRexp    sFRexp FRmod_ext     ReFN      ImFN     |FMp| 2|FMpZ|  sthovl   FRmod
   7 -5  1    1.0760    0.0159   0.4390   -8.0043    0.0000    4.1048   0.717   0.425   1.131
  MSF / scat.vec. k / MSF perp. to k in global Cartesian system
   -1.5865,   3.8357,   0.2278    + j *   -0.0000,   0.0000,   0.0000
    0.9571,   0.2128,   0.1963
   -0.9492,   3.9774,   0.3585    + j *   -0.0000,   0.0000,   0.0000
  structure factor tensor in local Cartesian system
   -2.9191,   3.0003,  -3.0003    + j *   -0.0000,   0.0000,  -0.0000
    3.0003,  -2.9191,  -3.0003    + j *    0.0000,  -0.0000,  -0.0000
   -3.0003,  -3.0003,  -2.9191    + j *   -0.0000,  -0.0000,  -0.0000
 
   h  k  l     FRexp    sFRexp FRmod_ext     ReFN      ImFN     |FMp| 2|FMpZ|  sthovl   FRmod
  -5  7  1    1.0647    0.0127   0.4289   -8.0043    0.0000    4.1501   0.518   0.425   1.093
  MSF / scat.vec. k / MSF perp. to k in global Cartesian system
   -1.5865,   3.8357,   0.2278    + j *   -0.0000,   0.0000,   0.0000
   -0.8899,  -0.4382,   0.1258
   -1.8080,   3.7266,   0.2591    + j *   -0.0000,   0.0000,   0.0000
  structure factor tensor in local Cartesian system
   -2.9191,   3.0003,  -3.0003    + j *   -0.0000,   0.0000,  -0.0000
    3.0003,  -2.9191,  -3.0003    + j *    0.0000,  -0.0000,  -0.0000
   -3.0003,  -3.0003,  -2.9191    + j *   -0.0000,  -0.0000,  -0.0000
 
   h  k  l     FRexp    sFRexp FRmod_ext     ReFN      ImFN     |FMp| 2|FMpZ|  sthovl   FRmod
   7 -7  1    0.7265    0.0123   0.7597  -18.0484    0.0000    4.6150   9.217   0.488   0.411
  MSF / scat.vec. k / MSF perp. to k in global Cartesian system
    0.1618,   0.2290,  -4.6068    + j *   -0.0000,  -0.0000,   0.0000
    0.9709,   0.2367,   0.0339
    0.1086,   0.2160,  -4.6087    + j *   -0.0000,   0.0000,   0.0000
  structure factor tensor in local Cartesian system
   -2.2775,  -2.3408,  -2.3408    + j *   -0.0000,   0.0000,  -0.0000
   -2.3408,  -2.2775,   2.3408    + j *    0.0000,  -0.0000,   0.0000
   -2.3408,   2.3408,  -2.2775    + j *   -0.0000,   0.0000,  -0.0000
 
   h  k  l     FRexp    sFRexp FRmod_ext     ReFN      ImFN     |FMp| 2|FMpZ|  sthovl   FRmod
  -7  7  1    0.6802    0.0106   0.7584  -18.0484    0.0000    4.6168   9.225   0.488   0.411
  MSF / scat.vec. k / MSF perp. to k in global Cartesian system
    0.1261,  -0.0337,  -4.6155    + j *   -0.0000,  -0.0000,   0.0000
   -0.9046,  -0.4245,  -0.0376
    0.1932,  -0.0022,  -4.6127    + j *    0.0000,  -0.0000,   0.0000
  structure factor tensor in local Cartesian system
   -2.2775,  -2.3408,   2.3408    + j *   -0.0000,   0.0000,   0.0000
   -2.3408,  -2.2775,  -2.3408    + j *    0.0000,  -0.0000,  -0.0000
    2.3408,  -2.3408,  -2.2775    + j *    0.0000,  -0.0000,  -0.0000
 
   h  k  l     FRexp    sFRexp FRmod_ext     ReFN      ImFN     |FMp| 2|FMpZ|  sthovl   FRmod
   4 -2  2    1.2540    0.0126   0.3473    6.8608    0.0000    6.5562   2.436   0.240   1.382
  MSF / scat.vec. k / MSF perp. to k in global Cartesian system
    2.5342,  -6.7446,  -0.2664    + j *   -0.0000,   0.0000,   0.0000
    0.9430,  -0.1022,   0.3121
   -0.3406,  -6.4330,  -1.2179    + j *   -0.0000,   0.0000,   0.0000
  structure factor tensor in local Cartesian system
    0.0000,  -0.0000,  -0.0000    + j *    0.0000,  -0.0000,   0.0000
   -0.0000,   0.0000,  10.6774    + j *   -0.0000,   0.0000,  -0.0000
   -0.0000,  10.6774,   0.0000    + j *    0.0000,  -0.0000,   0.0000
 
   h  k  l     FRexp    sFRexp FRmod_ext     ReFN      ImFN     |FMp| 2|FMpZ|  sthovl   FRmod
   2 -2  4    0.3027    0.0113   0.1993    6.8608    0.0000   10.6726  21.294   0.240   0.118
  MSF / scat.vec. k / MSF perp. to k in global Cartesian system
   -0.6579,  -0.4417,  10.6455    + j *    0.0000,   0.0000,  -0.0000
    0.8136,  -0.5711,   0.0058
   -0.4775,  -0.5683,  10.6468    + j *    0.0000,   0.0000,  -0.0000
  structure factor tensor in local Cartesian system
    0.0000,  10.6774,   0.0000    + j *    0.0000,  -0.0000,   0.0000
   10.6774,   0.0000,   0.0000    + j *   -0.0000,   0.0000,  -0.0000
    0.0000,   0.0000,  -0.0000    + j *    0.0000,  -0.0000,   0.0000
 
   h  k  l     FRexp    sFRexp FRmod_ext     ReFN      ImFN     |FMp| 2|FMpZ|  sthovl   FRmod
  -2  2  4    0.2632    0.0108   0.1735    6.8608    0.0000   10.6726  21.307   0.240   0.117
  MSF / scat.vec. k / MSF perp. to k in global Cartesian system
   -0.6579,  -0.4417,  10.6455    + j *    0.0000,   0.0000,  -0.0000
   -0.2747,  -0.9547,  -0.0357
   -0.5970,  -0.2301,  10.6534    + j *    0.0000,   0.0000,  -0.0000
  structure factor tensor in local Cartesian system
    0.0000,  10.6774,   0.0000    + j *    0.0000,  -0.0000,  -0.0000
   10.6774,   0.0000,   0.0000    + j *   -0.0000,   0.0000,   0.0000
    0.0000,   0.0000,  -0.0000    + j *   -0.0000,   0.0000,   0.0000
 
   h  k  l     FRexp    sFRexp FRmod_ext     ReFN      ImFN     |FMp| 2|FMpZ|  sthovl   FRmod
  -2  4  2    1.2216    0.0123   0.3205    6.8608    0.0000    7.0478   2.207   0.240   1.312
  MSF / scat.vec. k / MSF perp. to k in global Cartesian system
    2.4527,  -7.3438,  -0.2863    + j *   -0.0000,   0.0000,   0.0000
   -0.6895,  -0.6777,   0.2498
    4.7077,  -5.1276,  -1.1033    + j *   -0.0000,   0.0000,   0.0000
  structure factor tensor in local Cartesian system
    0.0000,  -0.0000,  10.6774    + j *    0.0000,  -0.0000,  -0.0000
   -0.0000,  -0.0000,   0.0000    + j *   -0.0000,   0.0000,   0.0000
   10.6774,   0.0000,   0.0000    + j *   -0.0000,   0.0000,   0.0000
 
   h  k  l     FRexp    sFRexp FRmod_ext     ReFN      ImFN     |FMp| 2|FMpZ|  sthovl   FRmod
   2 -2  6    0.1800    0.0122   0.2149    7.4037    0.0000    8.1990  16.398   0.325   0.072
  MSF / scat.vec. k / MSF perp. to k in global Cartesian system
    0.0010,  -0.0029,   8.1990    + j *   -0.0000,  -0.0000,  -0.0000
    0.7004,  -0.7035,  -0.0012
    0.0081,  -0.0101,   8.1990    + j *   -0.0000,  -0.0000,  -0.0000
  structure factor tensor in local Cartesian system
    8.1996,   0.0000,   0.0000    + j *   -0.0000,   0.0000,  -0.0000
    0.0000,   8.1996,   0.0000    + j *    0.0000,  -0.0000,   0.0000
    0.0000,   0.0000,   8.1996    + j *   -0.0000,   0.0000,  -0.0000
 
   h  k  l     FRexp    sFRexp FRmod_ext     ReFN      ImFN     |FMp| 2|FMpZ|  sthovl   FRmod
  -2  2  6    0.1517    0.0107   0.1938    7.4037    0.0000    8.1949  16.381   0.325   0.072
  MSF / scat.vec. k / MSF perp. to k in global Cartesian system
    0.0010,  -0.0029,   8.1990    + j *   -0.0000,  -0.0000,  -0.0000
   -0.1034,  -0.9868,  -0.0319
   -0.0260,  -0.2611,   8.1907    + j *   -0.0000,   0.0000,  -0.0000
  structure factor tensor in local Cartesian system
    8.1996,   0.0000,   0.0000    + j *   -0.0000,   0.0000,   0.0000
    0.0000,   8.1996,   0.0000    + j *    0.0000,  -0.0000,  -0.0000
    0.0000,   0.0000,   8.1996    + j *    0.0000,  -0.0000,  -0.0000
 
   h  k  l     FRexp    sFRexp FRmod_ext     ReFN      ImFN     |FMp| 2|FMpZ|  sthovl   FRmod
   2 -2 10    0.1787    0.0177   0.4586    7.4812    0.0000    4.1593   8.318   0.509   0.150
  MSF / scat.vec. k / MSF perp. to k in global Cartesian system
    0.0005,  -0.0015,   4.1594    + j *   -0.0000,  -0.0000,  -0.0000
    0.5741,  -0.8086,  -0.0078
    0.0192,  -0.0279,   4.1591    + j *   -0.0000,  -0.0000,  -0.0000
  structure factor tensor in local Cartesian system
    4.1597,   0.0000,   0.0000    + j *   -0.0000,   0.0000,   0.0000
    0.0000,   4.1597,   0.0000    + j *    0.0000,  -0.0000,  -0.0000
    0.0000,   0.0000,   4.1597    + j *    0.0000,  -0.0000,  -0.0000
 
   h  k  l     FRexp    sFRexp FRmod_ext     ReFN      ImFN     |FMp| 2|FMpZ|  sthovl   FRmod
  -2  2 10    0.2084    0.0122   0.4514    7.4812    0.0000    4.1578   8.313   0.509   0.150
  MSF / scat.vec. k / MSF perp. to k in global Cartesian system
    0.0005,  -0.0015,   4.1594    + j *   -0.0000,  -0.0000,  -0.0000
    0.0610,  -0.9895,  -0.0274
    0.0075,  -0.1143,   4.1563    + j *   -0.0000,   0.0000,  -0.0000
  structure factor tensor in local Cartesian system
    4.1597,   0.0000,   0.0000    + j *   -0.0000,   0.0000,  -0.0000
    0.0000,   4.1597,   0.0000    + j *    0.0000,  -0.0000,   0.0000
    0.0000,   0.0000,   4.1597    + j *   -0.0000,   0.0000,  -0.0000
 
   h  k  l     FRexp    sFRexp FRmod_ext     ReFN      ImFN     |FMp| 2|FMpZ|  sthovl   FRmod
   6 -4  2    0.9045    0.0153   2.8560   -3.0169    0.0000    5.1824   0.976   0.367   0.869
  MSF / scat.vec. k / MSF perp. to k in global Cartesian system
    1.6920,  -5.0660,  -0.1975    + j *   -0.0000,   0.0000,   0.0000
    0.9736,   0.0587,   0.2179
    0.3945,  -5.1442,  -0.4879    + j *   -0.0000,   0.0000,   0.0000
  structure factor tensor in local Cartesian system
    0.0000,   0.0000,   7.3657    + j *   -0.0000,   0.0000,  -0.0000
    0.0000,  -0.0000,   0.0000    + j *    0.0000,  -0.0000,   0.0000
    7.3657,   0.0000,   0.0000    + j *   -0.0000,   0.0000,  -0.0000
 
   h  k  l     FRexp    sFRexp FRmod_ext     ReFN      ImFN     |FMp| 2|FMpZ|  sthovl   FRmod
   4 -2  6    1.6331    0.0942   0.2290    3.0169    0.0000    2.9428   1.946   0.367   1.804
  MSF / scat.vec. k / MSF perp. to k in global Cartesian system
    1.7482,  -4.6527,  -0.1838    + j *   -0.0000,   0.0000,   0.0000
    0.7937,  -0.5663,   0.1945
   -1.4730,  -2.3543,  -0.9732    + j *    0.0000,   0.0000,   0.0000
  structure factor tensor in local Cartesian system
    0.0000,   0.0000,   0.0000    + j *    0.0000,  -0.0000,   0.0000
    0.0000,   0.0000,   7.3657    + j *   -0.0000,   0.0000,  -0.0000
    0.0000,   7.3657,   0.0000    + j *    0.0000,  -0.0000,   0.0000
 
   h  k  l     FRexp    sFRexp FRmod_ext     ReFN      ImFN     |FMp| 2|FMpZ|  sthovl   FRmod
  -2  4  6    1.3035    0.0369   0.2058    3.0169    0.0000    3.1656   1.735   0.367   1.623
  MSF / scat.vec. k / MSF perp. to k in global Cartesian system
    1.6920,  -5.0660,  -0.1975    + j *   -0.0000,   0.0000,   0.0000
   -0.2750,  -0.9431,   0.1537
    2.8906,  -0.9556,  -0.8676    + j *   -0.0000,   0.0000,   0.0000
  structure factor tensor in local Cartesian system
    0.0000,   0.0000,   7.3657    + j *    0.0000,  -0.0000,  -0.0000
    0.0000,  -0.0000,   0.0000    + j *   -0.0000,   0.0000,   0.0000
    7.3657,   0.0000,   0.0000    + j *   -0.0000,   0.0000,   0.0000
 
   h  k  l     FRexp    sFRexp FRmod_ext     ReFN      ImFN     |FMp| 2|FMpZ|  sthovl   FRmod
  -4  6  2    0.8930    0.0129   2.9629   -3.0169    0.0000    4.8244   0.737   0.367   0.888
  MSF / scat.vec. k / MSF perp. to k in global Cartesian system
    1.7482,  -4.6527,  -0.1838    + j *   -0.0000,   0.0000,   0.0000
   -0.8076,  -0.5692,   0.1499
    2.7437,  -3.9511,  -0.3686    + j *   -0.0000,   0.0000,   0.0000
  structure factor tensor in local Cartesian system
    0.0000,   0.0000,   0.0000    + j *   -0.0000,   0.0000,   0.0000
    0.0000,   0.0000,   7.3657    + j *    0.0000,  -0.0000,  -0.0000
    0.0000,   7.3657,   0.0000    + j *    0.0000,  -0.0000,  -0.0000
 
   h  k  l     FRexp    sFRexp FRmod_ext     ReFN      ImFN     |FMp| 2|FMpZ|  sthovl   FRmod
   4 -2 10    0.7395    0.0608   1.7641   -7.8423    0.0000    1.0268   0.788   0.537   0.842
  MSF / scat.vec. k / MSF perp. to k in global Cartesian system
    0.9004,  -2.3963,  -0.0947    + j *   -0.0000,   0.0000,   0.0000
    0.6627,  -0.7280,   0.1262
   -0.6711,  -0.6699,  -0.3939    + j *    0.0000,   0.0000,   0.0000
  structure factor tensor in local Cartesian system
    0.0000,   0.0000,   0.0000    + j *    0.0000,  -0.0000,   0.0000
    0.0000,  -0.0000,   3.7936    + j *   -0.0000,   0.0000,  -0.0000
    0.0000,   3.7936,   0.0000    + j *    0.0000,  -0.0000,   0.0000
 
   h  k  l     FRexp    sFRexp FRmod_ext     ReFN      ImFN     |FMp| 2|FMpZ|  sthovl   FRmod
  -2  4 10    0.8574    0.0196   1.7956   -7.8423    0.0000    1.1053   0.704   0.537   0.858
  MSF / scat.vec. k / MSF perp. to k in global Cartesian system
    0.8714,  -2.6092,  -0.1017    + j *   -0.0000,   0.0000,   0.0000
   -0.0673,  -0.9854,   0.0983
    1.0430,  -0.0990,  -0.3522    + j *   -0.0000,   0.0000,   0.0000
  structure factor tensor in local Cartesian system
    0.0000,   0.0000,   3.7936    + j *    0.0000,  -0.0000,  -0.0000
    0.0000,   0.0000,   0.0000    + j *   -0.0000,   0.0000,   0.0000
    3.7936,   0.0000,   0.0000    + j *   -0.0000,   0.0000,   0.0000
 
   h  k  l     FRexp    sFRexp FRmod_ext     ReFN      ImFN     |FMp| 2|FMpZ|  sthovl   FRmod
   6 -6  2    0.1377    0.0108   0.3903    7.4496    0.0000    5.7737  11.542   0.427   0.086
  MSF / scat.vec. k / MSF perp. to k in global Cartesian system
    0.0007,  -0.0021,   5.7765    + j *   -0.0000,   0.0000,  -0.0000
    0.9931,   0.1090,   0.0308
   -0.1760,  -0.0215,   5.7710    + j *    0.0000,   0.0000,  -0.0000
  structure factor tensor in local Cartesian system
    5.7769,   0.0000,   0.0000    + j *   -0.0000,   0.0000,  -0.0000
    0.0000,   5.7769,   0.0000    + j *    0.0000,  -0.0000,   0.0000
    0.0000,   0.0000,   5.7769    + j *   -0.0000,   0.0000,  -0.0000
 
   h  k  l     FRexp    sFRexp FRmod_ext     ReFN      ImFN     |FMp| 2|FMpZ|  sthovl   FRmod
  -6  6  2    0.1356    0.0102   0.3833    7.4496    0.0000    5.7720  11.535   0.427   0.086
  MSF / scat.vec. k / MSF perp. to k in global Cartesian system
    0.0007,  -0.0021,   5.7765    + j *   -0.0000,  -0.0000,  -0.0000
   -0.8417,  -0.5377,  -0.0392
   -0.1899,  -0.1238,   5.7676    + j *    0.0000,  -0.0000,  -0.0000
  structure factor tensor in local Cartesian system
    5.7769,   0.0000,   0.0000    + j *   -0.0000,   0.0000,   0.0000
    0.0000,   5.7769,   0.0000    + j *    0.0000,  -0.0000,  -0.0000
    0.0000,   0.0000,   5.7769    + j *    0.0000,  -0.0000,  -0.0000
 
   h  k  l     FRexp    sFRexp FRmod_ext     ReFN      ImFN     |FMp| 2|FMpZ|  sthovl   FRmod
   8 -6  2    1.0963    0.0230   0.3273    4.9103    0.0000    2.9382   0.440   0.500   1.121
  MSF / scat.vec. k / MSF perp. to k in global Cartesian system
    1.0564,  -2.8115,  -0.1111    + j *   -0.0000,   0.0000,   0.0000
    0.9758,   0.1352,   0.1699
    0.4295,  -2.8983,  -0.2202    + j *   -0.0000,   0.0000,   0.0000
  structure factor tensor in local Cartesian system
    0.0000,  -0.0000,  -0.0000    + j *    0.0000,   0.0000,  -0.0000
   -0.0000,   0.0000,   4.4509    + j *    0.0000,   0.0000,  -0.0000
   -0.0000,   4.4509,   0.0000    + j *   -0.0000,  -0.0000,   0.0000
 
   h  k  l     FRexp    sFRexp FRmod_ext     ReFN      ImFN     |FMp| 2|FMpZ|  sthovl   FRmod
  -6  8  2    1.1152    0.0143   0.3149    4.9103    0.0000    3.1582   0.376   0.500   1.098
  MSF / scat.vec. k / MSF perp. to k in global Cartesian system
    1.0224,  -3.0613,  -0.1194    + j *   -0.0000,   0.0000,   0.0000
   -0.8541,  -0.5098,   0.1001
    1.6090,  -2.7111,  -0.1881    + j *   -0.0000,   0.0000,   0.0000
  structure factor tensor in local Cartesian system
    0.0000,  -0.0000,   4.4509    + j *    0.0000,   0.0000,  -0.0000
   -0.0000,   0.0000,   0.0000    + j *    0.0000,   0.0000,  -0.0000
    4.4509,   0.0000,   0.0000    + j *   -0.0000,  -0.0000,   0.0000
 
   h  k  l     FRexp    sFRexp FRmod_ext     ReFN      ImFN     |FMp| 2|FMpZ|  sthovl   FRmod
   5 -3  3    1.2627    0.0187   0.5368   -1.8503    0.0000    5.1506   2.044   0.321   1.243
  MSF / scat.vec. k / MSF perp. to k in global Cartesian system
   -2.2539,   5.4492,   0.3236    + j *    0.0000,  -0.0000,  -0.0000
    0.9581,  -0.1472,   0.2381
    0.5560,   5.0175,   1.0219    + j *   -0.0000,  -0.0000,  -0.0000
  structure factor tensor in local Cartesian system
   -4.1470,   4.2623,  -4.2623    + j *    0.0000,  -0.0000,   0.0000
    4.2623,  -4.1470,  -4.2623    + j *   -0.0000,   0.0000,  -0.0000
   -4.2623,  -4.2623,  -4.1470    + j *    0.0000,  -0.0000,   0.0000
 
   h  k  l     FRexp    sFRexp FRmod_ext     ReFN      ImFN     |FMp| 2|FMpZ|  sthovl   FRmod
   3 -3  5    0.5674    0.0129   0.5015   -1.8503    0.0000    8.4038  16.776   0.321   0.466
  MSF / scat.vec. k / MSF perp. to k in global Cartesian system
    0.2947,   0.4170,  -8.3883    + j *    0.0000,  -0.0000,   0.0000
    0.8615,  -0.4975,   0.0093
    0.3233,   0.4005,  -8.3880    + j *   -0.0000,  -0.0000,   0.0000
  structure factor tensor in local Cartesian system
   -4.1470,  -4.2623,  -4.2623    + j *    0.0000,  -0.0000,   0.0000
   -4.2623,  -4.1470,   4.2623    + j *   -0.0000,   0.0000,  -0.0000
   -4.2623,   4.2623,  -4.1470    + j *    0.0000,  -0.0000,   0.0000
 
   h  k  l     FRexp    sFRexp FRmod_ext     ReFN      ImFN     |FMp| 2|FMpZ|  sthovl   FRmod
  -3  3  5    0.5577    0.0114   0.4934   -1.8503    0.0000    8.4026  16.787   0.321   0.465
  MSF / scat.vec. k / MSF perp. to k in global Cartesian system
    0.2296,  -0.0614,  -8.4042    + j *    0.0000,   0.0000,   0.0000
   -0.3582,  -0.9274,  -0.0372
    0.3341,   0.2094,  -8.3933    + j *    0.0000,  -0.0000,   0.0000
  structure factor tensor in local Cartesian system
   -4.1470,  -4.2623,   4.2623    + j *    0.0000,  -0.0000,  -0.0000
   -4.2623,  -4.1470,  -4.2623    + j *   -0.0000,   0.0000,   0.0000
    4.2623,  -4.2623,  -4.1470    + j *   -0.0000,   0.0000,   0.0000
 
   h  k  l     FRexp    sFRexp FRmod_ext     ReFN      ImFN     |FMp| 2|FMpZ|  sthovl   FRmod
  -3  5  3    1.1330    0.0165   0.5275   -1.8503    0.0000    5.4107   1.496   0.321   1.157
  MSF / scat.vec. k / MSF perp. to k in global Cartesian system
   -2.2539,   5.4492,   0.3236    + j *    0.0000,  -0.0000,  -0.0000
   -0.6681,  -0.7204,   0.1761
   -3.8647,   3.7121,   0.7481    + j *    0.0000,  -0.0000,  -0.0000
  structure factor tensor in local Cartesian system
   -4.1470,   4.2623,  -4.2623    + j *    0.0000,  -0.0000,  -0.0000
    4.2623,  -4.1470,  -4.2623    + j *   -0.0000,   0.0000,   0.0000
   -4.2623,  -4.2623,  -4.1470    + j *   -0.0000,   0.0000,   0.0000
 
   h  k  l     FRexp    sFRexp FRmod_ext     ReFN      ImFN     |FMp| 2|FMpZ|  sthovl   FRmod
   3 -3  7    0.7830    0.0198   0.7615  -25.1826    0.0000    6.4429  12.885   0.401   0.411
  MSF / scat.vec. k / MSF perp. to k in global Cartesian system
    0.1760,  -0.0471,  -6.4420    + j *   -0.0000,  -0.0000,   0.0000
    0.7708,  -0.6268,   0.0030
    0.0606,   0.0467,  -6.4425    + j *   -0.0000,  -0.0000,   0.0000
  structure factor tensor in local Cartesian system
   -3.1788,  -3.2672,   3.2672    + j *   -0.0000,   0.0000,   0.0000
   -3.2672,  -3.1788,  -3.2672    + j *    0.0000,  -0.0000,  -0.0000
    3.2672,  -3.2672,  -3.1788    + j *    0.0000,  -0.0000,  -0.0000
 
   h  k  l     FRexp    sFRexp FRmod_ext     ReFN      ImFN     |FMp| 2|FMpZ|  sthovl   FRmod
  -3  3  7    0.7301    0.0125   0.7557  -25.1826    0.0000    6.4403  12.869   0.401   0.411
  MSF / scat.vec. k / MSF perp. to k in global Cartesian system
    0.2259,   0.3196,  -6.4299    + j *   -0.0000,  -0.0000,   0.0000
   -0.2063,  -0.9712,  -0.0343
    0.1974,   0.1858,  -6.4346    + j *   -0.0000,  -0.0000,   0.0000
  structure factor tensor in local Cartesian system
   -3.1788,  -3.2672,  -3.2672    + j *   -0.0000,   0.0000,  -0.0000
   -3.2672,  -3.1788,   3.2672    + j *    0.0000,  -0.0000,   0.0000
   -3.2672,   3.2672,  -3.1788    + j *   -0.0000,   0.0000,  -0.0000
 
   h  k  l     FRexp    sFRexp FRmod_ext     ReFN      ImFN     |FMp| 2|FMpZ|  sthovl   FRmod
   3 -3  9    0.6221    0.0218   0.7542  -18.1445    0.0000    4.6151   9.214   0.488   0.413
  MSF / scat.vec. k / MSF perp. to k in global Cartesian system
    0.1618,   0.2290,  -4.6068    + j *    0.0000,  -0.0000,   0.0000
    0.7004,  -0.7035,  -0.0012
    0.1920,   0.1987,  -4.6069    + j *   -0.0000,  -0.0000,   0.0000
  structure factor tensor in local Cartesian system
   -2.2775,  -2.3408,  -2.3408    + j *    0.0000,  -0.0000,   0.0000
   -2.3408,  -2.2775,   2.3408    + j *   -0.0000,   0.0000,  -0.0000
   -2.3408,   2.3408,  -2.2775    + j *    0.0000,  -0.0000,   0.0000
 
   h  k  l     FRexp    sFRexp FRmod_ext     ReFN      ImFN     |FMp| 2|FMpZ|  sthovl   FRmod
  -3  3  9    0.5784    0.0114   0.7493  -18.1445    0.0000    4.6143   9.220   0.488   0.413
  MSF / scat.vec. k / MSF perp. to k in global Cartesian system
    0.1261,  -0.0337,  -4.6155    + j *    0.0000,   0.0000,   0.0000
   -0.1034,  -0.9868,  -0.0319
    0.1437,   0.1343,  -4.6101    + j *    0.0000,  -0.0000,   0.0000
  structure factor tensor in local Cartesian system
   -2.2775,  -2.3408,   2.3408    + j *    0.0000,  -0.0000,  -0.0000
   -2.3408,  -2.2775,  -2.3408    + j *   -0.0000,   0.0000,   0.0000
    2.3408,  -2.3408,  -2.2775    + j *   -0.0000,   0.0000,   0.0000
 
   h  k  l     FRexp    sFRexp FRmod_ext     ReFN      ImFN     |FMp| 2|FMpZ|  sthovl   FRmod
   5 -3  5    0.8922    0.0146   1.7476   12.1224    0.0000    4.0094   1.441   0.377   0.830
  MSF / scat.vec. k / MSF perp. to k in global Cartesian system
   -1.4443,   4.8479,   0.0984    + j *    0.0000,  -0.0000,  -0.0000
    0.9039,  -0.3689,   0.1985
    1.3879,   3.6918,   0.7205    + j *   -0.0000,  -0.0000,  -0.0000
  structure factor tensor in local Cartesian system
    3.4669,  -3.5633,  -3.5633    + j *   -0.0000,   0.0000,   0.0000
   -3.5633,   3.4669,  -3.5633    + j *    0.0000,  -0.0000,   0.0000
   -3.5633,  -3.5633,   3.4669    + j *    0.0000,   0.0000,  -0.0000
 
   h  k  l     FRexp    sFRexp FRmod_ext     ReFN      ImFN     |FMp| 2|FMpZ|  sthovl   FRmod
  -3  5  5    0.8996    0.0119   1.8023   12.1224    0.0000    3.6915   1.217   0.377   0.852
  MSF / scat.vec. k / MSF perp. to k in global Cartesian system
   -1.4443,   4.8479,   0.0984    + j *    0.0000,  -0.0000,  -0.0000
   -0.4844,  -0.8583,   0.1456
   -3.1425,   1.8388,   0.6087    + j *    0.0000,  -0.0000,  -0.0000
  structure factor tensor in local Cartesian system
    3.4669,  -3.5633,  -3.5633    + j *   -0.0000,   0.0000,   0.0000
   -3.5633,   3.4669,  -3.5633    + j *    0.0000,  -0.0000,   0.0000
   -3.5633,  -3.5633,   3.4669    + j *    0.0000,   0.0000,  -0.0000
 
   h  k  l     FRexp    sFRexp FRmod_ext     ReFN      ImFN     |FMp| 2|FMpZ|  sthovl   FRmod
   5 -5  3    0.3250    0.0107   0.5333  -12.1224    0.0000    7.0256  14.028   0.377   0.141
  MSF / scat.vec. k / MSF perp. to k in global Cartesian system
    0.2463,   0.3486,  -7.0127    + j *    0.0000,  -0.0000,   0.0000
    0.9966,  -0.0591,   0.0259
    0.2043,   0.3511,  -7.0138    + j *   -0.0000,  -0.0000,   0.0000
  structure factor tensor in local Cartesian system
   -3.4669,  -3.5633,  -3.5633    + j *    0.0000,  -0.0000,   0.0000
   -3.5633,  -3.4669,   3.5633    + j *   -0.0000,   0.0000,  -0.0000
   -3.5633,   3.5633,  -3.4669    + j *    0.0000,  -0.0000,   0.0000
 
   h  k  l     FRexp    sFRexp FRmod_ext     ReFN      ImFN     |FMp| 2|FMpZ|  sthovl   FRmod
  -5  5  3    0.2942    0.0102   0.5243  -12.1224    0.0000    7.0266  14.038   0.377   0.140
  MSF / scat.vec. k / MSF perp. to k in global Cartesian system
    0.1919,  -0.0513,  -7.0260    + j *    0.0000,   0.0000,   0.0000
   -0.7388,  -0.6708,  -0.0403
    0.3229,   0.0676,  -7.0188    + j *   -0.0000,   0.0000,   0.0000
  structure factor tensor in local Cartesian system
   -3.4669,  -3.5633,   3.5633    + j *    0.0000,  -0.0000,  -0.0000
   -3.5633,  -3.4669,  -3.5633    + j *   -0.0000,   0.0000,   0.0000
    3.5633,  -3.5633,  -3.4669    + j *   -0.0000,   0.0000,   0.0000
 
   h  k  l     FRexp    sFRexp FRmod_ext     ReFN      ImFN     |FMp| 2|FMpZ|  sthovl   FRmod
   7 -5  3    0.9692    0.0140   1.4474   14.8283    0.0000    3.7609   0.561   0.447   0.940
  MSF / scat.vec. k / MSF perp. to k in global Cartesian system
   -1.1183,   3.7535,   0.0762    + j *   -0.0000,   0.0000,   0.0000
    0.9822,  -0.0028,   0.1826
   -0.0200,   3.7503,   0.2803    + j *   -0.0000,   0.0000,   0.0000
  structure factor tensor in local Cartesian system
    2.6843,  -2.7589,  -2.7589    + j *    0.0000,   0.0000,  -0.0000
   -2.7589,   2.6843,  -2.7589    + j *    0.0000,   0.0000,   0.0000
   -2.7589,  -2.7589,   2.6843    + j *   -0.0000,   0.0000,   0.0000
 
   h  k  l     FRexp    sFRexp FRmod_ext     ReFN      ImFN     |FMp| 2|FMpZ|  sthovl   FRmod
   5 -3  7    1.1006    0.0254   0.6966  -14.8283    0.0000    2.3441   1.417   0.447   1.177
  MSF / scat.vec. k / MSF perp. to k in global Cartesian system
   -1.4589,   3.5271,   0.2094    + j *    0.0000,  -0.0000,  -0.0000
    0.8345,  -0.5162,   0.1633
    1.0917,   1.9495,   0.7087    + j *   -0.0000,  -0.0000,  -0.0000
  structure factor tensor in local Cartesian system
   -2.6843,   2.7589,  -2.7589    + j *    0.0000,  -0.0000,   0.0000
    2.7589,  -2.6843,  -2.7589    + j *   -0.0000,   0.0000,  -0.0000
   -2.7589,  -2.7589,  -2.6843    + j *    0.0000,  -0.0000,   0.0000
 
   h  k  l     FRexp    sFRexp FRmod_ext     ReFN      ImFN     |FMp| 2|FMpZ|  sthovl   FRmod
  -3  5  7    1.1410    0.0172   0.6857  -14.8283    0.0000    2.6288   1.087   0.447   1.132
  MSF / scat.vec. k / MSF perp. to k in global Cartesian system
   -1.4589,   3.5271,   0.2094    + j *    0.0000,  -0.0000,  -0.0000
   -0.3360,  -0.9288,   0.1187
   -2.4041,   0.9142,   0.5434    + j *    0.0000,  -0.0000,  -0.0000
  structure factor tensor in local Cartesian system
   -2.6843,   2.7589,  -2.7589    + j *    0.0000,  -0.0000,  -0.0000
    2.7589,  -2.6843,  -2.7589    + j *   -0.0000,   0.0000,   0.0000
   -2.7589,  -2.7589,  -2.6843    + j *   -0.0000,   0.0000,   0.0000
 
   h  k  l     FRexp    sFRexp FRmod_ext     ReFN      ImFN     |FMp| 2|FMpZ|  sthovl   FRmod
  -5  7  3    0.9546    0.0112   1.4657   14.8283    0.0000    3.6346   0.495   0.447   0.947
  MSF / scat.vec. k / MSF perp. to k in global Cartesian system
   -1.1183,   3.7535,   0.0762    + j *   -0.0000,   0.0000,   0.0000
   -0.7735,  -0.6217,   0.1156
   -2.2651,   2.8317,   0.2476    + j *   -0.0000,   0.0000,   0.0000
  structure factor tensor in local Cartesian system
    2.6843,  -2.7589,  -2.7589    + j *    0.0000,   0.0000,   0.0000
   -2.7589,   2.6843,  -2.7589    + j *    0.0000,   0.0000,  -0.0000
   -2.7589,  -2.7589,   2.6843    + j *    0.0000,  -0.0000,   0.0000
 
   h  k  l     FRexp    sFRexp FRmod_ext     ReFN      ImFN     |FMp| 2|FMpZ|  sthovl   FRmod
   5 -3  9    0.9681    0.1019   1.6628    8.8023    0.0000    1.6615   0.738   0.526   0.868
  MSF / scat.vec. k / MSF perp. to k in global Cartesian system
   -0.8079,   2.7119,   0.0551    + j *    0.0000,  -0.0000,   0.0000
    0.7705,  -0.6128,   0.1354
    0.9791,   1.2906,   0.3690    + j *   -0.0000,  -0.0000,   0.0000
  structure factor tensor in local Cartesian system
    1.9394,  -1.9933,  -1.9933    + j *   -0.0000,   0.0000,   0.0000
   -1.9933,   1.9394,  -1.9933    + j *    0.0000,  -0.0000,   0.0000
   -1.9933,  -1.9933,   1.9394    + j *    0.0000,   0.0000,  -0.0000
 
   h  k  l     FRexp    sFRexp FRmod_ext     ReFN      ImFN     |FMp| 2|FMpZ|  sthovl   FRmod
  -3  5  9    0.7894    0.0170   1.6960    8.8023    0.0000    1.4318   0.591   0.526   0.892
  MSF / scat.vec. k / MSF perp. to k in global Cartesian system
   -0.8079,   2.7119,   0.0551    + j *    0.0000,  -0.0000,   0.0000
   -0.2239,  -0.9633,   0.0974
   -1.3606,   0.3340,   0.2956    + j *    0.0000,  -0.0000,   0.0000
  structure factor tensor in local Cartesian system
    1.9394,  -1.9933,  -1.9933    + j *   -0.0000,   0.0000,   0.0000
   -1.9933,   1.9394,  -1.9933    + j *    0.0000,  -0.0000,   0.0000
   -1.9933,  -1.9933,   1.9394    + j *    0.0000,   0.0000,  -0.0000
 
   h  k  l     FRexp    sFRexp FRmod_ext     ReFN      ImFN     |FMp| 2|FMpZ|  sthovl   FRmod
  -5  9  3    0.1875    0.0109   0.6147   -8.8023    0.0000    3.8145   7.432   0.526   0.236
  MSF / scat.vec. k / MSF perp. to k in global Cartesian system
    0.1074,  -0.0287,  -3.9303    + j *   -0.0000,   0.0000,   0.0000
   -0.7851,  -0.5759,   0.2252
   -0.6402,  -0.5770,  -3.7158    + j *   -0.0000,   0.0000,   0.0000
  structure factor tensor in local Cartesian system
   -1.9394,  -1.9933,   1.9933    + j *    0.0000,  -0.0000,  -0.0000
   -1.9933,  -1.9394,  -1.9933    + j *   -0.0000,   0.0000,   0.0000
    1.9933,  -1.9933,  -1.9394    + j *   -0.0000,   0.0000,   0.0000
 
   h  k  l     FRexp    sFRexp FRmod_ext     ReFN      ImFN     |FMp| 2|FMpZ|  sthovl   FRmod
   4 -4  8    0.4409    0.0181   0.5775   10.4596    0.0000    4.6956   9.391   0.480   0.212
  MSF / scat.vec. k / MSF perp. to k in global Cartesian system
    0.0006,  -0.0017,   4.6957    + j *   -0.0000,  -0.0000,  -0.0000
    0.8136,  -0.5711,   0.0058
   -0.0216,   0.0139,   4.6956    + j *   -0.0000,  -0.0000,  -0.0000
  structure factor tensor in local Cartesian system
    4.6961,   0.0000,   0.0000    + j *   -0.0000,   0.0000,  -0.0000
    0.0000,   4.6961,   0.0000    + j *    0.0000,  -0.0000,   0.0000
    0.0000,   0.0000,   4.6961    + j *   -0.0000,   0.0000,  -0.0000
 
   h  k  l     FRexp    sFRexp FRmod_ext     ReFN      ImFN     |FMp| 2|FMpZ|  sthovl   FRmod
  -4  4  8    0.4445    0.0129   0.5671   10.4596    0.0000    4.6928   9.379   0.480   0.213
  MSF / scat.vec. k / MSF perp. to k in global Cartesian system
    0.0006,  -0.0017,   4.6957    + j *   -0.0000,  -0.0000,  -0.0000
   -0.2747,  -0.9547,  -0.0357
   -0.0455,  -0.1618,   4.6897    + j *   -0.0000,   0.0000,  -0.0000
  structure factor tensor in local Cartesian system
    4.6961,   0.0000,   0.0000    + j *   -0.0000,   0.0000,   0.0000
    0.0000,   4.6961,   0.0000    + j *    0.0000,  -0.0000,  -0.0000
    0.0000,   0.0000,   4.6961    + j *    0.0000,  -0.0000,  -0.0000
 
   h  k  l     FRexp    sFRexp FRmod_ext     ReFN      ImFN     |FMp| 2|FMpZ|  sthovl   FRmod
  -4  8  4    0.4506    0.0107   0.6365   10.4596    0.0000    4.5462   8.805   0.480   0.238
  MSF / scat.vec. k / MSF perp. to k in global Cartesian system
    0.0006,  -0.0017,   4.6957    + j *    0.0000,  -0.0000,  -0.0000
   -0.6895,  -0.6777,   0.2498
    0.8095,   0.7933,   4.4027    + j *   -0.0000,  -0.0000,  -0.0000
  structure factor tensor in local Cartesian system
    4.6961,   0.0000,   0.0000    + j *   -0.0000,   0.0000,   0.0000
    0.0000,   4.6961,   0.0000    + j *    0.0000,  -0.0000,  -0.0000
    0.0000,   0.0000,   4.6961    + j *    0.0000,  -0.0000,  -0.0000
 
   h  k  l     FRexp    sFRexp FRmod_ext     ReFN      ImFN     |FMp| 2|FMpZ|  sthovl   FRmod
   6 -4  6    1.1854    0.0266   0.6261   11.4355    0.0000    2.9836   1.075   0.460   1.166
  MSF / scat.vec. k / MSF perp. to k in global Cartesian system
    1.2035,  -3.6035,  -0.1405    + j *   -0.0000,   0.0000,   0.0000
    0.9174,  -0.3516,   0.1660
   -0.9902,  -2.7627,  -0.5375    + j *    0.0000,   0.0000,   0.0000
  structure factor tensor in local Cartesian system
    0.0000,   0.0000,   5.2393    + j *   -0.0000,   0.0000,  -0.0000
    0.0000,   0.0000,   0.0000    + j *    0.0000,  -0.0000,   0.0000
    5.2393,   0.0000,   0.0000    + j *   -0.0000,   0.0000,  -0.0000
 
   h  k  l     FRexp    sFRexp FRmod_ext     ReFN      ImFN     |FMp| 2|FMpZ|  sthovl   FRmod
  -4  6  6    1.1309    0.0135   0.6126   11.4355    0.0000    2.7799   0.758   0.460   1.115
  MSF / scat.vec. k / MSF perp. to k in global Cartesian system
    1.2435,  -3.3095,  -0.1307    + j *   -0.0000,   0.0000,   0.0000
   -0.5036,  -0.8525,   0.1118
    2.3619,  -1.4162,  -0.3791    + j *   -0.0000,   0.0000,   0.0000
  structure factor tensor in local Cartesian system
    0.0000,   0.0000,   0.0000    + j *   -0.0000,   0.0000,   0.0000
    0.0000,  -0.0000,   5.2393    + j *    0.0000,  -0.0000,  -0.0000
    0.0000,   5.2393,   0.0000    + j *    0.0000,  -0.0000,  -0.0000
 
   h  k  l     FRexp    sFRexp FRmod_ext     ReFN      ImFN     |FMp| 2|FMpZ|  sthovl   FRmod
   5 -5  5    0.7398    0.0133   0.7497  -21.5880    0.0000    5.9179  11.834   0.425   0.385
  MSF / scat.vec. k / MSF perp. to k in global Cartesian system
    0.1616,  -0.0432,  -5.9158    + j *   -0.0000,   0.0000,   0.0000
    0.9601,  -0.2682,   0.0188
    0.1060,  -0.0277,  -5.9169    + j *   -0.0000,   0.0000,   0.0000
  structure factor tensor in local Cartesian system
   -2.9191,  -3.0003,   3.0003    + j *   -0.0000,   0.0000,  -0.0000
   -3.0003,  -2.9191,  -3.0003    + j *    0.0000,  -0.0000,   0.0000
    3.0003,  -3.0003,  -2.9191    + j *   -0.0000,   0.0000,  -0.0000
 
   h  k  l     FRexp    sFRexp FRmod_ext     ReFN      ImFN     |FMp| 2|FMpZ|  sthovl   FRmod
  -5  5  5    0.7156    0.0126   0.7435  -21.5880    0.0000    5.9143  11.819   0.425   0.386
  MSF / scat.vec. k / MSF perp. to k in global Cartesian system
    0.2074,   0.2935,  -5.9046    + j *   -0.0000,  -0.0000,   0.0000
   -0.5790,  -0.8107,  -0.0399
    0.1362,   0.1938,  -5.9095    + j *   -0.0000,  -0.0000,   0.0000
  structure factor tensor in local Cartesian system
   -2.9191,  -3.0003,  -3.0003    + j *   -0.0000,   0.0000,   0.0000
   -3.0003,  -2.9191,   3.0003    + j *    0.0000,  -0.0000,  -0.0000
   -3.0003,   3.0003,  -2.9191    + j *    0.0000,  -0.0000,  -0.0000
 
   h  k  l     FRexp    sFRexp FRmod_ext     ReFN      ImFN     |FMp| 2|FMpZ|  sthovl   FRmod
   7 -5  5    1.2840    0.0434   0.3393   -5.2555    0.0000    2.7373   0.933   0.488   1.276
  MSF / scat.vec. k / MSF perp. to k in global Cartesian system
   -1.2378,   2.9926,   0.1777    + j *   -0.0000,   0.0000,   0.0000
    0.9657,  -0.1904,   0.1635
    0.4668,   2.6566,   0.4663    + j *   -0.0000,   0.0000,   0.0000
  structure factor tensor in local Cartesian system
   -2.2775,   2.3408,  -2.3408    + j *    0.0000,   0.0000,  -0.0000
    2.3408,  -2.2775,  -2.3408    + j *    0.0000,   0.0000,  -0.0000
   -2.3408,  -2.3408,  -2.2775    + j *   -0.0000,  -0.0000,   0.0000
 
   h  k  l     FRexp    sFRexp FRmod_ext     ReFN      ImFN     |FMp| 2|FMpZ|  sthovl   FRmod
   5 -5  7    0.1341    0.0180   0.2885   -5.2555    0.0000    4.6153   9.213   0.488   0.075
  MSF / scat.vec. k / MSF perp. to k in global Cartesian system
    0.1618,   0.2290,  -4.6068    + j *    0.0000,   0.0000,   0.0000
    0.9020,  -0.4212,   0.0127
    0.1705,   0.2249,  -4.6067    + j *   -0.0000,   0.0000,   0.0000
  structure factor tensor in local Cartesian system
   -2.2775,  -2.3408,  -2.3408    + j *    0.0000,  -0.0000,  -0.0000
   -2.3408,  -2.2775,   2.3408    + j *   -0.0000,   0.0000,   0.0000
   -2.3408,   2.3408,  -2.2775    + j *   -0.0000,   0.0000,   0.0000
 
   h  k  l     FRexp    sFRexp FRmod_ext     ReFN      ImFN     |FMp| 2|FMpZ|  sthovl   FRmod
  -5  5  7    0.1338    0.0107   0.2708   -5.2555    0.0000    4.6148   9.219   0.488   0.074
  MSF / scat.vec. k / MSF perp. to k in global Cartesian system
    0.1261,  -0.0337,  -4.6155    + j *    0.0000,  -0.0000,   0.0000
   -0.4376,  -0.8934,  -0.0384
    0.1937,   0.1044,  -4.6096    + j *   -0.0000,  -0.0000,   0.0000
  structure factor tensor in local Cartesian system
   -2.2775,  -2.3408,   2.3408    + j *    0.0000,  -0.0000,   0.0000
   -2.3408,  -2.2775,  -2.3408    + j *   -0.0000,   0.0000,  -0.0000
    2.3408,  -2.3408,  -2.2775    + j *    0.0000,  -0.0000,   0.0000
 
   h  k  l     FRexp    sFRexp FRmod_ext     ReFN      ImFN     |FMp| 2|FMpZ|  sthovl   FRmod
  -5  7  5    1.1932    0.0176   0.3188   -5.2555    0.0000    2.8983   0.658   0.488   1.182
  MSF / scat.vec. k / MSF perp. to k in global Cartesian system
   -1.2378,   2.9926,   0.1777    + j *   -0.0000,   0.0000,   0.0000
   -0.6419,  -0.7570,   0.1021
   -2.1891,   1.8707,   0.3291    + j *   -0.0000,   0.0000,   0.0000
  structure factor tensor in local Cartesian system
   -2.2775,   2.3408,  -2.3408    + j *    0.0000,   0.0000,  -0.0000
    2.3408,  -2.2775,  -2.3408    + j *    0.0000,   0.0000,  -0.0000
   -2.3408,  -2.3408,  -2.2775    + j *   -0.0000,  -0.0000,   0.0000
 
   h  k  l     FRexp    sFRexp FRmod_ext     ReFN      ImFN     |FMp| 2|FMpZ|  sthovl   FRmod
   6 -6  6    0.1782    0.0143   0.4848    7.4812    0.0000    4.1586   8.316   0.509   0.150
  MSF / scat.vec. k / MSF perp. to k in global Cartesian system
    0.0005,  -0.0015,   4.1594    + j *   -0.0000,   0.0000,  -0.0000
    0.9601,  -0.2682,   0.0188
   -0.0745,   0.0195,   4.1579    + j *    0.0000,  -0.0000,  -0.0000
  structure factor tensor in local Cartesian system
    4.1597,   0.0000,   0.0000    + j *   -0.0000,   0.0000,  -0.0000
    0.0000,   4.1597,   0.0000    + j *    0.0000,  -0.0000,   0.0000
    0.0000,   0.0000,   4.1597    + j *   -0.0000,   0.0000,  -0.0000
 
   h  k  l     FRexp    sFRexp FRmod_ext     ReFN      ImFN     |FMp| 2|FMpZ|  sthovl   FRmod
  -6  6  6    0.1811    0.0103   0.4727    7.4812    0.0000    4.1561   8.306   0.509   0.151
  MSF / scat.vec. k / MSF perp. to k in global Cartesian system
    0.0005,  -0.0015,   4.1594    + j *   -0.0000,  -0.0000,  -0.0000
   -0.5790,  -0.8107,  -0.0399
   -0.0957,  -0.1362,   4.1528    + j *    0.0000,   0.0000,  -0.0000
  structure factor tensor in local Cartesian system
    4.1597,   0.0000,   0.0000    + j *   -0.0000,   0.0000,   0.0000
    0.0000,   4.1597,   0.0000    + j *    0.0000,  -0.0000,  -0.0000
    0.0000,   0.0000,   4.1597    + j *    0.0000,  -0.0000,  -0.0000
 
Chi2 is 182756.446:
**********************************************************************