
                    * * * C H I L S Q * * *

         Cambridge Crystallography Subroutine Library   Mark 4.40 Update:4.4.13

                    Job run on Tue Feb 17 11:44:44 2009

 Crystal data file  chi.cry opened

 Data read by PREFIN from file chi.cry
        6 cards  labelled A
        1 card   labelled C
        6 cards  labelled D
        1 card   labelled E
       13 cards  labelled F
        2 cards  labelled I
        6 cards  labelled L
        1 card   labelled N
        1 card   labelled P
        5 cards  labelled Q
        4 cards  labelled S
  TbMnO3 Pbnm

     Centrosymmetric space group with  8 operator(s)

 The group is generated by the
+                                 2 element(s) numbered:  2  3
 and the
 centre of symmetry.

 General equivalent positions are:
       0                   0                   0       +-

  1      x                   y                   z       
  2     -x                  -y                  1/2+z    
  3     1/2-x               1/2+y               1/2-z    
  4     1/2+x               1/2-y               -z       

 Symmetry constraints on lattice parameters
                                             alpha = 90
                                              beta = 90
                                             gamma = 90

 Real cell          5.3010    5.8740    7.4467   90.00   90.00   90.00
 Volume =   231.8759

 Reciprocal cell    0.1886    0.1702    0.1343   90.00   90.00   90.00
 Volume =   0.4313E-02


 Real cell quadratic products:
 A (=a  sqrd)     B            C   D (=b c cos alpha)  E          F 
     28.10060    34.50388    55.45334     0.00000     0.00000     0.00000

 Reciprocal cell quadratic products:
 A*(=a* sqrd)     B*          C*  D*(=b*c*cos alpha*)  E*         F*
      0.03559     0.02898     0.01803     0.00000     0.00000     0.00000

 Matrices for transformation of vectors to orthogonal axes
 Real space:
    5.3010    0.0000    0.0000
    0.0000    5.8740    0.0000
    0.0000    0.0000    7.4467

 Reciprocal space:
    0.1886    0.0000    0.0000
    0.0000    0.1702    0.0000
    0.0000    0.0000    0.1343


 Atoms in the unit cell are
  Mult Name       X         Y         Z        ITF      Site  Scat Fac Sub-Group
    4  Tb       0.9916    0.0804    0.2500    0.2232    1.0000   Tb   -2  0
    4  T        0.9916    0.0804    0.2500    0.2232    1.0000   T    -2  0
    4  O1       0.1053    0.4656    0.2500    0.3666    1.0000   O    -2  0
    8  O2       0.7084    0.3268    0.0518    0.4812    1.0000   O   
    4  Mn       0.5000    0.0000    0.0000    0.3157    1.0000   Mn    1  0 -1
 Group of K :   1   1   1   1
 Vectors in the star:     0.0000    0.0000    0.0000

 Constraints on susceptibility tensor for Tb

  CH23 = 0, CH31 = 0,




 No constraints on susceptibility tensor for Mn

 Magnetic structure type PARA
+                              Aligned Paramagnetic

 WARNING ** no atom card asks for factor labelled Tb3j

 WARNING ** no atom card asks for factor labelled Om

 Scattering factors read for given atomic positions:
 Name  Type          Description

 Tb      1  Neutron nuclear scattering factor value    0.7380
            applies to Tb

 T       1  Neutron nuclear scattering factor value    0.0000
            applies to T

 O       1  Neutron nuclear scattering factor value    0.5803
            applies to O1 O2

 Mn      1  Neutron nuclear scattering factor value   -0.3730
            applies to Mn

 Tb3     2 Series expansion form factor with   7 terms multiplied by    1.0000
           Coefficients are:
               0.0177   25.5095    0.2921   10.5769    0.7133    3.5122   -0.0231

 Mn3     2 Series expansion form factor with   7 terms multiplied by    1.0000
           Coefficients are:
               0.4198   14.2829    0.6054    5.4689    0.9241   -0.0088   -0.9498

 No anisotropic temperature factors given



                             Least Squares Refinement
                      Paramagnetic structure factors program

   50 cycles of refinement with first numbered   1

 Printing of obs and calc values wanted
 last cycle

 Correlations exceeding  70 per cent to be printed

 Cycles to stop if max(shift/esd) <     0.0100

 Scale factor(s) :
   1.0000      1.0000      1.0000      1.0000    
 Refine using polarised neutron Flipping Ratios

 Weights to be read with reflection data

 No L TFAC card read - assuming TFAC=0. and fixed

 Sigma read from reflection data - weight is 1/sigma squared

 Extinction type is  2 Becker and Coppens Gaussian model
  Domain radius =  100.0000  Mosaic spread =    7.0000

 Magnetic susceptibilities and form factors with respect to crystallographic axes are:
     Atom     Form        Susceptibility Tensor Components
             factor     11      22      33      23      31      12
     Tb       Tb3     0.6000  0.5000  0.0154  0.0000  0.0000  0.3000
     Mn       Mn3    -0.1312 -0.1312 -0.1312  0.0000  0.0000  0.0000

        5 basic variable(s) :

 Tb   CH11  Tb   CH22  Tb   CH33  Tb   CH12  Mn   CH11

     2 constraint(s) - relations between shifts in variables are :

 Mn   CH22 = Mn   CH11
 Mn   CH33 = Mn   CH11

 Input file  50k7t.dat opened
 Refine using polarised neutron Flipping Ratios
Wavelength      0.8400
U Matrix:       0.3828 -0.5619 -0.7333
                0.3339  0.8242 -0.4573
                0.8614 -0.0697  0.5032
Polarisation   -0.9100  0.9100 parallel to -0.7333 -0.4573  0.5032
Magnetic Field    7.00 T
 Data input as h,k,l,Gobs,Sigma,4 coeffs,(Scale)
 Measurement set number:  1   58 Observations read from 50k7t.dat Weight 1.000


 Input file  50k7a.dat opened
 Refine using polarised neutron Flipping Ratios
Wavelength      1.4000
U Matrix:       0.0155  0.0065  0.9999
               -0.8388 -0.5444  0.0165
                0.5444 -0.8389 -0.0030
Polarisation   -0.9100  0.9100 parallel to  0.9999  0.0165 -0.0030
Magnetic Field    7.00 T
 Data input as h,k,l,Gobs,Sigma,4 coeffs,(Scale)
 Measurement set number:  2  240 Observations read from 50k7a.dat Weight 0.500


 Input file  50k7c.dat opened
 Refine using polarised neutron Flipping Ratios
Wavelength      1.4000
U Matrix:       0.3505 -0.9323  0.0893
                0.9333  0.3556  0.0501
               -0.0785  0.0658  0.9947
Polarisation   -0.9100  0.9100 parallel to  0.0893  0.0501  0.9947
Magnetic Field    7.00 T
 Data input as h,k,l,Gobs,Sigma,4 coeffs,(Scale)
 Measurement set number:  3  368 Observations read from 50k7c.dat Weight 1.000


 Input file  50k1t.dat opened
 Refine using polarised neutron Flipping Ratios
Wavelength      0.8400
U Matrix:       0.3828 -0.5619 -0.7333
                0.3339  0.8242 -0.4573
                0.8614 -0.0697  0.5032
Polarisation   -0.9100  0.9100 parallel to -0.7333 -0.4573  0.5032
Magnetic Field    1.00 T
 Data input as h,k,l,Gobs,Sigma,4 coeffs,(Scale)
 Measurement set number:  4  407 Observations read from 50k1t.dat Weight 1.000


 R1=Sum diffs/Sum obs =   54.09    
 R2=Sum of diffs of squares/Sum obs squared =    115.0    
 Chi squared =    129.     Sum weighted diffs sqrd =   0.686E+04
 For    58 observations and   5 basic variables
 R3=Sum weighted diffs/Sum weighted obs =    16.02    
 R4=Sum weighted diffs of squares/Sum weighted squares obs =   31.49    

 R1=Sum diffs/Sum obs =   27.14    
 R2=Sum of diffs of squares/Sum obs squared =    48.17    
 Chi squared =    108.     Sum weighted diffs sqrd =   0.191E+05
 For   182 observations and   5 basic variables
 R3=Sum weighted diffs/Sum weighted obs =    10.12    
 R4=Sum weighted diffs of squares/Sum weighted squares obs =   21.56    

 R1=Sum diffs/Sum obs =   43.42    
 R2=Sum of diffs of squares/Sum obs squared =    152.5    
 Chi squared =   0.491E+04 Sum weighted diffs sqrd =   0.604E+06
 For   128 observations and   5 basic variables
 R3=Sum weighted diffs/Sum weighted obs =    25.21    
 R4=Sum weighted diffs of squares/Sum weighted squares obs =   58.39    

 R1=Sum diffs/Sum obs =   16.36    
 R2=Sum of diffs of squares/Sum obs squared =    35.77    
 Chi squared =    15.0     Sum weighted diffs sqrd =    511.    
 For    39 observations and   5 basic variables
 R3=Sum weighted diffs/Sum weighted obs =    3.758    
 R4=Sum weighted diffs of squares/Sum weighted squares obs =   6.486    
 Chisqrd over all  4 data sets:  1568.7
for   407 observations and    5 parameters





1Shifts in variables for cycle  1

  Tb     CH11     CH22     CH33     CH12
   NEW   0.6332    0.424   0.0287   0.3328
   ESD   0.0038    0.025   0.0011   0.0097
 SHIFT   0.0332   -0.076   0.0133   0.0328
   OLD   0.6000    0.500   0.0154   0.3000
 SH/SD  8.70480  3.01530 12.54970  3.39657

  Mn     CH11     CH22     CH33
   NEW -0.05708 -0.05708 -0.05708
   ESD  0.00042  0.00042  0.00042
 SHIFT  0.07412  0.07412  0.07412
   OLD -0.13120 -0.13120 -0.13120
 SH/SD178.29378178.29378178.29378


 Average SHIFT/ESD for cycle   1 =    80.364    
 Maximum SHIFT/ESD =     178.29    

 R1=Sum diffs/Sum obs =   42.87    
 R2=Sum of diffs of squares/Sum obs squared =    67.65    
 Chi squared =    24.6     Sum weighted diffs sqrd =   0.130E+04
 For    58 observations and   5 basic variables
 R3=Sum weighted diffs/Sum weighted obs =    10.40    
 R4=Sum weighted diffs of squares/Sum weighted squares obs =   15.84    

 R1=Sum diffs/Sum obs =   24.01    
 R2=Sum of diffs of squares/Sum obs squared =    48.13    
 Chi squared =    32.1     Sum weighted diffs sqrd =   0.568E+04
 For   182 observations and   5 basic variables
 R3=Sum weighted diffs/Sum weighted obs =    5.121    
 R4=Sum weighted diffs of squares/Sum weighted squares obs =   11.06    

 R1=Sum diffs/Sum obs =   26.43    
 R2=Sum of diffs of squares/Sum obs squared =    59.92    
 Chi squared =   0.120E+04 Sum weighted diffs sqrd =   0.147E+06
 For   128 observations and   5 basic variables
 R3=Sum weighted diffs/Sum weighted obs =    14.80    
 R4=Sum weighted diffs of squares/Sum weighted squares obs =   27.83    

 R1=Sum diffs/Sum obs =   12.41    
 R2=Sum of diffs of squares/Sum obs squared =    23.92    
 Chi squared =    6.24     Sum weighted diffs sqrd =    212.    
 For    39 observations and   5 basic variables
 R3=Sum weighted diffs/Sum weighted obs =    2.075    
 R4=Sum weighted diffs of squares/Sum weighted squares obs =   3.650    
 Chisqrd over all  4 data sets:   384.3
for   407 observations and    5 parameters





1Shifts in variables for cycle  2

  Tb     CH11     CH22     CH33     CH12
   NEW   0.6620    0.479  0.02511   0.3404
   ESD   0.0030    0.019  0.00074   0.0067
 SHIFT   0.0288    0.055 -0.00359   0.0075
   OLD   0.6332    0.424  0.02869   0.3328
 SH/SD  9.51542  2.86239  4.83379  1.12434

  Mn     CH11     CH22     CH33
   NEW  0.02140  0.02140  0.02140
   ESD  0.00058  0.00058  0.00058
 SHIFT  0.07848  0.07848  0.07848
   OLD -0.05708 -0.05708 -0.05708
 SH/SD134.56468134.56468134.56468


 Average SHIFT/ESD for cycle   2 =    60.290    
 Maximum SHIFT/ESD =     134.56    

 R1=Sum diffs/Sum obs =   50.35    
 R2=Sum of diffs of squares/Sum obs squared =    105.3    
 Chi squared =    20.3     Sum weighted diffs sqrd =   0.108E+04
 For    58 observations and   5 basic variables
 R3=Sum weighted diffs/Sum weighted obs =    7.366    
 R4=Sum weighted diffs of squares/Sum weighted squares obs =   15.64    

 R1=Sum diffs/Sum obs =   27.32    
 R2=Sum of diffs of squares/Sum obs squared =    61.42    
 Chi squared =    39.3     Sum weighted diffs sqrd =   0.695E+04
 For   182 observations and   5 basic variables
 R3=Sum weighted diffs/Sum weighted obs =    5.423    
 R4=Sum weighted diffs of squares/Sum weighted squares obs =   11.60    

 R1=Sum diffs/Sum obs =   15.66    
 R2=Sum of diffs of squares/Sum obs squared =    39.00    
 Chi squared =    90.3     Sum weighted diffs sqrd =   0.111E+05
 For   128 observations and   5 basic variables
 R3=Sum weighted diffs/Sum weighted obs =    4.353    
 R4=Sum weighted diffs of squares/Sum weighted squares obs =   8.785    

 R1=Sum diffs/Sum obs =   14.73    
 R2=Sum of diffs of squares/Sum obs squared =    37.20    
 Chi squared =    4.36     Sum weighted diffs sqrd =    148.    
 For    39 observations and   5 basic variables
 R3=Sum weighted diffs/Sum weighted obs =    1.799    
 R4=Sum weighted diffs of squares/Sum weighted squares obs =   3.586    
 Chisqrd over all  4 data sets:    48.0
for   407 observations and    5 parameters





1Shifts in variables for cycle  3

  Tb     CH11     CH22     CH33     CH12
   NEW   0.6777    0.499  0.04030   0.3450
   ESD   0.0028    0.016  0.00053   0.0055
 SHIFT   0.0157    0.020  0.01520   0.0046
   OLD   0.6620    0.479  0.02511   0.3404
 SH/SD  5.67392  1.22112 28.85901  0.84778

  Mn     CH11     CH22     CH33
   NEW  0.04288  0.04288  0.04288
   ESD  0.00051  0.00051  0.00051
 SHIFT  0.02148  0.02148  0.02148
   OLD  0.02140  0.02140  0.02140
 SH/SD 42.33424 42.33424 42.33424


 Average SHIFT/ESD for cycle   3 =    23.372    
 Maximum SHIFT/ESD =     42.334    

 R1=Sum diffs/Sum obs =   40.55    
 R2=Sum of diffs of squares/Sum obs squared =    62.58    
 Chi squared =    29.2     Sum weighted diffs sqrd =   0.155E+04
 For    58 observations and   5 basic variables
 R3=Sum weighted diffs/Sum weighted obs =    8.434    
 R4=Sum weighted diffs of squares/Sum weighted squares obs =   19.20    

 R1=Sum diffs/Sum obs =   26.67    
 R2=Sum of diffs of squares/Sum obs squared =    63.01    
 Chi squared =    39.0     Sum weighted diffs sqrd =   0.690E+04
 For   182 observations and   5 basic variables
 R3=Sum weighted diffs/Sum weighted obs =    6.089    
 R4=Sum weighted diffs of squares/Sum weighted squares obs =   12.19    

 R1=Sum diffs/Sum obs =   16.29    
 R2=Sum of diffs of squares/Sum obs squared =    65.81    
 Chi squared =    16.0     Sum weighted diffs sqrd =   0.197E+04
 For   128 observations and   5 basic variables
 R3=Sum weighted diffs/Sum weighted obs =    1.982    
 R4=Sum weighted diffs of squares/Sum weighted squares obs =   3.895    

 R1=Sum diffs/Sum obs =   16.99    
 R2=Sum of diffs of squares/Sum obs squared =    49.48    
 Chi squared =    5.07     Sum weighted diffs sqrd =    172.    
 For    39 observations and   5 basic variables
 R3=Sum weighted diffs/Sum weighted obs =    1.983    
 R4=Sum weighted diffs of squares/Sum weighted squares obs =   4.019    
 Chisqrd over all  4 data sets:    26.4
for   407 observations and    5 parameters





1Shifts in variables for cycle  4

  Tb     CH11     CH22     CH33     CH12
   NEW   0.6803    0.508  0.04010   0.3433
   ESD   0.0031    0.018  0.00051   0.0062
 SHIFT   0.0026    0.010 -0.00020  -0.0017
   OLD   0.6777    0.499  0.04030   0.3450
 SH/SD  0.83340  0.52506  0.38926  0.27093

  Mn     CH11     CH22     CH33
   NEW  0.04269  0.04269  0.04269
   ESD  0.00051  0.00051  0.00051
 SHIFT -0.00018 -0.00018 -0.00018
   OLD  0.04288  0.04288  0.04288
 SH/SD  0.35963  0.35963  0.35963


 Average SHIFT/ESD for cycle   4 =   0.44250    
 Maximum SHIFT/ESD =    0.83340    

 R1=Sum diffs/Sum obs =   40.55    
 R2=Sum of diffs of squares/Sum obs squared =    62.43    
 Chi squared =    28.8     Sum weighted diffs sqrd =   0.152E+04
 For    58 observations and   5 basic variables
 R3=Sum weighted diffs/Sum weighted obs =    8.479    
 R4=Sum weighted diffs of squares/Sum weighted squares obs =   18.87    

 R1=Sum diffs/Sum obs =   26.79    
 R2=Sum of diffs of squares/Sum obs squared =    63.66    
 Chi squared =    39.0     Sum weighted diffs sqrd =   0.691E+04
 For   182 observations and   5 basic variables
 R3=Sum weighted diffs/Sum weighted obs =    6.081    
 R4=Sum weighted diffs of squares/Sum weighted squares obs =   12.16    

 R1=Sum diffs/Sum obs =   16.21    
 R2=Sum of diffs of squares/Sum obs squared =    64.69    
 Chi squared =    16.1     Sum weighted diffs sqrd =   0.198E+04
 For   128 observations and   5 basic variables
 R3=Sum weighted diffs/Sum weighted obs =    1.985    
 R4=Sum weighted diffs of squares/Sum weighted squares obs =   3.907    

 R1=Sum diffs/Sum obs =   17.11    
 R2=Sum of diffs of squares/Sum obs squared =    49.94    
 Chi squared =    5.24     Sum weighted diffs sqrd =    178.    
 For    39 observations and   5 basic variables
 R3=Sum weighted diffs/Sum weighted obs =    2.027    
 R4=Sum weighted diffs of squares/Sum weighted squares obs =   4.076    
 Chisqrd over all  4 data sets:    26.3
for   407 observations and    5 parameters





1Shifts in variables for cycle  5

  Tb     CH11     CH22     CH33     CH12
   NEW   0.6806    0.506  0.04011   0.3433
   ESD   0.0032    0.019  0.00052   0.0063
 SHIFT   0.0004   -0.002  0.00001   0.0000
   OLD   0.6803    0.508  0.04010   0.3433
 SH/SD  0.11797  0.10625  0.01641  0.00544

  Mn     CH11     CH22     CH33
   NEW  0.04271  0.04271  0.04271
   ESD  0.00052  0.00052  0.00052
 SHIFT  0.00001  0.00001  0.00001
   OLD  0.04269  0.04269  0.04269
 SH/SD  0.02820  0.02820  0.02820


 Average SHIFT/ESD for cycle   5 =   0.47239E-01
 Maximum SHIFT/ESD =    0.11797    

 R1=Sum diffs/Sum obs =   40.54    
 R2=Sum of diffs of squares/Sum obs squared =    62.40    
 Chi squared =    28.8     Sum weighted diffs sqrd =   0.152E+04
 For    58 observations and   5 basic variables
 R3=Sum weighted diffs/Sum weighted obs =    8.481    
 R4=Sum weighted diffs of squares/Sum weighted squares obs =   18.89    

 R1=Sum diffs/Sum obs =   26.81    
 R2=Sum of diffs of squares/Sum obs squared =    63.75    
 Chi squared =    39.0     Sum weighted diffs sqrd =   0.691E+04
 For   182 observations and   5 basic variables
 R3=Sum weighted diffs/Sum weighted obs =    6.080    
 R4=Sum weighted diffs of squares/Sum weighted squares obs =   12.16    

 R1=Sum diffs/Sum obs =   16.22    
 R2=Sum of diffs of squares/Sum obs squared =    64.82    
 Chi squared =    16.1     Sum weighted diffs sqrd =   0.197E+04
 For   128 observations and   5 basic variables
 R3=Sum weighted diffs/Sum weighted obs =    1.982    
 R4=Sum weighted diffs of squares/Sum weighted squares obs =   3.901    

 R1=Sum diffs/Sum obs =   17.10    
 R2=Sum of diffs of squares/Sum obs squared =    49.95    
 Chi squared =    5.22     Sum weighted diffs sqrd =    177.    
 For    39 observations and   5 basic variables
 R3=Sum weighted diffs/Sum weighted obs =    2.021    
 R4=Sum weighted diffs of squares/Sum weighted squares obs =   4.067    
 Chisqrd over all  4 data sets:    26.3
for   407 observations and    5 parameters





1Shifts in variables for cycle  6

  Tb     CH11     CH22     CH33     CH12
   NEW   0.6807    0.507  0.04011   0.3433
   ESD   0.0032    0.019  0.00052   0.0063
 SHIFT   0.0000    0.000  0.00000   0.0000
   OLD   0.6806    0.506  0.04011   0.3433
 SH/SD  0.01039  0.01495  0.00139  0.00106

  Mn     CH11     CH22     CH33
   NEW  0.04271  0.04271  0.04271
   ESD  0.00052  0.00052  0.00052
 SHIFT  0.00000  0.00000  0.00000
   OLD  0.04271  0.04271  0.04271
 SH/SD  0.00311  0.00311  0.00311


 Average SHIFT/ESD for cycle   6 =   0.53007E-02
 Maximum SHIFT/ESD =    0.14951E-01

 R1=Sum diffs/Sum obs =   40.54    
 R2=Sum of diffs of squares/Sum obs squared =    62.40    
 Chi squared =    28.8     Sum weighted diffs sqrd =   0.152E+04
 For    58 observations and   5 basic variables
 R3=Sum weighted diffs/Sum weighted obs =    8.482    
 R4=Sum weighted diffs of squares/Sum weighted squares obs =   18.89    

 R1=Sum diffs/Sum obs =   26.81    
 R2=Sum of diffs of squares/Sum obs squared =    63.76    
 Chi squared =    39.0     Sum weighted diffs sqrd =   0.691E+04
 For   182 observations and   5 basic variables
 R3=Sum weighted diffs/Sum weighted obs =    6.080    
 R4=Sum weighted diffs of squares/Sum weighted squares obs =   12.16    

 R1=Sum diffs/Sum obs =   16.21    
 R2=Sum of diffs of squares/Sum obs squared =    64.80    
 Chi squared =    16.1     Sum weighted diffs sqrd =   0.197E+04
 For   128 observations and   5 basic variables
 R3=Sum weighted diffs/Sum weighted obs =    1.982    
 R4=Sum weighted diffs of squares/Sum weighted squares obs =   3.901    

 R1=Sum diffs/Sum obs =   17.11    
 R2=Sum of diffs of squares/Sum obs squared =    49.96    
 Chi squared =    5.22     Sum weighted diffs sqrd =    178.    
 For    39 observations and   5 basic variables
 R3=Sum weighted diffs/Sum weighted obs =    2.023    
 R4=Sum weighted diffs of squares/Sum weighted squares obs =   4.069    
 Chisqrd over all  4 data sets:    26.3
for   407 observations and    5 parameters





1Shifts in variables for cycle  7

  Tb     CH11     CH22     CH33     CH12
   NEW   0.6807    0.507  0.04011   0.3433
   ESD   0.0032    0.019  0.00052   0.0063
 SHIFT   0.0000    0.000  0.00000   0.0000
   OLD   0.6807    0.507  0.04011   0.3433
 SH/SD  0.00193  0.00268  0.00045  0.00025

  Mn     CH11     CH22     CH33
   NEW  0.04271  0.04271  0.04271
   ESD  0.00052  0.00052  0.00052
 SHIFT  0.00000  0.00000  0.00000
   OLD  0.04271  0.04271  0.04271
 SH/SD  0.00038  0.00038  0.00038


 Average SHIFT/ESD for cycle   7 =   0.92400E-03
 Maximum SHIFT/ESD =    0.26817E-02


 Structure factor listing :
     h    k    l     G(obs)   G(calc)     Diff   F(nucl)    F(mag)    mod Fc    Scale    Weight
     1   -1    0     0.159     0.158     0.001    2.8288    2.7532    3.9474    1.0000  0.3858E+06
     0   -2    0     2.072     1.889     0.183    0.4370    1.8838    1.9339    1.0000   187.7    
     1   -2    0     0.560     0.494     0.066    2.9018    0.6864    2.9818    1.0000  0.2993E+05
     1   -3    0     1.484     0.727     0.757    0.9491    0.0946    0.9538    1.0000   62.72    
     2   -3    0     2.330     2.203     0.127    0.7350    0.1819    0.7572    1.0000  0.1483E-01
     0   -4    0     1.947     0.497     1.450    2.7904    0.7911    2.9004    1.0000  0.2647E-01
     1   -4    0     0.764     0.772    -0.008    5.1250    0.4693    5.1464    1.0000  0.1394E+05
     2   -4    0     0.227     0.135     0.092    0.9849    0.8181    1.2804    1.0000   83.48    
     1    0    1     0.449     0.081     0.368    0.1610    0.1416    0.2144    1.0000   17.15    
     1   -1    1     0.076     0.094    -0.018    1.4732    1.7652    2.2992    1.0000  0.9183E+05
     0    2    1     0.674     0.701    -0.027    0.3203    2.6825    2.7015    1.0000   1012.    
     0   -2    1     0.470     0.748    -0.278    0.3203    2.6493    2.6686    1.0000   1.522    
     0   -2   -1     0.675     0.701    -0.026    0.3203    2.6825    2.7015    1.0000  0.1330E+05
     1   -2    1     5.809     4.849     0.961    1.9915    1.4077    2.4388    1.0000   8.107    
     1   -2   -1     7.975     8.803    -0.828    1.9915    1.4088    2.4395    1.0000   7.250    
     2   -2    1     0.123     0.136    -0.013    3.2380    2.2951    3.9689    1.0000   6171.    
     1   -3    1     0.149     0.178    -0.029    4.0113    2.6762    4.8221    1.0000  0.2576E+05
     1   -3   -1     0.181     0.165     0.016    4.0113    2.6800    4.8242    1.0000  0.1149E+06
     2   -3    1     0.058     0.152    -0.094    1.0450    1.1888    1.5828    1.0000   102.5    
     2   -3   -1     0.627     0.106     0.521    1.0450    1.1889    1.5828    1.0000  0.4865    
     0   -4   -1     0.161     0.170    -0.009    2.2101    1.8021    2.8517    1.0000  0.1045E+05
     1   -4    1     2.910     3.280    -0.371    1.4239    0.7131    1.5925    1.0000   1.407    
     1   -4   -1     3.287     4.905    -1.618    1.4239    0.7124    1.5922    1.0000   3.159    
     2   -4    1     0.413     0.156     0.256    1.0291    1.6158    1.9157    1.0000   3.112    
     2   -4   -1     0.142     0.164    -0.021    1.0291    1.6140    1.9142    1.0000   639.3    
     0    0    2     0.136     0.147    -0.012    3.0673    3.4986    4.6528    1.0000  0.4504E+06
     1   -1    2     6.204     3.372     2.832    1.1179    3.0750    3.2719    1.0000   11.69    
     1    1    2     4.292     4.332    -0.041    1.1179    2.5660    2.7989    1.0000   2.901    
     0    2    2     0.539     0.595    -0.056    7.1507    1.4193    7.2902    1.0000   5872.    
     0   -2   -2     0.540     0.595    -0.055    7.1507    1.4193    7.2902    1.0000  0.1722E+06
     1   -2    2     1.320     1.522    -0.202    3.5728    0.6703    3.6351    1.0000   202.6    
     2   -2    2     0.246     0.145     0.100    1.7378    1.0506    2.0307    1.0000  0.2658    
     1   -3    2     1.131     1.503    -0.372    1.7937    0.2198    1.8071    1.0000   95.18    
     1   -3   -2     1.017     1.529    -0.511    1.7937    0.2178    1.8069    1.0000   597.5    
     2   -3    2     1.911     1.619     0.292    1.2094    0.1702    1.2214    1.0000  0.3407    
     0   -4   -2     2.158     2.673    -0.515    2.8434    0.9155    2.9871    1.0000   187.0    
     1   -4   -2     2.024     2.186    -0.162    1.9523    0.4472    2.0029    1.0000   18.58    
     1    0    3     1.212     1.111     0.102    4.8727    0.1554    4.8752    1.0000   3066.    
     1   -1    3     0.152     0.160    -0.007    2.6480    1.4994    3.0431    1.0000   3727.    
     1    1    3     0.274     0.199     0.075    2.6480    1.2293    2.9194    1.0000   1095.    
     2   -1    3     0.214     0.206     0.008    1.5446    0.8771    1.7763    1.0000   176.3    
     0    2    3     0.234     0.210     0.024    4.5714    2.3154    5.1243    1.0000  0.6747E+05
     0   -2    3     1.948     0.349     1.599    4.5714    2.2777    5.1074    1.0000  0.1020    
     0   -2   -3     0.259     0.210     0.049    4.5714    2.3154    5.1243    1.0000  0.5696E+05
     1   -2    3     0.344     0.253     0.091    0.8584    1.2235    1.4946    1.0000   196.4    
     2   -2    3     0.891     2.021    -1.130    0.4066    1.9683    2.0099    1.0000  0.2735    
     3   -2    3     2.731     2.488     0.243    3.0289    0.9937    3.1877    1.0000  0.5168E-01
     1   -3    3     0.187     0.211    -0.024    3.8143    2.2377    4.4222    1.0000   8087.    
     0    4    3     0.611     6.265    -5.654    2.4352    1.5634    2.8939    1.0000   2.632    
     0   -4   -3     6.548     6.265     0.283    2.4352    1.5634    2.8939    1.0000   1.914    
     2    0    4     1.454     0.197     1.257    0.9531    2.1453    2.3475    1.0000  0.8665E-01
     1    1    4     0.492     0.068     0.424    2.3907    1.9542    3.0877    1.0000   6.498    
     2    1    4     4.916     7.706    -2.791    0.8323    0.9819    1.2872    1.0000  0.3584E-02
     1    3    4     0.394     3.053    -2.658    0.0949    0.0390    0.1026    1.0000  0.5045    
     1    0    5     2.104     0.881     1.224    3.0119    0.1126    3.0140    1.0000  0.9236E-01
     1   -1    5     0.592     0.115     0.477    0.7639    1.0549    1.3024    1.0000   1.274    
     2    1    5     0.132     1.263    -1.130    3.3361    0.3270    3.3521    1.0000   1.297    
     1    2    5     1.329     0.522     0.807    3.5145    0.7092    3.5854    1.0000  0.2669    

 R1=Sum diffs/Sum obs =   40.54    
 R2=Sum of diffs of squares/Sum obs squared =    62.40    
 Chi squared =    28.8     Sum weighted diffs sqrd =   0.152E+04
 For    58 observations and   5 basic variables
 R3=Sum weighted diffs/Sum weighted obs =    8.482    
 R4=Sum weighted diffs of squares/Sum weighted squares obs =   18.89    
     h    k    l     G(obs)   G(calc)     Diff   F(nucl)    F(mag)    mod Fc    Scale    Weight
     1    1    0     0.262     0.281    -0.019    2.8288    2.4690    3.7548    1.0000  0.3858E+05
     2    1    0     0.509     0.515    -0.006    2.3345    1.5130    2.7819    1.0000   8889.    
     0    2    0     2.134     1.830     0.304    0.4370    2.5553    2.5924    1.0000   1329.    
     1    2    0     0.757     0.687     0.069    2.9018    0.3592    2.9239    1.0000   8657.    
     2    2    0     0.495     0.394     0.101    2.8014    1.2524    3.0686    1.0000  0.9452E+05
     1    3    0     2.208     0.966     1.242    0.9491    0.0097    0.9492    1.0000   233.2    
     2    3    0     2.339     2.168     0.171    0.7350    0.2018    0.7622    1.0000   11.47    
     0    4    0     0.213     0.247    -0.034    2.7904    1.0782    2.9915    1.0000  0.2469E+05
     1    4    0     0.811     0.844    -0.033    5.1250    0.2667    5.1319    1.0000  0.6378E+05
     2    4    0     0.150     0.124     0.026    0.9849    0.8484    1.2999    1.0000   1651.    
     1    5    0     0.145     0.124     0.020    0.9770    1.6305    1.9008    1.0000   3716.    
     2    5    0     0.414     2.456    -2.042    0.1030    0.3754    0.3893    1.0000   73.82    
     0    6    0     3.028     2.887     0.141    0.4033    1.3905    1.4478    1.0000   13.24    
     1    6    0     0.582     0.236     0.347    0.3050    0.1230    0.3289    1.0000   16.59    
     2    6    0     0.614     0.624    -0.011    7.3351    1.1159    7.4194    1.0000  0.2583E+05
     1    7    0     0.088     0.063     0.025    1.0376    0.8676    1.3525    1.0000   882.7    
     2    7    0     1.092     1.070     0.022    3.9211    0.0785    3.9218    1.0000   1178.    
     0    8    0     0.827     0.809     0.019    6.0450    0.3724    6.0565    1.0000   2346.    
     1    8    0     0.959     0.995    -0.036    1.2836    0.0018    1.2836    1.0000   25.51    
     1    0    1     0.510     0.309     0.201    0.1610    0.1457    0.2171    1.0000   41.62    
     1    1    1     0.201     0.203    -0.002    1.4732    1.6978    2.2478    1.0000  0.5203E+05
     2    1    1     0.629     0.639    -0.010    2.7663    1.0057    2.9435    1.0000  0.1134E+06
     0    2    1     0.712     0.736    -0.024    0.3203    3.5813    3.5956    1.0000  0.1250E+06
     1    2    1     3.503     3.025     0.478    1.9915    1.0234    2.2391    1.0000   110.1    
     2    2    1     0.285     0.289    -0.004    3.2380    2.0893    3.8535    1.0000  0.3472E+06
     1    3    1     0.108     0.103     0.005    4.0113    3.1113    5.0765    1.0000  0.4132E+06
     2    3    1     0.237     0.209     0.028    1.0450    0.8941    1.3753    1.0000  0.1050E+05
     0    4    1     0.055     0.050     0.005    2.2101    2.4370    3.2899    1.0000  0.2959E+06
     1    4    1     1.606     1.709    -0.103    1.4239    0.3213    1.4597    1.0000   445.5    
     2    4    1     0.189     0.186     0.003    1.0291    1.7658    2.0438    1.0000  0.1389E+05
     1    5    1     0.342     0.333     0.008    3.3979    1.0746    3.5638    1.0000  0.2363E+05
     2    5    1     1.089     0.860     0.229    1.1780    0.0950    1.1819    1.0000   97.80    
     0    6    1     1.472     1.325     0.148    2.0323    0.1582    2.0385    1.0000   207.4    
     1    6    1     1.831     1.331     0.500    0.7228    0.0588    0.7251    1.0000   2.768    
     1    9    1     0.101     0.337    -0.236    1.0703    0.3210    1.1174    1.0000   51.22    
     0    0    2     0.102     0.087     0.015    3.0673    4.3440    5.3178    1.0000  0.2551E+06
     2    0    2     0.630     0.661    -0.031    8.0459    2.0698    8.3079    1.0000   9645.    
     1    1    2     3.420     2.630     0.789    1.1179    3.3448    3.5267    1.0000   193.8    
     2    1    2     1.452     1.471    -0.019    1.2623    1.4500    1.9225    1.0000   216.1    
     0    2    2     0.375     0.449    -0.074    7.1507    1.8773    7.3930    1.0000   6038.    
     1    2    2     1.084     1.125    -0.041    3.5728    0.6393    3.6295    1.0000   9919.    
     2    2    2     0.240     0.243    -0.003    1.7378    1.1030    2.0583    1.0000  0.1081E+05
     1    3    2     1.169     1.709    -0.540    1.7937    0.2844    1.8161    1.0000   1415.    
     2    3    2     2.311     1.653     0.658    1.2094    0.2065    1.2269    1.0000   23.59    
     0    4    2     3.219     4.665    -1.446    2.8434    1.2065    3.0888    1.0000   10.87    
     1    4    2     1.754     1.488     0.266    1.9523    0.2989    1.9751    1.0000   62.00    
     2    4    2     0.344     0.198     0.147    0.5055    0.9354    1.0632    1.0000   488.3    
     1    5    2     0.385     0.396    -0.010    5.0660    1.3852    5.2519    1.0000  0.5556E+05
     2    5    2     1.578     1.443     0.135    2.8788    0.3810    2.9039    1.0000   739.6    
     0    6    2     0.302     0.290     0.012    3.9556    1.3646    4.1844    1.0000  0.2704E+05
     1    6    2     0.806     0.831    -0.025    2.0045    0.1952    2.0140    1.0000   929.0    
     2    6    2    11.211    10.128     1.083    1.4394    1.0942    1.8081    1.0000  0.1117    
     1    7    2     0.471     0.519    -0.048    4.1038    0.7693    4.1752    1.0000  0.1050E+05
     2    7    2     2.631     1.489     1.142    0.5718    0.1039    0.5812    1.0000  0.2466E-01
     1    8    2     1.042     1.003     0.038    2.9270    0.0332    2.9272    1.0000   219.8    
     1    0    3     1.264     1.122     0.142    4.8727    0.1858    4.8762    1.0000   1905.    
     1    1    3     0.180     0.148     0.032    2.6480    1.6633    3.1271    1.0000  0.5556E+05
     2    1    3     0.481     0.570    -0.089    1.5446    0.8337    1.7552    1.0000  0.2974E+05
     0    2    3     0.115     0.102     0.013    4.5714    2.9509    5.4411    1.0000  0.4325E+05
     1    2    3     0.534     0.595    -0.061    0.8584    1.1463    1.4321    1.0000  0.1148E+05
     2    2    3     1.646     1.786    -0.140    0.4066    2.0142    2.0548    1.0000   1978.    
     1    3    3     0.113     0.106     0.007    3.8143    2.6565    4.6482    1.0000  0.8681E+05
     2    3    3     0.679     0.681    -0.002    3.4988    0.8975    3.6120    1.0000   4058.    
     0    4    3    15.007    18.334    -3.327    2.4352    2.0576    3.1881    1.0000  0.3132    
     1    4    3     0.846     0.700     0.146    0.2729    0.5243    0.5910    1.0000   38.01    
     2    4    3     0.395     0.385     0.010    4.9729    1.5490    5.2086    1.0000  0.6859E+05
     1    5    3     0.245     0.263    -0.017    2.4412    0.9228    2.6097    1.0000   9919.    
     2    5    3     0.749     1.130    -0.381    0.4023    0.1835    0.4422    1.0000   32.00    
     0    6    3    -0.129     1.748    -1.877    0.8858    0.1358    0.8961    1.0000   36.40    
     1    6    3     0.940     0.951    -0.012    3.5938    0.0568    3.5943    1.0000   3305.    
     1    8    3     1.510     1.060     0.451    2.2781    0.0664    2.2790    1.0000   4.267    
     1    9    3     0.311     0.509    -0.198    1.4332    0.2687    1.4582    1.0000   138.0    
     0    0    4     0.108     0.075     0.032    4.9017    3.6107    6.0880    1.0000  0.2222E+06
     2    0    4     0.316     0.335    -0.019    0.9531    2.4474    2.6264    1.0000   4450.    
     1    1    4     0.079     0.076     0.003    2.3907    2.4768    3.4424    1.0000  0.2222E+06
     2    1    4     0.972     0.944     0.028    0.8323    1.1658    1.4324    1.0000   1882.    
     0    2    4     0.070     0.054     0.016    1.4513    1.7170    2.2481    1.0000  0.1183E+05
     1    2    4     0.921     1.050    -0.129    0.2294    0.6453    0.6849    1.0000   243.7    
     2    2    4     0.151     0.126     0.024    1.1485    1.1996    1.6608    1.0000  0.1148E+05
     1    3    4     0.995     2.235    -1.241    0.0949    0.0531    0.1088    1.0000   37.22    
     2    3    4     2.765     1.898     0.867    0.9058    0.1863    0.9247    1.0000   3.391    
     0    4    4     0.157     0.168    -0.011    1.6259    0.7879    1.8068    1.0000   3986.    
     1    4    4     0.766     0.789    -0.022    2.1606    0.2981    2.1811    1.0000   2870.    
     2    4    4     0.306     0.338    -0.032    1.9220    0.6424    2.0265    1.0000   5907.    
     1    5    4     0.072     0.070     0.002    1.4910    1.1901    1.9077    1.0000   3149.    
     0    6    4     0.101     0.220    -0.118    2.4869    1.0313    2.6922    1.0000   3653.    
     2    6    4     0.529     0.556    -0.026    4.7508    0.8401    4.8245    1.0000  0.1260E+05
     1    7    4     0.049     0.147    -0.098    1.2011    0.6376    1.3599    1.0000   377.4    
     2    7    4     1.040     1.061    -0.021    2.4835    0.1248    2.4867    1.0000   420.1    
     0    8    4     0.739     0.780    -0.040    3.9093    0.2734    3.9189    1.0000   45.96    
     2    8    4     0.499     0.718    -0.219    2.3171    0.2207    2.3276    1.0000   97.80    
     1    0    5     0.778     0.856    -0.077    3.0119    0.1371    3.0150    1.0000  0.1183E+05
     1    1    5     0.130     0.118     0.012    0.7639    1.2139    1.4343    1.0000   751.2    
     2    1    5     0.753     0.809    -0.057    3.3361    0.5895    3.3878    1.0000  0.2583E+05
     0    2    5    17.593    21.214    -3.621    2.0617    2.0714    2.9225    1.0000   1.172    
     1    2    5     1.252     1.140     0.112    3.5145    0.9058    3.6294    1.0000   6920.    
     2    2    5     0.410     0.401     0.010    5.1994    1.5713    5.4316    1.0000  0.8681E+05
     1    3    5     0.195     0.188     0.007    3.9890    1.9343    4.4332    1.0000  0.1033E+06
     2    3    5     1.306     1.469    -0.164    0.3952    0.7371    0.8363    1.0000   93.57    
     0    4    5     0.342     0.333     0.008    4.7894    1.4923    5.0165    1.0000  0.5556E+05
     1    4    5     1.047     1.067    -0.020    2.3216    0.5107    2.3771    1.0000   1238.    
     2    4    5     3.228    11.668    -8.440    1.2102    1.1730    1.6853    1.0000   30.47    
     1    5    5     0.539     0.534     0.005    3.8124    0.6834    3.8732    1.0000   9383.    
     2    5    5     1.153     1.024     0.129    2.0156    0.1950    2.0251    1.0000   267.9    
     0    6    5     1.356     1.150     0.206    2.5830    0.1003    2.5849    1.0000   220.7    
     1    6    5     1.119     1.046     0.074    3.1354    0.0478    3.1358    1.0000   1102.    
     2    6    5     0.799     0.670     0.129    0.6276    0.0759    0.6322    1.0000   5.734    
     0    8    5     0.854     0.852     0.002    6.2035    0.2881    6.2102    1.0000   3005.    
     1    8    5     0.963     0.965    -0.002    2.4436    0.0662    2.4445    1.0000   517.0    
     0    0    6     0.408     0.426    -0.017    8.0477    2.1383    8.3269    1.0000  0.2222E+06
     2    0    6     0.211     0.219    -0.008    3.3799    1.6468    3.7597    1.0000  0.6378E+05
     1    1    6     2.055     2.231    -0.176    0.4169    1.8342    1.8809    1.0000   41.32    
     2    1    6     1.237     1.091     0.146    0.9940    0.7899    1.2696    1.0000   206.6    
     0    2    6     0.389     0.422    -0.033    3.9791    0.9687    4.0953    1.0000  0.3858E+05
     1    2    6     1.453     1.238     0.215    0.5639    0.4665    0.7319    1.0000   11.59    
     2    2    6     0.537     0.556    -0.019    4.1121    0.7533    4.1806    1.0000  0.2583E+05
     1    3    6     1.126     1.172    -0.046    2.9618    0.1388    2.9650    1.0000   1978.    
     2    3    6     3.445     1.696     1.749    0.8470    0.1372    0.8580    1.0000  0.5941    
     0    4    6     4.011     9.931    -5.921    0.9915    0.6188    1.1687    1.0000   2.528    
     1    4    6     0.812     0.886    -0.074    2.4669    0.2320    2.4778    1.0000   2314.    
     2    4    6     3.090     5.839    -2.749    0.9467    0.5068    1.0738    1.0000   3.795    
     1    5    6     0.483     0.517    -0.033    4.0659    0.7670    4.1376    1.0000  0.1389E+05
     2    5    6     1.911     1.470     0.441    1.0256    0.2759    1.0621    1.0000   3.617    
     2    6    6     0.322     0.418    -0.095    2.3754    0.6004    2.4501    1.0000   1400.    
     1    7    6     0.605     0.669    -0.064    3.6922    0.4195    3.7159    1.0000   3591.    
     2    7    6     1.007     1.027    -0.020    2.5810    0.1088    2.5833    1.0000   445.5    
     1    0    7     1.160     1.072     0.087    4.2174    0.0856    4.2183    1.0000   6038.    
     1    1    7     0.370     0.332     0.038    2.4330    0.7577    2.5483    1.0000   9919.    
     2    1    7     0.626     0.756    -0.130    1.5325    0.3662    1.5756    1.0000   1461.    
     0    2    7     0.335     0.324     0.011    4.0528    1.2797    4.2501    1.0000  0.3858E+05
     1    2    7     0.656     0.834    -0.178    0.6149    0.5869    0.8500    1.0000   204.9    
     2    2    7     1.171     1.290    -0.119    0.0770    1.0257    1.0285    1.0000   68.88    
     1    3    7     0.313     0.307     0.007    3.6513    1.2238    3.8510    1.0000  0.2704E+05
     2    3    7     0.927     0.921     0.006    3.1087    0.4979    3.1484    1.0000   2827.    
     0    4    7     6.017     6.184    -0.166    1.9039    0.9426    2.1244    1.0000   3.774    
     1    4    7     0.680     0.978    -0.298    0.1405    0.3708    0.3965    1.0000   4.366    
     2    4    7     0.538     0.564    -0.026    4.4506    0.7628    4.5155    1.0000  0.1301E+05
     1    5    7     0.454     0.521    -0.067    2.3869    0.4361    2.4264    1.0000   2445.    
     2    5    7     0.451     0.793    -0.342    0.2769    0.1492    0.3145    1.0000   17.93    
     1    6    7     0.933     0.970    -0.038    3.0767    0.0332    3.0769    1.0000   1633.    
     2    7    7     0.503     0.739    -0.236    0.4556    0.0542    0.4588    1.0000   5.619    
     0    0    8     0.786     0.928    -0.142    0.0270    1.3171    1.3174    1.0000   819.6    
     2    0    8     0.494     0.485     0.009    4.8430    1.0611    4.9579    1.0000  0.1780E+05
     1    1    8     0.133     0.130     0.004    1.7533    1.0005    2.0187    1.0000   3986.    
     2    1    8     0.859     0.899    -0.040    1.2136    0.4661    1.3000    1.0000   212.6    
     0    2    8     0.579     0.565     0.014    3.9347    0.6320    3.9852    1.0000  0.1260E+05
     1    2    8     0.934     0.956    -0.022    3.3575    0.2824    3.3694    1.0000   3591.    
     2    2    8     3.918     4.827    -0.910    1.0942    0.5090    1.2069    1.0000   1.470    
     1    3    8     0.806     0.901    -0.095    1.0616    0.0381    1.0623    1.0000   99.47    
     0    4    8     0.491     0.734    -0.243    0.0277    0.3270    0.3282    1.0000   2.448    
     1    4    8     1.161     1.086     0.075    1.8912    0.1470    1.8969    1.0000   288.9    
     2    4    8     0.745     0.741     0.004    3.1236    0.2747    3.1357    1.0000   2003.    
     1    5    8     0.403     0.456    -0.053    2.1455    0.4698    2.1963    1.0000   1690.    
     0    6    8     0.745     0.798    -0.054    6.3013    0.4123    6.3148    1.0000   9919.    
     1    6    8     1.094     0.972     0.122    1.8468    0.1464    1.8526    1.0000   127.2    
     2    6    8     0.002     0.356    -0.354    1.1481    0.3373    1.1966    1.0000   37.42    
     1    1    9     0.341     0.361    -0.020    1.4633    0.4146    1.5209    1.0000   846.8    
     2    1    9     0.869     0.902    -0.033    2.3297    0.1994    2.3382    1.0000   970.3    
     0    2    9     0.177     0.050     0.127    0.7770    0.6962    1.0433    1.0000   229.3    
     1    2    9     1.071     1.058     0.012    1.4875    0.3262    1.5229    1.0000   200.8    
     2    2    9     0.464     0.473    -0.008    2.6262    0.5710    2.6875    1.0000   2551.    
     1    3    9     0.481     0.521    -0.040    3.6347    0.6696    3.6958    1.0000   7086.    
     2    3    9     1.051     0.926     0.125    1.1379    0.2809    1.1721    1.0000   24.94    
     0    4    9     0.258     0.320    -0.063    1.6411    0.5106    1.7187    1.0000   570.7    
     1    4    9     1.095     0.989     0.106    1.0999    0.2156    1.1208    1.0000   29.72    
     1    5    9     0.672     0.757    -0.084    2.9703    0.2326    2.9794    1.0000   2164.    
     2    5    9     1.277     1.074     0.203    0.8805    0.0871    0.8848    1.0000   5.084    
     0    6    9     0.916     1.073    -0.157    1.6657    0.0324    1.6660    1.0000   49.70    
     0    0   10     0.803     0.810    -0.007    9.6449    0.6364    9.6659    1.0000  0.3858E+05
     2    0   10     0.198     0.225    -0.027    1.2253    0.5237    1.3325    1.0000   388.0    
     1    1   10     0.333     1.216    -0.883    0.0287    0.5300    0.5307    1.0000   12.96    
     2    1   10     1.117     1.049     0.068    1.8746    0.2350    1.8893    1.0000   184.2    
     0    2   10     0.598     0.638    -0.040    2.3775    0.2960    2.3959    1.0000   1633.    
     1    2   10     1.166     1.039     0.127    2.2796    0.1443    2.2842    1.0000   405.8    
     1    3   10     1.052     1.033     0.019    3.2402    0.0320    3.2404    1.0000   1156.    
     1    4   10     0.996     0.984     0.013    4.1636    0.0748    4.1643    1.0000   2480.    
     2    4   10     1.691     1.390     0.301    1.4718    0.1387    1.4783    1.0000   13.11    
     1    1   11     0.447     0.575    -0.128    1.2350    0.1893    1.2494    1.0000   174.0    
     2    1   11     0.922     0.955    -0.033    2.3536    0.0896    2.3553    1.0000   619.9    
     0    2   11     0.856     0.111     0.745    0.1872    0.3149    0.3664    1.0000   114.8    
     2    2   11     0.708     0.744    -0.036    3.0215    0.2564    3.0323    1.0000   1415.    
     1    3   11     0.655     0.740    -0.085    3.4899    0.2960    3.5025    1.0000   3052.    

 R1=Sum diffs/Sum obs =   26.81    
 R2=Sum of diffs of squares/Sum obs squared =    63.76    
 Chi squared =    39.0     Sum weighted diffs sqrd =   0.691E+04
 For   182 observations and   5 basic variables
 R3=Sum weighted diffs/Sum weighted obs =    6.080    
 R4=Sum weighted diffs of squares/Sum weighted squares obs =   12.16    
     h    k    l     G(obs)   G(calc)     Diff   F(nucl)    F(mag)    mod Fc    Scale    Weight
     2    0    0     2.509     2.415     0.094    1.9564    0.5047    2.0204    1.0000   2194.    
    -2    0    0     2.482     2.415     0.067    1.9564    0.5047    2.0204    1.0000   4047.    
    -6    0    0     0.402     7.814    -7.412    0.1508    0.0991    0.1804    1.0000   1.333    
     1    1    0     1.078     1.043     0.036    2.8288    0.1284    2.8317    1.0000  0.9352E+05
     1   -1    0     1.017     1.007     0.011    2.8288    0.3264    2.8476    1.0000  0.1294E+06
     2    1    0     1.025     1.020     0.005    2.3345    0.1073    2.3370    1.0000  0.1635E+05
     2   -1    0     0.980     0.997    -0.018    2.3345    0.1659    2.3404    1.0000  0.2324E+05
     3    1    0     1.013     0.989     0.025    3.3776    0.0344    3.3778    1.0000   2799.    
     3   -1    0     1.008     0.979     0.030    3.3776    0.1460    3.3808    1.0000   7654.    
     4    1    0     1.011     0.983     0.028    3.3749    0.0827    3.3759    1.0000   2797.    
     4   -1    0     0.994     0.992     0.003    3.3749    0.0876    3.3760    1.0000   1608.    
     5    1    0     0.976     0.987    -0.011    7.6745    0.0459    7.6746    1.0000  0.1174E+05
     5   -1    0     0.983     0.986    -0.004    7.6745    0.0663    7.6748    1.0000  0.1861E+05
    -6    1    0     1.004     1.010    -0.005    2.7726    0.0367    2.7728    1.0000   649.4    
     6   -1    0     0.647     1.010    -0.362    2.7726    0.0367    2.7728    1.0000   17.03    
     1    2    0     1.036     1.014     0.022    2.9018    0.0160    2.9018    1.0000  0.4322E+05
     1   -2    0     1.014     1.003     0.010    2.9018    0.0793    2.9029    1.0000  0.6097E+05
     2    2    0     0.681     0.691    -0.010    2.8014    0.2987    2.8173    1.0000  0.2892E+05
     2   -2    0     0.667     0.678    -0.011    2.8014    0.3371    2.8216    1.0000  0.6442E+05
     3    2    0     0.964     0.980    -0.016    3.8078    0.0399    3.8080    1.0000   9335.    
     3   -2    0     0.950     0.984    -0.033    3.8078    0.0527    3.8082    1.0000  0.2787E+05
     4    2    0     1.242     1.195     0.048    2.8988    0.1453    2.9025    1.0000   287.2    
     4   -2    0     1.213     1.203     0.010    2.8988    0.1591    2.9032    1.0000   1091.    
    -6    2    0     1.176     1.173     0.002    1.2025    0.0552    1.2038    1.0000   17.17    
     6   -2    0     2.004     1.173     0.831    1.2025    0.0552    1.2038    1.0000  0.1371    
     1    3    0     0.583     0.550     0.033    0.9491    0.1569    0.9620    1.0000   2377.    
     1   -3    0     0.621     0.548     0.072    0.9491    0.1570    0.9620    1.0000   2960.    
     2    3    0     0.501     1.098    -0.597    0.7350    0.0235    0.7354    1.0000   9.065    
     2   -3    0     0.856     1.107    -0.251    0.7350    0.0285    0.7356    1.0000   30.91    
     3    3    0     1.039     1.058    -0.020    5.3205    0.0890    5.3212    1.0000   8029.    
     3   -3    0     1.052     1.059    -0.007    5.3205    0.0905    5.3213    1.0000  0.2560E+05
     5    3    0     0.562     0.856    -0.294    0.7171    0.0321    0.7178    1.0000  0.8090    
     5   -3    0     0.416     0.850    -0.434    0.7171    0.0344    0.7179    1.0000   1.528    
     0    4    0     1.040     1.054    -0.015    2.7904    0.1087    2.7925    1.0000  0.1072E+05
     0   -4    0     1.038     1.054    -0.017    2.7904    0.1087    2.7925    1.0000   9389.    
     1    4    0     0.984     0.995    -0.011    5.1250    0.0087    5.1250    1.0000  0.5510E+05
     1   -4    0     0.972     0.992    -0.020    5.1250    0.0544    5.1253    1.0000  0.6007E+05
     2    4    0     0.877     1.117    -0.240    0.9849    0.0647    0.9870    1.0000   86.42    
     2   -4    0     1.000     1.088    -0.088    0.9849    0.1028    0.9903    1.0000   214.9    
     4    4    0     1.041     1.005     0.036    4.4898    0.0244    4.4898    1.0000   561.8    
     4   -4    0     1.002     1.000     0.002    4.4898    0.0642    4.4902    1.0000   4283.    
    -5    4    0     0.952     0.952     0.000    1.3554    0.0450    1.3561    1.0000   388.4    
     3    5    0     0.922     0.844     0.078    2.3907    0.1278    2.3941    1.0000   246.1    
     3   -5    0     0.844     0.833     0.012    2.3907    0.1634    2.3963    1.0000   1927.    
     4    5    0     0.852     1.010    -0.158    3.0962    0.0172    3.0962    1.0000   94.22    
     4   -5    0     0.990     1.016    -0.026    3.0962    0.0560    3.0967    1.0000   789.0    
     0    6    0     0.891     1.547    -0.656    0.4033    0.1311    0.4240    1.0000   32.05    
     0   -6    0     1.634     1.547     0.088    0.4033    0.1311    0.4240    1.0000   7.614    
     2    6    0     0.964     0.980    -0.016    7.3351    0.0931    7.3356    1.0000  0.1945E+05
     2   -6    0     0.969     0.977    -0.008    7.3351    0.1222    7.3361    1.0000  0.3890E+05
     3    6    0     0.998     0.998     0.000    2.5303    0.0013    2.5303    1.0000   167.4    
     3   -6    0     0.925     0.992    -0.067    2.5303    0.0461    2.5308    1.0000   1010.    
     3    0    1     1.017     1.026    -0.008    2.6114    0.0266    2.6115    1.0000   2841.    
    -3    0    1     1.168     1.056     0.111    2.6114    0.0440    2.6118    1.0000  0.1205E+05
     2   -1    1     0.960     0.975    -0.016    2.7663    0.1232    2.7691    1.0000  0.3670E+05
     2    1    1     0.949     0.962    -0.013    2.7663    0.0677    2.7672    1.0000  0.1208E+05
     3   -1    1     0.921     0.894     0.027    2.0752    0.1277    2.0791    1.0000   4439.    
     3    1    1     0.923     0.911     0.012    2.0752    0.0568    2.0760    1.0000   2233.    
     5    1    1     1.116     1.581    -0.466    0.2753    0.0356    0.2776    1.0000  0.9108E-01
     0    2    1     0.438     0.414     0.025    0.3203    0.3518    0.4758    1.0000   1730.    
     0   -2    1     0.538     0.274     0.265    0.3203    0.4026    0.5145    1.0000   5611.    
     1   -2    1     1.169     1.094     0.075    1.9915    0.1646    1.9983    1.0000  0.1224E+05
     1    2    1     1.155     1.105     0.049    1.9915    0.0611    1.9925    1.0000   2967.    
     2   -2    1     0.813     0.845    -0.032    3.2380    0.3002    3.2519    1.0000  0.4916E+05
     2    2    1     0.869     0.901    -0.031    3.2380    0.1403    3.2410    1.0000  0.2552E+05
     3   -2    1     1.181     1.084     0.098    1.0429    0.1396    1.0522    1.0000   89.30    
     3    2    1     1.238     1.105     0.133    1.0429    0.0698    1.0452    1.0000   10.79    
     4   -2    1     0.844     0.882    -0.039    2.5881    0.1574    2.5929    1.0000   1726.    
     4    2    1     0.900     0.905    -0.005    2.5881    0.0759    2.5892    1.0000   538.3    
     6    2    1     0.668     0.953    -0.286    2.7761    0.0379    2.7763    1.0000   25.43    
     1   -3    1     0.835     0.829     0.006    4.0113    0.3743    4.0287    1.0000  0.1089E+06
     1    3    1     0.884     0.883     0.001    4.0113    0.2717    4.0205    1.0000  0.6037E+05
     2   -3    1     0.799     0.911    -0.112    1.0450    0.1385    1.0541    1.0000   920.5    
     2    3    1     0.875     0.899    -0.024    1.0450    0.0369    1.0456    1.0000   300.3    
     3   -3    1     0.825     0.801     0.024    2.1625    0.2358    2.1753    1.0000   2676.    
     3    3    1     0.756     0.853    -0.097    2.1625    0.1230    2.1660    1.0000   427.4    
     4   -3    1     0.934     0.981    -0.047    1.9971    0.0912    1.9992    1.0000   910.0    
     4    3    1     0.842     0.978    -0.136    1.9971    0.0425    1.9976    1.0000   41.46    
     0    4    1     0.753     0.801    -0.048    2.2101    0.2499    2.2242    1.0000  0.1210E+05
     0   -4    1     0.716     0.754    -0.038    2.2101    0.2689    2.2264    1.0000  0.1566E+05
     1   -4    1     1.170     1.052     0.118    1.4239    0.0802    1.4261    1.0000   547.7    
     1    4    1     1.105     1.041     0.064    1.4239    0.0384    1.4244    1.0000   696.5    
     2   -4    1     0.615     0.637    -0.022    1.0291    0.2241    1.0532    1.0000   682.8    
     2    4    1     0.628     0.719    -0.091    1.0291    0.1532    1.0404    1.0000   235.6    
     4   -4    1     0.934     0.943    -0.009    4.4767    0.1231    4.4784    1.0000   5009.    
     4    4    1     0.907     0.957    -0.050    4.4767    0.0689    4.4772    1.0000   1106.    
     1   -5    1     0.940     0.924     0.016    3.3979    0.1228    3.4001    1.0000  0.1352E+05
     1    5    1     0.941     0.940     0.002    3.3979    0.1044    3.3995    1.0000  0.1018E+05
     2   -5    1     1.037     1.004     0.032    1.1780    0.0268    1.1783    1.0000   200.9    
     2    5    1     1.010     1.002     0.008    1.1780    0.0146    1.1781    1.0000   82.99    
     0    6    1     0.988     1.017    -0.029    2.0323    0.0165    2.0324    1.0000   1243.    
     0   -6    1     1.031     1.020     0.011    2.0323    0.0173    2.0324    1.0000   1402.    
     3    6    1     1.067     0.985     0.082    1.8013    0.0120    1.8014    1.0000   50.73    
     2    0    2     1.086     1.044     0.042    8.0459    0.2122    8.0487    1.0000  0.9467E+05
    -2    0    2     0.906     0.937    -0.031    8.0459    0.2410    8.0495    1.0000  0.4444E+06
     4    0    2     3.332     1.117     2.214    0.5597    0.0810    0.5655    1.0000  0.4094E-01
     6    0    2     3.015     0.981     2.034    2.5659    0.0379    2.5662    1.0000  0.4735    
     1    1    2     1.103     1.101     0.002    1.1179    0.1299    1.1254    1.0000   2808.    
     3   -1    2     0.823     0.829    -0.007    3.0759    0.2309    3.0846    1.0000   8015.    
     3    1    2     0.888     0.865     0.023    3.0759    0.1489    3.0795    1.0000   3599.    
     4    1    2     0.956     0.983    -0.027    2.5432    0.0766    2.5443    1.0000   280.0    
     5    1    2     0.997     0.835     0.162    1.5526    0.0893    1.5551    1.0000   8.684    
     6    1    2     1.014     0.999     0.014    3.5064    0.0378    3.5066    1.0000   160.3    
     0    2    2     1.028     1.029    -0.001    7.1507    0.2011    7.1535    1.0000  0.1021E+06
     0   -2    2     1.003     1.003     0.000    7.1507    0.1700    7.1527    1.0000  0.3265E+06
     1   -2    2     1.060     1.026     0.034    3.5728    0.0751    3.5735    1.0000  0.5669E+05
     1    2    2     1.062     1.043     0.018    3.5728    0.0585    3.5732    1.0000  0.2296E+05
     2    2    2     1.324     1.232     0.092    1.7378    0.1310    1.7427    1.0000   1909.    
     4    2    2     1.018     1.069    -0.051    2.1111    0.0431    2.1115    1.0000   120.1    
     3   -3    2     1.059     1.097    -0.038    2.9507    0.0827    2.9519    1.0000   2838.    
     3    3    2     1.122     1.085     0.037    2.9507    0.0744    2.9517    1.0000   1122.    
     5    3    2     0.989     0.973     0.015    3.4804    0.0290    3.4805    1.0000   324.8    
     0    4    2     1.204     1.188     0.016    2.8434    0.1774    2.8489    1.0000   6380.    
     0   -4    2     1.262     1.245     0.017    2.8434    0.2055    2.8508    1.0000   8495.    
     1    4    2     1.058     1.038     0.020    1.9523    0.0231    1.9524    1.0000   1765.    
     3   -4    2     0.982     0.982     0.000    4.1051    0.0619    4.1056    1.0000  0.1268E+05
     3    4    2     0.962     0.984    -0.022    4.1051    0.0264    4.1052    1.0000   3951.    
     5    4    2     0.576     1.122    -0.546    0.3760    0.0185    0.3764    1.0000   1.299    
     1   -5    2     0.955     0.971    -0.016    5.0660    0.1401    5.0679    1.0000  0.4148E+05
     1    5    2     0.982     0.993    -0.011    5.0660    0.1113    5.0672    1.0000  0.5165E+05
     2   -5    2     1.048     1.028     0.020    2.8788    0.0659    2.8796    1.0000   3468.    
     2    5    2     1.034     1.026     0.008    2.8788    0.0223    2.8789    1.0000   2059.    
     3    5    2     1.192     0.983     0.209    1.6871    0.0567    1.6880    1.0000   6.803    
     4    5    2     0.973     0.967     0.006    1.4976    0.0200    1.4978    1.0000   6.316    
     0    6    2     0.910     0.911    -0.001    3.9556    0.1565    3.9587    1.0000  0.1330E+05
     1    6    2     0.908     0.976    -0.068    2.0045    0.0261    2.0047    1.0000   1017.    
     2    6    2     1.194     1.210    -0.016    1.4394    0.1109    1.4436    1.0000   46.62    
     3    6    2     0.832     0.970    -0.138    1.3080    0.0115    1.3081    1.0000   12.45    

 R1=Sum diffs/Sum obs =   16.21    
 R2=Sum of diffs of squares/Sum obs squared =    64.81    
 Chi squared =    16.1     Sum weighted diffs sqrd =   0.197E+04
 For   128 observations and   5 basic variables
 R3=Sum weighted diffs/Sum weighted obs =    1.982    
 R4=Sum weighted diffs of squares/Sum weighted squares obs =   3.901    
     h    k    l     G(obs)   G(calc)     Diff   F(nucl)    F(mag)    mod Fc    Scale    Weight
     1   -1    0     0.730     0.674     0.057    2.8288    0.3933    2.8560    1.0000  0.1462E+05
     0   -2    0     3.085     4.467    -1.382    0.4370    0.2691    0.5132    1.0000   1.225    
     1   -2    0     0.904     0.903     0.001    2.9018    0.0981    2.9034    1.0000   3745.    
     1   -3    0     0.986     0.955     0.031    0.9491    0.0135    0.9492    1.0000   77.24    
     2   -3    0     0.850     1.121    -0.270    0.7350    0.0260    0.7355    1.0000   3.392    
     0   -4    0     0.962     0.902     0.060    2.7904    0.1130    2.7927    1.0000   517.0    
     1   -4    0     0.957     0.964    -0.007    5.1250    0.0670    5.1254    1.0000   4340.    
     2   -4    0     0.841     0.693     0.147    0.9849    0.1169    0.9918    1.0000   10.64    
     1    0    1     2.245     0.650     1.595    0.1610    0.0202    0.1623    1.0000  0.7240    
     1   -1    1     0.602     0.565     0.037    1.4732    0.2522    1.4946    1.0000   1566.    
     0    2    1     0.362     0.137     0.225    0.3203    0.3832    0.4995    1.0000   20.88    
     0   -2   -1     0.517     0.137     0.380    0.3203    0.3832    0.4995    1.0000   140.4    
     1   -2    1     1.412     1.323     0.090    1.9915    0.2011    2.0017    1.0000   217.6    
     1   -2   -1     1.324     1.401    -0.077    1.9915    0.2013    2.0017    1.0000   306.3    
     2   -2    1     0.743     0.727     0.017    3.2380    0.3279    3.2545    1.0000   3651.    
     1   -3    1     0.768     0.755     0.013    4.0113    0.3823    4.0294    1.0000   6631.    
     1   -3   -1     0.750     0.749     0.000    4.0113    0.3829    4.0295    1.0000   7432.    
     2   -3    1     0.776     0.619     0.157    1.0450    0.1698    1.0587    1.0000   40.75    
     0   -4   -1     0.761     0.716     0.046    2.2101    0.2574    2.2251    1.0000   579.0    
     1   -4    1     1.368     1.209     0.159    1.4239    0.1019    1.4275    1.0000   17.38    
     1   -4   -1     1.203     1.266    -0.062    1.4239    0.1018    1.4275    1.0000   38.07    
     2   -4   -1     0.621     0.494     0.127    1.0291    0.2306    1.0546    1.0000   35.63    
     0    0    2     0.623     0.621     0.002    3.0673    0.4998    3.1078    1.0000  0.3122E+05
     1    1    2     2.130     3.104    -0.974    1.1179    0.3666    1.1765    1.0000   35.33    
     0    2    2     0.904     0.928    -0.024    7.1507    0.2028    7.1535    1.0000  0.3379E+05
     0   -2    2     0.930     0.944    -0.014    7.1507    0.2054    7.1536    1.0000  0.2360E+05
     0   -2   -2     0.916     0.928    -0.012    7.1507    0.2028    7.1535    1.0000  0.3155E+05
     1   -2    2     1.044     1.063    -0.019    3.5728    0.0958    3.5740    1.0000   2776.    
     0   -4   -2     1.083     1.154    -0.071    2.8434    0.1308    2.8464    1.0000   526.8    
     1   -4   -2     1.193     1.118     0.075    1.9523    0.0639    1.9534    1.0000   91.43    
     1    0    3     1.024     1.015     0.009    4.8727    0.0222    4.8727    1.0000   9002.    
     1   -1    3     0.832     0.764     0.068    2.6480    0.2142    2.6567    1.0000   2270.    
     1    1    3     0.774     0.795    -0.021    2.6480    0.1756    2.6538    1.0000   2124.    
     2   -1    3     0.728     0.781    -0.052    1.5446    0.1253    1.5497    1.0000   596.9    
     0    2    3     0.806     0.797     0.010    4.5714    0.3308    4.5833    1.0000  0.1033E+05
     0   -2   -3     0.803     0.797     0.006    4.5714    0.3308    4.5833    1.0000  0.1171E+05
     1   -2    3     0.874     0.602     0.272    0.8584    0.1748    0.8760    1.0000   72.25    
     1   -3    3     0.783     0.782     0.001    3.8143    0.3197    3.8276    1.0000   3016.    
     0   -4   -3     1.169     1.337    -0.168    2.4352    0.2233    2.4455    1.0000   157.2    

 R1=Sum diffs/Sum obs =   17.11    
 R2=Sum of diffs of squares/Sum obs squared =    49.96    
 Chi squared =    5.22     Sum weighted diffs sqrd =    178.    
 For    39 observations and   5 basic variables
 R3=Sum weighted diffs/Sum weighted obs =    2.022    
 R4=Sum weighted diffs of squares/Sum weighted squares obs =   4.069    
 Chisqrd over all  4 data sets:    26.3
for   407 observations and    5 parameters





1Shifts in variables for cycle  8

  Tb     CH11     CH22     CH33     CH12
   NEW   0.6807    0.507  0.04011   0.3433
   ESD   0.0032    0.019  0.00052   0.0063
 SHIFT   0.0000    0.000  0.00000   0.0000
   OLD   0.6807    0.507  0.04011   0.3433
 SH/SD  0.00013  0.00042  0.00005  0.00000

  Mn     CH11     CH22     CH33
   NEW  0.04271  0.04271  0.04271
   ESD  0.00052  0.00052  0.00052
 SHIFT  0.00000  0.00000  0.00000
   OLD  0.04271  0.04271  0.04271
 SH/SD  0.00008  0.00008  0.00008


 Average SHIFT/ESD for cycle   8 =   0.11860E-03
 Maximum SHIFT/ESD =    0.41831E-03

 No correlations found above  70 per cent

 Magnetisation elipsoid for Tb  
 Principal axes:     chi (muB/T)    x       y       z
                        0.948      0.789   0.614   0.000
                        0.239     -0.614   0.789   0.000
                        0.040      0.000   0.000   1.000

 Induced moments with field  7.00 T, parallel to  -0.733  -0.457   0.503
 Operator      Atom Position            x       y       z
    1      0.9916  0.0804  0.2500    -4.593  -3.384   0.141
    3     -0.4916  0.5804  0.2500    -2.395   0.140   0.141

 Induced moments with field  7.00 T, parallel to   1.000   0.017  -0.003
 Operator      Atom Position            x       y       z
    1      0.9916  0.0804  0.2500     4.804   2.461  -0.001
    3     -0.4916  0.5804  0.2500     4.724  -2.344  -0.001

 Induced moments with field  7.00 T, parallel to   0.089   0.050   0.995
 Operator      Atom Position            x       y       z
    1      0.9916  0.0804  0.2500     0.546   0.392   0.279
    3     -0.4916  0.5804  0.2500     0.305  -0.037   0.279

 Induced moments with field  1.00 T, parallel to  -0.733  -0.457   0.503
 Operator      Atom Position            x       y       z
    1      0.9916  0.0804  0.2500    -0.656  -0.483   0.020
    3     -0.4916  0.5804  0.2500    -0.342   0.020   0.020

 Magnetisation elipsoid for Mn  
 Principal axes:     chi (muB/T)    x       y       z
                        0.043      0.000   1.000   0.000
                        0.043      1.000   0.000   0.000
                        0.043      0.000   0.000   1.000

 Induced moments with field  7.00 T, parallel to  -0.733  -0.457   0.503
 Operator      Atom Position            x       y       z
    1      0.5000  0.0000  0.0000    -0.219  -0.137   0.150
    2     -0.5000  0.0000  0.5000    -0.219  -0.137   0.150
    3      0.0000  0.5000  0.5000    -0.219  -0.137   0.150
    4      1.0000  0.5000  0.0000    -0.219  -0.137   0.150

 Induced moments with field  7.00 T, parallel to   1.000   0.017  -0.003
 Operator      Atom Position            x       y       z
    1      0.5000  0.0000  0.0000     0.299   0.005  -0.001
    2     -0.5000  0.0000  0.5000     0.299   0.005  -0.001
    3      0.0000  0.5000  0.5000     0.299   0.005  -0.001
    4      1.0000  0.5000  0.0000     0.299   0.005  -0.001

 Induced moments with field  7.00 T, parallel to   0.089   0.050   0.995
 Operator      Atom Position            x       y       z
    1      0.5000  0.0000  0.0000     0.027   0.015   0.297
    2     -0.5000  0.0000  0.5000     0.027   0.015   0.297
    3      0.0000  0.5000  0.5000     0.027   0.015   0.297
    4      1.0000  0.5000  0.0000     0.027   0.015   0.297

 Induced moments with field  1.00 T, parallel to  -0.733  -0.457   0.503
 Operator      Atom Position            x       y       z
    1      0.5000  0.0000  0.0000    -0.031  -0.020   0.021
    2     -0.5000  0.0000  0.5000    -0.031  -0.020   0.021
    3      0.0000  0.5000  0.5000    -0.031  -0.020   0.021
    4      1.0000  0.5000  0.0000    -0.031  -0.020   0.021
