**********************************************************************
Information about phases
**********************************************************************

Phase Fe3O4:
 unit cell: 
     8.53047    8.53047    8.53047 
       90.00      90.00      90.00
 B matrix is 
  0.11723 -0.00000 -0.00000
  0.00000  0.11723 -0.00000
  0.00000  0.00000  0.11723
 
symmetry: 
 inversion center in position 0.000 0.000 0.000
 elements of symmetry:
      B    Rot.      B    Rot.      B    Rot.      B    Rot.      B    Rot.
  0.000  1 0 0;  0.750 -1 0 0;  0.250 -1 0 0;  0.500  1 0 0;  0.000  0 0 1;
  0.000  0 1 0;  0.250  0-1 0;  0.500  0 1 0;  0.750  0-1 0;  0.000  1 0 0;
  0.000  0 0 1;  0.500  0 0 1;  0.750  0 0-1;  0.250  0 0-1;  0.000  0 1 0;
      B    Rot.      B    Rot.      B    Rot.      B    Rot.      B    Rot.
  0.500  0 0 1;  0.750  0 0-1;  0.250  0 0-1;  0.000  0 1 0;  0.250  0-1 0;
  0.750 -1 0 0;  0.250 -1 0 0;  0.500  1 0 0;  0.000  0 0 1;  0.500  0 0 1;
  0.250  0-1 0;  0.500  0 1 0;  0.750  0-1 0;  0.000  1 0 0;  0.750 -1 0 0;
      B    Rot.      B    Rot.      B    Rot.      B    Rot.      B    Rot.
  0.500  0 1 0;  0.750  0-1 0;  0.750  0 1 0;  0.000  0-1 0;  0.250  0 1 0;
  0.750  0 0-1;  0.250  0 0-1;  0.250  1 0 0;  0.000 -1 0 0;  0.500 -1 0 0;
  0.250 -1 0 0;  0.500  1 0 0;  0.500  0 0-1;  0.000  0 0-1;  0.750  0 0 1;
      B    Rot.      B    Rot.      B    Rot.      B    Rot.      B    Rot.
  0.500  0-1 0;  0.750  1 0 0;  0.500 -1 0 0;  0.000 -1 0 0;  0.250  1 0 0;
  0.750  1 0 0;  0.250  0 0 1;  0.750  0 0 1;  0.000  0 0-1;  0.500  0 0-1;
  0.250  0 0 1;  0.500  0-1 0;  0.250  0 1 0;  0.000  0-1 0;  0.750  0 1 0;
      B    Rot.      B    Rot.      B    Rot.      B    Rot.
  0.750  0 0 1;  0.250  0 0 1;  0.500  0 0-1;  0.000  0 0-1;
  0.250  0 1 0;  0.500  0-1 0;  0.750  0 1 0;  0.000  0-1 0;
  0.500 -1 0 0;  0.750  1 0 0;  0.250  1 0 0;  0.000 -1 0 0;

 shifting:
 +0.000   +0.500   +0.500   +0.000  
 +0.000   +0.500   +0.000   +0.500  
 +0.000   +0.000   +0.500   +0.500  
**********************************************************************

**********************************************************************
atom Fe3A:
type Fe3

        x       y       z   occ. mult.  bscat.(cm-12)
  0.12500 0.12500 0.12500  1.000     8  0.94500

 beta11 beta22 beta33 beta12 beta13 beta23
  0.000  0.000  0.000  0.000  0.000  0.000


    biso =  0.000 (Ang**2)
coeff j0  0.39720 13.24420  0.62950  4.90340 -0.03140  0.34960  0.00440
coeff j2  1.36020 11.99760  1.51880  5.00250  0.47050  1.99140  0.00380
lfactor = 2.00 kappa = 1.00

  chi11  chi22  chi33  chi12  chi13  chi23 (susceptibility, muB/T)
 -4.046 -4.046 -4.046  0.000  0.000  0.000

Symmetry restriction on chi
     11  22  33  12  13  23  =  0
      0   0   0   0   1   0 
      0   0   0   0   0   1 
      0   0   0   1   0   0 
      1   0  -1   0   0   0 
      1  -1   0   0   0   0 
      0   1  -1   0   0   0 
      0   0   0   1  -1   0 
      0   0   0   0   1  -1 
      0   0   0   1   0  -1 
      0   0   0   1   1   0 
      0   0   0   0   1   1 
      0   0   0   1   0   1 

 magnetic form factor from sthovl (from 0.00 with step 0.01 Ang.):

  1.00  0.92  0.72  0.50  0.31  0.17  0.09  0.04  0.01 -0.01
  1.00  0.90  0.70  0.48  0.29  0.16  0.08  0.03  0.00 -0.01
  1.00  0.89  0.68  0.46  0.28  0.15  0.07  0.03  0.00 -0.01
  0.99  0.87  0.66  0.44  0.26  0.14  0.07  0.02  0.00 -0.01
  0.99  0.85  0.63  0.42  0.25  0.14  0.06  0.02 -0.00 -0.01
  0.98  0.83  0.61  0.40  0.24  0.13  0.06  0.02 -0.00 -0.01
  0.97  0.81  0.59  0.38  0.22  0.12  0.05  0.02 -0.00 -0.01
  0.96  0.79  0.57  0.36  0.21  0.11  0.05  0.01 -0.00 -0.01
  0.95  0.77  0.54  0.34  0.20  0.10  0.04  0.01 -0.01 -0.01
  0.93  0.75  0.52  0.33  0.19  0.09  0.04  0.01 -0.01 -0.01

 equivalent position of atom in unit cell with chi (in muB/T) and     f_mag_0 (in muB), it is not used, just for test
       x      y      z    chi11  chi22  chi33  chi12  chi13  chi23    mag_ia mag_ib mag_ic
   0.125  0.125  0.125   -4.046 -4.046 -4.046  0.000  0.000  0.000     0.000  0.000  0.000 
   0.875  0.875  0.875   -4.046 -4.046 -4.046  0.000  0.000  0.000     0.000  0.000  0.000 
   0.625  0.625  0.125   -4.046 -4.046 -4.046  0.000  0.000  0.000     0.000  0.000  0.000 
   0.375  0.375  0.875   -4.046 -4.046 -4.046  0.000  0.000  0.000     0.000  0.000  0.000 
   0.625  0.125  0.625   -4.046 -4.046 -4.046  0.000  0.000  0.000     0.000  0.000  0.000 
   0.375  0.875  0.375   -4.046 -4.046 -4.046  0.000  0.000  0.000     0.000  0.000  0.000 
   0.125  0.625  0.625   -4.046 -4.046 -4.046  0.000  0.000  0.000     0.000  0.000  0.000 
   0.875  0.375  0.375   -4.046 -4.046 -4.046  0.000  0.000  0.000     0.000  0.000  0.000 

 CHI in orthogonal coordinate system x||a* z||c (in 10**-12cm)
 -1.090 -0.000 -0.000   -1.090 -0.000 -0.000   -1.090 -0.000 -0.000  
 -0.000 -1.090 -0.000   -0.000 -1.090 -0.000   -0.000 -1.090 -0.000  
 -0.000 -0.000 -1.090   -0.000 -0.000 -1.090   -0.000 -0.000 -1.090  
 
 -1.090 -0.000 -0.000   -1.090 -0.000 -0.000   -1.090 -0.000 -0.000  
 -0.000 -1.090 -0.000   -0.000 -1.090 -0.000   -0.000 -1.090 -0.000  
 -0.000 -0.000 -1.090   -0.000 -0.000 -1.090   -0.000 -0.000 -1.090  
 
 -1.090 -0.000 -0.000   -1.090 -0.000 -0.000  
 -0.000 -1.090 -0.000   -0.000 -1.090 -0.000  
 -0.000 -0.000 -1.090   -0.000 -0.000 -1.090  
**********************************************************************

**********************************************************************
atom Fe3B:
type Fe3

        x       y       z   occ. mult.  bscat.(cm-12)
  0.50000 0.50000 0.50000  1.000    16  0.94500

 beta11 beta22 beta33 beta12 beta13 beta23
  0.000  0.000  0.000  0.000  0.000  0.000


    biso =  0.000 (Ang**2)
coeff j0  0.39720 13.24420  0.62950  4.90340 -0.03140  0.34960  0.00440
coeff j2  1.36020 11.99760  1.51880  5.00250  0.47050  1.99140  0.00380
lfactor = 2.00 kappa = 1.00

  chi11  chi22  chi33  chi12  chi13  chi23 (susceptibility, muB/T)
  3.984  3.984  3.984  0.000  0.000  0.000

Symmetry restriction on chi
     11  22  33  12  13  23  =  0
      1   0  -1   0   0   0 
      1  -1   0   0   0   0 
      0   1  -1   0   0   0 
      0   0   0   1  -1   0 
      0   0   0   0   1  -1 
      0   0   0   1   0  -1 

 magnetic form factor from sthovl (from 0.00 with step 0.01 Ang.):

  1.00  0.92  0.72  0.50  0.31  0.17  0.09  0.04  0.01 -0.01
  1.00  0.90  0.70  0.48  0.29  0.16  0.08  0.03  0.00 -0.01
  1.00  0.89  0.68  0.46  0.28  0.15  0.07  0.03  0.00 -0.01
  0.99  0.87  0.66  0.44  0.26  0.14  0.07  0.02  0.00 -0.01
  0.99  0.85  0.63  0.42  0.25  0.14  0.06  0.02 -0.00 -0.01
  0.98  0.83  0.61  0.40  0.24  0.13  0.06  0.02 -0.00 -0.01
  0.97  0.81  0.59  0.38  0.22  0.12  0.05  0.02 -0.00 -0.01
  0.96  0.79  0.57  0.36  0.21  0.11  0.05  0.01 -0.00 -0.01
  0.95  0.77  0.54  0.34  0.20  0.10  0.04  0.01 -0.01 -0.01
  0.93  0.75  0.52  0.33  0.19  0.09  0.04  0.01 -0.01 -0.01

 equivalent position of atom in unit cell with chi (in muB/T) and     f_mag_0 (in muB), it is not used, just for test
       x      y      z    chi11  chi22  chi33  chi12  chi13  chi23    mag_ia mag_ib mag_ic
   0.500  0.500  0.500    3.984  3.984  3.984  0.000  0.000  0.000     0.000  0.000  0.000 
   0.000  0.000  0.500    3.984  3.984  3.984  0.000  0.000  0.000     0.000  0.000  0.000 
   0.000  0.500  0.000    3.984  3.984  3.984  0.000  0.000  0.000     0.000  0.000  0.000 
   0.500  0.000  0.000    3.984  3.984  3.984  0.000  0.000  0.000     0.000  0.000  0.000 
   0.250  0.750  0.000    3.984  3.984  3.984  0.000  0.000  0.000     0.000  0.000  0.000 
   0.750  0.250  0.000    3.984  3.984  3.984  0.000  0.000  0.000     0.000  0.000  0.000 
   0.750  0.750  0.500    3.984  3.984  3.984  0.000  0.000  0.000     0.000  0.000  0.000 
   0.250  0.250  0.500    3.984  3.984  3.984  0.000  0.000  0.000     0.000  0.000  0.000 
   0.750  0.000  0.250    3.984  3.984  3.984  0.000  0.000  0.000     0.000  0.000  0.000 
   0.250  0.000  0.750    3.984  3.984  3.984  0.000  0.000  0.000     0.000  0.000  0.000 
   0.250  0.500  0.250    3.984  3.984  3.984  0.000  0.000  0.000     0.000  0.000  0.000 
   0.750  0.500  0.750    3.984  3.984  3.984  0.000  0.000  0.000     0.000  0.000  0.000 
   0.000  0.250  0.750    3.984  3.984  3.984  0.000  0.000  0.000     0.000  0.000  0.000 
   0.000  0.750  0.250    3.984  3.984  3.984  0.000  0.000  0.000     0.000  0.000  0.000 
   0.500  0.750  0.750    3.984  3.984  3.984  0.000  0.000  0.000     0.000  0.000  0.000 
   0.500  0.250  0.250    3.984  3.984  3.984  0.000  0.000  0.000     0.000  0.000  0.000 

 CHI in orthogonal coordinate system x||a* z||c (in 10**-12cm)
  1.074  0.000  0.000    1.074  0.000  0.000    1.074  0.000  0.000  
  0.000  1.074  0.000    0.000  1.074  0.000    0.000  1.074  0.000  
  0.000  0.000  1.074    0.000  0.000  1.074    0.000  0.000  1.074  
 
  1.074  0.000  0.000    1.074  0.000  0.000    1.074  0.000  0.000  
  0.000  1.074  0.000    0.000  1.074  0.000    0.000  1.074  0.000  
  0.000  0.000  1.074    0.000  0.000  1.074    0.000  0.000  1.074  
 
  1.074  0.000  0.000    1.074  0.000  0.000    1.074  0.000  0.000  
  0.000  1.074  0.000    0.000  1.074  0.000    0.000  1.074  0.000  
  0.000  0.000  1.074    0.000  0.000  1.074    0.000  0.000  1.074  
 
  1.074  0.000  0.000    1.074  0.000  0.000    1.074  0.000  0.000  
  0.000  1.074  0.000    0.000  1.074  0.000    0.000  1.074  0.000  
  0.000  0.000  1.074    0.000  0.000  1.074    0.000  0.000  1.074  
 
  1.074  0.000  0.000    1.074  0.000  0.000    1.074  0.000  0.000  
  0.000  1.074  0.000    0.000  1.074  0.000    0.000  1.074  0.000  
  0.000  0.000  1.074    0.000  0.000  1.074    0.000  0.000  1.074  
 
  1.074  0.000  0.000  
  0.000  1.074  0.000  
  0.000  0.000  1.074  
**********************************************************************

**********************************************************************
atom O1:
type O

        x       y       z   occ. mult.  bscat.(cm-12)
  0.25521 0.25521 0.25521  1.000    32  0.58030

 beta11 beta22 beta33 beta12 beta13 beta23
  0.000  0.000  0.000  0.000  0.000  0.000


    biso =  0.000 (Ang**2)

 equivalent position of atom in unit cell
       x      y      z    
   0.255  0.255  0.255 
   0.745  0.745  0.745 
   0.755  0.755  0.255 
   0.245  0.245  0.745 
   0.755  0.255  0.755 
   0.245  0.745  0.245 
   0.255  0.755  0.755 
   0.745  0.245  0.245 
   0.495  0.995  0.755 
   0.505  0.005  0.245 
   0.995  0.495  0.755 
   0.005  0.505  0.245 
   0.995  0.995  0.255 
   0.005  0.005  0.745 
   0.495  0.495  0.255 
   0.505  0.505  0.745 
   0.995  0.755  0.495 
   0.005  0.245  0.505 
   0.495  0.255  0.495 
   0.505  0.745  0.505 
   0.495  0.755  0.995 
   0.505  0.245  0.005 
   0.995  0.255  0.995 
   0.005  0.745  0.005 
   0.755  0.495  0.995 
   0.245  0.505  0.005 
   0.255  0.995  0.995 
   0.745  0.005  0.005 
   0.255  0.495  0.495 
   0.745  0.505  0.505 
   0.755  0.995  0.495 
   0.245  0.005  0.505 


**********************************************************************
Information about experiments
**********************************************************************
Experiment pnd (powder):
wavelength =    0.84000
U =   17.48770, V =   -2.83572, W =    0.57631
x =    0.00000, y =    0.00000
zeroshift =   -0.37138; zshift_a =    0.00000;
asymmetry parameters:    0.00000    0.00000    0.00000    0.00000
polarization of beam:  p_up =    0.83687, p_down =    0.83687
**********************************************************************
Integral intensities for phase Fe3O4 (scale is  0.0218424):
(NUCL2, MSFp2 and cross are in 10-24cm)
Ig size is 
  0.00000
 
Extinction is 
  0.00000  0.00000  0.00000  0.00000  0.00000  0.00000
 
  h  k  l mult   ReFN    NUCL2    MSFp2     cross     sthovl
  1  1  1   8   3.125    9.767  183.590    84.692   0.102
  structure factor tensor in local Cartesian system
   13.5495,   0.0000,   0.0000    + j *   -0.0000,  -0.0000,  -0.0000
    0.0000,  13.5495,   0.0000    + j *   -0.0000,  -0.0000,  -0.0000
    0.0000,   0.0000,  13.5495    + j *   -0.0000,  -0.0000,  -0.0000
  structure factor tensor after T transformation (invT * SFT * T)
   13.5495,  -0.0000,  -0.0000    + j *   -0.0000,   0.0000,   0.0000
   -0.0000,  13.5495,  -0.0000    + j *    0.0000,  -0.0000,   0.0000
    0.0000,   0.0000,  13.5495    + j *    0.0000,   0.0000,  -0.0000
  matrix T
   -0.7071,  -0.4082,   0.5774
    0.7071,  -0.4082,   0.5774
    0.0000,   0.8165,   0.5774
 
  h  k  l mult   ReFN    NUCL2    MSFp2     cross     sthovl
  2  0  0   6  -0.000    0.000    0.000     0.000   0.117
  structure factor tensor in local Cartesian system
   -0.0000,   0.0000,   0.0000    + j *    0.0000,   0.0000,   0.0000
    0.0000,  -0.0000,   0.0000    + j *    0.0000,   0.0000,   0.0000
    0.0000,   0.0000,  -0.0000    + j *    0.0000,   0.0000,   0.0000
  structure factor tensor after T transformation (invT * SFT * T)
   -0.0000,   0.0000,   0.0000    + j *    0.0000,   0.0000,   0.0000
    0.0000,  -0.0000,   0.0000    + j *    0.0000,   0.0000,   0.0000
    0.0000,   0.0000,  -0.0000    + j *    0.0000,   0.0000,   0.0000
  matrix T
    0.0000,  -0.0000,   1.0000
    1.0000,   0.0000,  -0.0000
    0.0000,   1.0000,   0.0000
 
  h  k  l mult   ReFN    NUCL2    MSFp2     cross     sthovl
  2  2  0  12  -7.639   58.362   48.622  -106.539   0.166
  structure factor tensor in local Cartesian system
    6.9730,   0.0000,   0.0000    + j *   -0.0000,  -0.0000,  -0.0000
    0.0000,   6.9730,   0.0000    + j *   -0.0000,  -0.0000,  -0.0000
    0.0000,   0.0000,   6.9730    + j *   -0.0000,  -0.0000,  -0.0000
  structure factor tensor after T transformation (invT * SFT * T)
    6.9730,  -0.0000,  -0.0000    + j *   -0.0000,   0.0000,   0.0000
   -0.0000,   6.9730,   0.0000    + j *    0.0000,  -0.0000,  -0.0000
    0.0000,   0.0000,   6.9730    + j *    0.0000,  -0.0000,  -0.0000
  matrix T
   -0.7071,  -0.0000,   0.7071
    0.7071,  -0.0000,   0.7071
    0.0000,   1.0000,   0.0000
 
  h  k  l mult   ReFN    NUCL2    MSFp2     cross     sthovl
  3  1  1  24 -12.600  158.757    3.191    45.013   0.194
  structure factor tensor in local Cartesian system
   -1.7862,  -0.0000,  -0.0000    + j *    0.0000,   0.0000,   0.0000
   -0.0000,  -1.7862,  -0.0000    + j *    0.0000,   0.0000,   0.0000
   -0.0000,  -0.0000,  -1.7862    + j *    0.0000,   0.0000,   0.0000
  structure factor tensor after T transformation (invT * SFT * T)
   -1.7862,   0.0000,  -0.0000    + j *    0.0000,  -0.0000,   0.0000
    0.0000,  -1.7862,  -0.0000    + j *   -0.0000,   0.0000,   0.0000
   -0.0000,  -0.0000,  -1.7862    + j *    0.0000,   0.0000,   0.0000
  matrix T
   -0.3162,  -0.2860,   0.9045
    0.9487,  -0.0953,   0.3015
    0.0000,   0.9535,   0.3015
 
  h  k  l mult   ReFN    NUCL2    MSFp2     cross     sthovl
  2  2  2   8  -3.331   11.092  152.097   -82.149   0.203
  structure factor tensor in local Cartesian system
   12.3328,   0.0000,   0.0000    + j *   -0.0000,  -0.0000,  -0.0000
    0.0000,  12.3328,   0.0000    + j *   -0.0000,  -0.0000,  -0.0000
    0.0000,   0.0000,  12.3328    + j *   -0.0000,  -0.0000,  -0.0000
  structure factor tensor after T transformation (invT * SFT * T)
   12.3328,  -0.0000,  -0.0000    + j *   -0.0000,   0.0000,   0.0000
   -0.0000,  12.3328,   0.0000    + j *    0.0000,  -0.0000,   0.0000
   -0.0000,   0.0000,  12.3328    + j *    0.0000,   0.0000,  -0.0000
  matrix T
   -0.7071,  -0.4082,   0.5774
    0.7071,  -0.4082,   0.5774
    0.0000,   0.8165,   0.5774
 
  h  k  l mult   ReFN    NUCL2    MSFp2     cross     sthovl
  4  0  0   6  25.971  674.474  280.153   869.381   0.234
  structure factor tensor in local Cartesian system
   16.7378,   0.0000,   0.0000    + j *   -0.0000,  -0.0000,  -0.0000
    0.0000,  16.7378,   0.0000    + j *   -0.0000,  -0.0000,  -0.0000
    0.0000,   0.0000,  16.7378    + j *   -0.0000,  -0.0000,  -0.0000
  structure factor tensor after T transformation (invT * SFT * T)
   16.7378,   0.0000,   0.0000    + j *   -0.0000,  -0.0000,  -0.0000
    0.0000,  16.7378,   0.0000    + j *   -0.0000,  -0.0000,  -0.0000
    0.0000,   0.0000,  16.7378    + j *   -0.0000,  -0.0000,  -0.0000
  matrix T
    0.0000,  -0.0000,   1.0000
    1.0000,   0.0000,  -0.0000
    0.0000,   1.0000,   0.0000
 
  h  k  l mult   ReFN    NUCL2    MSFp2     cross     sthovl
  3  3  1  24  -0.707    0.500   77.915    12.485   0.255
  structure factor tensor in local Cartesian system
   -8.8269,  -0.0000,  -0.0000    + j *    0.0000,   0.0000,   0.0000
   -0.0000,  -8.8269,  -0.0000    + j *    0.0000,   0.0000,   0.0000
   -0.0000,  -0.0000,  -8.8269    + j *    0.0000,   0.0000,   0.0000
  structure factor tensor after T transformation (invT * SFT * T)
   -8.8269,   0.0000,   0.0000    + j *    0.0000,  -0.0000,  -0.0000
    0.0000,  -8.8269,  -0.0000    + j *   -0.0000,   0.0000,   0.0000
    0.0000,  -0.0000,  -8.8269    + j *    0.0000,   0.0000,   0.0000
  matrix T
   -0.7071,  -0.1622,   0.6882
    0.7071,  -0.1622,   0.6882
    0.0000,   0.9733,   0.2294
 
  h  k  l mult   ReFN    NUCL2    MSFp2     cross     sthovl
  4  2  0  24  -0.000    0.000    0.000    -0.000   0.262
  structure factor tensor in local Cartesian system
    0.0000,   0.0000,   0.0000    + j *    0.0000,   0.0000,   0.0000
    0.0000,   0.0000,   0.0000    + j *    0.0000,   0.0000,   0.0000
    0.0000,   0.0000,   0.0000    + j *    0.0000,   0.0000,   0.0000
  structure factor tensor after T transformation (invT * SFT * T)
    0.0000,  -0.0000,   0.0000    + j *    0.0000,  -0.0000,   0.0000
   -0.0000,   0.0000,   0.0000    + j *   -0.0000,   0.0000,   0.0000
    0.0000,   0.0000,   0.0000    + j *    0.0000,   0.0000,   0.0000
  matrix T
   -0.4472,  -0.0000,   0.8944
    0.8944,  -0.0000,   0.4472
    0.0000,   1.0000,   0.0000
 
  h  k  l mult   ReFN    NUCL2    MSFp2     cross     sthovl
  4  2  2  24   7.481   55.968   21.155   -68.819   0.287
  structure factor tensor in local Cartesian system
   -4.5995,  -0.0000,  -0.0000    + j *    0.0000,   0.0000,   0.0000
   -0.0000,  -4.5995,  -0.0000    + j *    0.0000,   0.0000,   0.0000
   -0.0000,  -0.0000,  -4.5995    + j *    0.0000,   0.0000,   0.0000
  structure factor tensor after T transformation (invT * SFT * T)
   -4.5995,   0.0000,  -0.0000    + j *    0.0000,  -0.0000,   0.0000
    0.0000,  -4.5995,  -0.0000    + j *   -0.0000,   0.0000,   0.0000
   -0.0000,  -0.0000,  -4.5995    + j *    0.0000,   0.0000,   0.0000
  matrix T
   -0.4472,  -0.3651,   0.8165
    0.8944,  -0.1826,   0.4082
    0.0000,   0.9129,   0.4082
 
  h  k  l mult   ReFN    NUCL2    MSFp2     cross     sthovl
  3  3  3   8  10.192  103.880    1.408    24.187   0.305
  structure factor tensor in local Cartesian system
    1.1866,   0.0000,   0.0000    + j *   -0.0000,  -0.0000,  -0.0000
    0.0000,   1.1866,   0.0000    + j *   -0.0000,  -0.0000,  -0.0000
    0.0000,   0.0000,   1.1866    + j *   -0.0000,  -0.0000,  -0.0000
  structure factor tensor after T transformation (invT * SFT * T)
    1.1866,  -0.0000,  -0.0000    + j *   -0.0000,   0.0000,  -0.0000
   -0.0000,   1.1866,   0.0000    + j *    0.0000,  -0.0000,   0.0000
   -0.0000,   0.0000,   1.1866    + j *    0.0000,   0.0000,  -0.0000
  matrix T
   -0.7071,  -0.4082,   0.5774
    0.7071,  -0.4082,   0.5774
    0.0000,   0.8165,   0.5774
 
  h  k  l mult   ReFN    NUCL2    MSFp2     cross     sthovl
  5  1  1  24  15.018  225.540    1.408    35.639   0.305
  structure factor tensor in local Cartesian system
    1.1866,   0.0000,   0.0000    + j *   -0.0000,  -0.0000,  -0.0000
    0.0000,   1.1866,   0.0000    + j *   -0.0000,  -0.0000,  -0.0000
    0.0000,   0.0000,   1.1866    + j *   -0.0000,  -0.0000,  -0.0000
  structure factor tensor after T transformation (invT * SFT * T)
    1.1866,  -0.0000,   0.0000    + j *   -0.0000,   0.0000,  -0.0000
    0.0000,   1.1866,   0.0000    + j *    0.0000,  -0.0000,  -0.0000
    0.0000,   0.0000,   1.1866    + j *   -0.0000,  -0.0000,  -0.0000
  matrix T
   -0.1961,  -0.1887,   0.9623
    0.9806,  -0.0377,   0.1925
    0.0000,   0.9813,   0.1925
 
  h  k  l mult   ReFN    NUCL2    MSFp2     cross     sthovl
  4  4  0  12  40.933 1675.513   13.475   300.522   0.332
  structure factor tensor in local Cartesian system
    3.6709,   0.0000,   0.0000    + j *   -0.0000,  -0.0000,  -0.0000
    0.0000,   3.6709,   0.0000    + j *   -0.0000,  -0.0000,  -0.0000
    0.0000,   0.0000,   3.6709    + j *   -0.0000,  -0.0000,  -0.0000
  structure factor tensor after T transformation (invT * SFT * T)
    3.6709,  -0.0000,  -0.0000    + j *   -0.0000,   0.0000,   0.0000
   -0.0000,   3.6709,   0.0000    + j *    0.0000,  -0.0000,  -0.0000
    0.0000,   0.0000,   3.6709    + j *    0.0000,  -0.0000,  -0.0000
  matrix T
   -0.7071,  -0.0000,   0.7071
    0.7071,  -0.0000,   0.7071
    0.0000,   1.0000,   0.0000
 
  h  k  l mult   ReFN    NUCL2    MSFp2     cross     sthovl
  5  3  1  48  -3.115    9.703   35.579    37.160   0.347
  structure factor tensor in local Cartesian system
   -5.9648,  -0.0000,  -0.0000    + j *    0.0000,   0.0000,   0.0000
   -0.0000,  -5.9648,  -0.0000    + j *    0.0000,   0.0000,   0.0000
   -0.0000,  -0.0000,  -5.9648    + j *    0.0000,   0.0000,   0.0000
  structure factor tensor after T transformation (invT * SFT * T)
   -5.9648,   0.0000,   0.0000    + j *    0.0000,  -0.0000,  -0.0000
    0.0000,  -5.9648,  -0.0000    + j *   -0.0000,   0.0000,   0.0000
   -0.0000,  -0.0000,  -5.9648    + j *   -0.0000,   0.0000,   0.0000
  matrix T
   -0.5145,  -0.1449,   0.8452
    0.8575,  -0.0870,   0.5071
    0.0000,   0.9856,   0.1690
 
  h  k  l mult   ReFN    NUCL2    MSFp2     cross     sthovl
  4  4  2  24   0.316    0.100    0.000     0.000   0.352
  structure factor tensor in local Cartesian system
    0.0000,   0.0000,   0.0000    + j *   -0.0000,  -0.0000,  -0.0000
    0.0000,   0.0000,   0.0000    + j *   -0.0000,  -0.0000,  -0.0000
    0.0000,   0.0000,   0.0000    + j *   -0.0000,  -0.0000,  -0.0000
  structure factor tensor after T transformation (invT * SFT * T)
    0.0000,  -0.0000,  -0.0000    + j *   -0.0000,   0.0000,   0.0000
   -0.0000,   0.0000,   0.0000    + j *    0.0000,  -0.0000,  -0.0000
    0.0000,   0.0000,   0.0000    + j *    0.0000,  -0.0000,  -0.0000
  matrix T
   -0.7071,  -0.2357,   0.6667
    0.7071,  -0.2357,   0.6667
    0.0000,   0.9428,   0.3333
 
  h  k  l mult   ReFN    NUCL2    MSFp2     cross     sthovl
  6  0  0   6  -0.000    0.000    0.000    -0.000   0.352
  structure factor tensor in local Cartesian system
    0.0000,   0.0000,   0.0000    + j *    0.0000,   0.0000,   0.0000
    0.0000,   0.0000,   0.0000    + j *    0.0000,   0.0000,   0.0000
    0.0000,   0.0000,   0.0000    + j *    0.0000,   0.0000,   0.0000
  structure factor tensor after T transformation (invT * SFT * T)
    0.0000,   0.0000,   0.0000    + j *    0.0000,   0.0000,   0.0000
    0.0000,   0.0000,   0.0000    + j *    0.0000,   0.0000,   0.0000
    0.0000,   0.0000,   0.0000    + j *    0.0000,   0.0000,   0.0000
  matrix T
    0.0000,  -0.0000,   1.0000
    1.0000,   0.0000,  -0.0000
    0.0000,   1.0000,   0.0000
 
  h  k  l mult   ReFN    NUCL2    MSFp2     cross     sthovl
  6  2  0  24   7.323   53.625    9.844   -45.952   0.371
  structure factor tensor in local Cartesian system
   -3.1375,  -0.0000,  -0.0000    + j *    0.0000,   0.0000,   0.0000
   -0.0000,  -3.1375,  -0.0000    + j *    0.0000,   0.0000,   0.0000
   -0.0000,  -0.0000,  -3.1375    + j *    0.0000,   0.0000,   0.0000
  structure factor tensor after T transformation (invT * SFT * T)
   -3.1375,  -0.0000,  -0.0000    + j *    0.0000,   0.0000,   0.0000
   -0.0000,  -3.1375,  -0.0000    + j *    0.0000,   0.0000,   0.0000
   -0.0000,  -0.0000,  -3.1375    + j *    0.0000,   0.0000,   0.0000
  matrix T
   -0.3162,  -0.0000,   0.9487
    0.9487,  -0.0000,   0.3162
    0.0000,   1.0000,   0.0000
 
  h  k  l mult   ReFN    NUCL2    MSFp2     cross     sthovl
  5  3  3  24 -12.631  159.540    0.662    20.553   0.384
  structure factor tensor in local Cartesian system
   -0.8136,  -0.0000,  -0.0000    + j *    0.0000,   0.0000,   0.0000
   -0.0000,  -0.8136,  -0.0000    + j *    0.0000,   0.0000,   0.0000
   -0.0000,  -0.0000,  -0.8136    + j *    0.0000,   0.0000,   0.0000
  structure factor tensor after T transformation (invT * SFT * T)
   -0.8136,   0.0000,  -0.0000    + j *    0.0000,  -0.0000,  -0.0000
    0.0000,  -0.8136,   0.0000    + j *   -0.0000,   0.0000,  -0.0000
    0.0000,   0.0000,  -0.8136    + j *   -0.0000,  -0.0000,   0.0000
  matrix T
   -0.5145,  -0.3923,   0.7625
    0.8575,  -0.2354,   0.4575
    0.0000,   0.8892,   0.4575
 
  h  k  l mult   ReFN    NUCL2    MSFp2     cross     sthovl
  6  2  2  24  -3.015    9.088   31.804   -34.002   0.389
  structure factor tensor in local Cartesian system
    5.6395,   0.0000,   0.0000    + j *   -0.0000,  -0.0000,  -0.0000
    0.0000,   5.6395,   0.0000    + j *   -0.0000,  -0.0000,  -0.0000
    0.0000,   0.0000,   5.6395    + j *   -0.0000,  -0.0000,  -0.0000
  structure factor tensor after T transformation (invT * SFT * T)
    5.6395,  -0.0000,   0.0000    + j *   -0.0000,   0.0000,  -0.0000
   -0.0000,   5.6395,   0.0000    + j *    0.0000,  -0.0000,  -0.0000
    0.0000,   0.0000,   5.6395    + j *   -0.0000,  -0.0000,  -0.0000
  matrix T
   -0.3162,  -0.2860,   0.9045
    0.9487,  -0.0953,   0.3015
    0.0000,   0.9535,   0.3015
 
  h  k  l mult   ReFN    NUCL2    MSFp2     cross     sthovl
  4  4  4   8  25.657  658.270   60.351   398.635   0.406
  structure factor tensor in local Cartesian system
    7.7686,   0.0000,   0.0000    + j *   -0.0000,  -0.0000,  -0.0000
    0.0000,   7.7686,   0.0000    + j *   -0.0000,  -0.0000,  -0.0000
    0.0000,   0.0000,   7.7686    + j *   -0.0000,  -0.0000,  -0.0000
  structure factor tensor after T transformation (invT * SFT * T)
    7.7686,  -0.0000,  -0.0000    + j *   -0.0000,   0.0000,   0.0000
   -0.0000,   7.7686,  -0.0000    + j *    0.0000,  -0.0000,   0.0000
   -0.0000,  -0.0000,   7.7686    + j *    0.0000,   0.0000,  -0.0000
  matrix T
   -0.7071,  -0.4082,   0.5774
    0.7071,  -0.4082,   0.5774
    0.0000,   0.8165,   0.5774
 
  h  k  l mult   ReFN    NUCL2    MSFp2     cross     sthovl
  5  5  1  24   5.502   30.272   17.135    45.551   0.419
  structure factor tensor in local Cartesian system
    4.1395,   0.0000,   0.0000    + j *   -0.0000,  -0.0000,  -0.0000
    0.0000,   4.1395,   0.0000    + j *   -0.0000,  -0.0000,  -0.0000
    0.0000,   0.0000,   4.1395    + j *   -0.0000,  -0.0000,  -0.0000
  structure factor tensor after T transformation (invT * SFT * T)
    4.1395,  -0.0000,  -0.0000    + j *   -0.0000,   0.0000,   0.0000
   -0.0000,   4.1395,   0.0000    + j *    0.0000,  -0.0000,  -0.0000
    0.0000,   0.0000,   4.1395    + j *    0.0000,  -0.0000,  -0.0000
  matrix T
   -0.7071,  -0.0990,   0.7001
    0.7071,  -0.0990,   0.7001
    0.0000,   0.9901,   0.1400
 
  h  k  l mult   ReFN    NUCL2    MSFp2     cross     sthovl
  7  1  1  24  -0.697    0.486   17.135     5.769   0.419
  structure factor tensor in local Cartesian system
   -4.1395,  -0.0000,  -0.0000    + j *    0.0000,   0.0000,   0.0000
   -0.0000,  -4.1395,  -0.0000    + j *    0.0000,   0.0000,   0.0000
   -0.0000,  -0.0000,  -4.1395    + j *    0.0000,   0.0000,   0.0000
  structure factor tensor after T transformation (invT * SFT * T)
   -4.1395,  -0.0000,  -0.0000    + j *    0.0000,   0.0000,   0.0000
   -0.0000,  -4.1395,  -0.0000    + j *    0.0000,   0.0000,   0.0000
   -0.0000,  -0.0000,  -4.1395    + j *    0.0000,   0.0000,   0.0000
  matrix T
   -0.1414,  -0.1386,   0.9802
    0.9899,  -0.0198,   0.1400
    0.0000,   0.9901,   0.1400
 
  h  k  l mult   ReFN    NUCL2    MSFp2     cross     sthovl
  6  4  0  24  -0.000    0.000    0.000    -0.000   0.423
  structure factor tensor in local Cartesian system
    0.0000,   0.0000,   0.0000    + j *    0.0000,   0.0000,   0.0000
    0.0000,   0.0000,   0.0000    + j *    0.0000,   0.0000,   0.0000
    0.0000,   0.0000,   0.0000    + j *    0.0000,   0.0000,   0.0000
  structure factor tensor after T transformation (invT * SFT * T)
    0.0000,  -0.0000,   0.0000    + j *    0.0000,  -0.0000,   0.0000
   -0.0000,   0.0000,   0.0000    + j *   -0.0000,   0.0000,   0.0000
    0.0000,   0.0000,   0.0000    + j *    0.0000,   0.0000,   0.0000
  matrix T
   -0.5547,  -0.0000,   0.8321
    0.8321,  -0.0000,   0.5547
    0.0000,   1.0000,   0.0000
 
  h  k  l mult   ReFN    NUCL2    MSFp2     cross     sthovl
  6  4  2  48  -7.795   60.763    4.800   -34.157   0.439
  structure factor tensor in local Cartesian system
    2.1910,   0.0000,   0.0000    + j *   -0.0000,  -0.0000,  -0.0000
    0.0000,   2.1910,   0.0000    + j *   -0.0000,  -0.0000,  -0.0000
    0.0000,   0.0000,   2.1910    + j *   -0.0000,  -0.0000,  -0.0000
  structure factor tensor after T transformation (invT * SFT * T)
    2.1910,  -0.0000,   0.0000    + j *   -0.0000,   0.0000,  -0.0000
   -0.0000,   2.1910,   0.0000    + j *    0.0000,  -0.0000,  -0.0000
    0.0000,   0.0000,   2.1910    + j *   -0.0000,  -0.0000,  -0.0000
  matrix T
   -0.5547,  -0.2224,   0.8018
    0.8321,  -0.1482,   0.5345
    0.0000,   0.9636,   0.2673
 
  h  k  l mult   ReFN    NUCL2    MSFp2     cross     sthovl
  7  3  1  48 -10.223  104.514    0.325    11.654   0.450
  structure factor tensor in local Cartesian system
   -0.5700,  -0.0000,  -0.0000    + j *   -0.0000,  -0.0000,  -0.0000
   -0.0000,  -0.5700,  -0.0000    + j *   -0.0000,  -0.0000,  -0.0000
   -0.0000,  -0.0000,  -0.5700    + j *   -0.0000,  -0.0000,  -0.0000
  structure factor tensor after T transformation (invT * SFT * T)
   -0.5700,   0.0000,  -0.0000    + j *   -0.0000,   0.0000,   0.0000
    0.0000,  -0.5700,  -0.0000    + j *    0.0000,  -0.0000,  -0.0000
   -0.0000,  -0.0000,  -0.5700    + j *   -0.0000,  -0.0000,  -0.0000
  matrix T
   -0.3939,  -0.1197,   0.9113
    0.9191,  -0.0513,   0.3906
    0.0000,   0.9915,   0.1302
 
  h  k  l mult   ReFN    NUCL2    MSFp2     cross     sthovl
  5  5  3  24 -14.966  223.993    0.325    17.062   0.450
  structure factor tensor in local Cartesian system
   -0.5700,  -0.0000,  -0.0000    + j *   -0.0000,  -0.0000,  -0.0000
   -0.0000,  -0.5700,  -0.0000    + j *   -0.0000,  -0.0000,  -0.0000
   -0.0000,  -0.0000,  -0.5700    + j *   -0.0000,  -0.0000,  -0.0000
  structure factor tensor after T transformation (invT * SFT * T)
   -0.5700,   0.0000,   0.0000    + j *   -0.0000,   0.0000,   0.0000
    0.0000,  -0.5700,  -0.0000    + j *    0.0000,  -0.0000,   0.0000
    0.0000,  -0.0000,  -0.5700    + j *    0.0000,  -0.0000,  -0.0000
  matrix T
   -0.7071,  -0.2762,   0.6509
    0.7071,  -0.2762,   0.6509
    0.0000,   0.9206,   0.3906
 
  h  k  l mult   ReFN    NUCL2    MSFp2     cross     sthovl
  8  0  0   6  40.616 1649.696    3.188   145.047   0.469
  structure factor tensor in local Cartesian system
    1.7856,   0.0000,   0.0000    + j *   -0.0000,  -0.0000,  -0.0000
    0.0000,   1.7856,   0.0000    + j *   -0.0000,  -0.0000,  -0.0000
    0.0000,   0.0000,   1.7856    + j *   -0.0000,  -0.0000,  -0.0000
  structure factor tensor after T transformation (invT * SFT * T)
    1.7856,   0.0000,   0.0000    + j *   -0.0000,  -0.0000,  -0.0000
    0.0000,   1.7856,   0.0000    + j *   -0.0000,  -0.0000,  -0.0000
    0.0000,   0.0000,   1.7856    + j *   -0.0000,  -0.0000,  -0.0000
  matrix T
    0.0000,  -0.0000,   1.0000
    1.0000,   0.0000,  -0.0000
    0.0000,   1.0000,   0.0000
 
  h  k  l mult   ReFN    NUCL2    MSFp2     cross     sthovl
  7  3  3  24  -1.659    2.753    8.529    -9.692   0.480
  structure factor tensor in local Cartesian system
    2.9204,   0.0000,   0.0000    + j *   -0.0000,  -0.0000,  -0.0000
    0.0000,   2.9204,   0.0000    + j *   -0.0000,  -0.0000,  -0.0000
    0.0000,   0.0000,   2.9204    + j *   -0.0000,  -0.0000,  -0.0000
  structure factor tensor after T transformation (invT * SFT * T)
    2.9204,  -0.0000,   0.0000    + j *   -0.0000,   0.0000,  -0.0000
   -0.0000,   2.9204,   0.0000    + j *    0.0000,  -0.0000,  -0.0000
    0.0000,   0.0000,   2.9204    + j *   -0.0000,  -0.0000,  -0.0000
  matrix T
   -0.3939,  -0.3369,   0.8552
    0.9191,  -0.1444,   0.3665
    0.0000,   0.9304,   0.3665
 
  h  k  l mult   ReFN    NUCL2    MSFp2     cross     sthovl
  8  2  0  24  -0.000    0.000    0.000    -0.000   0.483
  structure factor tensor in local Cartesian system
    0.0000,   0.0000,   0.0000    + j *    0.0000,   0.0000,   0.0000
    0.0000,   0.0000,   0.0000    + j *    0.0000,   0.0000,   0.0000
    0.0000,   0.0000,   0.0000    + j *    0.0000,   0.0000,   0.0000
  structure factor tensor after T transformation (invT * SFT * T)
    0.0000,   0.0000,   0.0000    + j *    0.0000,   0.0000,   0.0000
    0.0000,   0.0000,   0.0000    + j *    0.0000,   0.0000,   0.0000
    0.0000,   0.0000,   0.0000    + j *    0.0000,   0.0000,   0.0000
  matrix T
   -0.2425,  -0.0000,   0.9701
    0.9701,  -0.0000,   0.2425
    0.0000,   1.0000,   0.0000
 
  h  k  l mult   ReFN    NUCL2    MSFp2     cross     sthovl
  6  4  4  24   0.310    0.096    0.000    -0.000   0.483
  structure factor tensor in local Cartesian system
   -0.0000,  -0.0000,  -0.0000    + j *    0.0000,   0.0000,   0.0000
   -0.0000,  -0.0000,  -0.0000    + j *    0.0000,   0.0000,   0.0000
   -0.0000,  -0.0000,  -0.0000    + j *    0.0000,   0.0000,   0.0000
  structure factor tensor after T transformation (invT * SFT * T)
   -0.0000,   0.0000,  -0.0000    + j *    0.0000,  -0.0000,  -0.0000
    0.0000,  -0.0000,   0.0000    + j *   -0.0000,   0.0000,   0.0000
    0.0000,  -0.0000,  -0.0000    + j *    0.0000,   0.0000,   0.0000
  matrix T
   -0.5547,  -0.4036,   0.7276
    0.8321,  -0.2691,   0.4851
    0.0000,   0.8745,   0.4851
 
  h  k  l mult   ReFN    NUCL2    MSFp2     cross     sthovl
  6  6  0  12  -8.267   68.347    2.404   -25.639   0.497
  structure factor tensor in local Cartesian system
    1.5506,   0.0000,   0.0000    + j *   -0.0000,  -0.0000,  -0.0000
    0.0000,   1.5506,   0.0000    + j *   -0.0000,  -0.0000,  -0.0000
    0.0000,   0.0000,   1.5506    + j *   -0.0000,  -0.0000,  -0.0000
  structure factor tensor after T transformation (invT * SFT * T)
    1.5506,  -0.0000,  -0.0000    + j *   -0.0000,   0.0000,   0.0000
   -0.0000,   1.5506,   0.0000    + j *    0.0000,  -0.0000,  -0.0000
    0.0000,   0.0000,   1.5506    + j *    0.0000,  -0.0000,  -0.0000
  matrix T
   -0.7071,  -0.0000,   0.7071
    0.7071,  -0.0000,   0.7071
    0.0000,   1.0000,   0.0000
 
  h  k  l mult   ReFN    NUCL2    MSFp2     cross     sthovl
  8  2  2  24  -7.637   58.320    2.404   -23.684   0.497
  structure factor tensor in local Cartesian system
    1.5506,   0.0000,   0.0000    + j *   -0.0000,  -0.0000,  -0.0000
    0.0000,   1.5506,   0.0000    + j *   -0.0000,  -0.0000,  -0.0000
    0.0000,   0.0000,   1.5506    + j *   -0.0000,  -0.0000,  -0.0000
  structure factor tensor after T transformation (invT * SFT * T)
    1.5506,  -0.0000,   0.0000    + j *   -0.0000,   0.0000,  -0.0000
   -0.0000,   1.5506,   0.0000    + j *    0.0000,  -0.0000,  -0.0000
    0.0000,   0.0000,   1.5506    + j *   -0.0000,  -0.0000,  -0.0000
  matrix T
   -0.2425,  -0.2287,   0.9428
    0.9701,  -0.0572,   0.2357
    0.0000,   0.9718,   0.2357
 
  h  k  l mult   ReFN    NUCL2    MSFp2     cross     sthovl
  7  5  1  48 -12.579  158.240    0.163    10.164   0.508
  structure factor tensor in local Cartesian system
   -0.4040,  -0.0000,  -0.0000    + j *   -0.0000,  -0.0000,  -0.0000
   -0.0000,  -0.4040,  -0.0000    + j *   -0.0000,  -0.0000,  -0.0000
   -0.0000,  -0.0000,  -0.4040    + j *   -0.0000,  -0.0000,  -0.0000
  structure factor tensor after T transformation (invT * SFT * T)
   -0.4040,   0.0000,  -0.0000    + j *   -0.0000,   0.0000,  -0.0000
    0.0000,  -0.4040,  -0.0000    + j *    0.0000,  -0.0000,  -0.0000
    0.0000,  -0.0000,  -0.4040    + j *   -0.0000,  -0.0000,  -0.0000
  matrix T
   -0.5812,  -0.0940,   0.8083
    0.8137,  -0.0671,   0.5774
    0.0000,   0.9933,   0.1155
 
  h  k  l mult   ReFN    NUCL2    MSFp2     cross     sthovl
  5  5  5   8  17.364  301.515    0.163    14.030   0.508
  structure factor tensor in local Cartesian system
    0.4040,   0.0000,   0.0000    + j *   -0.0000,  -0.0000,  -0.0000
    0.0000,   0.4040,   0.0000    + j *   -0.0000,  -0.0000,  -0.0000
    0.0000,   0.0000,   0.4040    + j *   -0.0000,  -0.0000,  -0.0000
  structure factor tensor after T transformation (invT * SFT * T)
    0.4040,  -0.0000,  -0.0000    + j *   -0.0000,   0.0000,   0.0000
   -0.0000,   0.4040,  -0.0000    + j *    0.0000,  -0.0000,   0.0000
    0.0000,   0.0000,   0.4040    + j *    0.0000,   0.0000,  -0.0000
  matrix T
   -0.7071,  -0.4082,   0.5774
    0.7071,  -0.4082,   0.5774
    0.0000,   0.8165,   0.5774
 
  h  k  l mult   ReFN    NUCL2    MSFp2     cross     sthovl
  6  6  2  24  -2.704    7.312    7.864   -15.166   0.511
  structure factor tensor in local Cartesian system
    2.8043,   0.0000,   0.0000    + j *   -0.0000,  -0.0000,  -0.0000
    0.0000,   2.8043,   0.0000    + j *   -0.0000,  -0.0000,  -0.0000
    0.0000,   0.0000,   2.8043    + j *   -0.0000,  -0.0000,  -0.0000
  structure factor tensor after T transformation (invT * SFT * T)
    2.8043,  -0.0000,  -0.0000    + j *   -0.0000,   0.0000,  -0.0000
   -0.0000,   2.8043,   0.0000    + j *    0.0000,  -0.0000,  -0.0000
    0.0000,   0.0000,   2.8043    + j *    0.0000,  -0.0000,  -0.0000
  matrix T
   -0.7071,  -0.1622,   0.6882
    0.7071,  -0.1622,   0.6882
    0.0000,   0.9733,   0.2294
 
  h  k  l mult   ReFN    NUCL2    MSFp2     cross     sthovl
  8  4  0  24  25.343  642.263   15.072   196.777   0.524
  structure factor tensor in local Cartesian system
    3.8823,   0.0000,   0.0000    + j *   -0.0000,  -0.0000,  -0.0000
    0.0000,   3.8823,   0.0000    + j *   -0.0000,  -0.0000,  -0.0000
    0.0000,   0.0000,   3.8823    + j *   -0.0000,  -0.0000,  -0.0000
  structure factor tensor after T transformation (invT * SFT * T)
    3.8823,  -0.0000,   0.0000    + j *   -0.0000,   0.0000,  -0.0000
   -0.0000,   3.8823,   0.0000    + j *    0.0000,  -0.0000,  -0.0000
    0.0000,   0.0000,   3.8823    + j *   -0.0000,  -0.0000,  -0.0000
  matrix T
   -0.4472,  -0.0000,   0.8944
    0.8944,  -0.0000,   0.4472
    0.0000,   1.0000,   0.0000
 
  h  k  l mult   ReFN    NUCL2    MSFp2     cross     sthovl
  7  5  3  48  -0.769    0.591    4.305     3.190   0.534
  structure factor tensor in local Cartesian system
   -2.0748,  -0.0000,  -0.0000    + j *    0.0000,   0.0000,   0.0000
   -0.0000,  -2.0748,  -0.0000    + j *    0.0000,   0.0000,   0.0000
   -0.0000,  -0.0000,  -2.0748    + j *    0.0000,   0.0000,   0.0000
  structure factor tensor after T transformation (invT * SFT * T)
   -2.0748,   0.0000,  -0.0000    + j *    0.0000,  -0.0000,   0.0000
    0.0000,  -2.0748,   0.0000    + j *   -0.0000,   0.0000,   0.0000
   -0.0000,  -0.0000,  -2.0748    + j *    0.0000,   0.0000,   0.0000
  matrix T
   -0.5812,  -0.2680,   0.7683
    0.8137,  -0.1914,   0.5488
    0.0000,   0.9442,   0.3293
 
  h  k  l mult   ReFN    NUCL2    MSFp2     cross     sthovl
  9  1  1  24   5.492   30.158    4.305    22.788   0.534
  structure factor tensor in local Cartesian system
    2.0748,   0.0000,   0.0000    + j *   -0.0000,  -0.0000,  -0.0000
    0.0000,   2.0748,   0.0000    + j *   -0.0000,  -0.0000,  -0.0000
    0.0000,   0.0000,   2.0748    + j *   -0.0000,  -0.0000,  -0.0000
  structure factor tensor after T transformation (invT * SFT * T)
    2.0748,   0.0000,   0.0000    + j *   -0.0000,  -0.0000,  -0.0000
    0.0000,   2.0748,   0.0000    + j *   -0.0000,  -0.0000,  -0.0000
    0.0000,   0.0000,   2.0748    + j *   -0.0000,  -0.0000,  -0.0000
  matrix T
   -0.1104,  -0.1091,   0.9879
    0.9939,  -0.0121,   0.1098
    0.0000,   0.9940,   0.1098
 
  h  k  l mult   ReFN    NUCL2    MSFp2     cross     sthovl
  8  4  2  48   0.626    0.392    0.000     0.000   0.537
  structure factor tensor in local Cartesian system
    0.0000,   0.0000,   0.0000    + j *    0.0000,   0.0000,   0.0000
    0.0000,   0.0000,   0.0000    + j *    0.0000,   0.0000,   0.0000
    0.0000,   0.0000,   0.0000    + j *    0.0000,   0.0000,   0.0000
  structure factor tensor after T transformation (invT * SFT * T)
    0.0000,  -0.0000,   0.0000    + j *    0.0000,  -0.0000,   0.0000
   -0.0000,   0.0000,   0.0000    + j *   -0.0000,   0.0000,   0.0000
    0.0000,   0.0000,   0.0000    + j *    0.0000,   0.0000,   0.0000
  matrix T
   -0.4472,  -0.1952,   0.8729
    0.8944,  -0.0976,   0.4364
    0.0000,   0.9759,   0.2182
 
  h  k  l mult   ReFN    NUCL2    MSFp2     cross     sthovl
  6  6  4  24   6.859   47.044    1.214   -15.117   0.550
  structure factor tensor in local Cartesian system
   -1.1020,  -0.0000,  -0.0000    + j *    0.0000,   0.0000,   0.0000
   -0.0000,  -1.1020,  -0.0000    + j *    0.0000,   0.0000,   0.0000
   -0.0000,  -0.0000,  -1.1020    + j *    0.0000,   0.0000,   0.0000
  structure factor tensor after T transformation (invT * SFT * T)
   -1.1020,   0.0000,   0.0000    + j *    0.0000,  -0.0000,  -0.0000
    0.0000,  -1.1020,   0.0000    + j *   -0.0000,   0.0000,   0.0000
    0.0000,   0.0000,  -1.1020    + j *   -0.0000,   0.0000,   0.0000
  matrix T
   -0.7071,  -0.3015,   0.6396
    0.7071,  -0.3015,   0.6396
    0.0000,   0.9045,   0.4264
 
  h  k  l mult   ReFN    NUCL2    MSFp2     cross     sthovl
  9  3  1  48 -14.997  224.923    0.082     8.610   0.559
  structure factor tensor in local Cartesian system
   -0.2871,  -0.0000,  -0.0000    + j *   -0.0000,  -0.0000,  -0.0000
   -0.0000,  -0.2871,  -0.0000    + j *   -0.0000,  -0.0000,  -0.0000
   -0.0000,  -0.0000,  -0.2871    + j *   -0.0000,  -0.0000,  -0.0000
  structure factor tensor after T transformation (invT * SFT * T)
   -0.2871,   0.0000,  -0.0000    + j *   -0.0000,   0.0000,  -0.0000
    0.0000,  -0.2871,  -0.0000    + j *    0.0000,  -0.0000,  -0.0000
   -0.0000,  -0.0000,  -0.2871    + j *   -0.0000,  -0.0000,  -0.0000
  matrix T
   -0.3162,  -0.0994,   0.9435
    0.9487,  -0.0331,   0.3145
    0.0000,   0.9945,   0.1048
 
  h  k  l mult   ReFN    NUCL2    MSFp2     cross     sthovl
  8  4  4  24  40.311 1624.950    0.810    72.547   0.574
  structure factor tensor in local Cartesian system
    0.8998,   0.0000,   0.0000    + j *   -0.0000,  -0.0000,  -0.0000
    0.0000,   0.8998,   0.0000    + j *   -0.0000,  -0.0000,  -0.0000
    0.0000,   0.0000,   0.8998    + j *   -0.0000,  -0.0000,  -0.0000
  structure factor tensor after T transformation (invT * SFT * T)
    0.8998,  -0.0000,  -0.0000    + j *   -0.0000,   0.0000,  -0.0000
   -0.0000,   0.8998,   0.0000    + j *    0.0000,  -0.0000,  -0.0000
    0.0000,   0.0000,   0.8998    + j *   -0.0000,  -0.0000,  -0.0000
  matrix T
   -0.4472,  -0.3651,   0.8165
    0.8944,  -0.1826,   0.4082
    0.0000,   0.9129,   0.4082
 
  h  k  l mult   ReFN    NUCL2    MSFp2     cross     sthovl
  7  7  1  24   1.587    2.520    2.164    -4.671   0.583
  structure factor tensor in local Cartesian system
   -1.4711,  -0.0000,  -0.0000    + j *    0.0000,   0.0000,   0.0000
   -0.0000,  -1.4711,  -0.0000    + j *    0.0000,   0.0000,   0.0000
   -0.0000,  -0.0000,  -1.4711    + j *    0.0000,   0.0000,   0.0000
  structure factor tensor after T transformation (invT * SFT * T)
   -1.4711,   0.0000,  -0.0000    + j *    0.0000,  -0.0000,  -0.0000
    0.0000,  -1.4711,  -0.0000    + j *   -0.0000,   0.0000,   0.0000
    0.0000,  -0.0000,  -1.4711    + j *    0.0000,   0.0000,   0.0000
  matrix T
   -0.7071,  -0.0711,   0.7035
    0.7071,  -0.0711,   0.7035
    0.0000,   0.9949,   0.1005
 
  h  k  l mult   ReFN    NUCL2    MSFp2     cross     sthovl
  9  3  3  24  -3.176   10.090    2.164     9.346   0.583
  structure factor tensor in local Cartesian system
   -1.4711,  -0.0000,  -0.0000    + j *    0.0000,   0.0000,   0.0000
   -0.0000,  -1.4711,  -0.0000    + j *    0.0000,   0.0000,   0.0000
   -0.0000,  -0.0000,  -1.4711    + j *    0.0000,   0.0000,   0.0000
  structure factor tensor after T transformation (invT * SFT * T)
   -1.4711,   0.0000,  -0.0000    + j *    0.0000,  -0.0000,   0.0000
    0.0000,  -1.4711,  -0.0000    + j *   -0.0000,   0.0000,   0.0000
   -0.0000,  -0.0000,  -1.4711    + j *    0.0000,   0.0000,   0.0000
  matrix T
   -0.3162,  -0.2860,   0.9045
    0.9487,  -0.0953,   0.3015
    0.0000,   0.9535,   0.3015
 
  h  k  l mult   ReFN    NUCL2    MSFp2     cross     sthovl
  7  5  5  24  -3.013    9.076    2.164     8.864   0.583
  structure factor tensor in local Cartesian system
   -1.4711,  -0.0000,  -0.0000    + j *    0.0000,   0.0000,   0.0000
   -0.0000,  -1.4711,  -0.0000    + j *    0.0000,   0.0000,   0.0000
   -0.0000,  -0.0000,  -1.4711    + j *    0.0000,   0.0000,   0.0000
  structure factor tensor after T transformation (invT * SFT * T)
   -1.4711,   0.0000,  -0.0000    + j *    0.0000,  -0.0000,  -0.0000
    0.0000,  -1.4711,   0.0000    + j *   -0.0000,   0.0000,   0.0000
    0.0000,   0.0000,  -1.4711    + j *   -0.0000,  -0.0000,   0.0000
  matrix T
   -0.5812,  -0.4089,   0.7035
    0.8137,  -0.2921,   0.5025
    0.0000,   0.8646,   0.5025
 
  h  k  l mult   ReFN    NUCL2    MSFp2     cross     sthovl
 10  0  0   6  -0.000    0.000    0.000    -0.000   0.586
  structure factor tensor in local Cartesian system
    0.0000,   0.0000,   0.0000    + j *    0.0000,   0.0000,   0.0000
    0.0000,   0.0000,   0.0000    + j *    0.0000,   0.0000,   0.0000
    0.0000,   0.0000,   0.0000    + j *    0.0000,   0.0000,   0.0000
  structure factor tensor after T transformation (invT * SFT * T)
    0.0000,   0.0000,   0.0000    + j *    0.0000,   0.0000,   0.0000
    0.0000,   0.0000,   0.0000    + j *    0.0000,   0.0000,   0.0000
    0.0000,   0.0000,   0.0000    + j *    0.0000,   0.0000,   0.0000
  matrix T
    0.0000,  -0.0000,   1.0000
    1.0000,   0.0000,  -0.0000
    0.0000,   1.0000,   0.0000
 
  h  k  l mult   ReFN    NUCL2    MSFp2     cross     sthovl
  8  6  0  24  -0.000    0.000    0.000    -0.000   0.586
  structure factor tensor in local Cartesian system
    0.0000,   0.0000,   0.0000    + j *   -0.0000,  -0.0000,  -0.0000
    0.0000,   0.0000,   0.0000    + j *   -0.0000,  -0.0000,  -0.0000
    0.0000,   0.0000,   0.0000    + j *   -0.0000,  -0.0000,  -0.0000
  structure factor tensor after T transformation (invT * SFT * T)
    0.0000,  -0.0000,  -0.0000    + j *   -0.0000,   0.0000,   0.0000
   -0.0000,   0.0000,   0.0000    + j *    0.0000,  -0.0000,  -0.0000
    0.0000,   0.0000,   0.0000    + j *   -0.0000,  -0.0000,  -0.0000
  matrix T
   -0.6000,  -0.0000,   0.8000
    0.8000,  -0.0000,   0.6000
    0.0000,   1.0000,   0.0000
 
  h  k  l mult   ReFN    NUCL2    MSFp2     cross     sthovl
 10  2  0  24  -7.951   63.213    0.608   -12.394   0.598
  structure factor tensor in local Cartesian system
    0.7794,   0.0000,   0.0000    + j *   -0.0000,  -0.0000,  -0.0000
    0.0000,   0.7794,   0.0000    + j *   -0.0000,  -0.0000,  -0.0000
    0.0000,   0.0000,   0.7794    + j *   -0.0000,  -0.0000,  -0.0000
  structure factor tensor after T transformation (invT * SFT * T)
    0.7794,   0.0000,   0.0000    + j *   -0.0000,  -0.0000,  -0.0000
    0.0000,   0.7794,   0.0000    + j *   -0.0000,  -0.0000,  -0.0000
    0.0000,   0.0000,   0.7794    + j *   -0.0000,  -0.0000,  -0.0000
  matrix T
   -0.1961,  -0.0000,   0.9806
    0.9806,  -0.0000,   0.1961
    0.0000,   1.0000,   0.0000
 
  h  k  l mult   ReFN    NUCL2    MSFp2     cross     sthovl
  8  6  2  48   7.331   53.743    0.608   -11.428   0.598
  structure factor tensor in local Cartesian system
   -0.7794,  -0.0000,  -0.0000    + j *    0.0000,   0.0000,   0.0000
   -0.0000,  -0.7794,  -0.0000    + j *    0.0000,   0.0000,   0.0000
   -0.0000,  -0.0000,  -0.7794    + j *    0.0000,   0.0000,   0.0000
  structure factor tensor after T transformation (invT * SFT * T)
   -0.7794,   0.0000,  -0.0000    + j *    0.0000,  -0.0000,   0.0000
    0.0000,  -0.7794,  -0.0000    + j *   -0.0000,   0.0000,   0.0000
   -0.0000,  -0.0000,  -0.7794    + j *    0.0000,   0.0000,   0.0000
  matrix T
   -0.6000,  -0.1569,   0.7845
    0.8000,  -0.1177,   0.5883
    0.0000,   0.9806,   0.1961
 
  h  k  l mult   ReFN    NUCL2    MSFp2     cross     sthovl
  7  7  3  24   7.907   62.527    0.041     3.205   0.606
  structure factor tensor in local Cartesian system
    0.2026,   0.0000,   0.0000    + j *   -0.0000,  -0.0000,  -0.0000
    0.0000,   0.2026,   0.0000    + j *   -0.0000,  -0.0000,  -0.0000
    0.0000,   0.0000,   0.2026    + j *   -0.0000,  -0.0000,  -0.0000
  structure factor tensor after T transformation (invT * SFT * T)
    0.2026,  -0.0000,  -0.0000    + j *   -0.0000,   0.0000,   0.0000
   -0.0000,   0.2026,   0.0000    + j *    0.0000,  -0.0000,  -0.0000
    0.0000,   0.0000,   0.2026    + j *    0.0000,  -0.0000,  -0.0000
  matrix T
   -0.7071,  -0.2051,   0.6767
    0.7071,  -0.2051,   0.6767
    0.0000,   0.9570,   0.2900
 
  h  k  l mult   ReFN    NUCL2    MSFp2     cross     sthovl
  9  5  1  48  17.313  299.726    0.041     7.016   0.606
  structure factor tensor in local Cartesian system
    0.2026,   0.0000,   0.0000    + j *    0.0000,   0.0000,   0.0000
    0.0000,   0.2026,   0.0000    + j *    0.0000,   0.0000,   0.0000
    0.0000,   0.0000,   0.2026    + j *    0.0000,   0.0000,   0.0000
  structure factor tensor after T transformation (invT * SFT * T)
    0.2026,  -0.0000,   0.0000    + j *    0.0000,  -0.0000,   0.0000
   -0.0000,   0.2026,   0.0000    + j *   -0.0000,   0.0000,   0.0000
    0.0000,   0.0000,   0.2026    + j *    0.0000,   0.0000,   0.0000
  matrix T
   -0.4856,  -0.0845,   0.8701
    0.8742,  -0.0469,   0.4834
    0.0000,   0.9953,   0.0967
 
  h  k  l mult   ReFN    NUCL2    MSFp2     cross     sthovl
  6  6  6   8  -2.399    5.755    1.975    -6.743   0.609
  structure factor tensor in local Cartesian system
    1.4054,   0.0000,   0.0000    + j *   -0.0000,  -0.0000,  -0.0000
    0.0000,   1.4054,   0.0000    + j *   -0.0000,  -0.0000,  -0.0000
    0.0000,   0.0000,   1.4054    + j *   -0.0000,  -0.0000,  -0.0000
  structure factor tensor after T transformation (invT * SFT * T)
    1.4054,  -0.0000,  -0.0000    + j *   -0.0000,   0.0000,   0.0000
   -0.0000,   1.4054,   0.0000    + j *    0.0000,  -0.0000,   0.0000
   -0.0000,   0.0000,   1.4054    + j *    0.0000,  -0.0000,  -0.0000
  matrix T
   -0.7071,  -0.4082,   0.5774
    0.7071,  -0.4082,   0.5774
    0.0000,   0.8165,   0.5774
 
  h  k  l mult   ReFN    NUCL2    MSFp2     cross     sthovl
 10  2  2  24  -2.388    5.704    1.975    -6.713   0.609
  structure factor tensor in local Cartesian system
    1.4054,   0.0000,   0.0000    + j *   -0.0000,  -0.0000,  -0.0000
    0.0000,   1.4054,   0.0000    + j *   -0.0000,  -0.0000,  -0.0000
    0.0000,   0.0000,   1.4054    + j *   -0.0000,  -0.0000,  -0.0000
  structure factor tensor after T transformation (invT * SFT * T)
    1.4054,  -0.0000,   0.0000    + j *   -0.0000,   0.0000,  -0.0000
   -0.0000,   1.4054,   0.0000    + j *    0.0000,  -0.0000,  -0.0000
    0.0000,   0.0000,   1.4054    + j *   -0.0000,  -0.0000,  -0.0000
  matrix T
   -0.1961,  -0.1887,   0.9623
    0.9806,  -0.0377,   0.1925
    0.0000,   0.9813,   0.1925
 
  h  k  l mult   ReFN    NUCL2    MSFp2     cross     sthovl
  9  5  3  48  -5.400   29.157    1.064    11.138   0.629
  structure factor tensor in local Cartesian system
   -1.0313,  -0.0000,  -0.0000    + j *    0.0000,   0.0000,   0.0000
   -0.0000,  -1.0313,  -0.0000    + j *    0.0000,   0.0000,   0.0000
   -0.0000,  -0.0000,  -1.0313    + j *    0.0000,   0.0000,   0.0000
  structure factor tensor after T transformation (invT * SFT * T)
   -1.0313,   0.0000,  -0.0000    + j *    0.0000,  -0.0000,   0.0000
    0.0000,  -1.0313,  -0.0000    + j *   -0.0000,   0.0000,   0.0000
   -0.0000,  -0.0000,  -1.0313    + j *    0.0000,   0.0000,   0.0000
  matrix T
   -0.4856,  -0.2445,   0.8393
    0.8742,  -0.1359,   0.4663
    0.0000,   0.9601,   0.2798
 
  h  k  l mult   ReFN    NUCL2    MSFp2     cross     sthovl
 10  4  0  24   0.000    0.000    0.000    -0.000   0.631
  structure factor tensor in local Cartesian system
   -0.0000,  -0.0000,  -0.0000    + j *    0.0000,   0.0000,   0.0000
   -0.0000,  -0.0000,  -0.0000    + j *    0.0000,   0.0000,   0.0000
   -0.0000,  -0.0000,  -0.0000    + j *    0.0000,   0.0000,   0.0000
  structure factor tensor after T transformation (invT * SFT * T)
   -0.0000,   0.0000,  -0.0000    + j *    0.0000,  -0.0000,   0.0000
    0.0000,  -0.0000,  -0.0000    + j *   -0.0000,   0.0000,   0.0000
   -0.0000,  -0.0000,  -0.0000    + j *    0.0000,   0.0000,   0.0000
  matrix T
   -0.3714,  -0.0000,   0.9285
    0.9285,  -0.0000,   0.3714
    0.0000,   1.0000,   0.0000
 
  h  k  l mult   ReFN    NUCL2    MSFp2     cross     sthovl
  8  6  4  48   0.616    0.379    0.000     0.000   0.631
  structure factor tensor in local Cartesian system
    0.0000,   0.0000,   0.0000    + j *   -0.0000,  -0.0000,  -0.0000
    0.0000,   0.0000,   0.0000    + j *   -0.0000,  -0.0000,  -0.0000
    0.0000,   0.0000,   0.0000    + j *   -0.0000,  -0.0000,  -0.0000
  structure factor tensor after T transformation (invT * SFT * T)
    0.0000,  -0.0000,   0.0000    + j *   -0.0000,   0.0000,  -0.0000
    0.0000,   0.0000,   0.0000    + j *    0.0000,  -0.0000,  -0.0000
    0.0000,   0.0000,   0.0000    + j *    0.0000,   0.0000,  -0.0000
  matrix T
   -0.6000,  -0.2971,   0.7428
    0.8000,  -0.2228,   0.5571
    0.0000,   0.9285,   0.3714
 
  h  k  l mult   ReFN    NUCL2    MSFp2     cross     sthovl
 10  4  2  48   7.173   51.448    0.295    -7.793   0.642
  structure factor tensor in local Cartesian system
   -0.5433,  -0.0000,  -0.0000    + j *    0.0000,   0.0000,   0.0000
   -0.0000,  -0.5433,  -0.0000    + j *    0.0000,   0.0000,   0.0000
   -0.0000,  -0.0000,  -0.5433    + j *    0.0000,   0.0000,   0.0000
  structure factor tensor after T transformation (invT * SFT * T)
   -0.5433,   0.0000,  -0.0000    + j *    0.0000,  -0.0000,   0.0000
    0.0000,  -0.5433,  -0.0000    + j *   -0.0000,   0.0000,   0.0000
   -0.0000,  -0.0000,  -0.5433    + j *    0.0000,   0.0000,   0.0000
  matrix T
   -0.3714,  -0.1695,   0.9129
    0.9285,  -0.0678,   0.3651
    0.0000,   0.9832,   0.1826
 
  h  k  l mult   ReFN    NUCL2    MSFp2     cross     sthovl
  7  7  5  24 -10.366  107.449    0.020     2.916   0.650
  structure factor tensor in local Cartesian system
   -0.1407,  -0.0000,  -0.0000    + j *    0.0000,   0.0000,   0.0000
   -0.0000,  -0.1407,  -0.0000    + j *    0.0000,   0.0000,   0.0000
   -0.0000,  -0.0000,  -0.1407    + j *    0.0000,   0.0000,   0.0000
  structure factor tensor after T transformation (invT * SFT * T)
   -0.1407,   0.0000,   0.0000    + j *    0.0000,  -0.0000,  -0.0000
    0.0000,  -0.1407,  -0.0000    + j *   -0.0000,   0.0000,   0.0000
    0.0000,   0.0000,  -0.1407    + j *   -0.0000,   0.0000,   0.0000
  matrix T
   -0.7071,  -0.3188,   0.6312
    0.7071,  -0.3188,   0.6312
    0.0000,   0.8926,   0.4508
 
  h  k  l mult   ReFN    NUCL2    MSFp2     cross     sthovl
 11  1  1  24 -10.203  104.094    0.020     2.870   0.650
  structure factor tensor in local Cartesian system
   -0.1407,  -0.0000,  -0.0000    + j *   -0.0000,  -0.0000,  -0.0000
   -0.0000,  -0.1407,  -0.0000    + j *   -0.0000,  -0.0000,  -0.0000
   -0.0000,  -0.0000,  -0.1407    + j *   -0.0000,  -0.0000,  -0.0000
  structure factor tensor after T transformation (invT * SFT * T)
   -0.1407,  -0.0000,  -0.0000    + j *   -0.0000,  -0.0000,  -0.0000
   -0.0000,  -0.1407,  -0.0000    + j *   -0.0000,  -0.0000,  -0.0000
   -0.0000,  -0.0000,  -0.1407    + j *   -0.0000,  -0.0000,  -0.0000
  matrix T
   -0.0905,  -0.0898,   0.9918
    0.9959,  -0.0082,   0.0902
    0.0000,   0.9959,   0.0902
 
  h  k  l mult   ReFN    NUCL2    MSFp2     cross     sthovl
  8  8  0  12  40.005 1600.392    0.190    34.866   0.663
  structure factor tensor in local Cartesian system
    0.4358,   0.0000,   0.0000    + j *   -0.0000,  -0.0000,  -0.0000
    0.0000,   0.4358,   0.0000    + j *   -0.0000,  -0.0000,  -0.0000
    0.0000,   0.0000,   0.4358    + j *   -0.0000,  -0.0000,  -0.0000
  structure factor tensor after T transformation (invT * SFT * T)
    0.4358,  -0.0000,  -0.0000    + j *   -0.0000,   0.0000,   0.0000
   -0.0000,   0.4358,   0.0000    + j *    0.0000,  -0.0000,  -0.0000
   -0.0000,   0.0000,   0.4358    + j *    0.0000,  -0.0000,  -0.0000
  matrix T
   -0.7071,  -0.0000,   0.7071
    0.7071,  -0.0000,   0.7071
    0.0000,   1.0000,   0.0000
 
  h  k  l mult   ReFN    NUCL2    MSFp2     cross     sthovl
 11  3  1  48   1.598    2.553    0.499    -2.258   0.671
  structure factor tensor in local Cartesian system
   -0.7065,  -0.0000,  -0.0000    + j *    0.0000,   0.0000,   0.0000
   -0.0000,  -0.7065,  -0.0000    + j *    0.0000,   0.0000,   0.0000
   -0.0000,  -0.0000,  -0.7065    + j *    0.0000,   0.0000,   0.0000
  structure factor tensor after T transformation (invT * SFT * T)
   -0.7065,   0.0000,  -0.0000    + j *    0.0000,   0.0000,   0.0000
    0.0000,  -0.7065,  -0.0000    + j *    0.0000,   0.0000,   0.0000
   -0.0000,  -0.0000,  -0.7065    + j *    0.0000,   0.0000,   0.0000
  matrix T
   -0.2631,  -0.0843,   0.9611
    0.9648,  -0.0230,   0.2621
    0.0000,   0.9962,   0.0874
 
  h  k  l mult   ReFN    NUCL2    MSFp2     cross     sthovl
  9  7  1  48  -3.085    9.514    0.499     4.359   0.671
  structure factor tensor in local Cartesian system
   -0.7065,  -0.0000,  -0.0000    + j *   -0.0000,  -0.0000,  -0.0000
   -0.0000,  -0.7065,  -0.0000    + j *   -0.0000,  -0.0000,  -0.0000
   -0.0000,  -0.0000,  -0.7065    + j *   -0.0000,  -0.0000,  -0.0000
  structure factor tensor after T transformation (invT * SFT * T)
   -0.7065,   0.0000,  -0.0000    + j *   -0.0000,   0.0000,  -0.0000
    0.0000,  -0.7065,  -0.0000    + j *    0.0000,  -0.0000,  -0.0000
    0.0000,  -0.0000,  -0.7065    + j *   -0.0000,  -0.0000,  -0.0000
  matrix T
   -0.6139,  -0.0690,   0.7863
    0.7894,  -0.0536,   0.6116
    0.0000,   0.9962,   0.0874
 
  h  k  l mult   ReFN    NUCL2    MSFp2     cross     sthovl
  9  5  5  24   7.767   60.328    0.499    10.975   0.671
  structure factor tensor in local Cartesian system
    0.7065,   0.0000,   0.0000    + j *   -0.0000,  -0.0000,  -0.0000
    0.0000,   0.7065,   0.0000    + j *   -0.0000,  -0.0000,  -0.0000
    0.0000,   0.0000,   0.7065    + j *   -0.0000,  -0.0000,  -0.0000
  structure factor tensor after T transformation (invT * SFT * T)
    0.7065,  -0.0000,   0.0000    + j *   -0.0000,   0.0000,  -0.0000
   -0.0000,   0.7065,   0.0000    + j *    0.0000,  -0.0000,  -0.0000
    0.0000,   0.0000,   0.7065    + j *   -0.0000,  -0.0000,  -0.0000
  matrix T
   -0.4856,  -0.3819,   0.7863
    0.8742,  -0.2122,   0.4369
    0.0000,   0.8995,   0.4369
 
  h  k  l mult   ReFN    NUCL2    MSFp2     cross     sthovl
 10  4  4  24   0.300    0.090    0.000     0.000   0.673
  structure factor tensor in local Cartesian system
    0.0000,   0.0000,   0.0000    + j *    0.0000,   0.0000,   0.0000
    0.0000,   0.0000,   0.0000    + j *    0.0000,   0.0000,   0.0000
    0.0000,   0.0000,   0.0000    + j *    0.0000,   0.0000,   0.0000
  structure factor tensor after T transformation (invT * SFT * T)
    0.0000,  -0.0000,   0.0000    + j *    0.0000,  -0.0000,   0.0000
   -0.0000,   0.0000,   0.0000    + j *   -0.0000,   0.0000,   0.0000
    0.0000,   0.0000,   0.0000    + j *    0.0000,   0.0000,   0.0000
  matrix T
   -0.3714,  -0.3233,   0.8704
    0.9285,  -0.1293,   0.3482
    0.0000,   0.9374,   0.3482
 
  h  k  l mult   ReFN    NUCL2    MSFp2     cross     sthovl
  8  8  2  24   1.242    1.543    0.000     0.000   0.673
  structure factor tensor in local Cartesian system
    0.0000,   0.0000,   0.0000    + j *    0.0000,   0.0000,   0.0000
    0.0000,   0.0000,   0.0000    + j *    0.0000,   0.0000,   0.0000
    0.0000,   0.0000,   0.0000    + j *    0.0000,   0.0000,   0.0000
  structure factor tensor after T transformation (invT * SFT * T)
    0.0000,  -0.0000,  -0.0000    + j *    0.0000,  -0.0000,  -0.0000
   -0.0000,   0.0000,   0.0000    + j *   -0.0000,   0.0000,   0.0000
   -0.0000,   0.0000,   0.0000    + j *   -0.0000,   0.0000,   0.0000
  matrix T
   -0.7071,  -0.1231,   0.6963
    0.7071,  -0.1231,   0.6963
    0.0000,   0.9847,   0.1741
 
  h  k  l mult   ReFN    NUCL2    MSFp2     cross     sthovl
 10  6  0  24   6.395   40.893    0.136    -4.711   0.684
  structure factor tensor in local Cartesian system
   -0.3683,  -0.0000,  -0.0000    + j *    0.0000,   0.0000,   0.0000
   -0.0000,  -0.3683,  -0.0000    + j *    0.0000,   0.0000,   0.0000
   -0.0000,  -0.0000,  -0.3683    + j *    0.0000,   0.0000,   0.0000
  structure factor tensor after T transformation (invT * SFT * T)
   -0.3683,   0.0000,  -0.0000    + j *    0.0000,  -0.0000,   0.0000
    0.0000,  -0.3683,  -0.0000    + j *   -0.0000,   0.0000,   0.0000
    0.0000,  -0.0000,  -0.3683    + j *    0.0000,   0.0000,   0.0000
  matrix T
   -0.5145,  -0.0000,   0.8575
    0.8575,  -0.0000,   0.5145
    0.0000,   1.0000,   0.0000
 
  h  k  l mult   ReFN    NUCL2    MSFp2     cross     sthovl
  8  6  6  24  -8.243   67.949    0.136    -6.072   0.684
  structure factor tensor in local Cartesian system
    0.3683,   0.0000,   0.0000    + j *   -0.0000,  -0.0000,  -0.0000
    0.0000,   0.3683,   0.0000    + j *   -0.0000,  -0.0000,  -0.0000
    0.0000,   0.0000,   0.3683    + j *   -0.0000,  -0.0000,  -0.0000
  structure factor tensor after T transformation (invT * SFT * T)
    0.3683,  -0.0000,  -0.0000    + j *   -0.0000,   0.0000,  -0.0000
   -0.0000,   0.3683,   0.0000    + j *    0.0000,  -0.0000,  -0.0000
   -0.0000,   0.0000,   0.3683    + j *    0.0000,  -0.0000,  -0.0000
  matrix T
   -0.6000,  -0.4116,   0.6860
    0.8000,  -0.3087,   0.5145
    0.0000,   0.8575,   0.5145
 
  h  k  l mult   ReFN    NUCL2    MSFp2     cross     sthovl
 11  3  3  24   7.938   63.018    0.009     1.503   0.691
  structure factor tensor in local Cartesian system
    0.0947,   0.0000,   0.0000    + j *   -0.0000,  -0.0000,  -0.0000
    0.0000,   0.0947,   0.0000    + j *   -0.0000,  -0.0000,  -0.0000
    0.0000,   0.0000,   0.0947    + j *   -0.0000,  -0.0000,  -0.0000
  structure factor tensor after T transformation (invT * SFT * T)
    0.0947,  -0.0000,   0.0000    + j *   -0.0000,   0.0000,  -0.0000
   -0.0000,   0.0947,   0.0000    + j *    0.0000,  -0.0000,  -0.0000
    0.0000,   0.0000,   0.0947    + j *   -0.0000,  -0.0000,  -0.0000
  matrix T
   -0.2631,  -0.2455,   0.9330
    0.9648,  -0.0670,   0.2545
    0.0000,   0.9671,   0.2545
 
  h  k  l mult   ReFN    NUCL2    MSFp2     cross     sthovl
  9  7  3  48 -12.722  161.848    0.009     2.409   0.691
  structure factor tensor in local Cartesian system
   -0.0947,  -0.0000,  -0.0000    + j *    0.0000,   0.0000,   0.0000
   -0.0000,  -0.0947,  -0.0000    + j *    0.0000,   0.0000,   0.0000
   -0.0000,  -0.0000,  -0.0947    + j *    0.0000,   0.0000,   0.0000
  structure factor tensor after T transformation (invT * SFT * T)
   -0.0947,   0.0000,   0.0000    + j *    0.0000,  -0.0000,   0.0000
    0.0000,  -0.0947,  -0.0000    + j *   -0.0000,   0.0000,   0.0000
    0.0000,  -0.0000,  -0.0947    + j *    0.0000,   0.0000,   0.0000
  matrix T
   -0.6139,  -0.2009,   0.7634
    0.7894,  -0.1562,   0.5937
    0.0000,   0.9671,   0.2545
 
  h  k  l mult   ReFN    NUCL2    MSFp2     cross     sthovl
 10  6  2  48  -2.088    4.362    0.428    -2.732   0.694
  structure factor tensor in local Cartesian system
    0.6541,   0.0000,   0.0000    + j *   -0.0000,  -0.0000,  -0.0000
    0.0000,   0.6541,   0.0000    + j *   -0.0000,  -0.0000,  -0.0000
    0.0000,   0.0000,   0.6541    + j *   -0.0000,  -0.0000,  -0.0000
  structure factor tensor after T transformation (invT * SFT * T)
    0.6541,  -0.0000,   0.0000    + j *   -0.0000,   0.0000,  -0.0000
   -0.0000,   0.6541,   0.0000    + j *    0.0000,  -0.0000,  -0.0000
    0.0000,   0.0000,   0.6541    + j *   -0.0000,  -0.0000,  -0.0000
  matrix T
   -0.5145,  -0.1449,   0.8452
    0.8575,  -0.0870,   0.5071
    0.0000,   0.9856,   0.1690
 
  h  k  l mult   ReFN    NUCL2    MSFp2     cross     sthovl
  8  8  4  24  24.737  611.899    0.785    43.836   0.703
  structure factor tensor in local Cartesian system
    0.8861,   0.0000,   0.0000    + j *   -0.0000,  -0.0000,  -0.0000
    0.0000,   0.8861,   0.0000    + j *   -0.0000,  -0.0000,  -0.0000
    0.0000,   0.0000,   0.8861    + j *   -0.0000,  -0.0000,  -0.0000
  structure factor tensor after T transformation (invT * SFT * T)
    0.8861,  -0.0000,  -0.0000    + j *   -0.0000,   0.0000,   0.0000
   -0.0000,   0.8861,   0.0000    + j *    0.0000,  -0.0000,  -0.0000
    0.0000,   0.0000,   0.8861    + j *    0.0000,  -0.0000,  -0.0000
  matrix T
   -0.7071,  -0.2357,   0.6667
    0.7071,  -0.2357,   0.6667
    0.0000,   0.9428,   0.3333
 
  h  k  l mult   ReFN    NUCL2    MSFp2     cross     sthovl
 12  0  0   6  24.715  610.840    0.785    43.798   0.703
  structure factor tensor in local Cartesian system
    0.8861,   0.0000,   0.0000    + j *   -0.0000,  -0.0000,  -0.0000
    0.0000,   0.8861,   0.0000    + j *   -0.0000,  -0.0000,  -0.0000
    0.0000,   0.0000,   0.8861    + j *   -0.0000,  -0.0000,  -0.0000
  structure factor tensor after T transformation (invT * SFT * T)
    0.8861,   0.0000,   0.0000    + j *   -0.0000,  -0.0000,  -0.0000
    0.0000,   0.8861,   0.0000    + j *   -0.0000,  -0.0000,  -0.0000
    0.0000,   0.0000,   0.8861    + j *   -0.0000,  -0.0000,  -0.0000
  matrix T
    0.0000,  -0.0000,   1.0000
    1.0000,   0.0000,  -0.0000
    0.0000,   1.0000,   0.0000
 
  h  k  l mult   ReFN    NUCL2    MSFp2     cross     sthovl
  7  7  7   8  -3.895   15.172    0.216    -3.620   0.711
  structure factor tensor in local Cartesian system
    0.4647,   0.0000,   0.0000    + j *   -0.0000,  -0.0000,  -0.0000
    0.0000,   0.4647,   0.0000    + j *   -0.0000,  -0.0000,  -0.0000
    0.0000,   0.0000,   0.4647    + j *   -0.0000,  -0.0000,  -0.0000
  structure factor tensor after T transformation (invT * SFT * T)
    0.4647,   0.0000,  -0.0000    + j *   -0.0000,   0.0000,   0.0000
   -0.0000,   0.4647,   0.0000    + j *    0.0000,  -0.0000,   0.0000
    0.0000,  -0.0000,   0.4647    + j *    0.0000,   0.0000,  -0.0000
  matrix T
   -0.7071,  -0.4082,   0.5774
    0.7071,  -0.4082,   0.5774
    0.0000,   0.8165,   0.5774
 
  h  k  l mult   ReFN    NUCL2    MSFp2     cross     sthovl
 11  5  1  48  -0.666    0.444    0.216     0.619   0.711
  structure factor tensor in local Cartesian system
   -0.4647,  -0.0000,  -0.0000    + j *    0.0000,   0.0000,   0.0000
   -0.0000,  -0.4647,  -0.0000    + j *    0.0000,   0.0000,   0.0000
   -0.0000,  -0.0000,  -0.4647    + j *    0.0000,   0.0000,   0.0000
  structure factor tensor after T transformation (invT * SFT * T)
   -0.4647,   0.0000,  -0.0000    + j *    0.0000,  -0.0000,   0.0000
    0.0000,  -0.4647,  -0.0000    + j *   -0.0000,   0.0000,   0.0000
   -0.0000,  -0.0000,  -0.4647    + j *    0.0000,   0.0000,   0.0000
  matrix T
   -0.4138,  -0.0751,   0.9073
    0.9104,  -0.0341,   0.4124
    0.0000,   0.9966,   0.0825
 
  h  k  l mult   ReFN    NUCL2    MSFp2     cross     sthovl
 12  2  0  24  -0.000    0.000    0.000    -0.000   0.713
  structure factor tensor in local Cartesian system
    0.0000,   0.0000,   0.0000    + j *    0.0000,   0.0000,   0.0000
    0.0000,   0.0000,   0.0000    + j *    0.0000,   0.0000,   0.0000
    0.0000,   0.0000,   0.0000    + j *    0.0000,   0.0000,   0.0000
  structure factor tensor after T transformation (invT * SFT * T)
    0.0000,   0.0000,   0.0000    + j *    0.0000,   0.0000,   0.0000
    0.0000,   0.0000,   0.0000    + j *    0.0000,   0.0000,   0.0000
    0.0000,   0.0000,   0.0000    + j *    0.0000,   0.0000,   0.0000
  matrix T
   -0.1644,  -0.0000,   0.9864
    0.9864,  -0.0000,   0.1644
    0.0000,   1.0000,   0.0000
 
  h  k  l mult   ReFN    NUCL2    MSFp2     cross     sthovl
 12  2  2  24   7.487   56.049    0.057    -3.561   0.723
  structure factor tensor in local Cartesian system
   -0.2379,  -0.0000,  -0.0000    + j *    0.0000,   0.0000,   0.0000
   -0.0000,  -0.2379,  -0.0000    + j *    0.0000,   0.0000,   0.0000
   -0.0000,  -0.0000,  -0.2379    + j *    0.0000,   0.0000,   0.0000
  structure factor tensor after T transformation (invT * SFT * T)
   -0.2379,  -0.0000,  -0.0000    + j *    0.0000,   0.0000,   0.0000
   -0.0000,  -0.2379,  -0.0000    + j *    0.0000,   0.0000,   0.0000
   -0.0000,  -0.0000,  -0.2379    + j *    0.0000,   0.0000,   0.0000
  matrix T
   -0.1644,  -0.1600,   0.9733
    0.9864,  -0.0267,   0.1622
    0.0000,   0.9868,   0.1622
 
  h  k  l mult   ReFN    NUCL2    MSFp2     cross     sthovl
 10  6  4  48  -8.715   75.956    0.057    -4.146   0.723
  structure factor tensor in local Cartesian system
    0.2379,   0.0000,   0.0000    + j *   -0.0000,  -0.0000,  -0.0000
    0.0000,   0.2379,   0.0000    + j *   -0.0000,  -0.0000,  -0.0000
    0.0000,   0.0000,   0.2379    + j *   -0.0000,  -0.0000,  -0.0000
  structure factor tensor after T transformation (invT * SFT * T)
    0.2379,  -0.0000,  -0.0000    + j *   -0.0000,   0.0000,   0.0000
   -0.0000,   0.2379,   0.0000    + j *    0.0000,  -0.0000,  -0.0000
    0.0000,   0.0000,   0.2379    + j *    0.0000,  -0.0000,  -0.0000
  matrix T
   -0.5145,  -0.2782,   0.8111
    0.8575,  -0.1669,   0.4867
    0.0000,   0.9459,   0.3244
 
  h  k  l mult   ReFN    NUCL2    MSFp2     cross     sthovl
  9  7  5  48 -14.815  219.489    0.004     1.789   0.730
  structure factor tensor in local Cartesian system
   -0.0604,  -0.0000,  -0.0000    + j *   -0.0000,  -0.0000,  -0.0000
   -0.0000,  -0.0604,  -0.0000    + j *   -0.0000,  -0.0000,  -0.0000
   -0.0000,  -0.0000,  -0.0604    + j *   -0.0000,  -0.0000,  -0.0000
  structure factor tensor after T transformation (invT * SFT * T)
   -0.0604,   0.0000,  -0.0000    + j *   -0.0000,   0.0000,   0.0000
    0.0000,  -0.0604,  -0.0000    + j *    0.0000,  -0.0000,  -0.0000
    0.0000,  -0.0000,  -0.0604    + j *   -0.0000,  -0.0000,  -0.0000
  matrix T
   -0.6139,  -0.3170,   0.7229
    0.7894,  -0.2466,   0.5623
    0.0000,   0.9158,   0.4016
 
  h  k  l mult   ReFN    NUCL2    MSFp2     cross     sthovl
 11  5  3  48 -10.314  106.383    0.004     1.245   0.730
  structure factor tensor in local Cartesian system
   -0.0604,  -0.0000,  -0.0000    + j *    0.0000,   0.0000,   0.0000
   -0.0000,  -0.0604,  -0.0000    + j *    0.0000,   0.0000,   0.0000
   -0.0000,  -0.0000,  -0.0604    + j *    0.0000,   0.0000,   0.0000
  structure factor tensor after T transformation (invT * SFT * T)
   -0.0604,   0.0000,  -0.0000    + j *    0.0000,  -0.0000,   0.0000
    0.0000,  -0.0604,  -0.0000    + j *   -0.0000,   0.0000,   0.0000
   -0.0000,  -0.0000,  -0.0604    + j *    0.0000,   0.0000,   0.0000
  matrix T
   -0.4138,  -0.2194,   0.8835
    0.9104,  -0.0997,   0.4016
    0.0000,   0.9705,   0.2410
 
  h  k  l mult   ReFN    NUCL2    MSFp2     cross     sthovl
 12  4  0  24  39.688 1575.163    0.032    14.279   0.741
  structure factor tensor in local Cartesian system
    0.1799,   0.0000,   0.0000    + j *   -0.0000,  -0.0000,  -0.0000
    0.0000,   0.1799,   0.0000    + j *   -0.0000,  -0.0000,  -0.0000
    0.0000,   0.0000,   0.1799    + j *   -0.0000,  -0.0000,  -0.0000
  structure factor tensor after T transformation (invT * SFT * T)
    0.1799,   0.0000,   0.0000    + j *   -0.0000,  -0.0000,  -0.0000
    0.0000,   0.1799,   0.0000    + j *   -0.0000,  -0.0000,  -0.0000
    0.0000,   0.0000,   0.1799    + j *   -0.0000,  -0.0000,  -0.0000
  matrix T
   -0.3162,  -0.0000,   0.9487
    0.9487,  -0.0000,   0.3162
    0.0000,   1.0000,   0.0000
 
  h  k  l mult   ReFN    NUCL2    MSFp2     cross     sthovl
  9  9  1  24   7.675   58.909    0.081     4.357   0.748
  structure factor tensor in local Cartesian system
    0.2838,   0.0000,   0.0000    + j *   -0.0000,  -0.0000,  -0.0000
    0.0000,   0.2838,   0.0000    + j *   -0.0000,  -0.0000,  -0.0000
    0.0000,   0.0000,   0.2838    + j *   -0.0000,  -0.0000,  -0.0000
  structure factor tensor after T transformation (invT * SFT * T)
    0.2838,  -0.0000,  -0.0000    + j *   -0.0000,   0.0000,  -0.0000
   -0.0000,   0.2838,   0.0000    + j *    0.0000,  -0.0000,  -0.0000
    0.0000,   0.0000,   0.2838    + j *    0.0000,  -0.0000,  -0.0000
  matrix T
   -0.7071,  -0.0554,   0.7049
    0.7071,  -0.0554,   0.7049
    0.0000,   0.9969,   0.0783
 
  h  k  l mult   ReFN    NUCL2    MSFp2     cross     sthovl
 10  8  0  24   0.000    0.000    0.000     0.000   0.751
  structure factor tensor in local Cartesian system
    0.0000,   0.0000,   0.0000    + j *    0.0000,   0.0000,   0.0000
    0.0000,   0.0000,   0.0000    + j *    0.0000,   0.0000,   0.0000
    0.0000,   0.0000,   0.0000    + j *    0.0000,   0.0000,   0.0000
  structure factor tensor after T transformation (invT * SFT * T)
    0.0000,  -0.0000,  -0.0000    + j *    0.0000,  -0.0000,  -0.0000
   -0.0000,   0.0000,   0.0000    + j *   -0.0000,   0.0000,   0.0000
    0.0000,   0.0000,   0.0000    + j *    0.0000,   0.0000,   0.0000
  matrix T
   -0.6247,  -0.0000,   0.7809
    0.7809,  -0.0000,   0.6247
    0.0000,   1.0000,   0.0000
 
  h  k  l mult   ReFN    NUCL2    MSFp2     cross     sthovl
  8  8  6  24   1.221    1.490    0.000    -0.000   0.751
  structure factor tensor in local Cartesian system
   -0.0000,  -0.0000,  -0.0000    + j *   -0.0000,  -0.0000,  -0.0000
   -0.0000,  -0.0000,  -0.0000    + j *   -0.0000,  -0.0000,  -0.0000
   -0.0000,  -0.0000,  -0.0000    + j *   -0.0000,  -0.0000,  -0.0000
  structure factor tensor after T transformation (invT * SFT * T)
   -0.0000,   0.0000,   0.0000    + j *   -0.0000,   0.0000,   0.0000
    0.0000,  -0.0000,  -0.0000    + j *    0.0000,  -0.0000,  -0.0000
    0.0000,  -0.0000,  -0.0000    + j *    0.0000,  -0.0000,  -0.0000
  matrix T
   -0.7071,  -0.3313,   0.6247
    0.7071,  -0.3313,   0.6247
    0.0000,   0.8835,   0.4685
 
  h  k  l mult   ReFN    NUCL2    MSFp2     cross     sthovl
 12  4  2  48   0.926    0.858    0.000     0.000   0.751
  structure factor tensor in local Cartesian system
    0.0000,   0.0000,   0.0000    + j *    0.0000,   0.0000,   0.0000
    0.0000,   0.0000,   0.0000    + j *    0.0000,   0.0000,   0.0000
    0.0000,   0.0000,   0.0000    + j *    0.0000,   0.0000,   0.0000
  structure factor tensor after T transformation (invT * SFT * T)
    0.0000,  -0.0000,   0.0000    + j *    0.0000,  -0.0000,   0.0000
   -0.0000,   0.0000,   0.0000    + j *   -0.0000,   0.0000,   0.0000
    0.0000,   0.0000,   0.0000    + j *    0.0000,   0.0000,   0.0000
  matrix T
   -0.3162,  -0.1482,   0.9370
    0.9487,  -0.0494,   0.3123
    0.0000,   0.9877,   0.1562
 
  h  k  l mult   ReFN    NUCL2    MSFp2     cross     sthovl
 10  8  2  48  -7.937   63.001    0.020    -2.225   0.760
  structure factor tensor in local Cartesian system
    0.1402,   0.0000,   0.0000    + j *    0.0000,   0.0000,   0.0000
    0.0000,   0.1402,   0.0000    + j *    0.0000,   0.0000,   0.0000
    0.0000,   0.0000,   0.1402    + j *    0.0000,   0.0000,   0.0000
  structure factor tensor after T transformation (invT * SFT * T)
    0.1402,  -0.0000,  -0.0000    + j *    0.0000,  -0.0000,  -0.0000
   -0.0000,   0.1402,   0.0000    + j *   -0.0000,   0.0000,   0.0000
   -0.0000,   0.0000,   0.1402    + j *    0.0000,   0.0000,   0.0000
  matrix T
   -0.6247,  -0.1205,   0.7715
    0.7809,  -0.0964,   0.6172
    0.0000,   0.9880,   0.1543
 
**********************************************************************
Experiment is calculated.
rchi2 UP: 146.19 DOWN: 135.79 DIFF: 109.57 per point
**********************************************************************
**********************************************************************