   h   k   l       FR_exp        sigma       FR_mod  iint_up_mod iint_down_mod
   1   1   0      0.26200      0.00360      0.25617      5.70359     22.26507
   2   1   0      0.50930      0.00750      0.49212      5.40780     10.98880
   0   2   0      2.13440      0.01940      1.95600      7.74074      3.95744
   1   2   0      0.75650      0.00760      0.63954      6.70191     10.47924
   2   2   0      0.49520      0.00230      0.40577      5.30559     13.07529
   1   3   0      2.20800      0.04630      1.10986      0.94860      0.85471
   2   3   0      2.33880      0.20880      2.04582      0.77206      0.37738
   0   4   0      0.21280      0.00450      0.25199      3.57354     14.18150
   1   4   0      0.81050      0.00280      0.83224     23.92678     28.74975
   2   4   0      0.14970      0.01740      0.12603      0.36902      2.92801
   1   5   0      0.14480      0.01160      0.10418      0.59998      5.75935
   2   5   0      0.41400      0.08230      2.42287      0.22086      0.09116
   0   6   0      3.02770      0.19430      3.19515      2.72367      0.85244
   1   6   0      0.58250      0.17360      0.22641      0.04025      0.17778
   2   6   0      0.61370      0.00440      0.62437     42.15955     67.52355
   1   7   0      0.08760      0.02380      0.07718      0.23844      3.08953
   2   7   0      1.09170      0.02060      1.07590     15.94400     14.81928
   0   8   0      0.82730      0.01460      0.82187     33.06524     40.23148
   1   8   0      0.95910      0.14000      1.00333      1.65036      1.64488
   1   0   1      0.51010      0.10960      0.31171      0.02162      0.06936
   1   1   1      0.20060      0.00310      0.19448      1.59217      8.18683
   2   1   1      0.62900      0.00210      0.61598      6.72244     10.91341
   0   2   1      0.71200      0.00200      0.71118      9.82741     13.81850
   1   2   1      3.50330      0.06740      3.25254      7.93624      2.44001
   2   2   1      0.28460      0.00120      0.28240      6.40287     22.67312
   1   3   1      0.10750      0.00110      0.10250      4.61795     45.05231
   2   3   1      0.23670      0.00690      0.20405      0.68204      3.34253
   0   4   1      0.05460      0.00130      0.04747      0.91585     19.29465
   1   4   1      1.60600      0.03350      1.80705      2.76682      1.53112
   2   4   1      0.18860      0.00600      0.16839      1.09021      6.47436
   1   5   1      0.34170      0.00460      0.35428      6.55611     18.50541
   2   5   1      1.08860      0.07150      0.81384      1.25617      1.54350
   0   6   1      1.47250      0.04910      1.29351      4.68216      3.61974
   1   6   1      1.83060      0.42500      1.28661      0.59090      0.45927
   1   9   1      0.10120      0.09880      0.39988      0.69631      1.74132
   0   0   2      0.10240      0.00140      0.07286      3.71960     51.05341
   2   0   2      0.63030      0.00720      0.60235     51.67988     85.79701
   1   1   2      3.41970      0.05080      2.93155     16.67964      5.68971
   2   1   2      1.45210      0.04810      1.48568      4.87857      3.28373
   0   2   2      0.37530      0.00910      0.38847     30.51878     78.56094
   1   2   2      1.08360      0.00710      1.16384     14.25555     12.24871
   2   2   2      0.24040      0.00680      0.24499      1.64256      6.70453
   1   3   2      1.16890      0.01880      1.54548      3.97112      2.56951
   2   3   2      2.31090      0.14560      1.59315      1.84224      1.15635
   0   4   2      3.21900      0.21450      4.15555     14.98168      3.60522
   1   4   2      1.75430      0.08980      1.49300      4.67890      3.13390
   2   4   2      0.34430      0.03200      0.17597      0.29730      1.68948
   1   5   2      0.38530      0.00300      0.40310     15.70764     38.96703
   2   5   2      1.57790      0.02600      1.45570     10.00445      6.87260
   0   6   2      0.30190      0.00430      0.32083      8.33012     25.96463
   1   6   2      0.80640      0.02320      0.82647      3.67287      4.44405
   2   6   2     11.21110      2.11580      8.64997      5.43434      0.62825
   1   7   2      0.47070      0.00690      0.54822     12.25996     22.36308
   2   7   2      2.63130      4.50310      1.52462      0.40869      0.26806
   1   8   2      1.04180      0.04770      0.99997      8.56829      8.56854
   1   0   3      1.26380      0.01620      1.12733     25.19742     22.35151
   1   1   3      0.18020      0.00300      0.15340      2.53588     16.53161
   2   1   3      0.48140      0.00410      0.57531      2.31999      4.03259
   0   2   3      0.11480      0.00340      0.10480      5.45004     52.00471
   1   2   3      0.53390      0.00660      0.60932      1.71563      2.81562
   2   2   3      1.64640      0.01590      1.85396      4.95556      2.67297
   1   3   3      0.11300      0.00240      0.11184      4.18528     37.42054
   2   3   3      0.67900      0.01110      0.65780     10.43984     15.87076
   0   4   3     15.00740      1.26340     16.25136     18.07301      1.11209
   1   4   3      0.84610      0.11470      0.69830      0.31656      0.45333
   2   4   3      0.39460      0.00270      0.39399     15.14170     38.43201
   1   5   3      0.24530      0.00710      0.29020      3.00218     10.34521
   2   5   3      0.74910      0.12500      1.25276      0.22104      0.17644
   0   6   3     -0.12900      0.11720      1.65445      0.99666      0.60241
   1   6   3      0.93960      0.01230      0.95603     12.62797     13.20881
   1   8   3      1.51050      0.34230      1.05568      5.33435      5.05302
   1   9   3      0.31100      0.06020      0.56722      1.52341      2.68577
   0   0   4      0.10760      0.00150      0.08105      5.31150     65.53078
   2   0   4      0.31590      0.01060      0.30519      2.83870      9.30150
   1   1   4      0.07890      0.00150      0.07393      1.56623     21.18538
   2   1   4      0.97240      0.01630      0.92908      2.17094      2.33665
   0   2   4      0.07040      0.00650      0.04899      0.42993      8.77567
   1   2   4      0.92080      0.04530      1.02217      0.53600      0.52437
   2   2   4      0.15070      0.00660      0.12566      0.56322      4.48222
   1   3   4      0.99470      0.11590      3.95050      0.02201      0.00557
   2   3   4      2.76480      0.38400      1.80388      1.09372      0.60632
   0   4   4      0.15710      0.01120      0.18328      0.99169      5.41092
   1   4   4      0.76650      0.01320      0.79204      4.21078      5.31638
   2   4   4      0.30600      0.00920      0.35550      2.13194      5.99704
   1   5   4      0.07190      0.01260      0.08358      0.52043      6.22636
   0   6   4      0.10150      0.01170      0.25275      2.84379     11.25121
   2   6   4      0.52940      0.00630      0.57946     16.97677     29.29748
   1   7   4      0.04890      0.03640      0.18734      0.55247      2.94905
   2   7   4      1.03990      0.03450      1.06493      6.37799      5.98911
   0   8   4      0.73930      0.10430      0.80372     13.66896     17.00720
   2   8   4      0.49890      0.07150      0.75239      4.64069      6.16794
   1   0   5      0.77810      0.00650      0.86102      8.40938      9.76682
   1   1   5      0.12980      0.02580      0.10490      0.35681      3.40157
   2   1   5      0.75260      0.00440      0.81261     10.32280     12.70332
   0   2   5     17.59290      0.65320     20.73391     15.23700      0.73488
   1   2   5      1.25200      0.00850      1.14396     14.17094     12.38762
   2   2   5      0.41050      0.00240      0.40645     16.85817     41.47653
   1   3   5      0.19460      0.00220      0.20327      6.45837     31.77246
   2   3   5      1.30550      0.07310      1.45174      0.89247      0.61476
   0   4   5      0.34170      0.00300      0.35146     12.90096     36.70633
   1   4   5      1.04730      0.02010      1.07801      5.88710      5.46110
   2   4   5      3.22780      0.12810     11.24243      4.78249      0.42540
   1   5   5      0.53920      0.00730      0.56051     10.71353     19.11400
   2   5   5      1.15280      0.04320      1.00626      4.11493      4.08932
   0   6   5      1.35610      0.04760      1.13342      7.09752      6.26203
   1   6   5      1.11940      0.02130      1.04038     10.02747      9.63831
   2   6   5      0.79920      0.29530      0.70693      0.32996      0.46675
   0   8   5      0.85420      0.01290      0.86660     35.78851     41.29765
   1   8   5      0.96310      0.03110      0.96832      5.87904      6.07137
   0   0   6      0.40820      0.00150      0.40090     39.37884     98.22490
   2   0   6      0.21100      0.00280      0.23384      5.22143     22.32926
   1   1   6      2.05470      0.11000      2.41960      4.23034      1.74836
   2   1   6      1.23650      0.04920      1.06835      1.72989      1.61921
   0   2   6      0.38890      0.00360      0.43213     10.05757     23.27435
   1   2   6      1.45260      0.20770      1.19362      0.60610      0.50779
   2   2   6      0.53690      0.00440      0.56721     12.59778     22.21007
   1   3   6      1.12570      0.01590      1.14013      9.36046      8.20997
   2   3   6      3.44500      0.91740      1.61372      0.90507      0.56086
   0   4   6      4.01070      0.44470      7.76792      2.27763      0.29321
   1   4   6      0.81190      0.01470      0.89166      5.79017      6.49371
   2   4   6      3.08990      0.36300      4.87380      1.82521      0.37449
   1   5   6      0.48330      0.00600      0.54350     11.97726     22.03721
   2   5   6      1.91150      0.37180      1.44767      1.33477      0.92201
   2   6   6      0.32210      0.01890      0.46556      3.75752      8.07100
   1   7   6      0.60550      0.01180      0.70306     11.36272     16.16175
   2   7   6      1.00710      0.03350      1.02891      6.76809      6.57790
   1   0   7      1.15980      0.00910      1.06850     18.38189     17.20338
   1   1   7      0.36980      0.00710      0.36121      3.39659      9.40334
   2   1   7      0.62550      0.01850      0.77297      2.17081      2.80842
   0   2   7      0.33490      0.00360      0.34827      9.18761     26.38039
   1   2   7      0.65590      0.04940      0.84676      0.68727      0.81165
   2   2   7      1.17100      0.08520      1.32505      0.99094      0.74785
   1   3   7      0.31340      0.00430      0.33670      7.33122     21.77359
   2   3   7      0.92710      0.01330      0.91876      9.50401     10.34442
   0   4   7      6.01730      0.36400      5.11875      7.25112      1.41658
   1   4   7      0.67990      0.33840      0.96926      0.15971      0.16478
   2   4   7      0.53780      0.00620      0.59142     15.06303     25.46909
   1   5   7      0.45380      0.01430      0.56070      4.19919      7.48917
   2   5   7      0.45080      0.16700      0.84802      0.09033      0.10652
   1   6   7      0.93260      0.01750      0.97430      9.34395      9.59039
   2   7   7      0.50350      0.29830      0.76841      0.18253      0.23755
   0   0   8      0.78640      0.02470      0.91999      1.33491      1.45101
   2   0   8      0.49430      0.00530      0.51214     16.49068     32.19969
   1   1   8      0.13330      0.01120      0.15432      1.04262      6.75629
   2   1   8      0.85920      0.04850      0.91174      1.62009      1.77691
   0   2   8      0.57910      0.00630      0.59542     11.78959     19.80058
   1   2   8      0.93370      0.01180      0.96043     11.12642     11.58478
   2   2   8      3.91780      0.58330      4.03172      2.23991      0.55557
   1   3   8      0.80620      0.07090      0.89517      1.06624      1.19110
   0   4   8      0.49100      0.45190      0.70732      0.07113      0.10057
   1   4   8      1.16110      0.04160      1.07764      3.73253      3.46361
   2   4   8      0.74520      0.01580      0.76340      8.49957     11.13388
   1   5   8      0.40270      0.01720      0.50572      3.20225      6.33209
   0   6   8      0.74460      0.00710      0.81594     35.79384     43.86805
   1   6   8      1.09410      0.06270      0.97364      3.38508      3.47671
   2   6   8      0.00150      0.11560      0.41568      0.82214      1.97784
   1   1   9      0.34100      0.02430      0.40500      1.31215      3.23990
   2   1   9      0.86900      0.02270      0.91242      5.21654      5.71722
   0   2   9      0.17740      0.04670      0.06088      0.11255      1.84889
   1   2   9      1.07060      0.04990      1.05210      2.37921      2.26140
   2   2   9      0.46440      0.01400      0.51525      4.86081      9.43394
   1   3   9      0.48090      0.00840      0.55952      9.72499     17.38100
   2   3   9      1.05130      0.14160      0.92792      1.32111      1.42373
   0   4   9      0.25770      0.02960      0.37296      1.56911      4.20720
   1   4   9      1.09520      0.12970      0.99375      1.25098      1.25885
   1   5   9      0.67230      0.01520      0.78622      7.80148      9.92274
   2   5   9      1.27730      0.31360      1.05687      0.80377      0.76052
   0   6   9      0.91580      0.10030      1.06112      2.85769      2.69310
   0   0  10      0.80280      0.00360      0.81042     83.56119    103.10789
   2   0  10      0.19760      0.03590      0.27275      0.73183      2.68318
   1   1  10      0.33250      0.19640      1.25410      0.23399      0.18658
   2   1  10      1.11710      0.05210      1.04266      3.64208      3.49306
   0   2  10      0.59760      0.01750      0.67337      4.60287      6.83559
   1   2  10      1.16560      0.03510      1.03360      5.30297      5.13056
   1   3  10      1.05240      0.02080      1.02762     10.64274     10.35673
   1   4  10      0.99620      0.01420      0.98554     17.21451     17.46705
   2   4  10      1.69150      0.19530      1.32120      2.48157      1.87826
   1   1  11      0.44720      0.05360      0.62487      1.19304      1.90925
   2   1  11      0.92180      0.02840      0.96185      5.43881      5.65453
   0   2  11      0.85640      0.06600      0.07780      0.01533      0.19709
   2   2  11      0.70800      0.01880      0.77731      8.02623     10.32570
   1   3  11      0.65520      0.01280      0.77322     10.67568     13.80685