Model: 

Crystals:

Crystal: 
 name: EuTiO
 i_g: 0.0
SpaceGroupe:
 name: I4/mcm
 choice: 1
 inversion center at (0.000, 0.000, 0.000)
 x, y, z
 -x, -y, z
 -y, x, z
 y, -x, z
 -x, y, 0.500-z
 x, -y, 0.500-z
 y, x, 0.500-z
 -y, -x, 0.500-z
 directory: 'C:\Users\ikibalin\Documents\documents\working_comp\RhoChi\version_next'
Cell: 
 a: 5.507
 b: 5.507
 c: 7.796
 alpha: 90.0
 beta: 90.0
 gamma: 90.0
 singony: Tetragonal
 B matrix is:
   0.18159  -0.00000  -0.00000
   0.00000   0.18159  -0.00000
   0.00000   0.00000   0.12827
 inversed B matrix is:
   5.50700   0.00000   0.00000
   0.00000   5.50700   0.00000
   0.00000   0.00000   7.79600

AtomSite:
 number of atoms: 4
**********************************************************************
 1. AtomType:
 name: Eu1            
 type_n: 153Eu (b_scat: 0.8220000000000001 cm**-12)
 occupation: 1.0
 fract  x: 0.0  y: 0.5  z: 0.25
  adp_type: uiso
 b_iso: 0.34 Ang**2

 type_m: Eu2
 kappa: 1.0
 lande factor: 2.0
 chi_type: ciso
 chi_11:  6.61(28), chi_11, chi_22: 6.605204980939517, chi_33: 6.605204980939517 (in mu_B)
 chi_12: -1.0621979735605773e-15, chi_13: -1.0621979735605773e-15, chi_23: -4.044521568809865e-16 (in mu_B) 
 j0   A: 0.0755, a: 25.296, B: 0.3001, b: 11.5993
      C: 0.6438, c: 4.0252, D: -0.0196
 j2   A: 0.897, a: 18.4429, B: 1.3769, b: 7.0054
      C: 0.906, c: 2.4213, D: 0.019

**********************************************************************
 2. AtomType:
 name: Ti1            
 type_n: Ti (b_scat: -0.34380000000000005 cm**-12)
 occupation: 1.0
 fract  x: 0.0  y: 0.0  z: 0.0
  adp_type: uiso
 b_iso: 0.15 Ang**2

 type_m: Ti3
 kappa: 1.0
 lande factor: 2.0
 chi_type: ciso
 chi_11:  0.59(38), chi_11, chi_22: 0.5921145746596364, chi_33: 0.5921145746596364 (in mu_B)
 chi_12: -9.521928587138091e-17, chi_13: -9.521928587138091e-17, chi_23: -3.625656092927099e-17 (in mu_B) 
 j0   A: 0.3571, a: 22.8413, B: 0.6688, b: 8.9306
      C: -0.0354, c: 0.4833, D: 0.0099
 j2   A: 3.3717, a: 14.4441, B: 1.8258, b: 5.7126
      C: 0.247, c: 2.2654, D: 0.0005

**********************************************************************
 3. AtomType:
 name: O1            
 type_n: O (b_scat: 0.5803 cm**-12)
 occupation: 1.0
 fract  x: 0.0  y: 0.0  z: 0.25
  adp_type: uiso
 b_iso: 0.47 Ang**2

 type_m: O2
 kappa: 1.0
 lande factor: 2.0
 chi_type: ciso
 chi_11:  -0.26(37), chi_11, chi_22: -0.264514492271991, chi_33: -0.264514492271991 (in mu_B)
 chi_12: 4.2537174619030436e-17, chi_13: 4.2537174619030436e-17, chi_23: 1.6196841314449047e-17 (in mu_B) 
 j0   A: 0.99895, a: 12.09652, B: 0.28854, b: 0.12914
      C: 0.11425, c: -0.22968, D: -0.40685
 j2   A: 0.0, a: 0.0, B: 0.0, b: 0.0
      C: 0.0, c: 0.0, D: 0.0

**********************************************************************
 4. AtomType:
 name: O2            
 type_n: O (b_scat: 0.5803 cm**-12)
 occupation: 1.0
 fract  x: 0.2322  y: 0.7322  z: 0.0
  adp_type: uiso
 b_iso: 0.46 Ang**2

 type_m: O2
 kappa: 1.0
 lande factor: 2.0
 chi_type: ciso
 chi_11:  0.06(14), chi_11, chi_22: 0.06095471809104877, chi_33: 0.06095471809104877 (in mu_B)
 chi_12: -9.802266276686977e-18, chi_13: -9.802266276686977e-18, chi_23: -3.732400020156606e-18 (in mu_B) 
 j0   A: 0.99895, a: 12.09652, B: 0.28854, b: 0.12914
      C: 0.11425, c: -0.22968, D: -0.40685
 j2   A: 0.0, a: 0.0, B: 0.0, b: 0.0
      C: 0.0, c: 0.0, D: 0.0

Extinction: 
 model: gauss
 domain_radius: 0.0
 mosaicity: 0.0


Experiments:

ExperimentSingleDomain:
 name: exp_sdd
 file_out: full.out
SetupSingle:
 label: exp
 wave_length: 0.84
BeamPolarization: 
 p_u: -0.8
 p_d: -0.8
ObservedDataSingleDomain:
 file_dir: .
 file_name: full.dat
 h range: nan --- nan
 k range: nan --- nan
 l range: nan --- nan
 number of reflections: 642
 field: 1.0
 wave_length: 0.84
 orientation: [[[ 0.32288  0.65811  0.65811]
  [-0.53966 -0.44216  0.44216]
  [ 0.77781  0.60942 -0.60942]]

 [[ 0.94605 -0.7528  -0.7528 ]
  [ 0.20781 -0.40103  0.40103]
  [-0.2485   0.52198 -0.52198]]

 [[-0.02715  0.0136   0.0136 ]
  [ 0.81556 -0.80229  0.80229]
  [ 0.57755 -0.59678  0.59678]]]


CalculatedData:

CalculatedDataSingle:
 name: EuTiO
 field: 1.0
 orientation: [[ 0.65811  0.44216 -0.60942]
 [-0.7528   0.40103 -0.52198]
 [ 0.0136   0.80229  0.59678]]

   h   k   l   fn_real   fn_imag   iint_up iint_down flip_ratio
 0.0 2.0 -2.0   -11.291     0.000      72.5     218.7  0.33156
 -2.0 0.0 2.0   -11.291     0.000      73.4     217.3  0.33778
 2.0 0.0 2.0   -11.291     0.000      74.3     215.7  0.34451
 0.0 0.0 2.0    -2.337     0.000      11.2      37.2  0.30131
 4.0 2.0 -2.0   -10.316     0.000      77.0     144.5  0.53286
 -4.0 2.0 -2.0   -10.316     0.000      76.8     144.8  0.53019
 -2.0 2.0 0.0     8.386     0.000      42.5     127.0  0.33432
 nan nan nan       nan       nan       nan       nan      nan
 0.0 -2.0 6.0   -10.727     0.000      84.5     154.2  0.54806
 2.0 2.0 0.0     8.386     0.000      43.3     125.2  0.34616
 -4.0 0.0 0.0     7.916     0.000      33.7     109.6  0.30718
 0.0 0.0 4.0     8.608     0.000      47.0     128.2  0.36651
 -1.0 -1.0 2.0    -0.460     0.000      41.9      32.9  1.27241
 -1.0 1.0 -2.0    -0.460     0.000      41.9      32.9  1.27241
 -2.0 0.0 0.0    -0.290     0.000      34.5      29.3  1.17888
 2.0 2.0 -4.0     8.132     0.000      36.1     114.2  0.31592
 2.0 0.0 0.0    -0.290     0.000      34.5      29.3  1.17888
 -2.0 -2.0 4.0     8.132     0.000      36.1     114.2  0.31592
 -2.0 2.0 -4.0     8.132     0.000      36.1     114.2  0.31614
 4.0 0.0 0.0     7.916     0.000      33.7     109.6  0.30718
 nan nan nan       nan       nan       nan       nan      nan
 -4.0 -2.0 6.0    -9.806     0.000      80.7     113.9  0.70837
 1.0 -1.0 2.0    -0.460     0.000      41.9      32.9  1.27241
 2.0 -2.0 4.0     8.132     0.000      36.1     114.2  0.31614
 -6.0 0.0 2.0    -9.419     0.000      73.9     105.9  0.69762
 -2.0 4.0 -6.0    -9.806     0.000      80.6     114.1  0.70618
 nan nan nan       nan       nan       nan       nan      nan
 -4.0 0.0 4.0     7.676     0.000      40.2      85.1  0.47277
 1.0 1.0 2.0    -0.460     0.000      13.2      10.4  1.26860
 4.0 -2.0 6.0    -9.806     0.000      80.8     113.8  0.70971
 nan nan nan       nan       nan       nan       nan      nan
 -1.0 1.0 0.0    -2.396     0.000      14.5      45.9  0.31490
 nan nan nan       nan       nan       nan       nan      nan
 2.0 2.0 -2.0    -2.539     0.000       4.8      31.9  0.14967
 -3.0 1.0 0.0    -2.158     0.000       5.9      30.7  0.19289
 -2.0 2.0 -2.0    -2.539     0.000       4.8      32.1  0.14816
 -1.0 -1.0 4.0    -2.378     0.000       5.7      32.5  0.17468
 nan nan nan       nan       nan       nan       nan      nan
 3.0 1.0 0.0    -2.158     0.000       5.9      30.3  0.19461
 -6.0 2.0 -4.0     6.461     0.000      34.9      49.6  0.70326
 -6.0 -2.0 4.0     6.461     0.000      34.9      49.6  0.70313
 -3.0 1.0 -2.0    -0.228     0.000      15.9      13.1  1.21166
 -4.0 4.0 -4.0     6.861     0.000      37.5      58.6  0.64102
 0.0 2.0 -4.0    -0.285     0.000      14.7      11.4  1.28763
 nan nan nan       nan       nan       nan       nan      nan
 -6.0 4.0 -6.0    -8.248     0.000      64.6      71.6  0.90246
 3.0 1.0 -2.0    -0.228     0.000      15.9      13.1  1.21166
 nan nan nan       nan       nan       nan       nan      nan
 -2.0 -4.0 10.0    -8.866     0.000      74.9      82.4  0.90945
 0.0 -4.0 8.0     6.996     0.000      41.5      57.4  0.72188
 1.0 -1.0 4.0    -2.378     0.000       5.7      32.3  0.17544
 -6.0 2.0 0.0     6.665     0.000      35.2      55.5  0.63422
 nan nan nan       nan       nan       nan       nan      nan
 nan nan nan       nan       nan       nan       nan      nan
 -3.0 -1.0 2.0    -0.228     0.000      15.9      13.1  1.21166
 nan nan nan       nan       nan       nan       nan      nan
 -2.0 -2.0 8.0     7.413     0.000      44.8      67.0  0.66823
 nan nan nan       nan       nan       nan       nan      nan
 nan nan nan       nan       nan       nan       nan      nan
 nan nan nan       nan       nan       nan       nan      nan
 2.0 -4.0 10.0    -8.866     0.000      74.9      82.4  0.90959
 0.0 -2.0 4.0    -0.285     0.000      14.7      11.4  1.28763
 2.0 -2.0 8.0     7.413     0.000      44.8      67.0  0.66965
 nan nan nan       nan       nan       nan       nan      nan
 3.0 -1.0 2.0    -0.228     0.000      15.9      13.1  1.21166
 nan nan nan       nan       nan       nan       nan      nan
 nan nan nan       nan       nan       nan       nan      nan
 -4.0 -4.0 8.0     6.251     0.000      35.8      42.6  0.84003
 nan nan nan       nan       nan       nan       nan      nan
 -4.0 0.0 2.0    -2.727     0.000       2.9      23.8  0.12296
 -1.0 3.0 -4.0    -2.147     0.000       2.5      19.7  0.12515
 -3.0 -1.0 4.0    -2.147     0.000       2.5      19.5  0.12765
 -8.0 0.0 0.0     5.568     0.000      28.1      34.1  0.82273
 nan nan nan       nan       nan       nan       nan      nan
 4.0 0.0 2.0    -2.727     0.000       3.0      23.6  0.12587
 3.0 -1.0 4.0    -2.147     0.000       2.5      19.4  0.12938
 -8.0 0.0 4.0     5.396     0.000      27.3      31.0  0.87920
 -1.0 3.0 -2.0    -0.228     0.000      12.7      10.5  1.21145
 -3.0 1.0 2.0    -0.228     0.000      12.5      10.3  1.21143
 nan nan nan       nan       nan       nan       nan      nan
 nan nan nan       nan       nan       nan       nan      nan
 nan nan nan       nan       nan       nan       nan      nan
 -2.0 0.0 4.0    -0.285     0.000      11.4       8.8  1.28702
 -3.0 3.0 -4.0    -2.746     0.000       2.9      18.5  0.15902
 nan nan nan       nan       nan       nan       nan      nan
 2.0 0.0 4.0    -0.285     0.000      11.2       8.7  1.28697
 -5.0 1.0 0.0    -2.539     0.000       2.5      16.8  0.14600
 3.0 1.0 2.0    -0.228     0.000      12.2      10.0  1.21140
 nan nan nan       nan       nan       nan       nan      nan
 0.0 2.0 0.0    -0.290     0.000      12.4      10.5  1.17795
 4.0 -4.0 8.0     6.251     0.000      35.8      42.6  0.84011
 -2.0 -2.0 6.0    -2.488     0.000       2.4      16.0  0.14991
 nan nan nan       nan       nan       nan       nan      nan
 -6.0 2.0 -4.0     6.461     0.000      34.9      49.6  0.70326
 6.0 -2.0 8.0     5.885     0.000      32.7      36.7  0.88983
 2.0 -2.0 6.0    -2.488     0.000       2.4      16.0  0.15123
 nan nan nan       nan       nan       nan       nan      nan
 nan nan nan       nan       nan       nan       nan      nan
 nan nan nan       nan       nan       nan       nan      nan
 -6.0 2.0 0.0     6.665     0.000      35.2      55.5  0.63422
 -1.0 -3.0 8.0    -2.110     0.000       2.2       8.3  0.26963
 3.0 3.0 -2.0    -0.848     0.000       9.3       3.3  2.81245
 -5.0 -1.0 4.0    -2.515     0.000       2.9      13.0  0.22101
 4.0 2.0 0.0     0.132     0.000       4.7       5.6  0.84135
 -4.0 2.0 0.0     0.132     0.000       4.8       5.7  0.84134
 nan nan nan       nan       nan       nan       nan      nan
 -7.0 -1.0 4.0    -1.927     0.000       2.5       5.3  0.47196
 -3.0 3.0 -2.0    -0.848     0.000       9.4       3.3  2.81818
 nan nan nan       nan       nan       nan       nan      nan
 nan nan nan       nan       nan       nan       nan      nan
 -1.0 -1.0 6.0    -0.435     0.000       7.2       4.2  1.72302
 nan nan nan       nan       nan       nan       nan      nan
 -7.0 1.0 0.0    -1.936     0.000       2.2       6.2  0.35078
 -3.0 -2.0 3.0     0.910     0.000       0.8       0.8  0.98493
 nan nan nan       nan       nan       nan       nan      nan
 -2.0 -3.0 7.0    -0.844     0.000       0.7       0.7  0.99848
 -6.0 2.0 -2.0    -3.178     0.000       6.3      15.5  0.40822
 -5.0 -2.0 5.0    -0.746     0.000       0.6       0.6  0.99921
 -4.0 4.0 -6.0    -2.941     0.000       6.0      12.1  0.49585
 nan nan nan       nan       nan       nan       nan      nan
 -1.0 -2.0 5.0    -0.958     0.000       0.9       0.9  0.98498
 -4.0 -3.0 5.0     1.645     0.000       2.7       2.7  0.99848
 nan nan nan       nan       nan       nan       nan      nan
 -3.0 -3.0 8.0    -2.655     0.000       4.7      10.2  0.46375
 -5.0 -3.0 8.0    -1.571     0.000       1.8       3.4  0.52731
 nan nan nan       nan       nan       nan       nan      nan
 -6.0 -2.0 6.0    -3.084     0.000       7.5      12.0  0.62217
 nan nan nan       nan       nan       nan       nan      nan
 6.0 2.0 -2.0    -3.178     0.000       6.4      15.5  0.41053
 nan nan nan       nan       nan       nan       nan      nan
 -5.0 -1.0 2.0    -0.618     0.000       5.1       1.7  3.04613
 nan nan nan       nan       nan       nan       nan      nan
 -3.0 -2.0 7.0     0.844     0.000       0.7       0.7  0.99854
 3.0 2.0 -3.0     0.910     0.000       0.8       0.8  0.98493
 -7.0 3.0 -4.0    -3.042     0.000       7.8      10.9  0.71655
 -4.0 -1.0 3.0    -1.840     0.000       3.4       3.4  0.99004
 -4.0 -2.0 4.0     0.124     0.000       2.6       3.3  0.79258
 3.0 5.0 -8.0    -1.571     0.000       1.8       3.4  0.52548
 -4.0 2.0 -4.0     0.124     0.000       2.6       3.3  0.79258
 nan nan nan       nan       nan       nan       nan      nan
 4.0 1.0 -3.0    -1.840     0.000       3.4       3.4  0.99004
 3.0 4.0 -5.0    -1.645     0.000       2.7       2.7  0.99853
 -1.0 -3.0 6.0    -0.218     0.000       3.7       2.5  1.49131
 -5.0 1.0 -2.0    -0.618     0.000       5.1       1.7  3.04595
 nan nan nan       nan       nan       nan       nan      nan
 -3.0 -4.0 9.0    -1.480     0.000       2.2       2.2  1.00063
 nan nan nan       nan       nan       nan       nan      nan
 nan nan nan       nan       nan       nan       nan      nan
 nan nan nan       nan       nan       nan       nan      nan
 -1.0 0.0 3.0    -0.000     0.000       0.0       0.0  1.29611
 nan nan nan       nan       nan       nan       nan      nan
 nan nan nan       nan       nan       nan       nan      nan
 1.0 -1.0 6.0    -0.435     0.000       7.1       4.1  1.72284
 nan nan nan       nan       nan       nan       nan      nan
 -6.0 -3.0 7.0    -2.095     0.000       4.4       4.4  1.00069
 nan nan nan       nan       nan       nan       nan      nan
 nan nan nan       nan       nan       nan       nan      nan
 nan nan nan       nan       nan       nan       nan      nan
 0.0 3.0 -5.0    -0.000     0.000       0.0       0.0  0.14045
 -5.0 3.0 -4.0    -1.564     0.000       1.0       5.6  0.18134
 -1.0 3.0 -6.0    -0.218     0.000       3.7       2.5  1.49131
 -2.0 -5.0 9.0     0.671     0.000       0.5       0.4  1.00069
 nan nan nan       nan       nan       nan       nan      nan
 1.0 -3.0 8.0    -2.110     0.000       2.2       8.3  0.27013
 5.0 1.0 -2.0    -0.618     0.000       5.1       1.7  3.04613
 nan nan nan       nan       nan       nan       nan      nan
 nan nan nan       nan       nan       nan       nan      nan
 nan nan nan       nan       nan       nan       nan      nan
 nan nan nan       nan       nan       nan       nan      nan
 2.0 -3.0 7.0     0.844     0.000       0.7       0.7  0.99848
 nan nan nan       nan       nan       nan       nan      nan
 1.0 -3.0 6.0    -0.218     0.000       3.7       2.5  1.49131
 nan nan nan       nan       nan       nan       nan      nan
 nan nan nan       nan       nan       nan       nan      nan
 nan nan nan       nan       nan       nan       nan      nan
 -1.0 -4.0 7.0     1.705     0.000       2.9       2.9  0.99920
 nan nan nan       nan       nan       nan       nan      nan
 nan nan nan       nan       nan       nan       nan      nan
 -3.0 0.0 1.0    -0.000     0.000       0.0       0.0  1.00416
 -4.0 1.0 -1.0     1.868     0.000       3.5       3.5  0.98491
 nan nan nan       nan       nan       nan       nan      nan
 nan nan nan       nan       nan       nan       nan      nan
 nan nan nan       nan       nan       nan       nan      nan
 nan nan nan       nan       nan       nan       nan      nan
 -2.0 4.0 -4.0     0.124     0.000       2.4       3.0  0.79266
 1.0 -4.0 9.0    -1.605     0.000       2.6       2.6  1.00043
 -2.0 1.0 -1.0    -1.002     0.000       1.0       1.0  0.95056
 3.0 0.0 -1.0    -0.000     0.000       0.0       0.0  1.00416
 -6.0 1.0 -1.0    -2.488     0.000       6.2       6.2  0.99848
 -5.0 0.0 3.0    -0.000     0.000       0.0       0.0  0.18061
 nan nan nan       nan       nan       nan       nan      nan
 nan nan nan       nan       nan       nan       nan      nan
 -7.0 -2.0 3.0     0.587     0.000       0.3       0.3  1.00044
 nan nan nan       nan       nan       nan       nan      nan
 nan nan nan       nan       nan       nan       nan      nan
 nan nan nan       nan       nan       nan       nan      nan
 nan nan nan       nan       nan       nan       nan      nan
 nan nan nan       nan       nan       nan       nan      nan
 -6.0 -1.0 1.0     2.488     0.000       6.2       6.2  0.99849
 nan nan nan       nan       nan       nan       nan      nan
 nan nan nan       nan       nan       nan       nan      nan
 nan nan nan       nan       nan       nan       nan      nan
 nan nan nan       nan       nan       nan       nan      nan
 nan nan nan       nan       nan       nan       nan      nan
 nan nan nan       nan       nan       nan       nan      nan
 -1.0 2.0 -3.0     0.987     0.000       1.0       1.0  0.96629
 0.0 -4.0 10.0    -2.539     0.000       5.3       7.8  0.66923
 nan nan nan       nan       nan       nan       nan      nan
 -6.0 -3.0 5.0    -2.192     0.000       4.8       4.8  1.00043
 -3.0 3.0 -6.0    -0.801     0.000       3.7       0.6  6.55607
 nan nan nan       nan       nan       nan       nan      nan
 nan nan nan       nan       nan       nan       nan      nan
 nan nan nan       nan       nan       nan       nan      nan
 6.0 -3.0 5.0     2.192     0.000       4.8       4.8  1.00044


Structure factor tensor in a*, b*, c* (real part, mu_B) 

   h   k   l   sft_11   sft_22   sft_33    sft_12   sft_13   sft_23
 0.0 2.0 -2.0  -16.621  -16.621  -16.621    -0.000    0.000   -0.000
 -2.0 0.0 2.0  -16.621  -16.621  -16.621     0.000   -0.000    0.000
 2.0 0.0 2.0  -16.621  -16.621  -16.621     0.000    0.000    0.000
 0.0 0.0 2.0  -20.006  -20.006  -20.006     0.000    0.000    0.000
 4.0 2.0 -2.0   -7.823   -7.823   -7.823    -0.000    0.000    0.000
 -4.0 2.0 -2.0   -7.823   -7.823   -7.823     0.000    0.000   -0.000
 -2.0 2.0 0.0   16.967   16.967   16.967    -0.000    0.000    0.000
 nan nan nan      nan      nan      nan       nan      nan      nan
 0.0 -2.0 6.0   -7.839   -7.839   -7.839     0.000    0.000   -0.000
 2.0 2.0 0.0   16.967   16.967   16.967     0.000    0.000   -0.000
 -4.0 0.0 0.0   11.129   11.129   11.129     0.000    0.000   -0.000
 0.0 0.0 4.0   16.993   16.993   16.993     0.000    0.000    0.000
 -1.0 -1.0 2.0   22.630   22.630   22.630    -0.000    0.000    0.000
 -1.0 1.0 -2.0   22.630   22.630   22.630     0.000   -0.000    0.000
 -2.0 0.0 0.0   20.929   20.929   20.929     0.000    0.000    0.000
 2.0 2.0 -4.0   11.142   11.142   11.142     0.000    0.000    0.000
 2.0 0.0 0.0   20.929   20.929   20.929     0.000    0.000    0.000
 -2.0 -2.0 4.0   11.142   11.142   11.142     0.000    0.000    0.000
 -2.0 2.0 -4.0   11.142   11.142   11.142    -0.000   -0.000    0.000
 4.0 0.0 0.0   11.129   11.129   11.129     0.000    0.000   -0.000
 nan nan nan      nan      nan      nan       nan      nan      nan
 -4.0 -2.0 6.0   -4.008   -4.008   -4.008    -0.000   -0.000    0.000
 1.0 -1.0 2.0   22.630   22.630   22.630     0.000   -0.000    0.000
 2.0 -2.0 4.0   11.142   11.142   11.142    -0.000   -0.000    0.000
 -6.0 0.0 2.0   -4.002   -4.002   -4.002    -0.000    0.000   -0.000
 -2.0 4.0 -6.0   -4.008   -4.008   -4.008     0.000   -0.000   -0.000
 nan nan nan      nan      nan      nan       nan      nan      nan
 -4.0 0.0 4.0    7.625    7.625    7.625    -0.000    0.000    0.000
 1.0 1.0 2.0   22.630   22.630   22.630    -0.000   -0.000   -0.000
 4.0 -2.0 6.0   -4.008   -4.008   -4.008     0.000    0.000    0.000
 nan nan nan      nan      nan      nan       nan      nan      nan
 -1.0 1.0 0.0  -22.109  -22.109  -22.109     0.000    0.000    0.000
 nan nan nan      nan      nan      nan       nan      nan      nan
 2.0 2.0 -2.0  -13.220  -13.220  -13.220     0.000    0.000    0.000
 -3.0 1.0 0.0  -14.114  -14.114  -14.114    -0.000    0.000    0.000
 -2.0 2.0 -2.0  -13.220  -13.220  -13.220    -0.000   -0.000    0.000
 -1.0 -1.0 4.0  -14.134  -14.134  -14.134    -0.000   -0.000    0.000
 nan nan nan      nan      nan      nan       nan      nan      nan
 3.0 1.0 0.0  -14.114  -14.114  -14.114     0.000   -0.000    0.000
 -6.0 2.0 -4.0    2.644    2.644    2.644    -0.000   -0.000    0.000
 -6.0 -2.0 4.0    2.644    2.644    2.644     0.000    0.000    0.000
 -3.0 1.0 -2.0   14.120   14.120   14.120    -0.000    0.000    0.000
 -4.0 4.0 -4.0    3.755    3.755    3.755    -0.000   -0.000    0.000
 0.0 2.0 -4.0   13.389   13.389   13.389    -0.000    0.000   -0.000
 nan nan nan      nan      nan      nan       nan      nan      nan
 -6.0 4.0 -6.0   -0.987   -0.987   -0.987    -0.000   -0.000   -0.000
 3.0 1.0 -2.0   14.120   14.120   14.120     0.000   -0.000   -0.000
 nan nan nan      nan      nan      nan       nan      nan      nan
 -2.0 -4.0 10.0   -0.989   -0.989   -0.989     0.000   -0.000    0.000
 0.0 -4.0 8.0    2.649    2.649    2.649     0.000    0.000    0.000
 1.0 -1.0 4.0  -14.134  -14.134  -14.134     0.000   -0.000   -0.000
 -6.0 2.0 0.0    3.752    3.752    3.752    -0.000   -0.000   -0.000
 nan nan nan      nan      nan      nan       nan      nan      nan
 nan nan nan      nan      nan      nan       nan      nan      nan
 -3.0 -1.0 2.0   14.120   14.120   14.120     0.000   -0.000   -0.000
 nan nan nan      nan      nan      nan       nan      nan      nan
 -2.0 -2.0 8.0    3.764    3.764    3.764     0.000   -0.000    0.000
 nan nan nan      nan      nan      nan       nan      nan      nan
 nan nan nan      nan      nan      nan       nan      nan      nan
 nan nan nan      nan      nan      nan       nan      nan      nan
 2.0 -4.0 10.0   -0.989   -0.989   -0.989    -0.000    0.000   -0.000
 0.0 -2.0 4.0   13.389   13.389   13.389    -0.000    0.000   -0.000
 2.0 -2.0 8.0    3.764    3.764    3.764    -0.000   -0.000   -0.000
 nan nan nan      nan      nan      nan       nan      nan      nan
 3.0 -1.0 2.0   14.120   14.120   14.120    -0.000    0.000    0.000
 nan nan nan      nan      nan      nan       nan      nan      nan
 nan nan nan      nan      nan      nan       nan      nan      nan
 -4.0 -4.0 8.0    1.264    1.264    1.264    -0.000   -0.000   -0.000
 nan nan nan      nan      nan      nan       nan      nan      nan
 -4.0 0.0 2.0   -9.192   -9.192   -9.192    -0.000    0.000    0.000
 -1.0 3.0 -4.0   -9.577   -9.577   -9.577    -0.000   -0.000    0.000
 -3.0 -1.0 4.0   -9.577   -9.577   -9.577     0.000    0.000    0.000
 -8.0 0.0 0.0    1.261    1.261    1.261     0.000    0.000    0.000
 nan nan nan      nan      nan      nan       nan      nan      nan
 4.0 0.0 2.0   -9.192   -9.192   -9.192    -0.000   -0.000   -0.000
 3.0 -1.0 4.0   -9.577   -9.577   -9.577    -0.000    0.000    0.000
 -8.0 0.0 4.0    0.835    0.835    0.835     0.000   -0.000   -0.000
 -1.0 3.0 -2.0   14.120   14.120   14.120    -0.000    0.000   -0.000
 -3.0 1.0 2.0   14.120   14.120   14.120    -0.000   -0.000   -0.000
 nan nan nan      nan      nan      nan       nan      nan      nan
 nan nan nan      nan      nan      nan       nan      nan      nan
 nan nan nan      nan      nan      nan       nan      nan      nan
 -2.0 0.0 4.0   13.389   13.389   13.389     0.000   -0.000    0.000
 -3.0 3.0 -4.0   -6.706   -6.706   -6.706     0.000   -0.000   -0.000
 nan nan nan      nan      nan      nan       nan      nan      nan
 2.0 0.0 4.0   13.389   13.389   13.389     0.000    0.000    0.000
 -5.0 1.0 0.0   -6.700   -6.700   -6.700     0.000   -0.000   -0.000
 3.0 1.0 2.0   14.120   14.120   14.120     0.000    0.000    0.000
 nan nan nan      nan      nan      nan       nan      nan      nan
 0.0 2.0 0.0   20.929   20.929   20.929     0.000   -0.000    0.000
 4.0 -4.0 8.0    1.264    1.264    1.264     0.000    0.000   -0.000
 -2.0 -2.0 6.0   -6.548   -6.548   -6.548     0.000    0.000    0.000
 nan nan nan      nan      nan      nan       nan      nan      nan
 -6.0 2.0 -4.0    2.644    2.644    2.644    -0.000   -0.000    0.000
 6.0 -2.0 8.0    0.837    0.837    0.837     0.000    0.000   -0.000
 2.0 -2.0 6.0   -6.548   -6.548   -6.548    -0.000   -0.000    0.000
 nan nan nan      nan      nan      nan       nan      nan      nan
 nan nan nan      nan      nan      nan       nan      nan      nan
 nan nan nan      nan      nan      nan       nan      nan      nan
 -6.0 2.0 0.0    3.752    3.752    3.752    -0.000   -0.000   -0.000
 -1.0 -3.0 8.0   -3.412   -3.412   -3.412     0.000   -0.000   -0.000
 3.0 3.0 -2.0    9.373    9.373    9.373    -0.000    0.000   -0.000
 -5.0 -1.0 4.0   -4.765   -4.765   -4.765    -0.000   -0.000   -0.000
 4.0 2.0 0.0    9.071    9.071    9.071    -0.000   -0.000    0.000
 -4.0 2.0 0.0    9.071    9.071    9.071     0.000    0.000    0.000
 nan nan nan      nan      nan      nan       nan      nan      nan
 -7.0 -1.0 4.0   -1.713   -1.713   -1.713    -0.000    0.000    0.000
 -3.0 3.0 -2.0    9.373    9.373    9.373     0.000   -0.000   -0.000
 nan nan nan      nan      nan      nan       nan      nan      nan
 nan nan nan      nan      nan      nan       nan      nan      nan
 -1.0 -1.0 6.0    9.393    9.393    9.393    -0.000   -0.000    0.000
 nan nan nan      nan      nan      nan       nan      nan      nan
 -7.0 1.0 0.0   -2.426   -2.426   -2.426     0.000   -0.000   -0.000
 -3.0 -2.0 3.0    0.016    0.016    0.016    -0.000   -0.000   -0.000
 nan nan nan      nan      nan      nan       nan      nan      nan
 -2.0 -3.0 7.0   -0.001   -0.001   -0.001     0.000   -0.000    0.000
 -6.0 2.0 -2.0   -3.387   -3.387   -3.387    -0.000   -0.000    0.000
 -5.0 -2.0 5.0   -0.001   -0.001   -0.001     0.000    0.000    0.000
 -4.0 4.0 -6.0   -2.431   -2.431   -2.431     0.000    0.000   -0.000
 nan nan nan      nan      nan      nan       nan      nan      nan
 -1.0 -2.0 5.0   -0.017   -0.017   -0.017     0.000    0.000    0.000
 -4.0 -3.0 5.0    0.003    0.003    0.003    -0.000   -0.000    0.000
 nan nan nan      nan      nan      nan       nan      nan      nan
 -3.0 -3.0 8.0   -2.433   -2.433   -2.433     0.000    0.000    0.000
 -5.0 -3.0 8.0   -1.189   -1.189   -1.189    -0.000    0.000    0.000
 nan nan nan      nan      nan      nan       nan      nan      nan
 -6.0 -2.0 6.0   -1.724   -1.724   -1.724    -0.000   -0.000   -0.000
 nan nan nan      nan      nan      nan       nan      nan      nan
 6.0 2.0 -2.0   -3.387   -3.387   -3.387     0.000    0.000    0.000
 nan nan nan      nan      nan      nan       nan      nan      nan
 -5.0 -1.0 2.0    6.442    6.442    6.442    -0.000   -0.000   -0.000
 nan nan nan      nan      nan      nan       nan      nan      nan
 -3.0 -2.0 7.0    0.001    0.001    0.001    -0.000   -0.000    0.000
 3.0 2.0 -3.0    0.016    0.016    0.016    -0.000   -0.000   -0.000
 -7.0 3.0 -4.0   -1.185   -1.185   -1.185    -0.000    0.000   -0.000
 -4.0 -1.0 3.0   -0.022   -0.022   -0.022     0.000    0.000    0.000
 -4.0 -2.0 4.0    6.321    6.321    6.321    -0.000    0.000    0.000
 3.0 5.0 -8.0   -1.189   -1.189   -1.189    -0.000    0.000    0.000
 -4.0 2.0 -4.0    6.321    6.321    6.321     0.000   -0.000    0.000
 nan nan nan      nan      nan      nan       nan      nan      nan
 4.0 1.0 -3.0   -0.022   -0.022   -0.022     0.000    0.000    0.000
 3.0 4.0 -5.0   -0.003   -0.003   -0.003     0.000   -0.000    0.000
 -1.0 -3.0 6.0    6.454    6.454    6.454     0.000   -0.000   -0.000
 -5.0 1.0 -2.0    6.442    6.442    6.442     0.000    0.000    0.000
 nan nan nan      nan      nan      nan       nan      nan      nan
 -3.0 -4.0 9.0    0.001    0.001    0.001    -0.000   -0.000    0.000
 nan nan nan      nan      nan      nan       nan      nan      nan
 nan nan nan      nan      nan      nan       nan      nan      nan
 nan nan nan      nan      nan      nan       nan      nan      nan
 -1.0 0.0 3.0    0.000    0.000    0.000    -0.000   -0.000   -0.000
 nan nan nan      nan      nan      nan       nan      nan      nan
 nan nan nan      nan      nan      nan       nan      nan      nan
 1.0 -1.0 6.0    9.393    9.393    9.393     0.000   -0.000   -0.000
 nan nan nan      nan      nan      nan       nan      nan      nan
 -6.0 -3.0 7.0    0.002    0.002    0.002    -0.000   -0.000    0.000
 nan nan nan      nan      nan      nan       nan      nan      nan
 nan nan nan      nan      nan      nan       nan      nan      nan
 nan nan nan      nan      nan      nan       nan      nan      nan
 0.0 3.0 -5.0   -0.000   -0.000   -0.000    -0.000   -0.000   -0.000
 -5.0 3.0 -4.0   -3.405   -3.405   -3.405    -0.000    0.000   -0.000
 -1.0 3.0 -6.0    6.454    6.454    6.454    -0.000   -0.000    0.000
 -2.0 -5.0 9.0   -0.001   -0.001   -0.001     0.000   -0.000    0.000
 nan nan nan      nan      nan      nan       nan      nan      nan
 1.0 -3.0 8.0   -3.412   -3.412   -3.412    -0.000    0.000    0.000
 5.0 1.0 -2.0    6.442    6.442    6.442    -0.000   -0.000   -0.000
 nan nan nan      nan      nan      nan       nan      nan      nan
 nan nan nan      nan      nan      nan       nan      nan      nan
 nan nan nan      nan      nan      nan       nan      nan      nan
 nan nan nan      nan      nan      nan       nan      nan      nan
 2.0 -3.0 7.0    0.001    0.001    0.001     0.000   -0.000   -0.000
 nan nan nan      nan      nan      nan       nan      nan      nan
 1.0 -3.0 6.0    6.454    6.454    6.454    -0.000   -0.000    0.000
 nan nan nan      nan      nan      nan       nan      nan      nan
 nan nan nan      nan      nan      nan       nan      nan      nan
 nan nan nan      nan      nan      nan       nan      nan      nan
 -1.0 -4.0 7.0    0.002    0.002    0.002    -0.000   -0.000   -0.000
 nan nan nan      nan      nan      nan       nan      nan      nan
 nan nan nan      nan      nan      nan       nan      nan      nan
 -3.0 0.0 1.0    0.000    0.000    0.000     0.000    0.000    0.000
 -4.0 1.0 -1.0    0.033    0.033    0.033     0.000   -0.000    0.000
 nan nan nan      nan      nan      nan       nan      nan      nan
 nan nan nan      nan      nan      nan       nan      nan      nan
 nan nan nan      nan      nan      nan       nan      nan      nan
 nan nan nan      nan      nan      nan       nan      nan      nan
 -2.0 4.0 -4.0    6.321    6.321    6.321     0.000   -0.000    0.000
 1.0 -4.0 9.0    0.001    0.001    0.001     0.000   -0.000   -0.000
 -2.0 1.0 -1.0   -0.060   -0.060   -0.060    -0.000   -0.000    0.000
 3.0 0.0 -1.0    0.000    0.000    0.000     0.000    0.000    0.000
 -6.0 1.0 -1.0   -0.004   -0.004   -0.004    -0.000   -0.000    0.000
 -5.0 0.0 3.0   -0.000   -0.000   -0.000    -0.000   -0.000    0.000
 nan nan nan      nan      nan      nan       nan      nan      nan
 nan nan nan      nan      nan      nan       nan      nan      nan
 -7.0 -2.0 3.0   -0.000   -0.000   -0.000     0.000   -0.000   -0.000
 nan nan nan      nan      nan      nan       nan      nan      nan
 nan nan nan      nan      nan      nan       nan      nan      nan
 nan nan nan      nan      nan      nan       nan      nan      nan
 nan nan nan      nan      nan      nan       nan      nan      nan
 nan nan nan      nan      nan      nan       nan      nan      nan
 -6.0 -1.0 1.0    0.004    0.004    0.004    -0.000   -0.000   -0.000
 nan nan nan      nan      nan      nan       nan      nan      nan
 nan nan nan      nan      nan      nan       nan      nan      nan
 nan nan nan      nan      nan      nan       nan      nan      nan
 nan nan nan      nan      nan      nan       nan      nan      nan
 nan nan nan      nan      nan      nan       nan      nan      nan
 nan nan nan      nan      nan      nan       nan      nan      nan
 -1.0 2.0 -3.0    0.040    0.040    0.040     0.000   -0.000    0.000
 0.0 -4.0 10.0   -1.204   -1.204   -1.204    -0.000    0.000    0.000
 nan nan nan      nan      nan      nan       nan      nan      nan
 -6.0 -3.0 5.0    0.001    0.001    0.001    -0.000   -0.000    0.000
 -3.0 3.0 -6.0    4.505    4.505    4.505     0.000    0.000   -0.000
 nan nan nan      nan      nan      nan       nan      nan      nan
 nan nan nan      nan      nan      nan       nan      nan      nan
 nan nan nan      nan      nan      nan       nan      nan      nan
 6.0 -3.0 5.0   -0.001   -0.001   -0.001    -0.000   -0.000   -0.000