   h   k   l       FR_exp        sigma       FR_mod  iint_up_mod iint_down_mod
 2.0 0.0 2.0      0.31840      0.00330      0.34451     74.31870    215.72132
 0.0 2.0-2.0      0.33480      0.00350      0.33156     72.51581    218.71303
-2.0 0.0 2.0      0.37460      0.00520      0.33778     73.38762    217.26635
-1.0 1.0 0.0      0.31960      0.00400      0.31490     14.46499     45.93504
 0.0-2.0 6.0      0.51860      0.00580      0.54806     84.51052    154.20023
 4.0 2.0-2.0      0.52990      0.00580      0.53286     76.98418    144.47491
 2.0 2.0 0.0      0.35240      0.00420      0.34616     43.34053    125.20324
 nan nan nan      0.30860      0.00500          nan          nan          nan
-4.0 2.0-2.0      0.55150      0.00700      0.53019     76.75553    144.77053
 0.0 0.0 4.0      0.34540      0.00410      0.36651     46.99094    128.21097
 2.0 2.0-4.0      0.30550      0.00470      0.31592     36.07956    114.20634
-2.0 2.0 0.0      0.38220      0.00540      0.33432     42.45797    126.99833
-1.0 1.0-2.0      1.24910      0.02070      1.27241     41.85954     32.89779
 2.0 0.0 0.0      1.28700      0.02120      1.17888     34.50867     29.27244
 1.0 1.0-2.0      1.28920      0.02080      1.27241     41.88270     32.91598
 2.0-2.0 4.0      0.30540      0.00490      0.31614     36.09627    114.17961
-1.0-1.0 2.0      1.31000      0.02250      1.27241     41.88270     32.91598
-2.0 2.0-4.0      0.31250      0.00510      0.31614     36.09627    114.17961
 4.0 0.0 0.0      0.31140      0.00480      0.30718     33.68054    109.64558
-2.0-2.0 4.0      0.30680      0.00570      0.31592     36.07956    114.20634
 nan nan nan      0.69550      0.00900          nan          nan          nan
-2.0 4.0-6.0      0.70390      0.00980      0.70618     80.55412    114.07001
-2.0 0.0 0.0      1.27350      0.02400      1.17888     34.50867     29.27244
-4.0 0.0 0.0      0.33660      0.00720      0.30718     33.68054    109.64558
 2.0 4.0-6.0      0.69960      0.00900      0.70667     80.58486    114.03472
 6.0 0.0 2.0      0.71280      0.00940      0.69949     73.97140    105.75034
 nan nan nan      0.72980      0.01060          nan          nan          nan
 0.0 4.0-4.0      0.49390      0.00780      0.46692     39.93882     85.53699
-1.0 1.0 2.0      1.24320      0.02150      1.26897     14.11643     11.12435
-6.0 0.0 2.0      0.72150      0.01170      0.69762     73.86209    105.87650
 nan nan nan      0.49620      0.00930          nan          nan          nan
 1.0 1.0 0.0      0.37170      0.00980      0.31769     14.18860     44.66190
 nan nan nan      1.28900      0.02410          nan          nan          nan
 1.0-1.0 4.0      0.14430      0.00700      0.17544      5.66986     32.31849
 2.0 2.0-2.0      0.15290      0.00700      0.14967      4.77744     31.92015
 3.0 1.0 0.0      0.12800      0.00640      0.19461      5.89640     30.29801
-2.0 2.0-2.0      0.14900      0.00700      0.14816      4.76270     32.14530
 nan nan nan      0.69760      0.01550          nan          nan          nan
-1.0-1.0 4.0      0.13340      0.00630      0.17468      5.66993     32.45818
 6.0 2.0-4.0      0.70380      0.01390      0.70313     34.88833     49.61891
 0.0 4.0-8.0      0.72100      0.01470      0.72188     41.46865     57.44511
 3.0 1.0-2.0      1.21270      0.03670      1.21166     15.92458     13.14282
 6.0 2.0 0.0      0.64860      0.01240      0.63829     35.35150     55.38443
 3.0-1.0 2.0      1.14040      0.03280      1.21166     15.91577     13.13555
 nan nan nan      0.95020      0.02010          nan          nan          nan
 8.0 2.0-2.0      0.91000      0.02090      0.89913     59.24398     65.89000
 0.0-2.0 4.0      1.23500      0.03630      1.28763     14.74073     11.44795
 nan nan nan      0.74590      0.01870          nan          nan          nan
-6.0 4.0-6.0      0.90070      0.01990      0.90246     64.60784     71.59097
-6.0 2.0-4.0      0.67690      0.01550      0.70326     34.89214     49.61454
-3.0 1.0 0.0      0.13810      0.00760      0.19289      5.91386     30.65942
 4.0 4.0-4.0      0.61970      0.01210      0.64356     37.62079     58.45769
 nan nan nan      0.61890      0.01220          nan          nan          nan
 nan nan nan      0.90040      0.02420          nan          nan          nan
 0.0 2.0-4.0      1.20960      0.04120      1.28763     14.74073     11.44795
 nan nan nan      0.65440      0.01400          nan          nan          nan
-4.0 4.0-4.0      0.62210      0.01290      0.64102     37.53720     58.55826
 nan nan nan      0.89410      0.02350          nan          nan          nan
 nan nan nan      0.83300      0.02060          nan          nan          nan
 nan nan nan      0.85790      0.02340          nan          nan          nan
-8.0 2.0-2.0      0.90550      0.02480      0.89868     59.22841     65.90624
-3.0 1.0-2.0      1.18360      0.03760      1.21166     15.91577     13.13555
-6.0 2.0 0.0      0.65470      0.01400      0.63422     35.22371     55.53900
 nan nan nan      0.87200      0.02510          nan          nan          nan
-3.0-1.0 2.0      1.17770      0.04730      1.21166     15.92458     13.14282
 nan nan nan      0.47860      0.02610          nan          nan          nan
 nan nan nan      0.83780      0.02280          nan          nan          nan
-4.0 4.0-8.0      0.85010      0.01960      0.84011     35.78605     42.59665
 nan nan nan      0.85320      0.02380          nan          nan          nan
 1.0 3.0-4.0      0.12710      0.01140      0.12561      2.47110     19.67244
 4.0 0.0 2.0      0.08200      0.01190      0.12587      2.97305     23.61979
-1.0 3.0-4.0      0.06610      0.01190      0.12515      2.46629     19.70629
 4.0 4.0-8.0      0.81850      0.02310      0.84003     35.78422     42.59861
 nan nan nan      0.86930      0.02570          nan          nan          nan
-3.0-1.0 4.0      0.07830      0.01410      0.12765      2.49216     19.52411
-4.0 0.0 2.0      0.07790      0.01510      0.12296      2.92543     23.79252
 2.0 6.0-8.0      0.92110      0.03050      0.88791     32.62242     36.74068
 3.0 1.0 2.0      1.21150      0.04700      1.21140     12.16249     10.04006
 1.0 3.0-2.0      1.17190      0.04210      1.21144     12.63253     10.42773
 nan nan nan      0.88360      0.03280          nan          nan          nan
 nan nan nan      0.77760      0.02940          nan          nan          nan
 nan nan nan      0.08660      0.01510          nan          nan          nan
-1.0 3.0-2.0      1.23400      0.04940      1.21145     12.74509     10.52056
 5.0 1.0 0.0      0.08640      0.01470      0.14882      2.49016     16.73217
 nan nan nan      0.09820      0.01580          nan          nan          nan
-3.0 1.0 2.0      1.18200      0.07160      1.21143     12.51779     10.33310
 3.0 3.0-4.0      0.08150      0.01480      0.16060      2.97051     18.49650
-2.0 0.0 4.0      1.32820      0.08850      1.28702     11.38011      8.84219
 nan nan nan      0.89870      0.02250          nan          nan          nan
 1.0 1.0 2.0      1.28570      0.05920      1.26860     13.18280     10.39162
-8.0 0.0 0.0      0.87180      0.03020      0.82273     28.09057     34.14316
-3.0 3.0-4.0      0.10530      0.01630      0.15902      2.94935     18.54722
 nan nan nan      0.86320      0.02770          nan          nan          nan
 6.0 2.0-4.0      0.70270      0.01740      0.70313     34.88833     49.61891
-8.0 0.0 4.0      0.87210      0.04990      0.87920     27.29515     31.04551
-5.0 1.0 0.0      0.10770      0.01740      0.14600      2.45596     16.82109
 nan nan nan      0.91610      0.05070          nan          nan          nan
 nan nan nan      0.21090      0.02680          nan          nan          nan
 nan nan nan      0.29750      0.03000          nan          nan          nan
 4.0 4.0-4.0      0.62720      0.01460      0.64356     37.62079     58.45769
-5.0 3.0-4.0      0.39170      0.03740      0.18134      1.00714      5.55401
 1.0-1.0 6.0      1.27010      0.11470      1.72284      7.11821      4.13167
 0.0 4.0-6.0      0.17220      0.02300      0.23889      3.34800     14.01461
-1.0-1.0 6.0      1.92810      0.22120      1.72302      7.15666      4.15355
 3.0 3.0-2.0      1.34120      0.09390      2.81245      9.26188      3.29317
 nan nan nan      0.62280      0.01640          nan          nan          nan
 1.0 5.0-8.0      0.60810      0.04620      0.54974      4.37960      7.96671
 4.0 2.0 0.0      1.83120      0.20230      0.84135      4.72548      5.61652
 nan nan nan      0.44120      0.03910          nan          nan          nan
 nan nan nan      0.76920      0.06440          nan          nan          nan
-3.0 3.0-2.0      1.25020      0.12540      2.81818      9.38704      3.33089
 nan nan nan      0.55500      0.04610          nan          nan          nan
 4.0 4.0-6.0      0.42360      0.04150      0.49693      6.02655     12.12768
-1.0 2.0-5.0      0.89780      0.11650      0.98501      0.91035      0.92420
 nan nan nan      0.43790      0.04470          nan          nan          nan
-4.0 3.0-5.0      0.97400      0.13540      0.99848      2.70420      2.70833
 5.0 3.0-4.0      0.25000      0.04440      0.18304      1.01394      5.53936
-1.0 4.0-7.0      0.97150      0.14380      0.99920      2.90734      2.90966
 7.0 1.0 0.0      0.48270      0.06510      0.35322      2.17632      6.16143
 nan nan nan      0.66370      0.06950          nan          nan          nan
-3.0 2.0-3.0      0.76040      0.13540      0.98488      0.82174      0.83435
-2.0 3.0-7.0      1.13910      0.11660      0.99848      0.71117      0.71225
 nan nan nan      0.66750      0.07600          nan          nan          nan
-4.0 4.0-6.0      0.36580      0.04730      0.49585      6.01869     12.13808
-3.0 5.0-8.0      0.67750      0.06550      0.52493      1.77008      3.37202
 nan nan nan      1.24940      0.12920          nan          nan          nan
-1.0 5.0-8.0      0.53920      0.05580      0.54953      4.37864      7.96792
 nan nan nan      0.47000      0.04780          nan          nan          nan
-1.0-3.0 8.0      0.22440      0.05730      0.26963      2.24328      8.31982
 nan nan nan      0.91540      0.02870          nan          nan          nan
 1.0 3.0-6.0      1.30200      0.18340      1.49131      3.67708      2.46567
 nan nan nan      0.96970      0.17540          nan          nan          nan
-3.0 4.0-5.0      1.09610      0.11160      0.99852      2.70426      2.70827
 1.0-2.0 5.0      0.96160      0.16670      0.98501      0.91035      0.92420
 7.0 3.0-4.0      0.66930      0.05560      0.71756      7.81743     10.89443
 0.0 3.0-5.0      0.99900      0.12150      0.14045      0.00000      0.00000
-1.0 3.0-6.0      1.46780      0.17540      1.49131      3.67621      2.46509
 5.0-3.0 8.0      0.61020      0.06990      0.52871      1.77765      3.36224
 5.0 1.0-2.0      1.04440      0.13480      3.04613      5.11391      1.67882
 nan nan nan      0.91170      0.03090          nan          nan          nan
 0.0-3.0 5.0      0.95340      0.15240      0.14045      0.00000      0.00000
 3.0-2.0 7.0      1.20280      0.20250      0.99855      0.71119      0.71223
-4.0 2.0-4.0      1.32890      0.20240      0.79258      2.57830      3.25307
 4.0 2.0-4.0      1.24940      0.15070      0.79258      2.57993      3.25512
 nan nan nan      0.60470      0.06760          nan          nan          nan
-5.0 4.0-7.0      1.06260      0.12210      1.00063      1.76467      1.76356
 nan nan nan      1.10190      0.14280          nan          nan          nan
 nan nan nan      0.61920      0.06830          nan          nan          nan
 nan nan nan      0.76660      0.08960          nan          nan          nan
-1.0 2.0-1.0      1.57750      0.37770      0.96177      0.98508      1.02424
 nan nan nan      0.47890      0.06610          nan          nan          nan
 nan nan nan      0.61180      0.07770          nan          nan          nan
-4.0 2.0 0.0      2.38460      0.56080      0.84134      4.82078      5.72986
 nan nan nan      2.30320      0.38450          nan          nan          nan
-2.0 5.0-9.0      0.56200      0.12180      1.00069      0.45026      0.44995
 nan nan nan      0.91680      0.15360          nan          nan          nan
 nan nan nan      0.94470      0.11680          nan          nan          nan
 nan nan nan      0.89270      0.02640          nan          nan          nan
 4.0-1.0 3.0      0.99640      0.22190      0.99009      3.36702      3.40072
 6.0 2.0-2.0      0.22200      0.06820      0.41053      6.35517     15.48024
 5.0-1.0 2.0      0.97840      0.21130      3.04595      5.11203      1.67831
-6.0 3.0-7.0      0.95370      0.13500      1.00068      4.38891      4.38592
 nan nan nan      1.35830      0.18590          nan          nan          nan
-6.0 2.0-2.0      0.21590      0.08500      0.40822      6.33263     15.51264
-1.0-3.0 6.0      1.12660      0.19570      1.49131      3.67708      2.46567
 nan nan nan      1.07400      0.14660          nan          nan          nan
 nan nan nan      1.23150      0.17090          nan          nan          nan
 nan nan nan      0.61760      0.06520          nan          nan          nan
 nan nan nan      0.38640      0.11000          nan          nan          nan
-6.0 1.0-1.0      1.31810      0.32140      0.99848      6.18741      6.19681
 nan nan nan      1.67640      0.31780          nan          nan          nan
-5.0 1.0-2.0      1.50750      0.22010      3.04595      5.11203      1.67831
 nan nan nan      1.02460      0.12090          nan          nan          nan
 nan nan nan      0.74600      0.08290          nan          nan          nan
 nan nan nan      1.20180      0.26830          nan          nan          nan
-5.0 2.0-5.0      1.35810      0.26510      0.99921      0.55613      0.55657
 nan nan nan      1.08180      0.28790          nan          nan          nan
 nan nan nan      0.91320      0.15600          nan          nan          nan
 1.0 2.0-3.0      0.80400      0.21450      0.96636      0.95795      0.99130
 3.0 2.0-3.0      0.99540      0.26810      0.98493      0.82176      0.83433
 nan nan nan      0.88960      0.11800          nan          nan          nan
 nan nan nan      0.92300      0.24010          nan          nan          nan
 nan nan nan      0.96750      0.25760          nan          nan          nan
 nan nan nan      0.93180      0.25470          nan          nan          nan
 5.0 1.0 2.0      1.38280      0.38360      2.99297      4.61785      1.54290
-7.0 2.0-3.0      1.22220      0.23620      1.00044      0.34465      0.34450
 2.0 1.0-1.0      0.64800      0.24110      0.95093      0.97945      1.02999
-1.0-2.0 3.0      0.78940      0.22560      0.96636      0.95795      0.99130
 4.0 3.0-5.0      0.76810      0.16550      0.99848      2.70421      2.70833
 1.0 4.0-5.0      1.00000      0.28560      0.99598      3.17862      3.19145
 nan nan nan      1.15800      0.22690          nan          nan          nan
 nan nan nan      1.02520      0.30370          nan          nan          nan
 1.0 4.0-9.0      1.17580      0.30890      1.00043      2.57734      2.57622
 nan nan nan      0.55200      0.15520          nan          nan          nan
 nan nan nan      0.89260      0.27100          nan          nan          nan
 nan nan nan      4.43660      2.39730          nan          nan          nan
 nan nan nan      0.85090      0.22360          nan          nan          nan
 nan nan nan      1.58450      0.52220          nan          nan          nan
 2.0 3.0-7.0      0.88540      0.27430      0.99848      0.71117      0.71225
 nan nan nan      0.89000      0.24840          nan          nan          nan
 nan nan nan      0.69810      0.20510          nan          nan          nan
 nan nan nan      1.25000      0.38410          nan          nan          nan
 nan nan nan      1.23750      0.36190          nan          nan          nan
 nan nan nan      0.86840      0.24000          nan          nan          nan
 nan nan nan      0.80410      0.22750          nan          nan          nan
 3.0 0.0 1.0      0.90000      0.30230      2.36203      0.00000      0.00000
-7.0 3.0-4.0      0.49100      0.05110      0.71655      7.81139     10.90132
 nan nan nan      2.74110      1.25710          nan          nan          nan
-1.0 4.0-9.0      0.73620      0.23680      1.00043      2.57734      2.57622
 6.0 0.0 0.0      3.42850      1.90890      0.27283      0.72656      2.66307
 nan nan nan      1.39370      0.45500          nan          nan          nan
 nan nan nan      1.08570      0.35280          nan          nan          nan
 nan nan nan      1.31420      0.32180          nan          nan          nan
-7.0-2.0 3.0      0.63290      0.25150      1.00044      0.34465      0.34450