Model: filerhochi

Crystals:

Crystal: 
 name: Fe3O4
 i_g: 0.0
SpaceGroup:
 given name: Fd-3m
 choice: 2
 name: Fd-3m
 number: 227
 inversion center at (0.000, 0.000, 0.000)
 x, y, z
 0.750-x, 0.250-y, 0.500+z
 0.250-x, 0.500+y, 0.750-z
 0.500+x, 0.750-y, 0.250-z
 z, x, y
 0.500+z, 0.750-x, 0.250-y
 0.750-z, 0.250-x, 0.500+y
 0.250-z, 0.500+x, 0.750-y
 y, z, x
 0.250-y, 0.500+z, 0.750-x
 0.500+y, 0.750-z, 0.250-x
 0.750-y, 0.250-z, 0.500+x
 0.750+y, 0.250+x, 0.500-z
 -y, -x, -z
 0.250+y, 0.500-x, 0.750+z
 0.500-y, 0.750+x, 0.250+z
 0.750+x, 0.250+z, 0.500-y
 0.500-x, 0.750+z, 0.250+y
 -x, -z, -y
 0.250+x, 0.500-z, 0.750+y
 0.750+z, 0.250+y, 0.500-x
 0.250+z, 0.500-y, 0.750+x
 0.500-z, 0.750+y, 0.250+x
 -z, -y, -x
 directory: 'c:\docs\working_comp\rhochi\version_next\libNeuPy\f_crystal'
Cell: 
 a:  8.53135(31)
 b: 8.531361700927732
 c: 8.531361700927732
 alpha: 90.0
 beta: 90.0
 gamma: 90.0
 Bravais lattice: Cubic
 B matrix is:
   0.11721  -0.00000  -0.00000
   0.00000   0.11721  -0.00000
   0.00000   0.00000   0.11721
 inversed B matrix is:
   8.53136   0.00000   0.00000
   0.00000   8.53136   0.00000
   0.00000   0.00000   8.53136

AtomSite:
 number of atoms: 3
**********************************************************************
 1. AtomType:
 name: Fe3A            
 type_n: Fe (b_scat: 0.945 cm**-12)
 occupation: 1.0
 fract  x: 0.125  y: 0.125  z: 0.125
  adp_type: uani
 u_11: 0.0, u_22: 0.0, u_33: 0.0 (in Ang**2)
 u_12: 0.0, u_13: 0.0, u_23: 0.0 (in Ang**2)

 type_m: Fe3
 kappa: 1.0
 lande factor: 2.096
 chi_type: ciso
 chi_11: -4.04558269874, chi_22: -4.04558269874, chi_33: -4.04558269874 (in mu_B)
 chi_12: 6.505793168983726e-16, chi_13: 6.505793168983726e-16, chi_23: 2.4772049513489247e-16 (in mu_B) 
 j0   A: 0.3972, a: 13.2442, B: 0.6295, b: 4.9034
      C: -0.0314, c: 0.3496, D: 0.0044
 j2   A: 1.3602, a: 11.9976, B: 1.5188, b: 5.0025
      C: 0.4705, c: 1.9914, D: 0.0038

**********************************************************************
 2. AtomType:
 name: Fe3B            
 type_n: Fe (b_scat: 0.945 cm**-12)
 occupation: 1.0
 fract  x: 0.5  y: 0.5  z: 0.5
  adp_type: uani
 u_11: 0.0, u_22: 0.0, u_33: 0.0 (in Ang**2)
 u_12: 0.0, u_13: 0.0, u_23: 0.0 (in Ang**2)

 type_m: Fe3
 kappa: 1.0
 lande factor: 2.0
 chi_type: ciso
 chi_11: 3.98446052732, chi_22: 3.98446052732, chi_33: 3.98446052732 (in mu_B)
 chi_12: -6.407501220725808e-16, chi_13: -6.407501220725808e-16, chi_23: -2.4397784155557056e-16 (in mu_B) 
 j0   A: 0.3972, a: 13.2442, B: 0.6295, b: 4.9034
      C: -0.0314, c: 0.3496, D: 0.0044
 j2   A: 1.3602, a: 11.9976, B: 1.5188, b: 5.0025
      C: 0.4705, c: 1.9914, D: 0.0038

**********************************************************************
 3. AtomType:
 name: O1            
 type_n: O (b_scat: 0.5803 cm**-12)
 occupation: 1.0
 fract  x: 0.25521  y: 0.25521  z: 0.25521
  adp_type: uiso
 b_iso: 0.0 Ang**2
Extinction: 
 model: gauss
 domain_radius: 0.0
 mosaicity: 0.0


Experiments:

ExperimentPowder2D:
 name: pnd
 file_out: full.out
SetupPowder2D:
 label: exp
 wave_length: 0.84
 zero_shift: -0.37138377716
ResolutionPowder2D: 
 u: 16.94
 v: -2.83572490939
 w: 0.576309204074
 x: 0.0
 y: 0.0
FactorLorentzPowder2D:
AsymmetryPowder2D:
 p1: 0.0
 p2: 0.0
 p3: 0.0
 p4: 0.0
BeamPolarization: 
 p_u: 0.836865522283
 flipper_efficiency: 1.0
BackgroundPowder2D:
 file_dir: 
 file_name: full.bkg
 ttheta  IntBKGR
           4.50   40.00   80.00
   -3.00 -350.0 -350.0 -400.0
   41.00 -350.0 -350.0 -400.0
ObservedDataPowder2D:
 file_dir: 
 file_name: full.dat
 tth range: 4.0 --- 80.0 (381 points)
 phi range: -2.0 --- 40.0 (85 points)
 field: 1.0
 wave_length: 0.84


CalculatedData:

CalculatedDataPowder2D:
 name: Fe3O4
 scale: 0.0218424393025
 field: 1.0

   h   k   l   fn_real   fn_imag  f_nucl_sq f_m_p_sin_sq f_m_p_cos_sq cross_sin
   1   1   1     3.125     0.000       9.8     183.4       0.0      84.6
   2   0   0    -0.000     0.000       0.0       0.0       0.0       0.0
   2   2   0    -7.639     0.000      58.4      48.2       0.0    -106.1
   3   1   1   -12.600     0.000     158.8       3.3       0.0      45.7
   2   2   2    -3.331     0.000      11.1     152.1       0.0     -82.2
   4   0   0    25.971     0.000     674.5     278.5       0.0     866.9
   3   3   1    -0.707     0.000       0.5      77.2       0.0      12.4
   4   2   0    -0.000     0.000       0.0       0.0       0.0      -0.0
   4   2   2     7.481     0.000      56.0      20.6       0.0     -67.9
   5   1   1    15.018     0.000     225.5       1.5       0.0      37.1
   3   3   3    10.192     0.000     103.9       1.5       0.0      25.2
   4   4   0    40.933     0.000    1675.5      14.0       0.0     306.4
   5   3   1    -3.115     0.000       9.7      35.0       0.0      36.8
   6   0   0    -0.000     0.000       0.0       0.0       0.0      -0.0
   4   4   2     0.316     0.000       0.1       0.0       0.0       0.0
   6   2   0     7.323     0.000      53.6       9.4       0.0     -44.8
   5   3   3   -12.631     0.000     159.5       0.8       0.0      21.9
   6   2   2    -3.015     0.000       9.1      31.8       0.0     -34.0
   4   4   4    25.657     0.000     658.3      59.2       0.0     394.7
   5   5   1     5.502     0.000      30.3      16.7       0.0      44.9
   7   1   1    -0.697     0.000       0.5      16.7       0.0       5.7
   6   4   0    -0.000     0.000       0.0       0.0       0.0      -0.0
   6   4   2    -7.795     0.000      60.8       4.5       0.0     -32.9
   5   5   3   -14.966     0.000     224.0       0.4       0.0      18.8
   7   3   1   -10.223     0.000     104.5       0.4       0.0      12.8
   8   0   0    40.616     0.000    1649.7       3.5       0.0     151.6
   7   3   3    -1.659     0.000       2.8       8.2       0.0      -9.5
   6   4   4     0.310     0.000       0.1       0.0       0.0       0.0
   8   2   0    -0.000     0.000       0.0       0.0       0.0      -0.0
   6   6   0    -8.267     0.000      68.3       2.2       0.0     -24.3
   8   2   2    -7.637     0.000      58.3       2.2       0.0     -22.5
   5   5   5    17.364     0.000     301.5       0.2       0.0      16.0
   7   5   1   -12.579     0.000     158.2       0.2       0.0      11.6
   6   6   2    -2.704     0.000       7.3       7.9       0.0     -15.2
   8   4   0    25.343     0.000     642.3      14.5       0.0     192.9
   9   1   1     5.492     0.000      30.2       4.1       0.0      22.2
   7   5   3    -0.769     0.000       0.6       4.1       0.0       3.1
   8   4   2     0.626     0.000       0.4       0.0       0.0       0.0
   6   6   4     6.859     0.000      47.0       1.1       0.0     -14.1
   9   3   1   -14.997     0.000     224.9       0.1       0.0      10.2
   8   4   4    40.311     0.000    1625.0       1.0       0.0      78.6
   7   7   1     1.587     0.000       2.5       2.0       0.0      -4.5
   9   3   3    -3.176     0.000      10.1       2.0       0.0       9.0
   7   5   5    -3.013     0.000       9.1       2.0       0.0       8.6
  10   0   0    -0.000     0.000       0.0       0.0       0.0      -0.0
   8   6   0    -0.000     0.000       0.0       0.0       0.0      -0.0
  10   2   0    -7.951     0.000      63.2       0.5       0.0     -11.2
   8   6   2     7.331     0.000      53.7       0.5       0.0     -10.4
   9   5   1    17.313     0.000     299.7       0.1       0.0       8.8
   7   7   3     7.907     0.000      62.5       0.1       0.0       4.0
  10   2   2    -2.388     0.000       5.7       2.0       0.0      -6.7
   6   6   6    -2.399     0.000       5.8       2.0       0.0      -6.7
   9   5   3    -5.400     0.000      29.2       1.0       0.0      10.6
  10   4   0     0.000     0.000       0.0       0.0       0.0       0.0
   8   6   4     0.616     0.000       0.4       0.0       0.0       0.0
  10   4   2     7.173     0.000      51.4       0.2       0.0      -6.8
  11   1   1   -10.203     0.000     104.1       0.0       0.0       3.8
   7   7   5   -10.366     0.000     107.4       0.0       0.0       3.9
   8   8   0    40.005     0.000    1600.4       0.3       0.0      40.2
  11   3   1     1.598     0.000       2.6       0.4       0.0      -2.1
   9   7   1    -3.085     0.000       9.5       0.4       0.0       4.1
   9   5   5     7.767     0.000      60.3       0.4       0.0      10.3
   8   8   2     1.242     0.000       1.5       0.0       0.0       0.0
  10   4   4     0.300     0.000       0.1       0.0       0.0       0.0
  10   6   0     6.395     0.000      40.9       0.1       0.0      -3.9
   8   6   6    -8.243     0.000      67.9       0.1       0.0      -5.0
  11   3   3     7.938     0.000      63.0       0.0       0.0       2.2
   9   7   3   -12.722     0.000     161.8       0.0       0.0       3.5
  10   6   2    -2.088     0.000       4.4       0.4       0.0      -2.7
  12   0   0    24.715     0.000     610.8       0.7       0.0      40.8
   8   8   4    24.737     0.000     611.9       0.7       0.0      40.8
   7   7   7    -3.895     0.000      15.2       0.2       0.0      -3.3
  11   5   1    -0.666     0.000       0.4       0.2       0.0       0.6
  12   2   0    -0.000     0.000       0.0       0.0       0.0      -0.0
  12   2   2     7.487     0.000      56.0       0.0       0.0      -2.7
  10   6   4    -8.715     0.000      76.0       0.0       0.0      -3.1
   9   7   5   -14.815     0.000     219.5       0.0       0.0       3.0
  11   5   3   -10.314     0.000     106.4       0.0       0.0       2.1
  12   4   0    39.688     0.000    1575.2       0.1       0.0      18.8
   9   9   1     7.675     0.000      58.9       0.1       0.0       3.7
   8   8   6     1.221     0.000       1.5       0.0       0.0      -0.0
  10   8   0    -0.000     0.000       0.0       0.0       0.0      -0.0
  12   4   2     0.926     0.000       0.9       0.0       0.0       0.0
  10   8   2    -7.937     0.000      63.0       0.0       0.0      -1.4
   9   9   3   -17.130     0.000     293.4       0.0       0.0       2.5
  11   5   5   -12.428     0.000     154.5       0.0       0.0       1.8
  11   7   1    -8.050     0.000      64.8       0.0       0.0       1.2
  13   1   1    17.292     0.000     299.0       0.0       0.0       2.5
  10   6   6    -1.794     0.000       3.2       0.1       0.0      -0.8
  12   4   4    24.423     0.000     596.5       0.1       0.0      12.1
   9   7   7    -0.980     0.000       1.0       0.0       0.0       0.2
  13   3   1    -5.461     0.000      29.8       0.0       0.0       1.2
  11   7   3    -3.823     0.000      14.6       0.0       0.0      -0.9
  10   8   4     0.594     0.000       0.4       0.0       0.0      -0.0
  12   6   0     0.000     0.000       0.0       0.0       0.0       0.0


Structure factor tensor in a*, b*, c* (real part, mu_B) 

   h   k   l   sft_11   sft_22   sft_33    sft_12   sft_13   sft_23
   1   1   1   50.244   50.244   50.244     0.000    0.000    0.000
   2   0   0   -0.000   -0.000   -0.000    -0.000   -0.000   -0.000
   2   2   0   25.763   25.763   25.763    -0.000   -0.000   -0.000
   3   1   1   -6.730   -6.730   -6.730     0.000    0.000   -0.000
   2   2   2   45.765   45.765   45.765     0.000    0.000    0.000
   4   0   0   61.926   61.926   61.926     0.000   -0.000   -0.000
   3   3   1  -32.610  -32.610  -32.610    -0.000    0.000    0.000
   4   2   0    0.000    0.000    0.000     0.000   -0.000   -0.000
   4   2   2  -16.835  -16.835  -16.835     0.000    0.000   -0.000
   5   1   1    4.578    4.578    4.578     0.000    0.000    0.000
   3   3   3    4.578    4.578    4.578     0.000    0.000    0.000
   4   4   0   13.888   13.888   13.888    -0.000    0.000   -0.000
   5   3   1  -21.944  -21.944  -21.944     0.000   -0.000    0.000
   6   0   0    0.000    0.000    0.000    -0.000    0.000   -0.000
   4   4   2    0.000    0.000    0.000    -0.000    0.000    0.000
   6   2   0  -11.362  -11.362  -11.362    -0.000   -0.000    0.000
   5   3   3   -3.223   -3.223   -3.223     0.000    0.000   -0.000
   6   2   2   20.930   20.930   20.930     0.000    0.000    0.000
   4   4   4   28.540   28.540   28.540    -0.000    0.000   -0.000
   5   5   1   15.155   15.155   15.155     0.000    0.000    0.000
   7   1   1  -15.155  -15.155  -15.155     0.000    0.000   -0.000
   6   4   0    0.000    0.000    0.000     0.000    0.000   -0.000
   6   4   2    7.835    7.835    7.835     0.000   -0.000    0.000
   5   5   3   -2.326   -2.326   -2.326    -0.000    0.000    0.000
   7   3   1   -2.326   -2.326   -2.326    -0.000    0.000    0.000
   8   0   0    6.924    6.924    6.924    -0.000   -0.000   -0.000
   7   3   3   10.630   10.630   10.630     0.000    0.000    0.000
   6   4   4    0.000    0.000    0.000     0.000    0.000   -0.000
   8   2   0    0.000    0.000    0.000     0.000   -0.000    0.000
   6   6   0    5.462    5.462    5.462    -0.000    0.000   -0.000
   8   2   2    5.462    5.462    5.462    -0.000    0.000   -0.000
   5   5   5    1.706    1.706    1.706     0.000    0.000    0.000
   7   5   1   -1.706   -1.706   -1.706     0.000    0.000   -0.000
   6   6   2   10.409   10.409   10.409     0.000    0.000    0.000
   8   4   0   14.121   14.121   14.121    -0.000   -0.000    0.000
   9   1   1    7.498    7.498    7.498     0.000    0.000    0.000
   7   5   3   -7.498   -7.498   -7.498     0.000   -0.000    0.000
   8   4   2    0.000    0.000    0.000    -0.000    0.000    0.000
   6   6   4   -3.807   -3.807   -3.807    -0.000    0.000    0.000
   9   3   1   -1.264   -1.264   -1.264     0.000   -0.000    0.000
   8   4   4    3.617    3.617    3.617     0.000    0.000   -0.000
   7   7   1   -5.268   -5.268   -5.268    -0.000    0.000    0.000
   9   3   3   -5.268   -5.268   -5.268     0.000    0.000   -0.000
   7   5   5   -5.268   -5.268   -5.268     0.000    0.000   -0.000
  10   0   0    0.000    0.000    0.000     0.000    0.000   -0.000
   8   6   0    0.000    0.000    0.000     0.000   -0.000    0.000
  10   2   0    2.625    2.625    2.625    -0.000    0.000    0.000
   8   6   2   -2.625   -2.625   -2.625    -0.000    0.000   -0.000
   9   5   1    0.940    0.940    0.940     0.000    0.000    0.000
   7   7   3    0.940    0.940    0.940     0.000    0.000    0.000
  10   2   2    5.217    5.217    5.217     0.000   -0.000   -0.000
   6   6   6    5.217    5.217    5.217     0.000    0.000    0.000
   9   5   3   -3.646   -3.646   -3.646    -0.000    0.000    0.000
  10   4   0    0.000    0.000    0.000     0.000   -0.000   -0.000
   8   6   4    0.000    0.000    0.000     0.000   -0.000    0.000
  10   4   2   -1.764   -1.764   -1.764    -0.000   -0.000    0.000
  11   1   1   -0.699   -0.699   -0.699     0.000    0.000   -0.000
   7   7   5   -0.699   -0.699   -0.699    -0.000    0.000    0.000
   8   8   0    1.863    1.863    1.863    -0.000   -0.000   -0.000
  11   3   1   -2.453   -2.453   -2.453    -0.000    0.000    0.000
   9   7   1   -2.453   -2.453   -2.453     0.000   -0.000    0.000
   9   5   5    2.453    2.453    2.453     0.000    0.000    0.000
   8   8   2    0.000    0.000    0.000    -0.000   -0.000    0.000
  10   4   4    0.000    0.000    0.000     0.000   -0.000   -0.000
  10   6   0   -1.131   -1.131   -1.131    -0.000   -0.000   -0.000
   8   6   6    1.131    1.131    1.131     0.000   -0.000   -0.000
  11   3   3    0.517    0.517    0.517     0.000    0.000    0.000
   9   7   3   -0.517   -0.517   -0.517     0.000    0.000   -0.000
  10   6   2    2.429    2.429    2.429     0.000   -0.000    0.000
  12   0   0    3.062    3.062    3.062     0.000   -0.000    0.000
   8   8   4    3.062    3.062    3.062     0.000   -0.000    0.000
   7   7   7    1.567    1.567    1.567     0.000    0.000    0.000
  11   5   1   -1.567   -1.567   -1.567     0.000    0.000   -0.000
  12   2   0    0.000    0.000    0.000     0.000   -0.000    0.000
  12   2   2   -0.663   -0.663   -0.663    -0.000    0.000   -0.000
  10   6   4    0.663    0.663    0.663    -0.000   -0.000   -0.000
   9   7   5   -0.378   -0.378   -0.378     0.000   -0.000    0.000
  11   5   3   -0.378   -0.378   -0.378     0.000   -0.000    0.000
  12   4   0    0.880    0.880    0.880    -0.000   -0.000   -0.000
   9   9   1    0.906    0.906    0.906     0.000    0.000    0.000
   8   8   6   -0.000   -0.000   -0.000    -0.000   -0.000   -0.000
  10   8   0    0.000    0.000    0.000     0.000   -0.000   -0.000
  12   4   2    0.000    0.000    0.000    -0.000   -0.000    0.000
  10   8   2    0.316    0.316    0.316    -0.000   -0.000   -0.000
   9   9   3   -0.271   -0.271   -0.271    -0.000    0.000    0.000
  11   5   5   -0.271   -0.271   -0.271     0.000    0.000   -0.000
  11   7   1   -0.271   -0.271   -0.271    -0.000    0.000    0.000
  13   1   1    0.271    0.271    0.271     0.000    0.000    0.000
  10   6   6    0.877    0.877    0.877    -0.000   -0.000   -0.000
  12   4   4    0.918    0.918    0.918    -0.000    0.000    0.000
   9   7   7   -0.414   -0.414   -0.414     0.000    0.000   -0.000
  13   3   1   -0.414   -0.414   -0.414     0.000   -0.000    0.000
  11   7   3    0.414    0.414    0.414     0.000    0.000    0.000
  10   8   4   -0.000   -0.000   -0.000    -0.000   -0.000   -0.000
  12   6   0    0.000    0.000    0.000     0.000   -0.000    0.000