    ttheta   IntUPexp  sIntUPexp   IntUPmod IntDOWNexp sIntDOWNexp IntDOWNmod   IntBKGR flag
     5.500 2097174.000   1448.160 2047908.398 2094826.000   1447.350 2047908.398 2047665.637  1
     6.060 1181741.000   1087.080 1180754.579 1180069.000   1086.310 1180754.579 1180585.841  1
     6.480 876895.000    936.430 869500.779 875980.000    935.940 869500.778 869436.806  1
     6.830 791406.000    889.610 786650.747 789871.000    888.750 786650.744 786632.963  1
     7.130 711426.000    843.460 715663.220 712159.000    843.900 715663.177 715658.241  1
     7.390 664782.000    815.340 654155.328 665260.000    815.630 654154.938 654146.814  1
     7.630 634493.000    796.550 612423.000 633986.000    796.230 612420.487 612373.843  1
     7.850 601882.000    775.810 588181.959 601558.000    775.600 588170.111 587950.995  1
     8.050 609273.000    780.560 584948.113 610043.000    781.050 584905.587 584119.241  1
     8.240 585683.000    765.300 584700.997 587194.000    766.290 584573.809 582222.000  1
     8.430 585639.000    765.270 586916.786 585811.000    765.380 586578.574 580324.759  1
     8.610 578102.000    760.330 593438.590 576818.000    759.490 592673.550 578527.374  1
     8.770 596821.000    772.540 605040.975 596254.000    772.170 603598.679 576929.697  1
     8.940 587115.000    766.230 625335.944 586497.000    765.830 622765.248 575232.166  1
     9.080 599154.000    774.050 648710.594 598574.000    773.680 644872.121 573899.558  1
     9.240 632491.000    795.290 681184.175 630254.000    793.890 675604.209 572440.043  1
     9.390 625399.000    790.820 713267.027 621993.000    788.670 705969.382 571071.748  1
     9.530 664664.000    815.270 739611.132 660550.000    812.740 730892.941 569794.672  1
     9.670 660222.000    812.540 757424.268 653344.000    808.300 747718.741 568517.597  1
     9.800 663246.000    814.400 762947.067 655715.000    809.760 752882.020 567331.741  1
     9.930 669175.000    818.030 756554.179 665125.000    815.550 746726.971 566145.885  1
    10.070 660803.000    812.900 737508.221 656056.000    809.970 728534.835 564868.809  1
    10.190 642796.000    801.750 713897.434 635500.000    797.180 705996.751 563774.173  1
    10.320 633365.000    795.840 684704.799 630324.000    793.930 678104.077 562588.317  1
    10.440 607559.000    779.460 657974.561 604735.000    777.650 652508.452 561493.681  1
    10.550 592234.000    769.570 636026.735 589446.000    767.750 631419.389 560490.264  1
    10.680 577657.000    760.040 615022.369 575729.000    758.770 611118.643 559304.408  1
    10.790 564660.000    751.440 601905.843 562812.000    750.210 598322.589 558300.992  1
    10.900 555782.000    745.510 592743.735 552557.000    743.340 589266.918 557297.575  1
    11.010 551689.000    742.760 586760.045 553372.000    743.890 583243.520 556294.158  1
    11.120 556160.000    745.760 582975.128 555488.000    745.310 579354.143 555290.742  1
    11.230 566322.000    752.540 580427.554 564518.000    751.340 576715.094 554287.325  1
    11.340 548248.000    740.440 578337.596 546427.000    739.210 574606.160 553283.909  1
    11.440 564780.000    751.520 576402.624 563165.000    750.440 572744.126 552371.712  1
    11.540 559811.000    748.210 574253.788 558786.000    747.520 570756.312 551459.515  1
    11.640 556192.000    745.780 571898.633 553099.000    743.710 568632.749 550547.318  1
    11.750 555062.000    745.020 569689.944 553471.000    743.960 566722.845 550000.000  1
    11.850 555684.000    745.440 568330.814 555018.000    745.000 565634.806 550000.000  1
    11.940 556648.000    746.090 567400.766 558131.000    747.080 564918.267 550000.000  1
    12.040 554682.000    744.770 566822.508 554117.000    744.390 564519.606 550000.000  1
    12.140 557996.000    746.990 566769.903 557132.000    746.410 564574.019 550000.000  1
    12.230 558135.000    747.080 567126.593 558867.000    747.570 564966.930 550000.000  1
    12.320 555650.000    745.420 567752.759 555380.000    745.240 565584.327 550000.000  1
    12.410 557811.000    746.870 568490.120 557255.000    746.500 566286.477 550000.000  1
    12.500 557369.000    746.570 569158.437 557353.000    746.560 566915.123 550000.000  1
    12.600 555859.000    745.560 569609.605 554337.000    744.540 567343.331 550000.000  1
    12.690 557828.000    746.880 569602.149 558404.000    747.260 567353.724 550000.000  1
    12.780 567940.000    753.620 569117.195 569136.000    754.410 566934.891 550000.000  1
    12.860 558039.000    747.020 568270.115 559119.000    747.740 566190.178 550000.000  1
    12.950 559500.000    748.000 566887.900 558812.000    747.540 564968.962 550000.000  1
    13.040 557260.000    746.500 565141.495 556053.000    745.690 563422.749 550000.000  1
    13.120 566967.000    752.970 563386.587 568001.000    753.660 561867.468 550000.000  1
    13.200 557537.000    746.680 561545.881 557260.000    746.500 560235.098 550000.000  1
    13.290 555418.000    745.260 559495.798 555791.000    745.510 558415.776 550000.000  1
    13.370 563480.000    750.650 557789.107 563311.000    750.540 556899.654 550000.000  1
    13.460 563211.000    750.470 556090.032 564441.000    751.290 555387.548 550000.000  1
    13.540 557970.000    746.970 554832.119 558716.000    747.470 554264.089 550000.000  1
    13.620 559700.000    748.130 553846.298 560808.000    748.870 553377.551 550000.000  1
    13.700 555705.000    745.460 553152.469 556731.000    746.140 552743.788 550000.000  1
    13.780 556555.000    746.030 552762.740 557138.000    746.420 552371.279 550000.000  1
    13.860 561301.000    749.200 552686.184 562076.000    749.720 552265.369 550000.000  1
    13.940 572178.000    756.420 552932.267 573728.000    757.450 552431.424 550000.000  1
    14.010 554657.000    744.750 553421.014 556010.000    745.660 552805.130 550000.000  1
    14.090 561589.000    749.390 554302.714 562062.000    749.710 553500.094 550000.000  1
    14.170 572789.000    756.830 555538.085 575580.000    758.670 554486.644 550000.000  1
    14.240 566414.000    752.600 556911.136 566116.000    752.410 555590.008 550000.000  1
    14.320 571242.000    755.810 558805.275 573255.000    757.140 557118.232 550000.000  1
    14.390 565900.000    752.260 560726.979 567534.000    753.350 558673.827 550000.000  1
    14.470 585269.000    765.030 563183.817 585347.000    765.080 560669.651 550000.000  1
    14.540 561115.000    749.080 565512.108 561062.000    749.040 562569.454 550000.000  1
    14.620 587223.000    766.300 568303.676 587119.000    766.240 564861.468 550000.000  1
    14.690 582235.000    763.040 570792.869 582430.000    763.170 566923.388 550000.000  1
    14.760 584345.000    764.420 573263.932 584152.000    764.300 568994.747 550000.000  1
    14.830 586313.000    765.710 575667.784 585073.000    764.900 571043.608 550000.000  1
    14.900 593119.000    770.140 578299.101 589974.000    768.100 573379.780 550326.409  1
    14.980 605848.000    778.360 581933.636 603823.000    777.060 576764.958 551456.832  1
    15.050 590285.000    768.300 585024.411 587205.000    766.290 579721.746 552445.952  1
    15.120 594310.000    770.920 588084.077 589301.000    767.660 582726.738 553435.071  1
    15.180 602744.000    776.370 590736.719 600782.000    775.100 585391.870 554282.888  1
    15.260 605268.000    777.990 594413.541 603729.000    777.000 589159.092 555413.311  1
    15.320 600884.000    775.170 597344.591 599876.000    774.520 592201.973 556261.128  1
    15.390 602835.000    776.420 601015.314 600301.000    774.790 596035.981 557250.247  1
    15.460 624979.000    790.560 604990.982 622304.000    788.860 600194.593 558239.367  1
    15.530 615840.000    784.750 609263.504 613721.000    783.400 604654.667 559228.487  1
    15.590 618472.000    786.430 613115.714 616703.000    785.300 608662.115 560076.304  1
    15.660 614788.000    784.080 617728.332 611990.000    782.300 613442.259 561065.423  1
    15.730 637994.000    798.750 622307.796 636575.000    797.860 618171.307 562054.543  1
    15.790 629233.000    793.240 626048.899 627123.000    791.910 622027.027 562902.360  1
    15.860 626812.000    791.710 629993.260 622378.000    788.910 626093.516 563891.479  1
    15.930 640365.000    800.230 633261.501 638958.000    799.350 629478.703 564880.599  1
    15.990 635867.000    797.410 635361.757 631736.000    794.820 631681.980 565728.416  1
    16.060 646475.000    804.040 636841.544 645109.000    803.190 633293.324 566717.536  1
    16.120 626413.000    791.460 637196.036 625223.000    790.710 633776.055 567565.353  1
    16.180 643574.000    802.230 636676.237 643826.000    802.390 633402.654 568413.169  1
    16.250 634198.000    796.370 634989.474 632497.000    795.300 631912.119 569402.289  1
    16.310 623136.000    789.390 632689.811 622496.000    788.980 629802.391 570250.106  1
    16.370 637450.000    798.400 629710.302 637472.000    798.420 627030.882 571097.923  1
    16.440 641252.000    800.780 625554.992 640767.000    800.480 623136.352 572087.043  1
    16.500 622926.000    789.260 621588.676 622628.000    789.070 619403.703 572934.859  1
    16.560 610177.000    781.140 617422.220 609239.000    780.540 615474.586 573782.676  1
    16.620 624832.000    790.460 613217.677 624229.000    790.080 611505.482 574630.493  1
    16.680 621610.000    788.420 609125.540 620327.000    787.610 607641.583 575478.310  1
    16.750 612974.000    782.930 604667.831 612203.000    782.430 603434.863 576467.430  1
    16.810 595891.000    771.940 601239.070 597492.000    772.980 600203.902 577315.247  1
    16.870 610632.000    781.430 598254.779 610150.000    781.120 597398.660 578163.063  1
    16.930 602947.000    776.500 595765.469 600705.000    775.050 595068.170 579010.880  1
    16.990 599266.000    774.120 593796.969 601177.000    775.360 593237.819 579858.697  1
    17.050 587082.000    766.210 591942.399 588335.000    767.030 591501.185 580295.283  1
    17.110 601338.000    775.460 590517.605 601868.000    775.800 590175.316 580649.623  1
    17.170 602528.000    776.230 589578.500 604323.000    777.380 589317.889 581003.963  1
    17.230 603615.000    776.930 589089.744 605626.000    778.220 588895.709 581358.303  1
    17.290 589158.000    767.570 589010.794 590519.000    768.450 588870.605 581712.643  1
    17.350 596270.000    772.190 589299.160 595526.000    771.700 589202.554 582066.983  1
    17.400 595672.000    771.800 589789.857 598240.000    773.460 589723.523 582362.266  1
    17.460 599726.000    774.420 590645.233 601338.000    775.460 590610.077 582716.606  1
    17.520 604197.000    777.300 591758.417 604358.000    777.400 591751.068 583070.946  1
    17.580 605962.000    778.440 593100.139 607344.000    779.320 593119.529 583425.286  1
    17.630 597986.000    773.300 594376.529 599722.000    774.420 594419.007 583720.569  1
    17.690 597682.000    773.100 596085.157 602619.000    776.290 596158.218 584074.909  1
    17.750 609391.000    780.630 597980.419 610530.000    781.360 598089.255 584429.249  1
    17.800 611196.000    781.790 599703.326 613350.000    783.170 599847.493 584724.532  1
    17.860 606367.000    778.700 601951.394 608169.000    779.850 602146.407 585078.872  1
    17.920 621247.000    788.190 604412.733 622919.000    789.250 604669.733 585433.212  1
    17.970 615388.000    784.470 606643.497 617072.000    785.540 606962.050 585728.495  1
    18.030 620082.000    787.450 609559.725 620224.000    787.540 609965.522 586082.835  1
    18.080 624460.000    790.230 612209.013 625757.000    791.050 612699.673 586378.118  1
    18.140 618075.000    786.180 615675.006 620267.000    787.570 616283.103 586732.458  1
    18.200 642891.000    801.800 619475.730 645504.000    803.430 620219.002 587086.798  1
    18.250 623127.000    789.380 622910.157 625863.000    791.120 623779.863 587382.081  1
    18.310 643343.000    802.090 627357.234 644940.000    803.080 628395.091 587736.421  1
    18.360 642982.000    801.860 631331.303 644717.000    802.940 632522.602 588031.704  1
    18.410 641091.000    800.680 635539.681 644705.000    802.940 636895.974 588326.987  1
    18.470 665470.000    815.760 640878.457 666782.000    816.570 642447.063 588681.327  1
    18.520 647841.000    804.890 645546.048 651647.000    807.250 647302.665 588976.610  1
    18.570 666269.000    816.250 650389.923 671098.000    819.210 652343.882 589271.894  1
    18.630 665249.000    815.630 656405.581 668822.000    817.820 658607.856 589626.234  1
    18.680 673073.000    820.410 661565.789 675288.000    821.760 663984.137 589921.517  1
    18.740 677831.000    823.300 667913.446 682591.000    826.190 670601.884 590275.857  1
    18.790 674288.000    821.150 673323.186 678124.000    823.480 676245.911 590571.140  1
    18.840 684558.000    827.380 678840.064 690291.000    830.840 682005.910 590866.423  1
    18.900 707392.000    841.070 685607.053 712134.000    843.880 689077.171 591220.763  1
    18.950 700769.000    837.120 691376.628 706216.000    840.370 695111.518 591516.046  1
    19.000 701169.000    837.360 697271.933 704322.000    839.240 701282.357 591811.330  1
    19.050 703522.000    838.760 703295.125 709980.000    842.600 707592.048 592106.613  1
    19.100 726732.000    852.490 709439.304 732952.000    856.130 714033.382 592401.896  1
    19.150 723128.000    850.370 715683.901 729318.000    854.000 720584.774 592697.179  1
    19.200 741809.000    861.280 721990.512 747319.000    864.480 727205.948 592992.463  1
    19.260 735685.000    857.720 729555.036 741905.000    861.340 735154.122 593346.802  1
    19.310 732872.000    856.080 735756.821 739410.000    859.890 741676.124 593642.086  1
    19.360 749634.000    865.810 741750.575 757653.000    870.430 747985.272 593937.369  1
    19.410 756231.000    869.620 747407.223 761569.000    872.680 753946.684 594232.652  1
    19.460 751349.000    866.800 752582.496 759010.000    871.210 759409.703 594527.935  1
    19.510 754183.000    868.440 757123.443 761982.000    872.920 764214.715 594823.219  1
    19.560 751484.000    866.880 760876.421 759990.000    871.770 768201.481 595118.502  1
    19.610 764231.000    874.200 763695.960 772964.000    879.180 771218.373 595413.785  1
    19.660 767596.000    876.130 765453.830 776441.000    881.160 773131.807 595709.068  1
    19.710 760279.000    871.940 766047.550 769841.000    877.410 773835.076 596004.352  1
    19.760 754410.000    868.570 765407.650 761501.000    872.640 773255.871 596299.635  1
    19.810 762000.000    872.930 763503.031 772011.000    878.640 771361.811 596594.918  1
    19.860 759803.000    871.670 760343.997 770190.000    877.600 768163.536 596890.201  1
    19.910 760295.000    871.950 755982.673 768167.000    876.450 763715.076 597185.484  1
    19.960 755414.000    869.150 750510.799 767323.000    875.970 758111.495 597480.768  1
    20.010 742871.000    861.900 744055.086 753445.000    868.010 751484.000 597776.051  1
    20.050 738513.000    859.370 738285.571 744057.000    862.590 745551.785 598012.278  1
    20.100 734998.000    857.320 730463.420 742542.000    861.710 737499.569 598307.561  1
    20.150 713532.000    844.710 722136.251 722017.000    849.720 728918.301 598602.844  1
    20.200 727135.000    852.720 713492.850 735230.000    857.460 720002.655 598898.127  1
    20.250 712319.000    843.990 704717.229 719763.000    848.390 710942.115 599193.411  1
    20.300 700237.000    836.800 695980.938 707336.000    841.030 701913.049 599488.694  1
    20.350 705908.000    840.180 687436.828 711936.000    843.760 693072.323 599783.977  1
    20.390 690228.000    830.800 680827.907 698222.000    835.600 686225.489 600020.204  1
    20.440 677886.000    823.340 672939.231 685864.000    828.170 678040.648 600315.487  1
    20.490 671350.000    819.360 665540.330 677847.000    823.310 670348.483 600610.770  1
    20.540 670303.000    818.720 658687.962 677233.000    822.940 663206.795 600906.053  1
    20.580 666665.000    816.500 653622.387 674852.000    821.490 657912.999 601142.280  1
    20.630 645775.000    803.600 647822.519 649618.000    805.990 651832.156 601437.563  1
    20.680 658393.000    811.410 642611.373 666069.000    816.130 646344.998 601732.846  1
    20.730 659705.000    812.220 637973.380 663623.000    814.630 641436.193 602028.130  1
    20.770 631138.000    794.440 634658.927 636161.000    797.600 637909.095 602264.356  1
    20.820 651670.000    807.260 630984.969 655748.000    809.780 633974.860 602559.639  1
    20.870 640039.000    800.020 627800.939 644892.000    803.050 630537.541 602854.923  1
    20.910 629497.000    793.410 625583.666 632528.000    795.320 628123.445 603091.149  1
    20.960 645312.000    803.310 623197.181 649451.000    805.890 625499.369 603386.433  1
    21.000 629831.000    793.620 621577.317 632559.000    795.340 623697.157 603622.659  1
    21.050 625421.000    790.840 619891.479 630224.000    793.870 621794.427 603917.942  1
    21.090 634956.000    796.840 618799.182 639314.000    799.570 620538.479 604154.169  1
    21.140 619792.000    787.270 617736.835 622813.000    789.190 619285.208 604449.452  1
    21.190 639021.000    799.390 616994.196 641176.000    800.730 618368.079 604744.735  1
    21.230 628570.000    792.820 616619.159 630288.000    793.910 617866.030 604980.962  1
    21.280 621659.000    788.450 616410.978 626205.000    791.330 617515.459 605276.245  1
    21.320 630205.000    793.850 616442.973 631925.000    794.940 617446.900 605512.472  1
    21.370 627107.000    791.900 616716.802 630855.000    794.260 617611.749 605807.755  1
    21.410 635449.000    797.150 617111.081 639009.000    799.380 617931.978 606043.982  1
    21.460 633580.000    795.980 617804.800 635868.000    797.410 618548.902 606339.265  1
    21.500 636887.000    798.050 618505.051 639344.000    799.590 619199.622 606575.491  1
    21.550 630966.000    794.330 619538.346 632698.000    795.420 620184.648 606870.775  1
    21.590 621660.000    788.450 620471.669 624623.000    790.330 621089.175 607107.001  1
    21.640 649460.000    805.890 621742.412 652798.000    807.960 622334.527 607402.285  1
    21.680 631064.000    794.400 622818.745 632525.000    795.310 623397.680 607638.511  1
    21.730 652088.000    807.520 624205.300 654216.000    808.840 624774.766 607933.794  1
    21.770 626292.000    791.390 625321.677 629760.000    793.570 625887.724 608170.021  1
    21.810 644954.000    803.090 626421.273 646840.000    804.260 626986.310 608406.248  1
    21.860 631642.000    794.760 627740.194 633232.000    795.760 628305.616 608701.531  1
    21.900 637624.000    798.510 628726.394 639693.000    799.810 629292.120 608937.757  1
    21.950 656117.000    810.010 629842.573 658467.000    811.460 630407.053 609233.041  1
    21.990 635095.000    796.930 630622.276 637929.000    798.700 631183.397 609469.267  1
    22.030 636085.000    797.550 631286.270 636696.000    797.930 631841.132 609705.494  1
    22.080 654334.000    808.910 631937.080 657579.000    810.910 632479.151 610000.777  1
    22.120 638657.000    799.160 632305.137 640811.000    800.510 632832.484 610237.004  1
    22.160 644551.000    802.840 632533.022 646632.000    804.130 633041.372 610473.230  1
    22.210 652909.000    808.030 632619.970 654306.000    808.890 633098.439 610768.513  1
    22.250 638556.000    799.100 632534.697 641041.000    800.650 632984.451 611004.740  1
    22.290 639135.000    799.460 632318.363 638789.000    799.240 632735.383 611240.967  1
    22.330 651310.000    807.040 631979.921 654148.000    808.790 632360.569 611477.193  1
    22.380 641635.000    801.020 631402.565 641988.000    801.240 631733.399 611772.476  1
    22.420 636591.000    797.870 630833.598 639158.000    799.470 631121.848 612008.703  1
    22.460 645411.000    803.370 630185.591 648400.000    805.230 630429.576 612244.930  1
    22.510 650335.000    806.430 629288.582 652754.000    807.930 629476.016 612540.213  1
    22.550 636711.000    797.940 628521.098 638564.000    799.100 628663.265 612776.440  1
    22.590 639347.000    799.590 627726.606 639381.000    799.610 627824.325 613012.666  1
    22.630 629682.000    793.530 626920.441 628940.000    793.060 626975.286 613248.893  1
    22.670 642164.000    801.350 626116.938 643846.000    802.400 626131.190 613485.119  1
    22.720 641935.000    801.210 625136.027 642463.000    801.540 625103.718 613780.403  1
    22.760 627326.000    792.040 624383.871 625193.000    790.690 624318.327 614016.629  1
    22.800 633649.000    796.020 623671.013 635182.000    796.980 623576.283 614252.856  1
    22.840 632462.000    795.270 623005.160 635532.000    797.200 622885.629 614489.082  1
    22.880 630935.000    794.310 622392.310 632369.000    795.220 622252.584 614725.309  1
    22.920 626071.000    791.250 621836.828 626210.000    791.330 621681.622 614961.535  1
    22.970 648340.000    805.200 621227.389 649571.000    805.960 621059.455 615256.819  1
    23.010 621824.000    788.560 620809.484 622814.000    789.190 620636.527 615493.045  1
    23.050 625785.000    791.070 620453.780 629252.000    793.250 620280.154 615729.272  1
    23.090 625727.000    791.030 620159.679 627265.000    792.000 619989.444 615965.498  1
    23.130 633231.000    795.760 619926.034 634523.000    796.570 619762.894 616201.725  1
    23.170 619532.000    787.100 619751.409 621924.000    788.620 619598.667 616437.952  1
    23.210 628281.000    792.640 619634.346 630533.000    794.060 619494.874 616674.178  1
    23.250 627200.000    791.960 619573.617 628099.000    792.530 619449.851 616910.405  1
    23.290 630893.000    794.290 619568.476 631908.000    794.930 619462.426 617146.631  1
    23.330 621146.000    788.130 619618.900 621604.000    788.420 619532.176 617382.858  1
    23.370 611534.000    782.010 619725.814 614865.000    784.130 619659.676 617619.085  1
    23.410 633467.000    795.910 619891.303 637429.000    798.390 619846.716 617855.311  1
    23.460 632951.000    795.580 620068.999 635446.000    797.150 620052.385 618033.672  1
    23.490 625471.000    790.870 620158.818 625510.000    790.890 620159.447 618073.287  1
    23.530 628270.000    792.630 620343.524 627380.000    792.070 620367.650 618126.106  1
    23.570 617576.000    785.860 620610.287 622453.000    788.960 620658.555 618178.925  1
    23.620 631425.000    794.620 621075.009 631777.000    794.840 621154.626 618244.949  1
    23.650 623552.000    789.650 621433.086 625530.000    790.900 621532.348 618284.564  1
    23.700 632315.000    795.180 622181.299 633973.000    796.220 622315.215 618350.588  1
    23.740 634126.000    796.320 622934.297 636047.000    797.530 623098.200 618403.407  1
    23.770 620162.000    787.500 623600.668 622861.000    789.220 623788.748 618443.022  1
    23.810 631836.000    794.880 624639.788 632642.000    795.390 624862.855 618495.841  1
    23.850 631982.000    794.970 625869.109 633625.000    796.010 626130.920 618548.660  1
    23.890 632425.000    795.250 627308.737 634913.000    796.810 627613.744 618601.479  1
    23.930 633790.000    796.110 628978.649 637070.000    798.170 629332.001 618654.299  1
    23.970 643444.000    802.150 630897.999 645575.000    803.480 631305.520 618707.118  1
    24.010 639846.000    799.900 633084.341 641863.000    801.160 633552.470 618759.937  1
    24.050 646118.000    803.810 635552.759 648780.000    805.470 636088.464 618812.756  1
    24.090 648275.000    805.160 638314.955 648079.000    805.030 638925.607 618865.576  1
    24.130 656693.000    810.370 641378.300 660693.000    812.830 642071.522 618918.395  1
    24.170 657131.000    810.640 644744.911 657955.000    811.140 645528.387 618971.214  1
    24.200 654216.000    808.840 647466.725 657313.000    810.750 648322.847 619010.829  1
    24.240 666225.000    816.230 651350.259 667022.000    816.710 652309.558 619063.648  1
    24.280 668470.000    817.600 655509.019 670759.000    819.000 656578.150 619116.467  1
    24.320 656547.000    810.280 659918.616 659087.000    811.840 661103.365 619169.286  1
    24.360 671544.000    819.480 664546.536 674619.000    821.350 665851.545 619222.106  1
    24.400 680587.000    824.980 669352.162 683404.000    826.680 670780.648 619274.925  1
    24.440 683328.000    826.640 674287.075 685519.000    827.960 675840.574 619327.744  1
    24.470 699488.000    836.350 678039.909 701452.000    837.530 679687.028 619367.358  1
    24.510 672724.000    820.200 683063.514 675650.000    821.980 684833.598 619420.178  1
    24.550 686764.000    828.710 688049.267 689603.000    830.420 689938.128 619472.997  1
    24.590 707502.000    841.130 692927.589 710716.000    843.040 694928.696 619525.816  1
    24.630 710545.000    842.940 697626.719 714725.000    845.410 699731.156 619578.636  1
    24.660 702361.000    838.070 700990.077 705397.000    839.880 703164.738 619618.250  1
    24.700 714711.000    845.410 705203.165 716554.000    846.500 707459.935 619671.069  1
    24.740 697733.000    835.300 709044.197 698803.000    835.940 711367.968 619723.888  1
    24.780 727898.000    853.170 712450.651 731420.000    855.230 714824.430 619776.708  1
    24.810 720322.000    848.720 714686.665 720958.000    849.090 717085.837 619816.322  1
    24.850 717151.000    846.850 717204.600 720174.000    848.630 719620.481 619869.141  1
    24.890 713755.000    844.840 719157.802 717943.000    847.320 721570.022 619921.961  1
    24.930 716172.000    846.270 720518.462 717909.000    847.300 722906.256 619974.780  1
    24.970 740327.000    860.420 721270.732 742027.000    861.410 723613.442 620027.599  1
    25.010 717958.000    847.320 721411.131 719223.000    848.070 723688.732 620080.418  1
    25.040 714621.000    845.350 721119.773 716075.000    846.210 723336.073 620120.033  1
    25.080 722963.000    850.270 720217.942 727187.000    852.750 722337.159 620172.852  1
    25.120 731034.000    855.010 718756.818 734322.000    856.930 720763.273 620225.671  1
    25.150 705090.000    839.700 717317.301 706245.000    840.380 719230.339 620265.286  1
    25.190 721711.000    849.540 714977.597 723146.000    850.380 716756.487 620318.105  1
    25.230 728547.000    853.550 712207.156 730100.000    854.460 713843.695 620370.924  1
    25.260 703214.000    838.580 709882.285 702769.000    838.310 711408.599 620410.539  1
    25.300 709859.000    842.530 706503.639 713062.000    844.430 707881.023 620463.358  1
    25.340 714611.000    845.350 702866.057 714667.000    845.380 704095.322 620516.177  1
    25.370 717221.000    846.890 700007.411 718001.000    847.350 701128.088 620555.792  1
    25.410 690875.000    831.190 696073.746 692345.000    832.070 697055.484 620608.611  1
    25.450 707419.000    841.080 692057.435 708800.000    841.900 692909.571 620661.430  1
    25.480 699378.000    836.290 689026.254 698924.000    836.020 689788.891 620701.045  1
    25.520 688985.000    830.050 685002.676 689907.000    830.610 685658.059 620753.864  1
    25.560 689403.000    830.300 681043.984 691394.000    831.500 681607.597 620806.683  1
    25.590 671288.000    819.320 678143.155 671536.000    819.470 678648.949 620846.298  1
    25.630 695746.000    834.110 674395.189 696541.000    834.590 674839.308 620899.117  1
    25.660 680427.000    824.880 671690.326 682712.000    826.260 672100.003 620938.731  1
    25.700 663734.000    814.700 668244.144 664660.000    815.270 668623.655 620991.551  1
    25.740 679650.000    824.410 664996.716 682010.000    825.840 665363.628 621044.370  1
    25.770 681692.000    825.650 662698.327 682210.000    825.960 663066.779 621083.984  1
    25.810 649070.000    805.650 659821.167 650094.000    806.280 660205.280 621136.804  1
    25.850 671411.000    819.400 657158.574 673695.000    820.790 657572.376 621189.623  1
    25.880 644980.000    803.110 655300.247 648984.000    805.600 655744.359 621229.237  1
    25.920 667752.000    817.160 653001.395 670660.000    818.940 653494.903 621282.056  1
    25.950 645802.000    803.620 651405.877 646729.000    804.190 651941.901 621321.671  1
    25.990 652029.000    807.480 649440.117 654756.000    809.170 650038.196 621374.490  1
    26.020 658757.000    811.640 648079.400 660767.000    812.880 648726.717 621414.105  1
    26.060 639208.000    799.500 646404.683 641501.000    800.940 647119.331 621466.924  1
    26.090 650749.000    806.690 645244.979 652548.000    807.800 646010.138 621506.538  1
    26.130 632464.000    795.280 643814.987 634961.000    796.840 644645.795 621559.358  1
    26.170 655672.000    809.740 642504.497 657396.000    810.800 643397.255 621612.177  1
    26.200 631354.000    794.580 641591.811 633180.000    795.730 642527.593 621651.791  1
    26.240 644626.000    802.890 640458.530 646549.000    804.080 641445.983 621704.611  1
    26.270 628240.000    792.620 639665.315 630672.000    794.150 640686.651 621744.225  1
    26.310 648472.000    805.280 638675.905 649891.000    806.160 639735.297 621797.044  1
    26.340 620184.000    787.520 637980.885 622643.000    789.080 639063.220 621836.659  1
    26.380 649920.000    806.180 637112.335 650610.000    806.600 638217.661 621889.478  1
    26.410 620029.000    787.420 636502.417 623672.000    789.730 637619.359 621929.092  1
    26.450 645564.000    803.470 635742.887 651344.000    807.060 636868.141 621981.912  1
    26.480 622640.000    789.080 635213.362 626588.000    791.570 636339.828 622021.526  1
    26.520 644156.000    802.590 634561.949 645871.000    803.660 635684.045 622074.345  1
    26.550 620115.000    787.470 634115.981 622475.000    788.970 635230.898 622113.960  1
    26.590 636258.000    797.660 633581.681 638078.000    798.800 634682.810 622166.779  1
    26.620 620081.000    787.450 633229.320 621708.000    788.480 634317.684 622206.393  1
    26.660 641896.000    801.180 632829.483 644652.000    802.900 633898.744 622259.213  1
    26.690 620283.000    787.580 632586.380 623203.000    789.430 633640.560 622298.827  1
    26.730 645809.000    803.620 632344.906 647515.000    804.680 633379.171 622351.646  1
    26.760 614059.000    783.620 632230.919 618547.000    786.480 633251.199 622391.261  1
    26.800 643878.000    802.420 632176.362 647509.000    804.680 633180.409 622444.080  1
    26.830 621202.000    788.160 632214.132 622502.000    788.990 633208.556 622483.695  1
    26.870 641001.000    800.630 632377.823 644134.000    802.580 633363.835 622536.514  1
    26.900 619658.000    787.180 632591.367 623288.000    789.490 633575.015 622576.128  1
    26.940 644673.000    802.920 633005.529 648459.000    805.270 633992.114 622628.948  1
    26.970 623946.000    789.900 633418.819 625754.000    791.050 634412.664 622668.562  1
    27.000 645531.000    803.450 633924.719 647402.000    804.610 634930.522 622708.176  1
    27.040 619713.000    787.220 634788.799 620754.000    787.880 635818.306 622799.743  1
    27.070 641456.000    800.910 635598.655 645056.000    803.150 636652.031 622912.465  1
    27.110 625788.000    791.070 636841.486 630197.000    793.850 637935.082 623062.761  1
    27.140 647973.000    804.970 637899.319 651583.000    807.210 639029.486 623175.484  1
    27.180 632731.000    795.440 639481.256 636084.000    797.550 640668.773 623325.780  1
    27.210 647797.000    804.860 640798.043 650011.000    806.230 642034.970 623438.502  1
    27.250 633720.000    796.070 642728.483 636621.000    797.890 644039.642 623588.798  1
    27.280 642276.000    801.420 644306.788 644042.000    802.520 645679.698 623701.521  1
    27.320 641570.000    800.980 646582.360 643636.000    802.270 648045.320 623851.817  1
    27.350 655480.000    809.620 648414.031 656867.000    810.470 649949.988 623964.539  1
    27.390 638448.000    799.030 651015.641 641720.000    801.070 652655.624 624114.836  1
    27.420 661278.000    813.190 653079.753 664921.000    815.430 654802.321 624227.558  1
    27.460 639830.000    799.890 655970.173 645088.000    803.170 657808.178 624377.854  1
    27.490 654226.000    808.840 658231.562 657536.000    810.890 660159.558 624490.576  1
    27.530 650084.000    806.280 661354.075 654016.000    808.710 663405.683 624640.873  1
    27.560 656944.000    810.520 663762.853 661920.000    813.580 665909.203 624753.595  1
    27.600 670534.000    818.860 667041.419 673083.000    820.420 669315.737 624903.891  1
    27.630 644381.000    802.730 669533.780 648967.000    805.580 671904.541 625016.613  1
    27.670 673937.000    820.940 672875.096 676665.000    822.600 675373.899 625166.910  1
    27.700 668894.000    817.860 675375.616 673199.000    820.490 677969.220 625279.632  1
    27.740 672271.000    819.920 678673.172 675872.000    822.110 681390.314 625429.928  1
    27.770 655740.000    809.780 681098.571 659298.000    811.970 683905.382 625542.651  1
    27.810 681555.000    825.560 684238.544 686587.000    828.610 687159.725 625692.947  1
    27.840 662299.000    813.820 686502.672 666492.000    816.390 689504.929 625805.669  1
    27.880 687134.000    828.940 689371.169 689843.000    830.570 692474.127 625955.965  1
    27.910 667547.000    817.040 691390.743 672159.000    819.850 694562.945 626068.688  1
    27.950 685873.000    828.170 693881.635 690125.000    830.740 697136.799 626218.984  1
    27.980 674590.000    821.330 695582.106 678554.000    823.740 698891.860 626331.706  1
    28.020 688388.000    829.690 697604.587 694010.000    833.070 700976.174 626482.003  1
    28.050 666460.000    816.370 698925.443 670187.000    818.650 702334.740 626594.725  1
    28.090 693558.000    832.800 700410.400 698922.000    836.020 703857.902 626745.021  1
    28.120 668823.000    817.820 701309.282 676201.000    822.310 704776.118 626857.743  1
    28.160 696198.000    834.380 702213.744 701576.000    837.600 705693.692 627008.040  1
    28.190 670348.000    818.750 702668.924 673333.000    820.570 706149.140 627120.762  1
    28.220 702232.000    837.990 702932.582 707487.000    841.120 706404.886 627233.484  1
    28.260 659841.000    812.310 702989.119 666500.000    816.390 706438.307 627383.780  1
    28.300 697578.000    835.210 702716.097 703490.000    838.740 706128.153 627534.077  1
    28.330 671891.000    819.690 702302.442 678562.000    823.750 705677.768 627646.799  1
    28.360 686895.000    828.790 701717.197 689924.000    830.620 705048.494 627759.521  1
    28.400 675993.000    822.190 700683.901 680891.000    825.160 703945.708 627909.818  1
    28.430 697678.000    835.270 699731.073 701437.000    837.520 702933.156 628022.540  1
    28.470 671900.000    819.700 698242.764 678291.000    823.580 701355.847 628172.836  1
    28.510 694083.000    833.120 696529.273 697437.000    835.130 699543.605 628323.132  1
    28.540 673621.000    820.740 695112.814 679669.000    824.420 698047.336 628435.855  1
    28.580 687542.000    829.180 693071.745 694258.000    833.220 695893.090 628586.151  1
    28.610 662840.000    814.150 691442.288 667436.000    816.970 694174.299 628698.873  1
    28.650 686560.000    828.590 689161.169 692246.000    832.010 691769.043 628849.170  1
    28.680 671348.000    819.360 687384.482 675538.000    821.910 689896.098 628961.892  1
    28.720 681128.000    825.300 684950.040 686131.000    828.330 687329.986 629112.188  1
    28.750 674752.000    821.430 683089.761 677058.000    822.840 685369.044 629224.910  1
    28.790 667517.000    817.020 680584.108 672803.000    820.250 682727.444 629375.207  1
    28.820 665314.000    815.670 678699.268 669264.000    818.090 680739.882 629487.929  1
    28.860 669326.000    818.120 676197.099 673870.000    820.900 678100.472 629638.225  1
    28.900 676332.000    822.390 673726.924 680468.000    824.900 675493.529 629788.522  1
    28.930 665425.000    815.740 671907.055 670900.000    819.080 673571.876 629901.244  1
    28.970 667760.000    817.170 669538.424 668764.000    817.780 671069.177 630051.540  1
    29.000 660715.000    812.840 667814.020 665060.000    815.510 669245.823 630164.262  1
    29.040 659838.000    812.300 665595.489 664573.000    815.210 666897.982 630314.559  1
    29.070 670400.000    818.780 663998.753 672650.000    820.150 665206.527 630427.281  1
    29.110 642763.000    801.730 661967.596 647039.000    804.390 663052.484 630577.577  1
    29.150 661622.000    813.400 660055.890 662011.000    813.640 661022.161 630727.874  1
    29.190 669703.000    818.350 658270.044 673873.000    820.900 659122.319 630878.170  1
    29.220 644399.000    802.740 657015.972 646145.000    803.830 657785.952 630990.892  1
    29.260 658745.000    811.630 655459.782 661620.000    813.400 656124.485 631141.188  1
    29.300 662439.000    813.900 654036.917 664585.000    815.220 654601.577 631291.485  1
    29.330 645344.000    803.330 653056.900 649272.000    805.770 653550.030 631404.207  1
    29.370 660210.000    812.530 651864.661 662664.000    814.040 652267.131 631554.503  1
    29.400 651345.000    807.060 651054.417 653386.000    808.320 651392.434 631667.226  1
    29.440 635670.000    797.290 650082.252 638777.000    799.240 650339.026 631817.522  1
    29.480 662177.000    813.740 649228.366 664121.000    814.940 649409.193 631967.818  1
    29.510 653537.000    808.420 648661.523 655910.000    809.880 648788.797 632080.540  1
    29.550 629851.000    793.630 647997.772 631331.000    794.560 648058.068 632230.837  1
    29.590 662681.000    814.050 647431.710 664569.000    815.210 647429.922 632381.133  1
    29.620 649262.000    805.770 647066.086 651595.000    807.210 647020.827 632493.855  1
    29.660 639929.000    799.960 646649.994 643529.000    802.200 646550.717 632644.152  1
    29.700 649274.000    805.780 646307.212 649308.000    805.800 646158.204 632794.448  1
    29.740 656301.000    810.120 646028.714 662737.000    814.090 645834.010 632944.744  1
    29.770 653665.000    808.500 645856.694 654333.000    808.910 645630.211 633057.466  1
    29.810 634855.000    796.780 645669.599 635821.000    797.380 645403.853 633207.763  1
    29.850 651697.000    807.280 645523.325 652008.000    807.470 645221.626 633358.059  1
    29.890 649941.000    806.190 645410.206 653092.000    808.140 645075.602 633508.355  1
    29.920 645794.000    803.610 645342.855 647804.000    804.860 644985.420 633621.078  1
    29.960 642796.000    801.750 645271.182 643782.000    802.360 644885.569 633771.374  1
    30.000 648032.000    805.000 645214.896 648942.000    805.570 644803.481 633921.670  1
    30.040 654731.000    809.150 645168.865 654696.000    809.130 644733.805 634071.967  1
    30.070 658071.000    811.220 645138.395 659035.000    811.810 644686.898 634184.689  1
    30.110 630854.000    794.260 645100.147 631736.000    794.820 644628.317 634334.985  1
    30.150 652220.000    807.600 645061.760 652089.000    807.520 644571.266 634485.281  1
    30.190 653637.000    808.480 645020.749 654652.000    809.110 644513.127 634635.578  1
    30.230 652303.000    807.650 644975.265 652723.000    807.910 644451.946 634785.874  1
    30.260 647433.000    804.630 644937.440 647855.000    804.890 644403.243 634898.596  1
    30.300 646101.000    803.800 644881.446 646372.000    803.970 644333.893 635048.893  1
    30.340 642307.000    801.440 644818.837 643990.000    802.490 644259.220 635199.189  1
    30.380 652324.000    807.670 644749.779 653246.000    808.240 644179.394 635349.485  1
    30.420 654461.000    808.990 644674.883 655604.000    809.690 644095.053 635499.782  1
    30.460 654159.000    808.800 644595.167 653908.000    808.650 644007.270 635650.078  1
    30.500 645306.000    803.310 644512.028 646085.000    803.790 643917.517 635800.374  1
    30.530 651080.000    806.900 644448.467 651759.000    807.320 643850.007 635913.096  1
    30.570 651810.000    807.350 644363.749 652091.000    807.520 643761.454 636063.393  1
    30.610 634788.000    796.740 644281.202 637925.000    798.700 643676.817 636213.689  1
    30.650 645297.000    803.300 644203.436 645312.000    803.310 643598.828 636363.985  1
    30.690 656237.000    810.080 644133.331 656517.000    810.260 643530.491 636514.282  1
    30.730 650747.000    806.690 644074.018 651890.000    807.400 643475.055 636664.578  1
    30.770 652181.000    807.580 644028.849 652280.000    807.640 643435.982 636814.874  1
    30.810 654925.000    809.270 644001.363 654518.000    809.020 643416.904 636965.171  1
    30.850 651622.000    807.230 643995.245 652913.000    808.030 643421.581 637115.467  1
    30.890 646875.000    804.290 644014.271 648847.000    805.510 643453.837 637265.763  1
    30.930 653667.000    808.500 644062.249 655011.000    809.330 643517.503 637416.060  1
    30.970 651879.000    807.390 644142.946 652016.000    807.480 643616.334 637566.356  1
    31.000 649332.000    805.810 644227.139 650949.000    806.810 643715.708 637679.078  1
    31.050 648560.000    805.330 644416.846 651046.000    806.870 643933.627 637866.949  1
    31.090 647894.000    804.920 644616.572 649799.000    806.100 644158.417 638017.245  1
    31.120 656177.000    810.050 644796.138 656878.000    810.480 644358.139 638129.967  1
    31.160 648895.000    805.540 645077.029 650307.000    806.420 644667.570 638280.263  1
    31.200 651659.000    807.250 645406.796 654219.000    808.840 645027.590 638430.560  1
    31.250 652617.000    807.850 645889.083 652785.000    807.950 645549.734 638618.430  1
    31.290 650786.000    806.710 646330.973 652404.000    807.720 646024.818 638768.726  1
    31.330 656843.000    810.460 646821.635 658569.000    811.520 646549.526 638919.023  1
    31.370 651200.000    806.970 647359.052 654830.000    809.220 647121.538 639069.319  1
    31.410 659843.000    812.310 647940.185 663196.000    814.370 647737.501 639219.615  1
    31.450 648780.000    805.470 648560.969 650976.000    806.830 648393.036 639369.912  1
    31.490 656222.000    810.080 649216.340 658412.000    811.430 649082.766 639520.208  1
    31.530 656306.000    810.130 649900.285 659442.000    812.060 649800.375 639670.504  1
    31.570 655348.000    809.540 650605.938 654690.000    809.130 650538.711 639820.801  1
    31.610 661088.000    813.070 651325.701 660376.000    812.640 651289.909 639971.097  1
    31.650 665510.000    815.790 652051.391 667367.000    816.930 652045.550 640121.393  1
    31.690 652911.000    808.030 652774.426 653988.000    808.700 652796.848 640271.690  1
    31.730 664597.000    815.230 653486.017 666137.000    816.170 653534.848 640421.986  1
    31.770 656405.000    810.190 654177.383 657880.000    811.100 654250.644 640572.282  1
    31.820 665134.000    815.560 655000.155 665639.000    815.870 655101.058 640760.153  1
    31.860 659003.000    811.790 655615.432 661221.000    813.150 655736.101 640910.449  1
    31.900 656958.000    810.530 656184.621 657160.000    810.650 656323.002 641060.745  1
    31.940 654497.000    809.010 656701.349 655493.000    809.630 656855.466 641211.042  1
    31.980 659891.000    812.340 657160.292 662611.000    814.010 657328.296 641361.338  1
    32.020 675011.000    821.590 657557.308 675959.000    822.170 657737.521 641511.634  1
    32.070 665472.000    815.760 657962.249 666369.000    816.310 658155.685 641699.505  1
    32.110 662978.000    814.230 658211.467 665106.000    815.540 658414.154 641849.801  1
    32.150 669034.000    817.940 658394.316 670514.000    818.850 658605.369 642000.097  1
    32.190 667954.000    817.280 658512.244 670198.000    818.660 658731.074 642150.394  1
    32.230 666246.000    816.240 658567.945 668633.000    817.700 658794.262 642300.690  1
    32.280 663253.000    814.400 658556.004 664414.000    815.120 658791.731 642488.560  1
    32.320 656428.000    810.200 658487.250 657836.000    811.070 658730.898 642638.857  1
    32.360 671130.000    819.230 658372.227 673697.000    820.790 658624.439 642789.153  1
    32.410 670019.000    818.550 658173.480 672391.000    819.990 658437.662 642977.023  1
    32.450 659900.000    812.340 657979.225 661480.000    813.310 658254.242 643127.320  1
    32.490 660452.000    812.680 657761.757 664637.000    815.250 658048.903 643277.616  1
    32.540 678742.000    823.860 657468.990 681731.000    825.670 657773.287 643465.486  1
    32.580 667988.000    817.310 657227.424 670954.000    819.120 657547.115 643615.783  1
    32.620 655751.000    809.780 656987.555 659248.000    811.940 657324.154 643766.079  1
    32.670 680155.000    824.720 656701.340 682956.000    826.410 657061.170 643953.949  1
    32.710 658550.000    811.510 656491.894 659919.000    812.350 656871.915 644104.246  1
    32.750 662149.000    813.730 656307.092 665101.000    815.540 656708.641 644254.542  1
    32.800 682150.000    825.920 656120.374 684954.000    827.620 656550.550 644442.412  1
    32.840 668923.000    817.880 656013.627 671044.000    819.170 656467.935 644592.709  1
    32.880 671146.000    819.240 655950.717 674114.000    821.040 656430.117 644743.005  1
    32.930 668577.000    817.670 655941.385 670000.000    818.540 656453.320 644930.875  1
    32.970 661254.000    813.180 655994.948 663599.000    814.620 656533.716 645081.172  1
    33.010 681823.000    825.730 656107.219 683050.000    826.470 656673.430 645231.468  1
    33.060 662572.000    813.990 656335.569 665076.000    815.520 656936.823 645419.339  1
    33.100 678367.000    823.630 656592.348 680094.000    824.680 657222.145 645569.635  1
    33.150 669215.000    818.060 657009.821 673230.000    820.510 657675.842 645757.505  1
    33.190 680177.000    824.730 657422.960 681663.000    825.630 658118.330 645907.802  1
    33.240 665295.000    815.660 658039.562 667871.000    817.230 658771.980 646095.672  1
    33.290 682666.000    826.240 658766.946 686941.000    828.820 659536.668 646283.542  1
    33.330 673645.000    820.760 659426.798 676814.000    822.690 660226.401 646433.839  1
    33.370 664876.000    815.400 660153.133 668287.000    817.490 660982.483 646584.135  1
    33.420 687919.000    829.410 661148.647 692936.000    832.430 662014.676 646772.005  1
    33.470 680623.000    825.000 662231.989 683765.000    826.900 663133.647 646959.876  1
    33.510 667921.000    817.260 663153.286 668158.000    817.410 664082.253 647110.172  1
    33.560 692784.000    832.340 664360.143 694436.000    833.330 665321.088 647298.042  1
    33.600 678926.000    823.970 665358.635 682257.000    825.990 666342.869 647448.339  1
    33.650 689477.000    830.350 666631.186 693860.000    832.980 667640.818 647636.209  1
    33.690 690212.000    830.790 667655.207 692782.000    832.340 668681.511 647786.506  1
    33.740 676833.000    822.700 668923.407 681026.000    825.240 669965.055 647974.376  1
    33.790 695679.000    834.070 670156.384 697516.000    835.170 671206.241 648162.246  1
    33.830 683797.000    826.920 671101.499 688275.000    829.620 672152.085 648312.543  1
    33.880 701902.000    837.800 672212.014 706967.000    840.810 673255.440 648500.413  1
    33.920 684641.000    827.430 673030.223 686652.000    828.640 674060.992 648650.709  1
    33.970 685336.000    827.850 673948.722 688602.000    829.820 674954.557 648838.580  1
    34.020 700701.000    837.080 674735.555 704851.000    839.550 675706.074 649026.450  1
    34.070 699396.000    836.300 675377.015 700185.000    836.770 676301.868 649214.321  1
    34.110 681649.000    825.620 675778.745 685717.000    828.080 676659.850 649364.617  1
    34.160 699332.000    836.260 676136.423 702813.000    838.340 676954.399 649552.487  1
    34.210 702747.000    838.300 676331.530 705966.000    840.220 677077.922 649740.358  1
    34.250 693726.000    832.900 676371.605 697909.000    835.410 677055.502 649890.654  1
    34.300 688294.000    829.630 676281.125 691497.000    831.560 676881.650 650078.524  1
    34.350 704136.000    839.130 676042.543 707431.000    841.090 676555.472 650266.395  1
    34.400 707014.000    840.840 675667.447 708748.000    841.870 676090.423 650454.265  1
    34.450 703937.000    839.010 675169.918 705972.000    840.220 675502.527 650642.136  1
    34.490 697490.000    835.160 674694.391 700443.000    836.920 674955.713 650792.432  1
    34.540 699565.000    836.400 674017.375 701348.000    837.470 674192.423 650980.302  1
    34.590 701520.000    837.570 673264.930 702209.000    837.980 673358.482 651168.173  1
    34.640 705988.000    840.230 672454.553 708776.000    841.890 672472.945 651356.043  1
    34.690 709788.000    842.490 671603.192 710278.000    842.780 671554.074 651543.913  1
    34.740 707293.000    841.010 670726.790 707202.000    840.950 670618.855 651731.784  1
    34.790 705708.000    840.060 669839.954 706824.000    840.730 669682.633 651919.654  1
    34.840 706127.000    840.310 668955.722 710176.000    842.720 668758.887 652107.525  1
    34.890 706322.000    840.430 668085.458 708319.000    841.620 667859.118 652295.395  1
    34.940 711134.000    843.290 667238.828 713515.000    844.700 666992.862 652483.265  1
    34.990 704550.000    839.370 666423.879 705874.000    840.160 666167.782 652671.136  1
    35.030 700358.000    836.870 665799.186 704343.000    839.250 665541.425 652821.432  1
    35.080 716381.000    846.390 665056.921 717675.000    847.160 664804.499 653009.303  1
    35.140 714609.000    845.350 664228.454 715740.000    846.010 663992.143 653234.747  1
    35.190 719659.000    848.330 663593.908 721982.000    849.700 663377.947 653422.617  1
    35.240 716173.000    846.270 663012.976 717824.000    847.240 662822.532 653610.488  1
    35.290 715691.000    845.990 662487.821 717980.000    847.340 662326.977 653798.358  1
    35.340 719765.000    848.390 662020.300 722183.000    849.810 661892.049 653986.229  1
    35.390 723804.000    850.770 661612.090 726488.000    852.340 661518.357 654174.099  1
    35.440 730745.000    854.840 661264.787 734715.000    857.160 661206.462 654361.969  1
    35.490 731163.000    855.080 660979.964 734010.000    856.740 660956.953 654549.840  1
    35.540 738601.000    859.420 660759.209 740975.000    860.800 660770.486 654737.710  1
    35.590 734275.000    856.900 660604.131 735606.000    857.670 660647.800 654925.581  1
    35.640 752551.000    867.500 660516.345 756013.000    869.490 660589.708 655113.451  1
    35.700 752559.000    867.500 660502.068 754885.000    868.840 660606.473 655338.895  1
    35.750 749274.000    865.610 660567.846 751480.000    866.880 660693.526 655526.766  1
    35.800 755443.000    869.160 660705.730 758680.000    871.020 660847.903 655714.636  1
    35.850 769719.000    877.340 660916.943 771843.000    878.550 661070.343 655902.507  1
    35.910 766203.000    875.330 661268.572 768194.000    876.470 661427.954 656127.951  1
    35.960 762842.000    873.410 661644.205 765061.000    874.680 661802.000 656315.822  1
    36.010 771000.000    878.070 662095.282 773604.000    879.550 662245.337 656503.692  1
    36.070 782800.000    884.760 662736.015 783145.000    884.950 662868.599 656729.136  1
    36.120 764364.000    874.280 663352.175 766449.000    875.470 663463.480 656917.007  1
    36.170 788017.000    887.700 664041.976 789806.000    888.710 664126.116 657104.877  1
    36.230 773904.000    879.720 664964.758 775186.000    880.450 665009.022 657330.322  1
    36.280 773186.000    879.310 665810.539 773386.000    879.420 665816.056 657518.192  1
    36.330 789662.000    888.630 666723.475 790505.000    889.100 666685.852 657706.062  1
    36.390 767130.000    875.860 667903.538 767750.000    876.210 667809.321 657931.507  1
    36.440 782016.000    884.320 668953.569 785703.000    886.400 668809.074 658119.377  1
    36.500 766394.000    875.440 670288.373 769896.000    877.440 670081.059 658344.822  1
    36.560 775646.000    880.710 671698.854 780155.000    883.260 671427.437 658570.266  1
    36.610 757822.000    870.530 672927.572 758061.000    870.670 672602.860 658758.137  1
    36.670 769486.000    877.200 674460.809 770899.000    878.010 674073.579 658983.581  1
    36.720 753397.000    867.980 675783.640 752743.000    867.610 675346.467 659171.452  1
    36.780 770531.000    877.800 677420.673 772324.000    878.820 676927.263 659396.896  1
    36.830 749978.000    866.010 678822.967 751646.000    866.980 678286.532 659584.766  1
    36.890 756149.000    869.570 680547.545 756134.000    869.560 679964.899 659810.211  1
    36.950 753173.000    867.860 682313.583 754069.000    868.370 681691.322 660035.655  1
    37.010 750913.000    866.550 684116.390 752929.000    867.710 683461.632 660261.100  1
    37.060 729150.000    853.900 685642.930 730955.000    854.960 684966.756 660448.970  1
    37.120 749367.000    865.660 687498.128 750763.000    866.470 686803.179 660674.415  1
    37.180 746251.000    863.860 689371.024 748736.000    865.300 688664.851 660899.859  1
    37.230 726950.000    852.610 690937.941 729612.000    854.170 690228.105 661087.730  1
    37.300 744708.000    862.960 693126.345 746632.000    864.080 692419.869 661350.748  1
    37.350 721521.000    849.420 694673.918 721466.000    849.390 693975.738 661538.619  1
    37.410 728747.000    853.670 696498.077 729694.000    854.220 695816.144 661764.063  1
    37.470 731458.000    855.250 698268.219 733939.000    856.700 697609.222 661989.507  1
    37.520 732688.000    855.970 699687.419 735508.000    857.620 699052.532 662177.378  1
    37.580 724652.000    851.260 701305.430 725411.000    851.710 700705.369 662402.822  1
    37.650 721145.000    849.200 703050.535 720715.000    848.950 702499.103 662665.841  1
    37.710 722972.000    850.280 704403.261 723966.000    850.860 703900.249 662891.285  1
    37.770 726597.000    852.410 705607.839 728876.000    853.740 705159.320 663116.730  1
    37.830 726562.000    852.390 706653.106 727856.000    853.140 706264.935 663342.174  1
    37.890 720793.000    849.000 707532.553 722445.000    849.970 707210.253 663567.619  1
    37.950 718096.000    847.410 708244.740 717566.000    847.090 707993.355 663793.063  1
    38.010 725338.000    851.670 708793.373 727959.000    853.210 708617.300 664018.508  1
    38.070 723646.000    850.670 709187.035 726125.000    852.130 709089.843 664243.952  1
    38.130 727566.000    852.970 709438.620 728243.000    853.370 709422.870 664469.397  1
    38.200 725622.000    851.830 709574.583 726517.000    852.360 709655.528 664732.415  1
    38.260 723739.000    850.730 709577.905 725764.000    851.920 709741.686 664957.860  1
    38.320 730600.000    854.750 709498.443 730177.000    854.500 709743.571 665183.304  1
    38.380 721143.000    849.200 709177.283 722947.000    850.260 709500.878 665228.785  1
    38.450 721281.000    849.280 708207.673 722985.000    850.290 708617.389 664737.467  1
    38.510 723590.000    850.640 707355.510 726491.000    852.340 707833.003 664316.337  1
    38.570 736640.000    858.280 706502.735 737858.000    858.990 707041.334 663895.207  1
    38.640 715653.000    845.960 705528.235 718076.000    847.390 706128.639 663403.889  1
    38.710 729655.000    854.200 704596.551 730116.000    854.470 705247.784 662912.570  1
    38.770 725482.000    851.750 703846.104 728674.000    853.620 704531.937 662491.440  1
    38.840 730569.000    854.730 703040.124 732568.000    855.900 703756.054 662000.122  1
    38.900 723802.000    850.770 702417.423 726593.000    852.400 703150.849 661578.992  1
    38.970 730588.000    854.740 701777.938 731608.000    855.340 702523.078 661087.674  1
    39.030 725421.000    851.720 701307.942 726981.000    852.630 702056.724 660666.544  1
    39.100 730339.000    854.600 700851.810 732963.000    856.130 701598.894 660175.225  1
    39.170 736673.000    858.300 700492.150 739527.000    859.960 701232.910 659683.907  1
    39.240 728035.000    853.250 700221.778 732440.000    855.830 700953.489 659192.589  1
    39.300 736337.000    858.100 700052.541 740695.000    860.640 700775.710 658771.459  1
    39.370 733051.000    856.180 699914.783 737985.000    859.060 700628.526 658280.140  1
    39.440 737481.000    858.770 699824.215 740904.000    860.760 700530.431 657788.822  1
    39.510 743935.000    862.520 699760.902 745638.000    863.500 700462.545 657297.504  1
    39.580 744164.000    862.650 699704.017 748825.000    865.350 700404.717 656806.185  1
    39.650 747988.000    864.860 699633.080 753216.000    867.880 700336.729 656314.867  1
    39.720 743837.000    862.460 699529.064 746966.000    864.270 700239.419 655823.549  1
    39.790 748881.000    865.380 699375.252 751651.000    866.980 700095.543 655332.230  1
    39.860 767538.000    876.090 699157.740 770170.000    877.590 699890.336 654840.912  1
    39.940 758878.000    871.140 698817.262 763623.000    873.860 699565.327 654279.405  1
    40.010 755319.000    869.090 698430.019 757561.000    870.380 699191.297 653788.087  0
    40.080 755170.000    869.010 697953.673 758929.000    871.170 698726.262 653296.769  0
    40.160 770634.000    877.860 697295.750 773307.000    879.380 698076.920 652735.262  0
    40.230 758248.000    870.770 696618.544 761834.000    872.830 697401.702 652243.944  0
    40.300 761200.000    872.470 695845.798 762162.000    873.020 696624.336 651752.625  0
    40.380 768189.000    876.460 694846.168 770480.000    877.770 695609.859 651191.119  0
    40.460 760254.000    871.930 693724.572 764802.000    874.530 694462.018 650629.612  0
    40.530 750751.000    866.460 692646.643 755059.000    868.940 693351.244 650138.294  0
    40.610 766344.000    875.410 691310.579 771182.000    878.170 691966.333 649576.787  0
    40.680 753463.000    868.020 690057.339 754295.000    868.500 690660.934 649085.469  0
    40.760 753846.000    868.240 688538.996 755543.000    869.220 689073.361 648523.962  0
    40.840 754179.000    868.430 686941.038 756845.000    869.970 687397.692 647962.455  0
    40.920 749016.000    865.460 685276.604 747513.000    864.590 685649.404 647400.949  0
    41.000 754293.000    868.500 683558.110 756757.000    869.920 683843.587 646839.442  0
    41.070 748784.000    865.320 682018.509 753541.000    868.070 682226.957 646348.124  0
    41.160 741429.000    861.060 679999.137 745104.000    863.190 680110.836 645716.429  0
    41.240 740752.000    860.670 678172.771 744643.000    862.930 678203.357 645154.922  0
    41.320 735493.000    857.610 676321.251 734897.000    857.260 676277.573 644593.415  0
    41.410 747376.000    864.510 674212.912 749110.000    865.510 674095.849 643961.720  0
    41.490 731726.000    855.410 672322.019 733643.000    856.530 672149.774 643400.214  0
    41.570 730709.000    854.820 670424.148 730787.000    854.860 670206.405 642838.707  0
    41.660 732819.000    856.050 668297.565 734939.000    857.290 668039.591 642207.012  0
    41.740 734311.000    856.920 666436.233 735088.000    857.370 666150.999 641645.505  0
    41.830 725189.000    851.580 664407.403 726629.000    852.430 664098.961 641013.810  0
    41.920 725703.000    851.880 662488.491 725975.000    852.040 662162.038 640382.115  0
    42.010 720018.000    848.540 660725.013 723136.000    850.370 660382.755 639750.420  0
    42.090 714613.000    845.350 659323.348 716325.000    846.360 658966.576 639188.914  0
    42.190 717931.000    847.310 657830.989 718497.000    847.640 657452.779 638487.030  0
    42.270 714390.000    845.220 656864.959 714455.000    845.250 656465.496 637925.524  0
    42.370 708263.000    841.580 655949.037 709871.000    842.540 655516.969 637223.640  0
    42.460 709967.000    842.600 655386.106 711641.000    843.590 654919.223 636591.945  0
    42.560 709294.000    842.200 655006.190 712070.000    843.840 654496.166 635890.062  0
    42.650 710029.000    842.630 654825.998 711906.000    843.750 654275.539 635258.367  0
    42.750 704235.000    839.190 654721.241 705656.000    840.030 654127.636 634556.484  0
    42.840 702124.000    837.930 654634.207 702121.000    837.930 654006.796 633924.789  0
    42.950 701914.000    837.800 654435.040 703148.000    838.540 653777.302 633152.717  0
    43.050 701109.000    837.320 654087.123 702961.000    838.430 653415.864 632450.834  0
    43.150 693120.000    832.540 653532.323 693180.000    832.570 652863.189 631748.950  0
    43.250 692664.000    832.260 652758.524 694960.000    833.640 652107.841 631047.067  0
    43.350 691155.000    831.360 651787.085 693118.000    832.540 651170.329 630345.184  0
    43.460 696897.000    834.800 650550.036 698188.000    835.580 649985.803 629573.112  0
    43.560 690393.000    830.900 649347.255 691137.000    831.350 648841.054 628871.229  0
    43.670 688654.000    829.850 648031.781 690890.000    831.200 647596.069 628099.157  0
    43.780 687879.000    829.380 646814.678 687925.000    829.410 646451.603 627327.085  0
    43.890 688292.000    829.630 645767.245 691333.000    831.460 645474.732 626555.014  0
    44.010 687868.000    829.380 644864.660 689151.000    830.150 644643.316 625712.754  0
    44.120 686151.000    828.340 644264.164 688205.000    829.580 644101.209 624940.682  0
    44.240 688591.000    829.810 643829.170 690881.000    831.190 643722.476 624098.422  0
    44.360 688921.000    830.010 643570.265 692090.000    831.920 643513.467 623256.162  0
    44.480 682195.000    825.950 643421.424 684120.000    827.120 643410.254 622413.902  0
    44.600 688569.000    829.800 643318.460 691261.000    831.420 643350.624 621571.642  0
    44.730 685451.000    827.920 643196.691 687365.000    829.070 643274.558 620659.194  0
    44.860 686286.000    828.420 643016.007 688174.000    829.560 643138.219 619746.745  0
    44.990 683450.000    826.710 642744.717 687504.000    829.160 642908.264 618834.297  0
    45.130 695456.000    833.940 642332.152 697413.000    835.110 642533.620 617851.660  0
    45.270 682757.000    826.290 641789.449 684390.000    827.280 642018.190 616869.024  0
    45.410 688170.000    829.560 641125.585 690812.000    831.150 641367.870 615886.387  0
    45.550 684807.000    827.530 640364.254 685824.000    828.140 640605.141 614903.750  0
    45.710 684920.000    827.600 639422.232 687477.000    829.140 639644.872 613780.737  0
    45.850 679816.000    824.510 638583.700 682444.000    826.100 638779.906 612798.100  0
    46.010 681363.000    825.450 637659.479 684492.000    827.340 637820.650 611675.087  0
    46.180 685290.000    827.820 636744.304 687032.000    828.870 636871.821 610481.885  0
    46.340 681720.000    825.660 635925.043 684052.000    827.070 636031.688 609358.872  0
    46.530 674179.000    821.080 635512.803 679558.000    824.350 635613.399 608624.000  0
    46.710 676734.000    822.640 635656.053 677848.000    823.320 635768.918 608624.000  0
    46.900 676456.000    822.470 635520.768 678537.000    823.730 635659.332 608624.000  0
    47.100 673359.000    820.580 635018.691 674433.000    821.240 635189.050 608624.000  0
    47.310 661959.000    813.610 634176.351 666680.000    816.500 634376.999 608624.000  0
    47.540 660166.000    812.510 633119.504 663078.000    814.300 633346.384 608624.000  0
    47.780 658733.000    811.620 632211.010 661380.000    813.250 632460.185 608624.000  0
    48.050 653378.000    808.320 631837.927 657003.000    810.560 632108.484 608624.000  0
    48.330 648655.000    805.390 632509.244 652442.000    807.740 632789.218 608624.000  0
    48.670 656155.000    810.030 634908.536 658733.000    811.620 635155.018 608624.000  0
    49.060 647300.000    804.550 639100.289 647968.000    804.960 639226.033 608624.000  0
    49.550 653276.000    808.250 642948.033 654538.000    809.040 642871.618 608624.000  0
    50.480 654343.000    808.910 630605.931 653631.000    808.470 630467.541 608624.000  0



#phase 1
  h   k   l mult    sthovl    ttheta
  1   1   0   12   0.03543     5.686
  2   0   0    6   0.05011     8.045
  2   1   1   24   0.06137     9.857
  2   2   0   12   0.07086    11.387
  3   1   0   24   0.07922    12.736
  2   2   2    8   0.08679    13.957
  3   2   1   48   0.09374    15.082
  4   0   0    6   0.10021    16.130
  3   3   0   12   0.10629    17.116
  4   1   1   24   0.10629    17.116
  4   2   0   24   0.11204    18.049
  3   3   2   24   0.11751    18.938
  4   2   2   24   0.12273    19.788
  5   1   0   24   0.12775    20.605
  4   3   1   48   0.12775    20.605
  5   2   1   48   0.13722    22.152
  4   4   0   12   0.14172    22.888
  5   3   0   24   0.14608    23.602
  4   3   3   24   0.14608    23.602
  4   4   2   24   0.15032    24.297
  6   0   0    6   0.15032    24.297
  5   3   2   48   0.15444    24.973
  6   1   1   24   0.15444    24.973
  6   2   0   24   0.15845    25.633
  5   4   1   48   0.16236    26.277
  6   2   2   24   0.16618    26.907
  6   3   1   48   0.16992    27.524
  4   4   4    8   0.17357    28.128
  5   4   3   48   0.17715    28.720
  7   1   0   24   0.17715    28.720
  5   5   0   12   0.17715    28.720
  6   4   0   24   0.18066    29.301
  7   2   1   48   0.18410    29.872
  5   5   2   24   0.18410    29.872
  6   3   3   24   0.18410    29.872
  6   4   2   48   0.18748    30.434
  7   3   0   24   0.19080    30.986
  6   5   1   48   0.19727    32.064
  7   3   2   48   0.19727    32.064
  8   0   0    6   0.20042    32.591
  5   5   4   24   0.20353    33.111
  8   1   1   24   0.20353    33.111
  7   4   1   48   0.20353    33.111
  8   2   0   24   0.20659    33.624
  6   4   4   24   0.20659    33.624
  6   5   3   48   0.20961    34.130
  6   6   0   12   0.21258    34.629
  8   2   2   24   0.21258    34.629
  7   5   0   24   0.21552    35.122
  7   4   3   48   0.21552    35.122
  8   3   1   48   0.21552    35.122
  6   6   2   24   0.21841    35.609
  7   5   2   48   0.22126    36.091
  8   4   0   24   0.22408    36.566
  9   1   0   24   0.22687    37.037
  8   3   3   24   0.22687    37.037
  8   4   2   48   0.22962    37.503
  9   2   1   48   0.23233    37.963
  7   6   1   48   0.23233    37.963
  6   5   5   24   0.23233    37.963
  6   6   4   24   0.23502    38.419
  8   5   1   48   0.23767    38.871
  7   5   4   48   0.23767    38.871
  9   3   0   24   0.23767    38.871
  9   3   2   48   0.24290    39.761
  7   6   3   48   0.24290    39.761
  8   4   4   24   0.24547    40.200
  7   7   0   12   0.24801    40.635
  9   4   1   48   0.24801    40.635
  8   5   3   48   0.24801    40.635
 10   0   0    6   0.25053    41.066
  8   6   0   24   0.25053    41.066
  7   7   2   24   0.25302    41.493
 10   1   1   24   0.25302    41.493
 10   2   0   24   0.25549    41.917
  8   6   2   48   0.25549    41.917
  9   5   0   24   0.25794    42.337
  9   4   3   48   0.25794    42.337
 10   2   2   24   0.26036    42.754
  6   6   6    8   0.26036    42.754
  9   5   2   48   0.26276    43.168
  7   6   5   48   0.26276    43.168
 10   3   1   48   0.26276    43.168
  8   7   1   48   0.26749    43.986
  7   7   4   24   0.26749    43.986
  8   5   5   24   0.26749    43.986
 10   4   0   24   0.26983    44.390
  8   6   4   48   0.26983    44.390
  9   6   1   48   0.27215    44.792
 10   3   3   24   0.27215    44.792
 10   4   2   48   0.27444    45.191
 11   1   0   24   0.27672    45.587
  8   7   3   48   0.27672    45.587
  9   5   4   48   0.27672    45.587
 11   2   1   48   0.28122    46.371
  9   6   3   48   0.28122    46.371
 10   5   1   48   0.28122    46.371
  8   8   0   12   0.28344    46.759
 11   3   0   24   0.28565    47.145
  9   7   0   24   0.28565    47.145
  8   8   2   24   0.28784    47.528
 10   4   4   24   0.28784    47.528
 11   3   2   48   0.29001    47.910
  9   7   2   48   0.29001    47.910
 10   5   3   48   0.29001    47.910
  7   7   6   24   0.29001    47.910
 10   6   0   24   0.29217    48.288
  8   6   6   24   0.29217    48.288
 11   4   1   48   0.29431    48.665
  8   7   5   48   0.29431    48.665
 10   6   2   48   0.29643    49.039
  9   6   5   48   0.29854    49.412
  8   8   4   24   0.30064    49.782
 12   0   0    6   0.30064    49.782
 11   5   0   24   0.30272    50.150
 11   4   3   48   0.30272    50.150
  9   7   4   48   0.30272    50.150
 12   1   1   24   0.30272    50.150
  9   8   1   48   0.30272    50.150


