    ttheta   IntUPexp  sIntUPexp   IntUPmod IntDOWNexp sIntDOWNexp IntDOWNmod   IntBKGR flag
     7.800      0.000      0.000      0.000      0.000      0.000      0.000      0.000  1
     8.000      0.000      0.000      0.000      0.000      0.000      0.000      0.000  1
     8.200      0.000      0.000      0.000      0.000      0.000      0.000      0.000  1
     8.400      0.000      0.000      0.000      0.000      0.000      0.000      0.000  1
     8.600      0.000      0.000      0.000      0.000      0.000      0.000      0.000  1
     8.800      0.000      0.000      0.000      0.000      0.000      0.000      0.000  1
     9.000      0.000      0.000      0.000      0.000      0.000      0.000      0.000  1
     9.200      0.000      0.000      0.000      0.000      0.000      0.000      0.000  1
     9.400      0.000      0.000      0.000      0.000      0.000      0.000      0.000  1
     9.600      0.000      0.000      0.000      0.000      0.000      0.000      0.000  1
     9.800      0.000      0.000      0.000      0.000      0.000      0.000      0.000  1
    10.000      0.000      0.000      0.000      0.000      0.000      0.000      0.000  1
    10.200      0.000      0.000      0.000      0.000      0.000      0.000      0.000  1
    10.400      0.000      0.000      0.000      0.000      0.000      0.000      0.000  1
    10.600      0.000      0.000      0.000      0.000      0.000      0.000      0.000  1
    10.800      0.000      0.000      0.000      0.000      0.000      0.000      0.000  1
    11.000      0.000      0.000      0.000      0.000      0.000      0.000      0.000  1
    11.200      0.000      0.000      0.000      0.000      0.000      0.000      0.000  1
    11.400      0.000      0.000      0.000      0.000      0.000      0.000      0.000  1
    11.600      0.000      0.000      0.000      0.000      0.000      0.000      0.000  1
    11.800      0.000      0.000      0.000      0.000      0.000      0.000      0.000  1
    12.000      0.000      0.000      0.000      0.000      0.000      0.000      0.000  1
    12.200      0.000      0.000      0.001      0.000      0.000      0.001      0.000  1
    12.400      0.000      0.000      0.651      0.000      0.000      0.651      0.000  1
    12.600      0.000      0.000     39.250      0.000      0.000     39.250      0.000  1
    12.800      0.000      0.000    325.946      0.000      0.000    325.946      0.000  1
    13.000      0.000      0.000    661.239      0.000      0.000    661.239      0.000  1
    13.200      0.000      0.000    468.665      0.000      0.000    468.665      0.000  1
    13.400      0.000      0.000    158.204      0.000      0.000    158.204      0.000  1
    13.600      0.000      0.000    174.375      0.000      0.000    174.375      0.000  1
    13.800      0.000      0.000   1375.868      0.000      0.000   1375.868      0.000  1
    14.000      0.000      0.000   8495.409      0.000      0.000   8495.409      0.000  1
    14.200      0.000      0.000  27210.938      0.000      0.000  27210.938      0.000  1
    14.400      0.000      0.000  45839.146      0.000      0.000  45839.146      0.000  1
    14.600      0.000      0.000  47845.677      0.000      0.000  47845.677      0.000  1
    14.800      0.000      0.000  39146.972      0.000      0.000  39146.972      0.000  1
    15.000      0.000      0.000  28389.598      0.000      0.000  28389.598      0.000  1
    15.200      0.000      0.000  16619.092      0.000      0.000  16619.092      0.000  1
    15.400      0.000      0.000   7097.880      0.000      0.000   7097.880      0.000  1
    15.600      0.000      0.000   2170.749      0.000      0.000   2170.749      0.000  1
    15.800      0.000      0.000    492.554      0.000      0.000    492.554      0.000  1
    16.000      0.000      0.000    137.172      0.000      0.000    137.172      0.000  1
    16.200      0.000      0.000    277.227      0.000      0.000    277.227      0.000  1
    16.400      0.000      0.000    799.294      0.000      0.000    799.294      0.000  1
    16.600      0.000      0.000   1558.186      0.000      0.000   1558.186      0.000  1
    16.800      0.000      0.000   2098.165      0.000      0.000   2098.165      0.000  1
    17.000      0.000      0.000   2306.269      0.000      0.000   2306.269      0.000  1
    17.200      0.000      0.000   3719.388      0.000      0.000   3719.388      0.000  1
    17.400      0.000      0.000  10499.027      0.000      0.000  10499.027      0.000  1
    17.600      0.000      0.000  27564.719      0.000      0.000  27564.719      0.000  1
    17.800      0.000      0.000  54017.597      0.000      0.000  54017.597      0.000  1
    18.000      0.000      0.000  78741.948      0.000      0.000  78741.948      0.000  1
    18.200      0.000      0.000  88060.972      0.000      0.000  88060.972      0.000  1
    18.400      0.000      0.000  78573.382      0.000      0.000  78573.382      0.000  1
    18.600      0.000      0.000  58484.985      0.000      0.000  58484.985      0.000  1
    18.800      0.000      0.000  37892.399      0.000      0.000  37892.399      0.000  1
    19.000      0.000      0.000  21916.090      0.000      0.000  21916.090      0.000  1
    19.200      0.000      0.000  11295.843      0.000      0.000  11295.843      0.000  1
    19.400      0.000      0.000   5084.660      0.000      0.000   5084.660      0.000  1
    19.600      0.000      0.000   1956.558      0.000      0.000   1956.558      0.000  1
    19.800      0.000      0.000    635.317      0.000      0.000    635.317      0.000  1
    20.000      0.000      0.000    173.399      0.000      0.000    173.399      0.000  1
    20.200      0.000      0.000     39.890      0.000      0.000     39.890      0.000  1
    20.400      0.000      0.000      8.086      0.000      0.000      8.086      0.000  1
    20.600      0.000      0.000      4.167      0.000      0.000      4.167      0.000  1
    20.800      0.000      0.000     19.876      0.000      0.000     19.876      0.000  1
    21.000      0.000      0.000    104.346      0.000      0.000    104.346      0.000  1
    21.200      0.000      0.000    427.918      0.000      0.000    427.918      0.000  1
    21.400      0.000      0.000   1364.967      0.000      0.000   1364.967      0.000  1
    21.600      0.000      0.000   3415.467      0.000      0.000   3415.467      0.000  1
    21.800      0.000      0.000   6782.391      0.000      0.000   6782.391      0.000  1
    22.000      0.000      0.000  10834.979      0.000      0.000  10834.979      0.000  1
    22.200      0.000      0.000  14150.193      0.000      0.000  14150.193      0.000  1
    22.400      0.000      0.000  15428.856      0.000      0.000  15428.856      0.000  1
    22.600      0.000      0.000  14482.816      0.000      0.000  14482.816      0.000  1
    22.800      0.000      0.000  12232.566      0.000      0.000  12232.566      0.000  1
    23.000      0.000      0.000   9801.522      0.000      0.000   9801.522      0.000  1
    23.200      0.000      0.000   7759.244      0.000      0.000   7759.244      0.000  1
    23.400      0.000      0.000   6125.219      0.000      0.000   6125.219      0.000  1
    23.600      0.000      0.000   4802.472      0.000      0.000   4802.472      0.000  1
    23.800      0.000      0.000   3882.581      0.000      0.000   3882.581      0.000  1
    24.000      0.000      0.000   3623.893      0.000      0.000   3623.893      0.000  1
    24.200      0.000      0.000   4220.097      0.000      0.000   4220.097      0.000  1
    24.400      0.000      0.000   5586.683      0.000      0.000   5586.683      0.000  1
    24.600      0.000      0.000   7371.681      0.000      0.000   7371.681      0.000  1
    24.800      0.000      0.000   9219.760      0.000      0.000   9219.760      0.000  1
    25.000      0.000      0.000  11051.748      0.000      0.000  11051.748      0.000  1
    25.200      0.000      0.000  13052.438      0.000      0.000  13052.438      0.000  1
    25.400      0.000      0.000  15354.882      0.000      0.000  15354.882      0.000  1
    25.600      0.000      0.000  17768.667      0.000      0.000  17768.667      0.000  1
    25.800      0.000      0.000  19860.579      0.000      0.000  19860.579      0.000  1
    26.000      0.000      0.000  21279.633      0.000      0.000  21279.633      0.000  1
    26.200      0.000      0.000  21946.763      0.000      0.000  21946.763      0.000  1
    26.400      0.000      0.000  21930.715      0.000      0.000  21930.715      0.000  1
    26.600      0.000      0.000  21218.680      0.000      0.000  21218.680      0.000  1
    26.800      0.000      0.000  19679.207      0.000      0.000  19679.207      0.000  1
    27.000      0.000      0.000  17249.939      0.000      0.000  17249.939      0.000  1
    27.200      0.000      0.000  14128.469      0.000      0.000  14128.469      0.000  1
    27.400      0.000      0.000  10771.581      0.000      0.000  10771.581      0.000  1
    27.600      0.000      0.000   7715.807      0.000      0.000   7715.807      0.000  1
    27.800      0.000      0.000   5369.663      0.000      0.000   5369.663      0.000  1
    28.000      0.000      0.000   3900.732      0.000      0.000   3900.732      0.000  1
    28.200      0.000      0.000   3239.818      0.000      0.000   3239.818      0.000  1
    28.400      0.000      0.000   3159.146      0.000      0.000   3159.146      0.000  1
    28.600      0.000      0.000   3374.553      0.000      0.000   3374.553      0.000  1
    28.800      0.000      0.000   3636.965      0.000      0.000   3636.965      0.000  1
    29.000      0.000      0.000   3789.467      0.000      0.000   3789.467      0.000  1
    29.200      0.000      0.000   3777.031      0.000      0.000   3777.031      0.000  1
    29.400      0.000      0.000   3615.360      0.000      0.000   3615.360      0.000  1
    29.600      0.000      0.000   3345.527      0.000      0.000   3345.527      0.000  1
    29.800      0.000      0.000   3004.119      0.000      0.000   3004.119      0.000  1
    30.000      0.000      0.000   2620.619      0.000      0.000   2620.619      0.000  1
    30.200      0.000      0.000   2231.128      0.000      0.000   2231.128      0.000  1
    30.400      0.000      0.000   1889.417      0.000      0.000   1889.417      0.000  1
    30.600      0.000      0.000   1664.451      0.000      0.000   1664.451      0.000  1
    30.800      0.000      0.000   1625.040      0.000      0.000   1625.040      0.000  1
    31.000      0.000      0.000   1816.930      0.000      0.000   1816.930      0.000  1
    31.200      0.000      0.000   2237.881      0.000      0.000   2237.881      0.000  1
    31.400      0.000      0.000   2819.236      0.000      0.000   2819.236      0.000  1
    31.600      0.000      0.000   3427.175      0.000      0.000   3427.175      0.000  1
    31.800      0.000      0.000   3894.039      0.000      0.000   3894.039      0.000  1
    32.000      0.000      0.000   4074.610      0.000      0.000   4074.610      0.000  1
    32.200      0.000      0.000   3902.725      0.000      0.000   3902.725      0.000  1
    32.400      0.000      0.000   3417.309      0.000      0.000   3417.309      0.000  1
    32.600      0.000      0.000   2742.665      0.000      0.000   2742.665      0.000  1
    32.800      0.000      0.000   2035.448      0.000      0.000   2035.448      0.000  1
    33.000      0.000      0.000   1428.850      0.000      0.000   1428.850      0.000  1
    33.200      0.000      0.000   1000.818      0.000      0.000   1000.818      0.000  1
    33.400      0.000      0.000    773.837      0.000      0.000    773.837      0.000  1
    33.600      0.000      0.000    735.345      0.000      0.000    735.345      0.000  1
    33.800      0.000      0.000    861.032      0.000      0.000    861.032      0.000  1
    34.000      0.000      0.000   1127.898      0.000      0.000   1127.898      0.000  1
    34.200      0.000      0.000   1513.548      0.000      0.000   1513.548      0.000  1
    34.400      0.000      0.000   1986.882      0.000      0.000   1986.882      0.000  1
    34.600      0.000      0.000   2499.744      0.000      0.000   2499.744      0.000  1
    34.800      0.000      0.000   2987.836      0.000      0.000   2987.836      0.000  1
    35.000      0.000      0.000   3383.011      0.000      0.000   3383.011      0.000  1
    35.200      0.000      0.000   3631.808      0.000      0.000   3631.808      0.000  1
    35.400      0.000      0.000   3711.318      0.000      0.000   3711.318      0.000  1
    35.600      0.000      0.000   3635.476      0.000      0.000   3635.476      0.000  1
    35.800      0.000      0.000   3450.291      0.000      0.000   3450.291      0.000  1
    36.000      0.000      0.000   3221.045      0.000      0.000   3221.045      0.000  1
    36.200      0.000      0.000   3015.696      0.000      0.000   3015.696      0.000  1
    36.400      0.000      0.000   2888.052      0.000      0.000   2888.052      0.000  1
    36.600      0.000      0.000   2864.084      0.000      0.000   2864.084      0.000  1
    36.800      0.000      0.000   2935.289      0.000      0.000   2935.289      0.000  1
    37.000      0.000      0.000   3062.392      0.000      0.000   3062.392      0.000  1
    37.200      0.000      0.000   3189.390      0.000      0.000   3189.390      0.000  1
    37.400      0.000      0.000   3263.219      0.000      0.000   3263.219      0.000  1
    37.600      0.000      0.000   3251.121      0.000      0.000   3251.121      0.000  1
    37.800      0.000      0.000   3148.762      0.000      0.000   3148.762      0.000  1
    38.000      0.000      0.000   2977.011      0.000      0.000   2977.011      0.000  1
    38.200      0.000      0.000   2771.099      0.000      0.000   2771.099      0.000  1
    38.400      0.000      0.000   2568.930      0.000      0.000   2568.930      0.000  1
    38.600      0.000      0.000   2404.041      0.000      0.000   2404.041      0.000  1
    38.800      0.000      0.000   2304.392      0.000      0.000   2304.392      0.000  1
    39.000      0.000      0.000   2294.122      0.000      0.000   2294.122      0.000  1
    39.200      0.000      0.000   2394.018      0.000      0.000   2394.018      0.000  1
    39.400      0.000      0.000   2618.101      0.000      0.000   2618.101      0.000  1
    39.600      0.000      0.000   2966.889      0.000      0.000   2966.889      0.000  1
    39.800      0.000      0.000   3420.588      0.000      0.000   3420.588      0.000  1
    40.000      0.000      0.000   3936.430      0.000      0.000   3936.430      0.000  1
    40.200      0.000      0.000   4453.371      0.000      0.000   4453.371      0.000  1
    40.400      0.000      0.000   4904.911      0.000      0.000   4904.911      0.000  1
    40.600      0.000      0.000   5237.754      0.000      0.000   5237.754      0.000  1
    40.800      0.000      0.000   5431.409      0.000      0.000   5431.409      0.000  1
    41.000      0.000      0.000   5512.420      0.000      0.000   5512.420      0.000  1
    41.200      0.000      0.000   5557.303      0.000      0.000   5557.303      0.000  1
    41.400      0.000      0.000   5680.603      0.000      0.000   5680.603      0.000  1
    41.600      0.000      0.000   6008.334      0.000      0.000   6008.334      0.000  1
    41.800      0.000      0.000   6641.777      0.000      0.000   6641.777      0.000  1
    42.000      0.000      0.000   7620.759      0.000      0.000   7620.759      0.000  1
    42.200      0.000      0.000   8897.866      0.000      0.000   8897.866      0.000  1
    42.400      0.000      0.000  10333.868      0.000      0.000  10333.868      0.000  1
    42.600      0.000      0.000  11719.560      0.000      0.000  11719.560      0.000  1
    42.800      0.000      0.000  12820.957      0.000      0.000  12820.957      0.000  1
    43.000      0.000      0.000  13436.110      0.000      0.000  13436.110      0.000  1
    43.200      0.000      0.000  13446.363      0.000      0.000  13446.363      0.000  1
    43.400      0.000      0.000  12845.591      0.000      0.000  12845.591      0.000  1
    43.600      0.000      0.000  11738.370      0.000      0.000  11738.370      0.000  1
    43.800      0.000      0.000  10309.150      0.000      0.000  10309.150      0.000  1
    44.000      0.000      0.000   8774.358      0.000      0.000   8774.358      0.000  1
    44.200      0.000      0.000   7333.667      0.000      0.000   7333.667      0.000  1
    44.400      0.000      0.000   6134.048      0.000      0.000   6134.048      0.000  1
    44.600      0.000      0.000   5253.113      0.000      0.000   5253.113      0.000  1
    44.800      0.000      0.000   4700.701      0.000      0.000   4700.701      0.000  1
    45.000      0.000      0.000   4433.000      0.000      0.000   4433.000      0.000  1
    45.200      0.000      0.000   4372.574      0.000      0.000   4372.574      0.000  1
    45.400      0.000      0.000   4429.166      0.000      0.000   4429.166      0.000  1
    45.600      0.000      0.000   4518.062      0.000      0.000   4518.062      0.000  1
    45.800      0.000      0.000   4574.005      0.000      0.000   4574.005      0.000  1
    46.000      0.000      0.000   4559.139      0.000      0.000   4559.139      0.000  1
    46.200      0.000      0.000   4464.150      0.000      0.000   4464.150      0.000  1
    46.400      0.000      0.000   4302.994      0.000      0.000   4302.994      0.000  1
    46.600      0.000      0.000   4103.309      0.000      0.000   4103.309      0.000  1
    46.800      0.000      0.000   3895.766      0.000      0.000   3895.766      0.000  1
    47.000      0.000      0.000   3705.616      0.000      0.000   3705.616      0.000  1
    47.200      0.000      0.000   3548.385      0.000      0.000   3548.385      0.000  1
    47.400      0.000      0.000   3429.673      0.000      0.000   3429.673      0.000  1
    47.600      0.000      0.000   3347.477      0.000      0.000   3347.477      0.000  1
    47.800      0.000      0.000   3294.959      0.000      0.000   3294.959      0.000  1
    48.000      0.000      0.000   3262.320      0.000      0.000   3262.320      0.000  1
    48.200      0.000      0.000   3237.646      0.000      0.000   3237.646      0.000  1
    48.400      0.000      0.000   3207.569      0.000      0.000   3207.569      0.000  1
    48.600      0.000      0.000   3158.666      0.000      0.000   3158.666      0.000  1
    48.800      0.000      0.000   3079.853      0.000      0.000   3079.853      0.000  1
    49.000      0.000      0.000   2965.150      0.000      0.000   2965.150      0.000  1
    49.200      0.000      0.000   2815.652      0.000      0.000   2815.652      0.000  1
    49.400      0.000      0.000   2639.748      0.000      0.000   2639.748      0.000  1
    49.600      0.000      0.000   2451.359      0.000      0.000   2451.359      0.000  1
    49.800      0.000      0.000   2266.804      0.000      0.000   2266.804      0.000  1
    50.000      0.000      0.000   2101.359      0.000      0.000   2101.359      0.000  1
    50.200      0.000      0.000   1966.594      0.000      0.000   1966.594      0.000  1
    50.400      0.000      0.000   1869.117      0.000      0.000   1869.117      0.000  1
    50.600      0.000      0.000   1810.788      0.000      0.000   1810.788      0.000  1
    50.800      0.000      0.000   1790.044      0.000      0.000   1790.044      0.000  1
    51.000      0.000      0.000   1803.717      0.000      0.000   1803.717      0.000  1
    51.200      0.000      0.000   1848.753      0.000      0.000   1848.753      0.000  1
    51.400      0.000      0.000   1923.374      0.000      0.000   1923.374      0.000  1
    51.600      0.000      0.000   2027.419      0.000      0.000   2027.419      0.000  1
    51.800      0.000      0.000   2161.801      0.000      0.000   2161.801      0.000  1
    52.000      0.000      0.000   2327.240      0.000      0.000   2327.240      0.000  1
    52.200      0.000      0.000   2522.594      0.000      0.000   2522.594      0.000  1
    52.400      0.000      0.000   2743.292      0.000      0.000   2743.292      0.000  1
    52.600      0.000      0.000   2980.367      0.000      0.000   2980.367      0.000  1
    52.800      0.000      0.000   3220.533      0.000      0.000   3220.533      0.000  1
    53.000      0.000      0.000   3447.443      0.000      0.000   3447.443      0.000  1
    53.200      0.000      0.000   3643.970      0.000      0.000   3643.970      0.000  1
    53.400      0.000      0.000   3794.984      0.000      0.000   3794.984      0.000  1
    53.600      0.000      0.000   3889.951      0.000      0.000   3889.951      0.000  1
    53.800      0.000      0.000   3924.702      0.000      0.000   3924.702      0.000  1
    54.000      0.000      0.000   3901.971      0.000      0.000   3901.971      0.000  1
    54.200      0.000      0.000   3830.653      0.000      0.000   3830.653      0.000  1
    54.400      0.000      0.000   3724.093      0.000      0.000   3724.093      0.000  1
    54.600      0.000      0.000   3597.894      0.000      0.000   3597.894      0.000  1
    54.800      0.000      0.000   3467.750      0.000      0.000   3467.750      0.000  1
    55.000      0.000      0.000   3347.676      0.000      0.000   3347.676      0.000  1
    55.200      0.000      0.000   3248.746      0.000      0.000   3248.746      0.000  1
    55.400      0.000      0.000   3178.334      0.000      0.000   3178.334      0.000  1
    55.600      0.000      0.000   3139.731      0.000      0.000   3139.731      0.000  1
    55.800      0.000      0.000   3132.085      0.000      0.000   3132.085      0.000  1
    56.000      0.000      0.000   3150.675      0.000      0.000   3150.675      0.000  1
    56.200      0.000      0.000   3187.590      0.000      0.000   3187.590      0.000  1
    56.400      0.000      0.000   3232.867      0.000      0.000   3232.867      0.000  1
    56.600      0.000      0.000   3276.005      0.000      0.000   3276.005      0.000  1
    56.800      0.000      0.000   3307.650      0.000      0.000   3307.650      0.000  1
    57.000      0.000      0.000   3321.122      0.000      0.000   3321.122      0.000  1
    57.200      0.000      0.000   3313.444      0.000      0.000   3313.444      0.000  1
    57.400      0.000      0.000   3285.626      0.000      0.000   3285.626      0.000  1
    57.600      0.000      0.000   3242.129      0.000      0.000   3242.129      0.000  1
    57.800      0.000      0.000   3189.666      0.000      0.000   3189.666      0.000  1
    58.000      0.000      0.000   3135.613      0.000      0.000   3135.613      0.000  1
    58.200      0.000      0.000   3086.429      0.000      0.000   3086.429      0.000  1
    58.400      0.000      0.000   3046.412      0.000      0.000   3046.412      0.000  1
    58.600      0.000      0.000   3017.040      0.000      0.000   3017.040      0.000  1
    58.800      0.000      0.000   2996.966      0.000      0.000   2996.966      0.000  1
    59.000      0.000      0.000   2982.602      0.000      0.000   2982.602      0.000  1
    59.200      0.000      0.000   2969.059      0.000      0.000   2969.059      0.000  1
    59.400      0.000      0.000   2951.240      0.000      0.000   2951.240      0.000  1
    59.600      0.000      0.000   2924.809      0.000      0.000   2924.809      0.000  1
    59.800      0.000      0.000   2886.907      0.000      0.000   2886.907      0.000  1
    60.000      0.000      0.000   2836.523      0.000      0.000   2836.523      0.000  1
    60.200      0.000      0.000   2774.548      0.000      0.000   2774.548      0.000  1
    60.400      0.000      0.000   2703.540      0.000      0.000   2703.540      0.000  1
    60.600      0.000      0.000   2627.312      0.000      0.000   2627.312      0.000  1
    60.800      0.000      0.000   2550.394      0.000      0.000   2550.394      0.000  1
    61.000      0.000      0.000   2477.466      0.000      0.000   2477.466      0.000  1
    61.200      0.000      0.000   2412.832      0.000      0.000   2412.832      0.000  1
    61.400      0.000      0.000   2360.020      0.000      0.000   2360.020      0.000  1
    61.600      0.000      0.000   2321.569      0.000      0.000   2321.569      0.000  1
    61.800      0.000      0.000   2299.028      0.000      0.000   2299.028      0.000  1
    62.000      0.000      0.000   2293.165      0.000      0.000   2293.165      0.000  1
    62.200      0.000      0.000   2304.306      0.000      0.000   2304.306      0.000  1
    62.400      0.000      0.000   2332.719      0.000      0.000   2332.719      0.000  1
    62.600      0.000      0.000   2378.940      0.000      0.000   2378.940      0.000  1
    62.800      0.000      0.000   2443.948      0.000      0.000   2443.948      0.000  1
    63.000      0.000      0.000   2529.149      0.000      0.000   2529.149      0.000  1
    63.200      0.000      0.000   2636.153      0.000      0.000   2636.153      0.000  1
    63.400      0.000      0.000   2766.359      0.000      0.000   2766.359      0.000  1
    63.600      0.000      0.000   2920.426      0.000      0.000   2920.426      0.000  1
    63.800      0.000      0.000   3097.697      0.000      0.000   3097.697      0.000  1
    64.000      0.000      0.000   3295.686      0.000      0.000   3295.686      0.000  1
    64.200      0.000      0.000   3509.735      0.000      0.000   3509.735      0.000  1
    64.400      0.000      0.000   3732.943      0.000      0.000   3732.943      0.000  1
    64.600      0.000      0.000   3956.438      0.000      0.000   3956.438      0.000  1
    64.800      0.000      0.000   4170.008      0.000      0.000   4170.008      0.000  1
    65.000      0.000      0.000   4363.034      0.000      0.000   4363.034      0.000  1
    65.200      0.000      0.000   4525.623      0.000      0.000   4525.623      0.000  1
    65.400      0.000      0.000   4649.737      0.000      0.000   4649.737      0.000  1
    65.600      0.000      0.000   4730.156      0.000      0.000   4730.156      0.000  1
    65.800      0.000      0.000   4765.094      0.000      0.000   4765.094      0.000  1
    66.000      0.000      0.000   4756.350      0.000      0.000   4756.350      0.000  1
    66.200      0.000      0.000   4708.998      0.000      0.000   4708.998      0.000  1
    66.400      0.000      0.000   4630.664      0.000      0.000   4630.664      0.000  1
    66.600      0.000      0.000   4530.543      0.000      0.000   4530.543      0.000  1
    66.800      0.000      0.000   4418.340      0.000      0.000   4418.340      0.000  1
    67.000      0.000      0.000   4303.298      0.000      0.000   4303.298      0.000  1
    67.200      0.000      0.000   4193.463      0.000      0.000   4193.463      0.000  1
    67.400      0.000      0.000   4095.237      0.000      0.000   4095.237      0.000  1
    67.600      0.000      0.000   4013.224      0.000      0.000   4013.224      0.000  1
    67.800      0.000      0.000   3950.289      0.000      0.000   3950.289      0.000  1
    68.000      0.000      0.000   3907.725      0.000      0.000   3907.725      0.000  1
    68.200      0.000      0.000   3885.429      0.000      0.000   3885.429      0.000  1
    68.400      0.000      0.000   3882.003      0.000      0.000   3882.003      0.000  1
    68.600      0.000      0.000   3894.778      0.000      0.000   3894.778      0.000  1
    68.800      0.000      0.000   3919.783      0.000      0.000   3919.783      0.000  1
    69.000      0.000      0.000   3951.770      0.000      0.000   3951.770      0.000  1
    69.200      0.000      0.000   3984.374      0.000      0.000   3984.374      0.000  1
    69.400      0.000      0.000   4010.504      0.000      0.000   4010.504      0.000  1
    69.600      0.000      0.000   4022.987      0.000      0.000   4022.987      0.000  1
    69.800      0.000      0.000   4015.402      0.000      0.000   4015.402      0.000  1
    70.000      0.000      0.000   3983.004      0.000      0.000   3983.004      0.000  1
    70.200      0.000      0.000   3923.540      0.000      0.000   3923.540      0.000  1
    70.400      0.000      0.000   3837.814      0.000      0.000   3837.814      0.000  1
    70.600      0.000      0.000   3729.857      0.000      0.000   3729.857      0.000  1
    70.800      0.000      0.000   3606.658      0.000      0.000   3606.658      0.000  1
    71.000      0.000      0.000   3477.493      0.000      0.000   3477.493      0.000  1
    71.200      0.000      0.000   3352.976      0.000      0.000   3352.976      0.000  1
    71.400      0.000      0.000   3243.987      0.000      0.000   3243.987      0.000  1
    71.600      0.000      0.000   3160.659      0.000      0.000   3160.659      0.000  1
    71.800      0.000      0.000   3111.532      0.000      0.000   3111.532      0.000  1
    72.000      0.000      0.000   3102.961      0.000      0.000   3102.961      0.000  1
    72.200      0.000      0.000   3138.771      0.000      0.000   3138.771      0.000  1
    72.400      0.000      0.000   3220.130      0.000      0.000   3220.130      0.000  1
    72.600      0.000      0.000   3345.577      0.000      0.000   3345.577      0.000  1
    72.800      0.000      0.000   3511.161      0.000      0.000   3511.161      0.000  1
    73.000      0.000      0.000   3710.646      0.000      0.000   3710.646      0.000  1
    73.200      0.000      0.000   3935.795      0.000      0.000   3935.795      0.000  1
    73.400      0.000      0.000   4176.753      0.000      0.000   4176.753      0.000  1
    73.600      0.000      0.000   4422.524      0.000      0.000   4422.524      0.000  1
    73.800      0.000      0.000   4661.587      0.000      0.000   4661.587      0.000  1
    74.000      0.000      0.000   4882.598      0.000      0.000   4882.598      0.000  1
    74.200      0.000      0.000   5075.148      0.000      0.000   5075.148      0.000  1
    74.400      0.000      0.000   5230.499      0.000      0.000   5230.499      0.000  1
    74.600      0.000      0.000   5342.205      0.000      0.000   5342.205      0.000  1
    74.800      0.000      0.000   5406.556      0.000      0.000   5406.556      0.000  1
    75.000      0.000      0.000   5422.767      0.000      0.000   5422.767      0.000  1
    75.200      0.000      0.000   5392.909      0.000      0.000   5392.909      0.000  1
    75.400      0.000      0.000   5321.586      0.000      0.000   5321.586      0.000  1
    75.600      0.000      0.000   5215.419      0.000      0.000   5215.419      0.000  1
    75.800      0.000      0.000   5082.413      0.000      0.000   5082.413      0.000  1
    76.000      0.000      0.000   4931.280      0.000      0.000   4931.280      0.000  1
    76.200      0.000      0.000   4770.810      0.000      0.000   4770.810      0.000  1
    76.400      0.000      0.000   4609.329      0.000      0.000   4609.329      0.000  1
    76.600      0.000      0.000   4454.286      0.000      0.000   4454.286      0.000  1
    76.800      0.000      0.000   4311.965      0.000      0.000   4311.965      0.000  1
    77.000      0.000      0.000   4187.324      0.000      0.000   4187.324      0.000  1
    77.200      0.000      0.000   4083.905      0.000      0.000   4083.905      0.000  1
    77.400      0.000      0.000   4003.835      0.000      0.000   4003.835      0.000  1
    77.600      0.000      0.000   3947.853      0.000      0.000   3947.853      0.000  1
    77.800      0.000      0.000   3915.384      0.000      0.000   3915.384      0.000  1
    78.000      0.000      0.000   3904.649      0.000      0.000   3904.649      0.000  1
    78.200      0.000      0.000   3912.805      0.000      0.000   3912.805      0.000  1
    78.400      0.000      0.000   3936.142      0.000      0.000   3936.142      0.000  1
    78.600      0.000      0.000   3970.325      0.000      0.000   3970.325      0.000  1
    78.800      0.000      0.000   4010.686      0.000      0.000   4010.686      0.000  1
    79.000      0.000      0.000   4052.547      0.000      0.000   4052.547      0.000  1
    79.200      0.000      0.000   4091.565      0.000      0.000   4091.565      0.000  1
    79.400      0.000      0.000   4124.054      0.000      0.000   4124.054      0.000  1
    79.600      0.000      0.000   4147.281      0.000      0.000   4147.281      0.000  1
    79.800      0.000      0.000   4159.676      0.000      0.000   4159.676      0.000  1
    80.000      0.000      0.000   4160.963      0.000      0.000   4160.963      0.000  1
    80.200      0.000      0.000   4152.182      0.000      0.000   4152.182      0.000  1
    80.400      0.000      0.000   4135.602      0.000      0.000   4135.602      0.000  1
    80.600      0.000      0.000   4114.533      0.000      0.000   4114.533      0.000  1
    80.800      0.000      0.000   4093.056      0.000      0.000   4093.056      0.000  1
    81.000      0.000      0.000   4075.684      0.000      0.000   4075.684      0.000  1
    81.200      0.000      0.000   4066.991      0.000      0.000   4066.991      0.000  1
    81.400      0.000      0.000   4071.226      0.000      0.000   4071.226      0.000  1
    81.600      0.000      0.000   4091.958      0.000      0.000   4091.958      0.000  1
    81.800      0.000      0.000   4131.748      0.000      0.000   4131.748      0.000  1
    82.000      0.000      0.000   4191.912      0.000      0.000   4191.912      0.000  1
    82.200      0.000      0.000   4272.355      0.000      0.000   4272.355      0.000  1
    82.400      0.000      0.000   4371.529      0.000      0.000   4371.529      0.000  1
    82.600      0.000      0.000   4486.484      0.000      0.000   4486.484      0.000  1
    82.800      0.000      0.000   4613.048      0.000      0.000   4613.048      0.000  1
    83.000      0.000      0.000   4746.094      0.000      0.000   4746.094      0.000  1
    83.200      0.000      0.000   4879.891      0.000      0.000   4879.891      0.000  1
    83.400      0.000      0.000   5008.492      0.000      0.000   5008.492      0.000  1
    83.600      0.000      0.000   5126.144      0.000      0.000   5126.144      0.000  1
    83.800      0.000      0.000   5227.657      0.000      0.000   5227.657      0.000  1
    84.000      0.000      0.000   5308.719      0.000      0.000   5308.719      0.000  1
    84.200      0.000      0.000   5366.124      0.000      0.000   5366.124      0.000  1
    84.400      0.000      0.000   5397.910      0.000      0.000   5397.910      0.000  1
    84.600      0.000      0.000   5403.391      0.000      0.000   5403.391      0.000  1
    84.800      0.000      0.000   5383.120      0.000      0.000   5383.120      0.000  1
    85.000      0.000      0.000   5338.778      0.000      0.000   5338.778      0.000  1
    85.200      0.000      0.000   5273.029      0.000      0.000   5273.029      0.000  1
    85.400      0.000      0.000   5189.348      0.000      0.000   5189.348      0.000  1
    85.600      0.000      0.000   5091.831      0.000      0.000   5091.831      0.000  1
    85.800      0.000      0.000   4985.022      0.000      0.000   4985.022      0.000  1
    86.000      0.000      0.000   4873.717      0.000      0.000   4873.717      0.000  1
    86.200      0.000      0.000   4762.788      0.000      0.000   4762.788      0.000  1
    86.400      0.000      0.000   4656.997      0.000      0.000   4656.997      0.000  1
    86.600      0.000      0.000   4560.817      0.000      0.000   4560.817      0.000  1
    86.800      0.000      0.000   4478.265      0.000      0.000   4478.265      0.000  1
    87.000      0.000      0.000   4412.743      0.000      0.000   4412.743      0.000  1
    87.200      0.000      0.000   4366.919      0.000      0.000   4366.919      0.000  1
    87.400      0.000      0.000   4342.635      0.000      0.000   4342.635      0.000  1
    87.600      0.000      0.000   4340.860      0.000      0.000   4340.860      0.000  1
    87.800      0.000      0.000   4361.694      0.000      0.000   4361.694      0.000  1
    88.000      0.000      0.000   4404.417      0.000      0.000   4404.417      0.000  1
    88.200      0.000      0.000   4467.572      0.000      0.000   4467.572      0.000  1
    88.400      0.000      0.000   4549.090      0.000      0.000   4549.090      0.000  1
    88.600      0.000      0.000   4646.428      0.000      0.000   4646.428      0.000  1
    88.800      0.000      0.000   4756.717      0.000      0.000   4756.717      0.000  1
    89.000      0.000      0.000   4876.911      0.000      0.000   4876.911      0.000  1
    89.200      0.000      0.000   5003.915      0.000      0.000   5003.915      0.000  1
    89.400      0.000      0.000   5134.700      0.000      0.000   5134.700      0.000  1
    89.600      0.000      0.000   5266.391      0.000      0.000   5266.391      0.000  1
    89.800      0.000      0.000   5396.327      0.000      0.000   5396.327      0.000  1
    90.000      0.000      0.000   5522.094      0.000      0.000   5522.094      0.000  1
    90.200      0.000      0.000   5641.539      0.000      0.000   5641.539      0.000  1
    90.400      0.000      0.000   5752.766      0.000      0.000   5752.766      0.000  1
    90.600      0.000      0.000   5854.123      0.000      0.000   5854.123      0.000  1
    90.800      0.000      0.000   5944.177      0.000      0.000   5944.177      0.000  1
    91.000      0.000      0.000   6021.703      0.000      0.000   6021.703      0.000  1
    91.200      0.000      0.000   6085.671      0.000      0.000   6085.671      0.000  1
    91.400      0.000      0.000   6135.258      0.000      0.000   6135.258      0.000  1
    91.600      0.000      0.000   6169.860      0.000      0.000   6169.860      0.000  1
    91.800      0.000      0.000   6189.133      0.000      0.000   6189.133      0.000  1
    92.000      0.000      0.000   6193.038      0.000      0.000   6193.038      0.000  1
    92.200      0.000      0.000   6181.904      0.000      0.000   6181.904      0.000  1
    92.400      0.000      0.000   6156.484      0.000      0.000   6156.484      0.000  1
    92.600      0.000      0.000   6118.011      0.000      0.000   6118.011      0.000  1
    92.800      0.000      0.000   6068.235      0.000      0.000   6068.235      0.000  1
    93.000      0.000      0.000   6009.436      0.000      0.000   6009.436      0.000  1
    93.200      0.000      0.000   5944.409      0.000      0.000   5944.409      0.000  1
    93.400      0.000      0.000   5876.399      0.000      0.000   5876.399      0.000  1
    93.600      0.000      0.000   5809.001      0.000      0.000   5809.001      0.000  1
    93.800      0.000      0.000   5746.017      0.000      0.000   5746.017      0.000  1
    94.000      0.000      0.000   5691.275      0.000      0.000   5691.275      0.000  1
    94.200      0.000      0.000   5648.420      0.000      0.000   5648.420      0.000  1
    94.400      0.000      0.000   5620.693      0.000      0.000   5620.693      0.000  1
    94.600      0.000      0.000   5610.710      0.000      0.000   5610.710      0.000  1
    94.800      0.000      0.000   5620.267      0.000      0.000   5620.267      0.000  1
    95.000      0.000      0.000   5650.178      0.000      0.000   5650.178      0.000  1
    95.200      0.000      0.000   5700.179      0.000      0.000   5700.179      0.000  1
    95.400      0.000      0.000   5768.887      0.000      0.000   5768.887      0.000  1
    95.600      0.000      0.000   5853.846      0.000      0.000   5853.846      0.000  1
    95.800      0.000      0.000   5951.647      0.000      0.000   5951.647      0.000  1
    96.000      0.000      0.000   6058.108      0.000      0.000   6058.108      0.000  1
    96.200      0.000      0.000   6168.523      0.000      0.000   6168.523      0.000  1
    96.400      0.000      0.000   6277.944      0.000      0.000   6277.944      0.000  1
    96.600      0.000      0.000   6381.476      0.000      0.000   6381.476      0.000  1
    96.800      0.000      0.000   6474.571      0.000      0.000   6474.571      0.000  1
    97.000      0.000      0.000   6553.291      0.000      0.000   6553.291      0.000  1
    97.200      0.000      0.000   6614.524      0.000      0.000   6614.524      0.000  1
    97.400      0.000      0.000   6656.138      0.000      0.000   6656.138      0.000  1
    97.600      0.000      0.000   6677.062      0.000      0.000   6677.062      0.000  1
    97.800      0.000      0.000   6677.296      0.000      0.000   6677.296      0.000  1
    98.000      0.000      0.000   6657.840      0.000      0.000   6657.840      0.000  1
    98.200      0.000      0.000   6620.571      0.000      0.000   6620.571      0.000  1
    98.400      0.000      0.000   6568.055      0.000      0.000   6568.055      0.000  1
    98.600      0.000      0.000   6503.332      0.000      0.000   6503.332      0.000  1
    98.800      0.000      0.000   6429.672      0.000      0.000   6429.672      0.000  1
    99.000      0.000      0.000   6350.338      0.000      0.000   6350.338      0.000  1
    99.200      0.000      0.000   6268.360      0.000      0.000   6268.360      0.000  1
    99.400      0.000      0.000   6186.341      0.000      0.000   6186.341      0.000  1
    99.600      0.000      0.000   6106.310      0.000      0.000   6106.310      0.000  1
    99.800      0.000      0.000   6029.631      0.000      0.000   6029.631      0.000  1
   100.000      0.000      0.000   5956.966      0.000      0.000   5956.966      0.000  1
   100.200      0.000      0.000   5888.303      0.000      0.000   5888.303      0.000  1
   100.400      0.000      0.000   5823.034      0.000      0.000   5823.034      0.000  1
   100.600      0.000      0.000   5760.085      0.000      0.000   5760.085      0.000  1
   100.800      0.000      0.000   5698.070      0.000      0.000   5698.070      0.000  1
   101.000      0.000      0.000   5635.475      0.000      0.000   5635.475      0.000  1
   101.200      0.000      0.000   5570.833      0.000      0.000   5570.833      0.000  1
   101.400      0.000      0.000   5502.901      0.000      0.000   5502.901      0.000  1
   101.600      0.000      0.000   5430.800      0.000      0.000   5430.800      0.000  1
   101.800      0.000      0.000   5354.130      0.000      0.000   5354.130      0.000  1
   102.000      0.000      0.000   5273.041      0.000      0.000   5273.041      0.000  1
   102.200      0.000      0.000   5188.256      0.000      0.000   5188.256      0.000  1
   102.400      0.000      0.000   5101.051      0.000      0.000   5101.051      0.000  1
   102.600      0.000      0.000   5013.204      0.000      0.000   5013.204      0.000  1
   102.800      0.000      0.000   4926.890      0.000      0.000   4926.890      0.000  1
   103.000      0.000      0.000   4844.571      0.000      0.000   4844.571      0.000  1
   103.200      0.000      0.000   4768.850      0.000      0.000   4768.850      0.000  1
   103.400      0.000      0.000   4702.332      0.000      0.000   4702.332      0.000  1
   103.600      0.000      0.000   4647.471      0.000      0.000   4647.471      0.000  1
   103.800      0.000      0.000   4606.441      0.000      0.000   4606.441      0.000  1
   104.000      0.000      0.000   4581.010      0.000      0.000   4581.010      0.000  1
   104.200      0.000      0.000   4572.451      0.000      0.000   4572.451      0.000  1
   104.400      0.000      0.000   4581.464      0.000      0.000   4581.464      0.000  1
   104.600      0.000      0.000   4608.142      0.000      0.000   4608.142      0.000  1
   104.800      0.000      0.000   4651.962      0.000      0.000   4651.962      0.000  1
   105.000      0.000      0.000   4711.806      0.000      0.000   4711.806      0.000  1
   105.200      0.000      0.000   4786.015      0.000      0.000   4786.015      0.000  1
   105.400      0.000      0.000   4872.474      0.000      0.000   4872.474      0.000  1
   105.600      0.000      0.000   4968.710      0.000      0.000   4968.710      0.000  1
   105.800      0.000      0.000   5072.015      0.000      0.000   5072.015      0.000  1
   106.000      0.000      0.000   5179.582      0.000      0.000   5179.582      0.000  1
   106.200      0.000      0.000   5288.637      0.000      0.000   5288.637      0.000  1
   106.400      0.000      0.000   5396.578      0.000      0.000   5396.578      0.000  1
   106.600      0.000      0.000   5501.099      0.000      0.000   5501.099      0.000  1
   106.800      0.000      0.000   5600.292      0.000      0.000   5600.292      0.000  1
   107.000      0.000      0.000   5692.736      0.000      0.000   5692.736      0.000  1
   107.200      0.000      0.000   5777.539      0.000      0.000   5777.539      0.000  1
   107.400      0.000      0.000   5854.365      0.000      0.000   5854.365      0.000  1
   107.600      0.000      0.000   5923.414      0.000      0.000   5923.414      0.000  1
   107.800      0.000      0.000   5985.377      0.000      0.000   5985.377      0.000  1
   108.000      0.000      0.000   6041.353      0.000      0.000   6041.353      0.000  1
   108.200      0.000      0.000   6092.752      0.000      0.000   6092.752      0.000  1
   108.400      0.000      0.000   6141.178      0.000      0.000   6141.178      0.000  1
   108.600      0.000      0.000   6188.304      0.000      0.000   6188.304      0.000  1
   108.800      0.000      0.000   6235.756      0.000      0.000   6235.756      0.000  1
   109.000      0.000      0.000   6285.010      0.000      0.000   6285.010      0.000  1
   109.200      0.000      0.000   6337.296      0.000      0.000   6337.296      0.000  1
   109.400      0.000      0.000   6393.557      0.000      0.000   6393.557      0.000  1
   109.600      0.000      0.000   6454.387      0.000      0.000   6454.387      0.000  1
   109.800      0.000      0.000   6520.047      0.000      0.000   6520.047      0.000  1
   110.000      0.000      0.000   6590.477      0.000      0.000   6590.477      0.000  1
   110.200      0.000      0.000   6665.331      0.000      0.000   6665.331      0.000  1
   110.400      0.000      0.000   6744.019      0.000      0.000   6744.019      0.000  1
   110.600      0.000      0.000   6825.775      0.000      0.000   6825.775      0.000  1
   110.800      0.000      0.000   6909.700      0.000      0.000   6909.700      0.000  1
   111.000      0.000      0.000   6994.817      0.000      0.000   6994.817      0.000  1
   111.200      0.000      0.000   7080.100      0.000      0.000   7080.100      0.000  1
   111.400      0.000      0.000   7164.513      0.000      0.000   7164.513      0.000  1
   111.600      0.000      0.000   7247.011      0.000      0.000   7247.011      0.000  1
   111.800      0.000      0.000   7326.570      0.000      0.000   7326.570      0.000  1
   112.000      0.000      0.000   7402.170      0.000      0.000   7402.170      0.000  1
   112.200      0.000      0.000   7472.814      0.000      0.000   7472.814      0.000  1
   112.400      0.000      0.000   7537.515      0.000      0.000   7537.515      0.000  1
   112.600      0.000      0.000   7595.314      0.000      0.000   7595.314      0.000  1
   112.800      0.000      0.000   7645.276      0.000      0.000   7645.276      0.000  1
   113.000      0.000      0.000   7686.522      0.000      0.000   7686.522      0.000  1
   113.200      0.000      0.000   7718.223      0.000      0.000   7718.223      0.000  1
   113.400      0.000      0.000   7739.653      0.000      0.000   7739.653      0.000  1
   113.600      0.000      0.000   7750.182      0.000      0.000   7750.182      0.000  1
   113.800      0.000      0.000   7749.315      0.000      0.000   7749.315      0.000  1
   114.000      0.000      0.000   7736.706      0.000      0.000   7736.706      0.000  1
   114.200      0.000      0.000   7712.168      0.000      0.000   7712.168      0.000  1
   114.400      0.000      0.000   7675.689      0.000      0.000   7675.689      0.000  1
   114.600      0.000      0.000   7627.421      0.000      0.000   7627.421      0.000  1
   114.800      0.000      0.000   7567.678      0.000      0.000   7567.678      0.000  1
   115.000      0.000      0.000   7496.925      0.000      0.000   7496.925      0.000  1
   115.200      0.000      0.000   7415.764      0.000      0.000   7415.764      0.000  1
   115.400      0.000      0.000   7324.896      0.000      0.000   7324.896      0.000  1
   115.600      0.000      0.000   7225.116      0.000      0.000   7225.116      0.000  1
   115.800      0.000      0.000   7117.248      0.000      0.000   7117.248      0.000  1
   116.000      0.000      0.000   7002.179      0.000      0.000   7002.179      0.000  1
   116.200      0.000      0.000   6880.759      0.000      0.000   6880.759      0.000  1
   116.400      0.000      0.000   6753.819      0.000      0.000   6753.819      0.000  1
   116.600      0.000      0.000   6622.140      0.000      0.000   6622.140      0.000  1
   116.800      0.000      0.000   6486.416      0.000      0.000   6486.416      0.000  1
   117.000      0.000      0.000   6347.285      0.000      0.000   6347.285      0.000  1
   117.200      0.000      0.000   6205.275      0.000      0.000   6205.275      0.000  1
   117.400      0.000      0.000   6060.802      0.000      0.000   6060.802      0.000  1
   117.600      0.000      0.000   5914.169      0.000      0.000   5914.169      0.000  1
   117.800      0.000      0.000   5765.556      0.000      0.000   5765.556      0.000  1
   118.000      0.000      0.000   5615.084      0.000      0.000   5615.084      0.000  1
   118.200      0.000      0.000   5462.773      0.000      0.000   5462.773      0.000  1
   118.400      0.000      0.000   5308.530      0.000      0.000   5308.530      0.000  1
   118.600      0.000      0.000   5152.202      0.000      0.000   5152.202      0.000  1
   118.800      0.000      0.000   4993.729      0.000      0.000   4993.729      0.000  1
   119.000      0.000      0.000   4832.868      0.000      0.000   4832.868      0.000  1
   119.200      0.000      0.000   4669.463      0.000      0.000   4669.463      0.000  1
   119.400      0.000      0.000   4503.356      0.000      0.000   4503.356      0.000  1
   119.600      0.000      0.000   4334.496      0.000      0.000   4334.496      0.000  1
   119.800      0.000      0.000   4162.856      0.000      0.000   4162.856      0.000  1
   120.000      0.000      0.000   3988.511      0.000      0.000   3988.511      0.000  1
   120.200      0.000      0.000   3811.665      0.000      0.000   3811.665      0.000  1
   120.400      0.000      0.000   3632.585      0.000      0.000   3632.585      0.000  1
   120.600      0.000      0.000   3451.705      0.000      0.000   3451.705      0.000  1
   120.800      0.000      0.000   3269.591      0.000      0.000   3269.591      0.000  1
   121.000      0.000      0.000   3086.726      0.000      0.000   3086.726      0.000  1
   121.200      0.000      0.000   2904.124      0.000      0.000   2904.124      0.000  1
   121.400      0.000      0.000   2722.489      0.000      0.000   2722.489      0.000  1
   121.600      0.000      0.000   2542.646      0.000      0.000   2542.646      0.000  1
   121.800      0.000      0.000   2365.501      0.000      0.000   2365.501      0.000  1
   122.000      0.000      0.000   2191.869      0.000      0.000   2191.869      0.000  1



#phase 1
  h   k   l mult    sthovl    ttheta
  0   1   0    2   0.04239    10.758
  1   0   0    2   0.04866    12.455
  0   1   1    4   0.05080    13.036
  1   0  -1    2   0.05448    14.034
  0   0   2    2   0.05598    14.443
  1   0   1    2   0.05775    14.922
  1   1   0    4   0.06453    16.769
  1   1  -1    4   0.06903    17.995
  0   1   2    4   0.07022    18.321
  1   1   1    4   0.07163    18.707
  1   0  -2    2   0.07166    18.714
  1   0   2    2   0.07661    20.067
  1   1  -2    4   0.08326    21.891
  0   0   3    2   0.08398    22.088
  0   2   0    2   0.08478    22.309
  1   1   2    4   0.08755    23.071
  0   2   1    4   0.08928    23.548
  0   1   3    4   0.09407    24.868
  1   0  -3    2   0.09418    24.898
  2   0   0    2   0.09732    25.765
  1   2   0    4   0.09775    25.886
  2   0  -1    2   0.09944    26.352
  1   0   3    2   0.09985    26.466
  1   2  -1    4   0.10078    26.723
  0   2   2    4   0.10160    26.951
  1   2   1    4   0.10258    27.223
  2   0   1    2   0.10306    27.356
  1   1  -3    4   0.10328    27.418
 -1   1   3    4   0.10328    27.418
  2   1   0    4   0.10615    28.215
  2   1  -1    4   0.10809    28.756
  1   1   3    4   0.10847    28.862
  2   0  -2    2   0.10896    28.996
  1   2  -2    4   0.11101    29.569
  2   1   1    4   0.11144    29.688
  0   0   4    2   0.11197    29.837
  1   2   2    4   0.11427    30.478
  2   0   2    2   0.11549    30.821
  2   1  -2    4   0.11691    31.219
 -1   0   4    2   0.11904    31.817
  0   2   3    4   0.11933    31.897
  0   1   4    4   0.11973    32.008
  2   1   2    4   0.12303    32.935
  2   0  -3    2   0.12419    33.262
  1   0   4    2   0.12505    33.506
 -1   1   4    4   0.12637    33.876
  1   2  -3    4   0.12672    33.976
 -1   2   3    4   0.12672    33.976
  0   3   0    2   0.12717    34.104
  2   2   0    4   0.12907    34.639
  0   3   1    4   0.13022    34.964
  2   2  -1    4   0.13067    35.093
  1   2   3    4   0.13099    35.182
  2   1  -3    4   0.13122    35.249
  1   1   4    4   0.13204    35.481
  2   0   3    2   0.13275    35.681
  2   2   1    4   0.13345    35.880
  1   3   0    4   0.13616    36.651
  2   2  -2    4   0.13806    37.189
  1   3  -1    4   0.13835    37.273
  0   3   2    4   0.13895    37.444
  2   1   3    4   0.13935    37.559
  1   3   1    4   0.13967    37.649
  0   0   5    2   0.13996    37.732
  0   2   4    4   0.14045    37.870
  2   2   2    4   0.14327    38.677
  2   0  -4    2   0.14332    38.691
 -1   0   5    2   0.14505    39.187
  1   3  -2    4   0.14597    39.451
  3   0   0    2   0.14597    39.451
 -1   2   4    4   0.14615    39.501
  0   1   5    4   0.14624    39.528
  3   0  -1    2   0.14677    39.680
  1   3   2    4   0.14846    40.166
  2   1  -4    4   0.14946    40.452
  2   2  -3    4   0.15037    40.714
  3   0   1    2   0.15047    40.744
  1   2   4    4   0.15108    40.920
 -1   1   5    4   0.15112    40.930
  1   0   5    2   0.15124    40.965
  3   1   0    4   0.15201    41.186
  0   3   3    4   0.15240    41.299
  3   1  -1    4   0.15277    41.407
  3   0  -2    2   0.15278    41.410
  2   0   4    2   0.15321    41.534
  3   1   1    4   0.15633    42.435
  1   1   5    4   0.15707    42.649
  2   2   3    4   0.15751    42.778
  1   3  -3    4   0.15825    42.992
 -1   3   3    4   0.15825    42.992
  3   1  -2    4   0.15856    43.081
  2   1   4    4   0.15897    43.201
  3   0   2    2   0.15982    43.448
  2   3   0    4   0.16014    43.540
  2   3  -1    4   0.16143    43.917
  1   3   3    4   0.16169    43.991
  3   0  -3    2   0.16343    44.500
  0   2   5    4   0.16364    44.560
  2   3   1    4   0.16369    44.574
  2   0  -5    2   0.16500    44.959
  3   1   2    4   0.16535    45.059
  2   2  -4    4   0.16652    45.402
  2   3  -2    4   0.16747    45.679
  0   0   6    2   0.16795    45.822
 -1   2   5    4   0.16801    45.839
  3   2   0    4   0.16881    46.073
  3   1  -3    4   0.16884    46.082
  0   3   4    4   0.16944    46.258
  3   2  -1    4   0.16950    46.275
  0   4   0    2   0.16956    46.294
  2   1  -5    4   0.17036    46.529
 -1   0   6    2   0.17169    46.918
  2   3   2    4   0.17179    46.948
  0   4   1    4   0.17186    46.969
  3   2   1    4   0.17271    47.221
  0   1   6    4   0.17322    47.371
  3   0   3    2   0.17324    47.375
  1   2   5    4   0.17338    47.418
 -1   3   4    4   0.17420    47.658
  3   2  -2    4   0.17473    47.816
  2   2   4    4   0.17511    47.927
  2   0   5    2   0.17576    48.122
  1   4   0    4   0.17641    48.312
 -1   1   6    4   0.17684    48.441
  2   3  -3    4   0.17775    48.710
  3   0  -4    2   0.17789    48.752
  1   0   6    2   0.17798    48.777
  1   4  -1    4   0.17810    48.814
  3   1   3    4   0.17835    48.887
  1   3   4    4   0.17836    48.890
  0   4   2    4   0.17857    48.952
  1   4   1    4   0.17913    49.118
  2   1   5    4   0.18080    49.617
  3   2   2    4   0.18092    49.650
  3   1  -4    4   0.18287    50.233
  1   1   6    4   0.18296    50.258
  2   3   3    4   0.18384    50.521
  1   4  -2    4   0.18409    50.595
  3   2  -3    4   0.18412    50.604
  2   2  -5    4   0.18551    51.021
  1   4   2    4   0.18607    51.188
  0   2   6    4   0.18814    51.809
  2   0  -6    2   0.18836    51.875
  0   3   5    4   0.18911    52.101
  0   4   3    4   0.18922    52.134
  3   0   4    2   0.18986    52.326
 -1   2   6    4   0.19148    52.814
  2   3  -4    4   0.19161    52.854
  3   2   3    4   0.19287    53.234
 -1   3   5    4   0.19291    53.246
  2   1  -6    4   0.19307    53.295
 -2   1   6    4   0.19307    53.295
  3   3   0    4   0.19360    53.456
 -1   4   3    4   0.19396    53.565
  1   4  -3    4   0.19396    53.565
  3   3  -1    4   0.19420    53.638
  3   1   4    4   0.19453    53.737
  4   0   0    2   0.19463    53.768
  4   0  -1    2   0.19476    53.807
  2   2   5    4   0.19514    53.923
  3   0  -5    2   0.19531    53.974
  2   4   0    4   0.19551    54.032
  0   0   7    2   0.19595    54.166
  2   4  -1    4   0.19657    54.355
  1   4   3    4   0.19678    54.419
  3   3   1    4   0.19702    54.491
  3   2  -4    4   0.19706    54.505
  1   2   6    4   0.19714    54.528
  1   3   5    4   0.19760    54.669
  2   4   1    4   0.19843    54.920
  4   0   1    2   0.19849    54.940
 -1   0   7    2   0.19869    55.001
  3   3  -2    4   0.19879    55.029
  4   0  -2    2   0.19887    55.055
  2   3   4    4   0.19912    55.130
  4   1   0    4   0.19920    55.154
  4   1  -1    4   0.19932    55.193
  2   0   6    2   0.19970    55.307
  3   1  -5    4   0.19986    55.357
  0   1   7    4   0.20048    55.546
  2   4  -2    4   0.20155    55.874
  4   1   1    4   0.20297    56.307
 -1   1   7    4   0.20317    56.368
  0   4   4    4   0.20320    56.377
  4   1  -2    4   0.20334    56.421
  2   1   6    4   0.20415    56.669
  3   3   2    4   0.20425    56.699
  1   0   7    2   0.20505    56.946
  2   4   2    4   0.20516    56.980
  4   0   2    2   0.20611    57.273
  2   2  -6    4   0.20656    57.411
 -2   2   6    4   0.20656    57.411
  4   0  -3    2   0.20672    57.461
  3   3  -3    4   0.20708    57.572
 -1   4   4    4   0.20718    57.602
  3   2   4    4   0.20793    57.833
  2   3  -5    4   0.20833    57.955
  3   0   5    2   0.20892    58.140
  1   1   7    4   0.20939    58.284
  2   4  -3    4   0.21018    58.529
  4   1   2    4   0.21043    58.606
  0   3   6    4   0.21067    58.681
  1   4   4    4   0.21069    58.687
  4   1  -3    4   0.21102    58.791
  0   5   0    2   0.21196    59.080
  4   2   0    4   0.21230    59.186
  4   2  -1    4   0.21242    59.223
 -2   0   7    2   0.21284    59.353
  3   2  -5    4   0.21292    59.381
  3   1   5    4   0.21318    59.460
  0   2   7    4   0.21350    59.561
 -1   3   6    4   0.21366    59.609
  0   5   1    4   0.21380    59.653
  3   3   3    4   0.21490    59.998
  3   0  -6    2   0.21498    60.022
  2   4   3    4   0.21535    60.137
  4   2   1    4   0.21584    60.290
 -1   2   7    4   0.21603    60.349
  4   2  -2    4   0.21619    60.399
  2   3   5    4   0.21695    60.637
  2   2   6    4   0.21695    60.638
 -2   1   7    4   0.21702    60.658
  4   0   3    2   0.21710    60.686
  1   5   0    4   0.21747    60.800
  4   0  -4    2   0.21791    60.939
  3   3  -4    4   0.21868    61.179
  1   3   6    4   0.21875    61.200
  1   5  -1    4   0.21885    61.232
  3   1  -6    4   0.21912    61.319
  0   5   2    4   0.21923    61.351
  1   5   1    4   0.21968    61.495
  0   4   5    4   0.21987    61.553
  4   1   3    4   0.22120    61.974
  1   2   7    4   0.22189    62.190
  4   1  -4    4   0.22200    62.225
  2   4  -4    4   0.22202    62.232
  4   2   2    4   0.22287    62.500
 -1   4   5    4   0.22314    62.586
  4   2  -3    4   0.22343    62.678
  1   5  -2    4   0.22374    62.776
  3   4   0    4   0.22374    62.777
  0   0   8    2   0.22394    62.839
  3   4  -1    4   0.22426    62.942
  2   0   7    2   0.22457    63.039
  1   5   2    4   0.22538    63.294
  3   2   5    4   0.22547    63.324
 -1   0   8    2   0.22594    63.474
  3   4   1    4   0.22670    63.716
  1   4   5    4   0.22721    63.879
  2   3  -6    4   0.22727    63.897
 -2   3   6    4   0.22727    63.897
  0   1   8    4   0.22792    64.103
  0   5   3    4   0.22799    64.125
  3   4  -2    4   0.22824    64.207
  3   3   4    4   0.22851    64.294
  2   4   4    4   0.22853    64.299
  2   1   7    4   0.22854    64.301
 -2   2   7    4   0.22910    64.481
  3   0   6    2   0.22982    64.711
 -1   1   8    4   0.22988    64.732
  4   0   4    2   0.23098    65.083
  3   2  -6    4   0.23110    65.120
 -1   5   3    4   0.23194    65.390
  1   5  -3    4   0.23194    65.390
  4   0  -5    2   0.23196    65.397
  1   0   8    2   0.23234    65.520
  4   3   0    4   0.23250    65.570
  4   3  -1    4   0.23261    65.605
  3   4   2    4   0.23301    65.736
  3   3  -5    4   0.23307    65.754
  4   2   3    4   0.23307    65.755
  2   5   0    4   0.23323    65.806
  0   3   7    4   0.23360    65.925
  3   1   6    4   0.23370    65.957
  4   2  -4    4   0.23382    65.998
  2   5  -1    4   0.23412    66.093
  1   5   3    4   0.23430    66.150
  4   1   4    4   0.23484    66.325
  3   4  -3    4   0.23551    66.541
  2   5   1    4   0.23568    66.598
  4   3   1    4   0.23574    66.615
  4   1  -5    4   0.23580    66.636
 -1   3   7    4   0.23591    66.671
  4   3  -2    4   0.23606    66.719
  1   1   8    4   0.23618    66.758
  3   0  -7    2   0.23633    66.809
  2   4  -5    4   0.23660    66.894
  2   3   6    4   0.23675    66.945
 -2   0   8    2   0.23809    67.378
  2   5  -2    4   0.23832    67.453
  0   4   6    4   0.23866    67.565
  0   2   8    4   0.23945    67.821
  0   5   4    4   0.23971    67.907
  2   2   7    4   0.24004    68.014
  3   1  -7    4   0.24011    68.035
  1   3   7    4   0.24129    68.421
 -1   4   6    4   0.24131    68.427
 -1   2   8    4   0.24132    68.433
  2   5   2    4   0.24138    68.451
 -2   1   8    4   0.24183    68.599
  4   3   2    4   0.24219    68.716
  3   4   3    4   0.24241    68.789
  4   3  -3    4   0.24271    68.886
  5   0  -1    2   0.24302    68.988
 -1   5   4    4   0.24310    69.014
  5   0   0    2   0.24329    69.077
  2   4   5    4   0.24422    69.384
  3   3   5    4   0.24458    69.502
  3   2   6    4   0.24496    69.626
  2   5  -3    4   0.24566    69.856
  3   4  -4    4   0.24576    69.890
  1   4   6    4   0.24582    69.911
  5   0  -2    2   0.24595    69.953
  4   2   4    4   0.24605    69.986
  1   5   4    4   0.24610    70.001
  5   1  -1    4   0.24669    70.196
  5   0   1    2   0.24676    70.221
  5   1   0    4   0.24696    70.285
  4   2  -5    4   0.24697    70.289
  4   0   5    2   0.24726    70.386
  1   2   8    4   0.24733    70.408
 -2   3   7    4   0.24794    70.609
  4   0  -6    2   0.24838    70.756
  5   1  -2    4   0.24958    71.154
  3   3  -6    4   0.24978    71.222
  2   5   3    4   0.25010    71.327
  2   0   8    2   0.25011    71.330
  5   1   1    4   0.25038    71.420
  4   1   5    4   0.25087    71.585
  3   2  -7    4   0.25108    71.656
  4   3   3    4   0.25161    71.832
  0   0   9    2   0.25193    71.940
  4   1  -6    4   0.25197    71.952
  5   0  -3    2   0.25198    71.955
  3   0   7    2   0.25210    71.995
  4   3  -4    4   0.25231    72.065
 -2   2   8    4   0.25273    72.208
  5   0   2    2   0.25329    72.396
 -1   0   9    2   0.25335    72.415
  2   4  -6    4   0.25344    72.444
 -2   4   6    4   0.25344    72.444
  2   1   8    4   0.25367    72.522
  0   5   5    4   0.25400    72.632
  0   6   0    2   0.25435    72.749
  3   4   4    4   0.25455    72.819
  0   1   9    4   0.25547    73.128
  5   1  -3    4   0.25552    73.143
  3   1   7    4   0.25564    73.183
  2   5  -4    4   0.25586    73.260
  0   6   1    4   0.25588    73.266
  5   1   2    4   0.25682    73.582
 -1   5   5    4   0.25684    73.588
 -1   1   9    4   0.25687    73.600
  3   5   0    4   0.25736    73.765
  5   2  -1    4   0.25738    73.772
  0   3   8    4   0.25753    73.822
  5   2   0    4   0.25764    73.860
  3   5  -1    4   0.25781    73.918
  2   3   7    4   0.25808    74.009
  4   4   0    4   0.25814    74.028
  4   4  -1    4   0.25823    74.061
  3   4  -5    4   0.25865    74.202
  3   0  -8    2   0.25895    74.305
  1   6   0    4   0.25896    74.307
  0   4   7    4   0.25913    74.364
 -1   3   8    4   0.25927    74.413
  1   0   9    2   0.25978    74.587
  3   5   1    4   0.25994    74.639
  1   6  -1    4   0.26012    74.700
  5   2  -2    4   0.26015    74.713
  1   5   5    4   0.26038    74.791
  0   6   2    4   0.26044    74.809
  1   6   1    4   0.26082    74.940
  5   0  -4    2   0.26089    74.962
  5   2   1    4   0.26092    74.974
  4   4   1    4   0.26106    75.021
 -1   4   7    4   0.26121    75.073
  3   5  -2    4   0.26128    75.097
  4   4  -2    4   0.26135    75.119
  4   2   5    4   0.26139    75.135
  2   5   4    4   0.26153    75.183
  2   4   6    4   0.26198    75.334
  3   1  -8    4   0.26240    75.480
  4   2  -6    4   0.26245    75.496
  3   3   6    4   0.26266    75.569
  5   0   3    2   0.26266    75.570
  1   1   9    4   0.26322    75.760
  4   3   4    4   0.26368    75.917
 -2   0   9    2   0.26389    75.991
  2   2   8    4   0.26408    76.057
  1   6  -2    4   0.26425    76.114
  5   1  -4    4   0.26431    76.133
  4   3  -5    4   0.26453    76.211
  1   3   8    4   0.26487    76.327
  3   5   2    4   0.26546    76.530
  4   0   6    2   0.26550    76.544
  1   6   2    4   0.26563    76.590
  0   2   9    4   0.26581    76.653
  5   2  -3    4   0.26586    76.668
  3   2   7    4   0.26597    76.707
  5   1   3    4   0.26606    76.739
  1   4   7    4   0.26608    76.744
  4   0  -7    2   0.26673    76.968
  4   4   2    4   0.26690    77.027
  5   2   2    4   0.26711    77.099
 -1   2   9    4   0.26716    77.118
 -2   1   9    4   0.26728    77.158
  4   4  -3    4   0.26737    77.190
  3   5  -3    4   0.26765    77.287
  0   6   3    4   0.26785    77.357
  3   3  -7    4   0.26838    77.540
  2   5  -5    4   0.26861    77.621
  4   1   6    4   0.26886    77.708
  3   4   5    4   0.26907    77.781
 -2   3   8    4   0.26992    78.077
  4   1  -7    4   0.27008    78.130
  0   5   6    4   0.27043    78.255
  1   6  -3    4   0.27122    78.531
 -1   6   3    4   0.27122    78.531
 -2   4   7    4   0.27212    78.846
  2   6   0    4   0.27233    78.918
  5   0  -5    2   0.27239    78.940
  3   2  -8    4   0.27248    78.971
 -1   5   6    4   0.27277    79.072
  2   6  -1    4   0.27309    79.186
  1   6   3    4   0.27324    79.239
  1   2   9    4   0.27327    79.247
  3   5   3    4   0.27374    79.415
  3   4  -6    4   0.27381    79.437
  5   3  -1    4   0.27428    79.604
  5   2  -4    4   0.27432    79.616
  2   6   1    4   0.27443    79.658
  5   3   0    4   0.27452    79.690
  5   0   4    2   0.27458    79.710
  2   5   5    4   0.27535    79.982
  3   0   8    2   0.27542    80.007
  4   4   3    4   0.27547    80.025
  5   1  -5    4   0.27567    80.094
  5   2   3    4   0.27601    80.214
  4   4  -4    4   0.27611    80.251
  2   0   9    2   0.27612    80.252
  2   6  -2    4   0.27670    80.460
  3   5  -4    4   0.27671    80.464
  1   5   6    4   0.27677    80.484
  5   3  -2    4   0.27688    80.524
 -2   2   9    4   0.27718    80.629
  5   3   1    4   0.27760    80.780
  5   1   4    4   0.27783    80.862
  0   6   4    4   0.27790    80.886
  4   3   5    4   0.27805    80.938
  3   1   8    4   0.27867    81.158
  4   2   6    4   0.27871    81.173
  4   3  -6    4   0.27904    81.292
  2   6   2    4   0.27934    81.398
  2   1   9    4   0.27935    81.402
  4   2  -7    4   0.27988    81.591
  0   0  10    2   0.27992    81.607
  2   3   8    4   0.28058    81.842
 -1   6   4    4   0.28083    81.931
 -1   0  10    2   0.28088    81.948
  0   4   8    4   0.28089    81.954
  2   4   7    4   0.28140    82.135
  0   3   9    4   0.28221    82.428
  5   3  -3    4   0.28225    82.442
  3   3   7    4   0.28236    82.481
 -1   4   8    4   0.28249    82.529
  3   0  -9    2   0.28254    82.546
  2   6  -3    4   0.28305    82.729
  0   1  10    4   0.28312    82.754
  1   6   4    4   0.28343    82.866
  5   3   2    4   0.28343    82.867
 -1   3   9    4   0.28348    82.885
  2   5  -6    4   0.28356    82.913
 -2   5   6    4   0.28356    82.913
 -1   1  10    4   0.28406    83.094
  3   5   4    4   0.28455    83.274
  5   2  -5    4   0.28528    83.537
  4   0   7    2   0.28533    83.554
  3   4   6    4   0.28560    83.655
  3   1  -9    4   0.28570    83.690
 -3   1   9    4   0.28570    83.690
  5   0  -6    2   0.28618    83.865
  4   4   4    4   0.28654    83.995
  4   0  -8    2   0.28664    84.033
  2   6   3    4   0.28691    84.129
  4   4  -5    4   0.28733    84.283
  1   0  10    2   0.28733    84.284
  5   2   4    4   0.28737    84.299
  1   4   8    4   0.28764    84.396
  4   5   0    4   0.28776    84.442
  4   5  -1    4   0.28785    84.474
  3   2   8    4   0.28818    84.593
  3   5  -5    4   0.28822    84.611
  4   1   7    4   0.28846    84.696
  3   3  -8    4   0.28850    84.711
  0   5   7    4   0.28865    84.768
  5   0   5    2   0.28873    84.795
  2   2   9    4   0.28884    84.836
  1   3   9    4   0.28924    84.984
  5   1  -6    4   0.28930    85.006
  4   1  -8    4   0.28976    85.174
 -2   0  10    2   0.29011    85.302
  5   3  -4    4   0.29023    85.348
  0   6   5    4   0.29031    85.378
  4   5   1    4   0.29039    85.405
  1   1  10    4   0.29044    85.425
 -1   5   7    4   0.29052    85.456
  4   5  -2    4   0.29065    85.501
  3   4  -7    4   0.29087    85.584
  2   5   6    4   0.29121    85.710
  6   0  -1    2   0.29141    85.782
  5   1   5    4   0.29182    85.936
  5   3   3    4   0.29183    85.939
  2   6  -4    4   0.29195    85.982
  6   0   0    2   0.29195    85.983
 -2   4   8    4   0.29230    86.112
  0   2  10    4   0.29248    86.180
 -1   6   5    4   0.29280    86.298
 -2   3   9    4   0.29294    86.349
 -2   1  10    4   0.29319    86.441
  3   6   0    4   0.29326    86.469
 -1   2  10    4   0.29339    86.518
  6   0  -2    2   0.29355    86.575
  3   6  -1    4   0.29366    86.617
  4   3   6    4   0.29439    86.889
  6   1  -1    4   0.29447    86.921
  1   5   7    4   0.29491    87.083
  3   2  -9    4   0.29498    87.112
 -3   2   9    4   0.29498    87.112
  6   1   0    4   0.29501    87.122
  6   0   1    2   0.29516    87.176
  4   3  -7    4   0.29549    87.302
  3   6   1    4   0.29552    87.314
  4   5   2    4   0.29565    87.360
  1   6   5    4   0.29592    87.460
  4   5  -3    4   0.29607    87.519
  5   4  -1    4   0.29633    87.615
  5   4   0    4   0.29655    87.699
  6   1  -2    4   0.29659    87.713
  3   6  -2    4   0.29671    87.757
  0   7   0    2   0.29674    87.769
  2   6   4    4   0.29693    87.841
  3   5   5    4   0.29761    88.098
  4   2   7    4   0.29766    88.114
  0   7   1    4   0.29806    88.265
  6   1   1    4   0.29819    88.315
  6   0  -3    2   0.29831    88.360
  5   2  -6    4   0.29847    88.424
  5   4  -2    4   0.29874    88.523
  4   2  -8    4   0.29892    88.591
  5   4   1    4   0.29940    88.776
  3   0   9    2   0.29955    88.829
  1   2  10    4   0.29958    88.841
  4   4   5    4   0.29982    88.932
 -2   5   7    4   0.30037    89.143
  3   6   2    4   0.30039    89.151
  5   3  -5    4   0.30062    89.235
  1   7   0    4   0.30070    89.268
  4   4  -6    4   0.30074    89.282
  5   2   5    4   0.30092    89.351
  6   0   2    2   0.30095    89.362
  6   1  -3    4   0.30130    89.498
  1   7  -1    4   0.30170    89.648
  3   5  -6    4   0.30190    89.725
  5   0  -7    2   0.30194    89.741
  0   7   2    4   0.30197    89.754
  2   4   8    4   0.30217    89.828
 -2   2  10    4   0.30224    89.856
  1   7   1    4   0.30230    89.880
  3   6  -3    4   0.30233    89.890
  2   0  10    2   0.30248    89.948
  3   1   9    4   0.30253    89.967
  5   3   4    4   0.30260    89.994
  2   6  -5    4   0.30318    90.216
  3   3   8    4   0.30337    90.287
  4   5   3    4   0.30341    90.305
  6   2  -1    4   0.30349    90.335
  0   4   9    4   0.30368    90.408
  5   4  -3    4   0.30372    90.423
  3   4   7    4   0.30382    90.461
  6   1   2    4   0.30392    90.499
  4   5  -4    4   0.30399    90.528
  2   3   9    4   0.30400    90.529
  6   2   0    4   0.30401    90.535
  5   0   6    2   0.30479    90.837
  0   6   6    4   0.30480    90.838
  5   4   2    4   0.30481    90.844
 -1   4   9    4   0.30486    90.862
  5   1  -7    4   0.30490    90.879
  1   7  -2    4   0.30527    91.021
  2   1  10    4   0.30544    91.086
  6   2  -2    4   0.30554    91.127
  6   0  -4    2   0.30557    91.136
  4   0   8    2   0.30643    91.469
  1   7   2    4   0.30647    91.485
 -3   0  10    2   0.30686    91.639
 -1   6   6    4   0.30687    91.641
  6   2   1    4   0.30709    91.728
  0   3  10    4   0.30746    91.870
  5   1   6    4   0.30773    91.976
  3   6   3    4   0.30774    91.980
  4   0  -9    2   0.30782    92.010
  0   0  11    2   0.30792    92.049
 -1   3  10    4   0.30833    92.209
  0   5   8    4   0.30834    92.215
  0   7   3    4   0.30839    92.235
 -1   0  11    2   0.30849    92.272
  6   1  -4    4   0.30849    92.275
  2   5   7    4   0.30880    92.395
  2   6   5    4   0.30917    92.539
  6   0   3    2   0.30917    92.540
  4   1   8    4   0.30935    92.608
  3   4  -8    4   0.30953    92.681
 -3   1  10    4   0.30978    92.779
 -1   5   8    4   0.30980    92.786
  3   3  -9    4   0.30984    92.803
 -3   3   9    4   0.30984    92.803
  6   2  -3    4   0.31012    92.913
  1   4   9    4   0.31022    92.954
  3   6  -4    4   0.31038    93.017
  1   6   6    4   0.31043    93.036
  4   1  -9    4   0.31072    93.150
  0   1  11    4   0.31082    93.189
  5   4  -4    4   0.31115    93.318
  3   2   9    4   0.31131    93.383
  1   7  -3    4   0.31133    93.388
 -1   7   3    4   0.31133    93.388
 -1   1  11    4   0.31138    93.411
  6   1   3    4   0.31206    93.680
  2   7   0    4   0.31229    93.769
  4   3   7    4   0.31238    93.807
  3   5   6    4   0.31264    93.908
  5   4   3    4   0.31264    93.910
  6   2   2    4   0.31266    93.917
  2   7  -1    4   0.31296    94.034
  1   7   3    4   0.31309    94.087
  5   3  -6    4   0.31316    94.118
  4   5   4    4   0.31349    94.248
  4   3  -8    4   0.31359    94.286
  5   2  -7    4   0.31362    94.298
 -2   4   9    4   0.31368    94.321
  2   7   1    4   0.31412    94.500
  2   2  10    4   0.31414    94.505
  4   5  -5    4   0.31421    94.535
  1   3  10    4   0.31422    94.536
  1   5   8    4   0.31450    94.649
  1   0  11    2   0.31495    94.832
  4   4   6    4   0.31503    94.862
  6   0  -5    2   0.31516    94.913
  5   3   5    4   0.31549    95.048
  4   4  -7    4   0.31606    95.277
  2   7  -2    4   0.31611    95.296
  5   2   6    4   0.31637    95.399
  2   6  -6    4   0.31650    95.453
 -2   6   6    4   0.31650    95.453
 -2   0  11    2   0.31662    95.502
 -2   3  10    4   0.31676    95.556
  6   2  -4    4   0.31711    95.700
  0   7   4    4   0.31716    95.720
  3   6   4    4   0.31739    95.814
  3   5  -7    4   0.31746    95.840
  1   1  11    4   0.31780    95.976
  4   2   8    4   0.31794    96.035
  6   3  -1    4   0.31795    96.039
  6   1  -5    4   0.31799    96.057
 -3   2  10    4   0.31836    96.206
  2   7   2    4   0.31842    96.230
  6   3   0    4   0.31845    96.240
 -2   5   8    4   0.31877    96.370
  4   2  -9    4   0.31928    96.579
  0   2  11    4   0.31937    96.618
  5   0  -8    2   0.31938    96.622
 -2   1  11    4   0.31945    96.648
  6   0   4    2   0.31964    96.728
 -1   7   4    4   0.31973    96.762
  6   3  -2    4   0.31991    96.836
 -1   2  11    4   0.31992    96.842
  4   6   0    4   0.32027    96.985
  4   6  -1    4   0.32035    97.017
  6   2   3    4   0.32059    97.113
  3   6  -5    4   0.32069    97.155
  5   4  -5    4   0.32086    97.224
  0   6   7    4   0.32107    97.313
  6   3   1    4   0.32139    97.443
  2   7  -3    4   0.32168    97.561
  1   7   4    4   0.32201    97.699
  5   1  -8    4   0.32218    97.770
  6   1   4    4   0.32244    97.877
  5   5  -1    4   0.32246    97.886
  5   0   7    2   0.32249    97.898
  4   6   1    4   0.32263    97.955
  5   5   0    4   0.32267    97.971
  5   4   4    4   0.32272    97.991
 -1   6   7    4   0.32276    98.007
  4   6  -2    4   0.32287    98.052
  2   6   6    4   0.32338    98.263
  3   4   8    4   0.32343    98.287
  2   4   9    4   0.32402    98.532
  6   3  -3    4   0.32428    98.640
  3   0  10    2   0.32429    98.644
  5   5  -2    4   0.32468    98.805
  2   7   3    4   0.32508    98.971
  5   1   7    4   0.32527    99.051
  5   5   1    4   0.32529    99.061
  3   3   9    4   0.32542    99.116
  4   5   5    4   0.32567    99.220
  1   2  11    4   0.32617    99.427
  6   2  -5    4   0.32636    99.508
  4   5  -6    4   0.32652    99.575
  1   6   7    4   0.32671    99.654
  6   3   2    4   0.32671    99.656
  6   0  -6    2   0.32687    99.721
  3   1  10    4   0.32705    99.799
  0   4  10    4   0.32728    99.893
  4   6   2    4   0.32738    99.936
  5   3  -7    4   0.32763   100.043
  4   6  -3    4   0.32776   100.097
 -2   2  11    4   0.32778   100.104
  2   5   8    4   0.32784   100.130
  0   7   5    4   0.32809   100.237
 -1   4  10    4   0.32809   100.237
  2   3  10    4   0.32813   100.253
  4   0   9    2   0.32856   100.436
  2   0  11    2   0.32911   100.671
  3   6   5    4   0.32915   100.687
  0   5   9    4   0.32923   100.722
  5   5  -3    4   0.32927   100.737
  3   5   7    4   0.32936   100.776
  3   4  -9    4   0.32952   100.842
 -3   4   9    4   0.32952   100.842
  2   7  -4    4   0.32954   100.851
  6   1  -6    4   0.32961   100.880
  4   0 -10    2   0.33001   101.052
  5   3   6    4   0.33026   101.160
  5   5   2    4   0.33028   101.167
 -1   7   5    4   0.33029   101.174
 -1   5   9    4   0.33032   101.186
  5   2  -8    4   0.33044   101.238
  6   2   4    4   0.33070   101.346
  3   7   0    4   0.33070   101.347
  6   3  -4    4   0.33098   101.466
  3   7  -1    4   0.33105   101.499
  4   1   9    4   0.33128   101.598
 -2   6   7    4   0.33165   101.755
  4   3   8    4   0.33177   101.806
 -3   0  11    2   0.33177   101.806
  2   1  11    4   0.33183   101.834
  4   4   7    4   0.33191   101.866
  6   0   5    2   0.33215   101.971
 -3   3  10    4   0.33217   101.980
  5   4  -6    4   0.33264   102.183
  3   7   1    4   0.33271   102.212
  4   1 -10    4   0.33272   102.217
  3   6  -6    4   0.33303   102.351
  4   4  -8    4   0.33304   102.355
  4   3  -9    4   0.33305   102.360
  1   7   5    4   0.33306   102.362
  0   3  11    4   0.33314   102.400
  5   2   7    4   0.33345   102.533
  1   4  10    4   0.33363   102.611
 -1   3  11    4   0.33367   102.628
  3   7  -2    4   0.33376   102.667
  2   7   4    4   0.33396   102.753
  6   3   3    4   0.33431   102.904
  4   6   3    4   0.33441   102.947
 -3   1  11    4   0.33447   102.974
  3   5  -8    4   0.33464   103.049
  5   4   5    4   0.33484   103.136
  6   1   5    4   0.33484   103.139
  4   6  -4    4   0.33493   103.177
  3   2  10    4   0.33519   103.291
  1   5   9    4   0.33528   103.329
  0   0  12    2   0.33591   103.605
 -2   4  10    4   0.33603   103.656
  5   5  -4    4   0.33613   103.704
 -1   0  12    2   0.33616   103.714
  3   7   2    4   0.33704   104.103
  6   4  -1    4   0.33715   104.152
  5   5   3    4   0.33752   104.314
  6   4   0    4   0.33762   104.359
  6   2  -6    4   0.33768   104.388
  5   0  -9    2   0.33825   104.636
 -2   5   9    4   0.33847   104.738
  0   1  12    4   0.33857   104.782
  3   7  -3    4   0.33877   104.869
 -1   1  12    4   0.33882   104.892
  0   6   8    4   0.33888   104.920
  6   4  -2    4   0.33900   104.972
  0   8   0    2   0.33913   105.030
  2   6   7    4   0.33930   105.106
  4   2   9    4   0.33932   105.116
  2   7  -5    4   0.33953   105.208
  1   3  11    4   0.33966   105.267
  4   5   6    4   0.33973   105.298
  6   3  -5    4   0.33985   105.351
  2   2  11    4   0.33986   105.356
  7   0  -1    2   0.33987   105.362
 -1   6   8    4   0.34021   105.513
  0   8   1    4   0.34028   105.546
  6   4   1    4   0.34040   105.597
  6   0  -7    2   0.34048   105.636
  7   0   0    2   0.34061   105.692
  4   5  -7    4   0.34069   105.728
  4   2 -10    4   0.34073   105.745
  5   1  -9    4   0.34089   105.819
  0   7   6    4   0.34097   105.856
 -2   3  11    4   0.34121   105.962
  7   0  -2    2   0.34144   106.067
  5   0   8    2   0.34157   106.127
 -3   2  11    4   0.34243   106.515
  7   1  -1    4   0.34251   106.550
  1   8   0    4   0.34260   106.593
  1   0  12    2   0.34264   106.610
  3   6   6    4   0.34280   106.681
  6   2   5    4   0.34280   106.683
 -1   7   6    4   0.34283   106.695
  6   1  -7    4   0.34311   106.825
  6   4  -3    4   0.34313   106.833
  7   1   0    4   0.34324   106.881
 -2   0  12    2   0.34337   106.944
  1   8  -1    4   0.34348   106.991
  4   6   4    4   0.34358   107.037
  3   7   3    4   0.34361   107.050
  7   0   1    2   0.34363   107.060
  0   8   2    4   0.34372   107.102
  5   3  -8    4   0.34377   107.126
  1   8   1    4   0.34401   107.235
  6   3   4    4   0.34401   107.236
  7   1  -2    4   0.34406   107.258
  5   1   8    4   0.34419   107.319
  3   4   9    4   0.34421   107.326
  4   6  -5    4   0.34423   107.337
  1   6   8    4   0.34449   107.456
  2   7   5    4   0.34489   107.637
  5   5  -5    4   0.34514   107.754
  1   1  12    4   0.34525   107.805
  7   0  -3    2   0.34528   107.816
  6   4   2    4   0.34543   107.887
  3   7  -4    4   0.34598   108.140
 -2   1  12    4   0.34598   108.141
  1   7   6    4   0.34602   108.160
  7   1   1    4   0.34623   108.259
  5   4  -7    4   0.34630   108.288
  0   2  12    4   0.34644   108.356
  6   0   6    2   0.34647   108.370
  1   8  -2    4   0.34662   108.437
  5   3   7    4   0.34666   108.458
 -1   2  12    4   0.34668   108.468
  2   4  10    4   0.34677   108.506
  5   5   4    4   0.34687   108.555
  3   6  -7    4   0.34720   108.707
  3   5   8    4   0.34754   108.866
  1   8   2    4   0.34767   108.929
  7   1  -3    4   0.34787   109.020
  2   5   9    4   0.34809   109.123
  3   3  10    4   0.34834   109.240
 -2   6   8    4   0.34839   109.266
  5   2  -9    4   0.34871   109.414
  5   4   6    4   0.34879   109.450
  7   0   2    2   0.34888   109.493
  6   1   6    4   0.34906   109.578
  0   8   3    4   0.34937   109.727
  6   4  -4    4   0.34946   109.769
  3   0  11    2   0.34953   109.801
  4   4   8    4   0.35021   110.125
  7   2  -1    4   0.35029   110.160
 -3   4  10    4   0.35060   110.307
  6   3  -6    4   0.35074   110.373
  6   2  -7    4   0.35088   110.442
  7   2   0    4   0.35100   110.499
  0   5  10    4   0.35112   110.554
  7   0  -4    2   0.35131   110.646
  4   4  -9    4   0.35143   110.704
  7   1   2    4   0.35144   110.710
  2   7  -6    4   0.35147   110.724
 -2   7   6    4   0.35147   110.724
  0   4  11    4   0.35152   110.746
  4   0  10    2   0.35153   110.751
  5   6  -1    4   0.35178   110.872
  7   2  -2    4   0.35181   110.885
 -1   5  10    4   0.35188   110.917
  5   2   8    4   0.35194   110.947
  1   8  -3    4   0.35196   110.959
 -1   8   3    4   0.35196   110.959
  5   6   0    4   0.35197   110.962
 -1   4  11    4   0.35202   110.984
  3   1  11    4   0.35209   111.020
  3   7   4    4   0.35228   111.110
  4   3   9    4   0.35231   111.127
  6   4   3    4   0.35262   111.273
  2   8   0    4   0.35282   111.369
  2   3  11    4   0.35283   111.376
  1   2  12    4   0.35297   111.445
  4   0 -11    2   0.35303   111.470
  3   5  -9    4   0.35320   111.556
 -3   5   9    4   0.35320   111.556
  2   8  -1    4   0.35341   111.654
  1   8   3    4   0.35352   111.710
  4   3 -10    4   0.35367   111.779
 -2   2  12    4   0.35368   111.789
  5   6  -2    4   0.35381   111.851
  7   1  -4    4   0.35386   111.872
  7   2   1    4   0.35393   111.909
  4   1  10    4   0.35408   111.978
  5   6   1    4   0.35438   112.125
  2   8   1    4   0.35444   112.157
  4   6   5    4   0.35473   112.295
  4   7   0    4   0.35487   112.367
  4   7  -1    4   0.35494   112.402
  3   7  -5    4   0.35525   112.550
 -3   3  11    4   0.35531   112.579
  4   5   7    4   0.35544   112.643
  4   6  -6    4   0.35550   112.675
  7   2  -3    4   0.35553   112.690
  4   1 -11    4   0.35556   112.704
  0   7   7    4   0.35560   112.721
  6   3   5    4   0.35566   112.754
  6   0  -8    2   0.35579   112.813
  2   0  12    2   0.35596   112.897
  5   5  -6    4   0.35612   112.980
  2   8  -2    4   0.35620   113.019
  7   0   3    2   0.35625   113.043
  4   5  -8    4   0.35650   113.163
  6   2   6    4   0.35670   113.261
  2   6   8    4   0.35671   113.271
  4   7   1    4   0.35701   113.415
  1   5  10    4   0.35705   113.436
 -1   7   7    4   0.35712   113.470
 -3   0  12    2   0.35713   113.477
  0   8   4    4   0.35714   113.480
  4   7  -2    4   0.35722   113.519
  2   7   6    4   0.35768   113.748
  1   4  11    4   0.35770   113.759
  6   4  -5    4   0.35788   113.848
  0   6   9    4   0.35800   113.907
  5   6  -3    4   0.35803   113.924
  3   6   7    4   0.35811   113.966
  5   5   5    4   0.35817   113.996
  2   8   2    4   0.35826   114.036
  6   1  -8    4   0.35830   114.059
  5   0 -10    2   0.35830   114.060
  2   1  12    4   0.35847   114.145
  7   1   3    4   0.35877   114.292
  5   6   2    4   0.35896   114.388
 -1   6   9    4   0.35900   114.408
  7   2   2    4   0.35903   114.424
 -2   4  11    4   0.35917   114.493
  0   3  12    4   0.35918   114.498
 -2   5  10    4   0.35929   114.553
 -1   3  12    4   0.35941   114.615
 -1   8   4    4   0.35942   114.618
  7   0  -5    2   0.35942   114.623
 -3   1  12    4   0.35964   114.730
  3   2  11    4   0.35967   114.744
  6   5  -1    4   0.36034   115.084
  1   7   7    4   0.36069   115.264
  6   5   0    4   0.36078   115.306
  5   1 -10    4   0.36080   115.319
  2   8  -3    4   0.36115   115.498
  4   7   2    4   0.36130   115.572
  5   3  -9    4   0.36136   115.605
  7   2  -4    4   0.36139   115.620
  1   8   4    4   0.36145   115.650
  5   4  -8    4   0.36160   115.728
  4   2  10    4   0.36161   115.730
  4   7  -3    4   0.36165   115.749
  5   0   9    2   0.36182   115.836
  6   4   4    4   0.36183   115.845
  7   1  -5    4   0.36192   115.887
  6   5  -2    4   0.36207   115.966
  6   0   7    2   0.36239   116.133
  7   3  -1    4   0.36289   116.387
  3   7   5    4   0.36291   116.397
  3   6  -8    4   0.36297   116.431
  4   2 -11    4   0.36306   116.478
  6   5   1    4   0.36338   116.640
  6   3  -7    4   0.36346   116.682
  1   6   9    4   0.36357   116.737
  7   3   0    4   0.36358   116.742
 -1   0  13    2   0.36388   116.900
  0   0  13    2   0.36390   116.911
  2   8   3    4   0.36419   117.060
  5   1   9    4   0.36429   117.114
  5   6  -4    4   0.36435   117.147
  7   3  -2    4   0.36435   117.148
  5   4   7    4   0.36436   117.148
  5   3   8    4   0.36448   117.213
  6   1   7    4   0.36487   117.415
 -2   7   7    4   0.36517   117.577
  1   3  12    4   0.36548   117.737
  7   0   4    2   0.36563   117.815
  5   6   3    4   0.36563   117.816
  6   2  -8    4   0.36575   117.878
  2   2  12    4   0.36591   117.966
  6   5  -3    4   0.36594   117.980
  3   4  10    4   0.36595   117.984
 -2   3  12    4   0.36617   118.099
  7   2   3    4   0.36620   118.118
 -1   1  13    4   0.36634   118.191
  0   1  13    4   0.36636   118.203
  7   3   1    4   0.36641   118.226
  3   7  -6    4   0.36643   118.239
 -2   6   9    4   0.36651   118.283
  0   8   5    4   0.36688   118.476
  3   5   9    4   0.36695   118.516
 -3   2  12    4   0.36706   118.572
  4   6   6    4   0.36767   118.901
  4   7   3    4   0.36768   118.904
  7   3  -3    4   0.36795   119.050
  7   1   4    4   0.36808   119.118
  6   5   2    4   0.36810   119.127
  4   7  -4    4   0.36816   119.160
  2   8  -4    4   0.36817   119.168
  5   2 -10    4   0.36820   119.182
  6   4  -6    4   0.36823   119.201
  4   6  -7    4   0.36856   119.377
 -1   8   5    4   0.36885   119.533
  5   5  -7    4   0.36891   119.566
  6   3   6    4   0.36908   119.655
  3   8   0    4   0.36921   119.730
  7   2  -5    4   0.36929   119.771
  2   5  10    4   0.36935   119.805
  7   0  -6    2   0.36949   119.880
  3   8  -1    4   0.36953   119.901
  4   4   9    4   0.36973   120.013
  2   4  11    4   0.37023   120.282
 -2   0  13    2   0.37031   120.326
  1   0  13    2   0.37037   120.361
  3   8   1    4   0.37101   120.713
  4   4 -10    4   0.37102   120.718
  5   5   6    4   0.37125   120.842
  1   8   5    4   0.37133   120.885
  7   3   2    4   0.37133   120.889
  5   2   9    4   0.37162   121.045
  0   7   8    4   0.37176   121.123
  6   5  -4    4   0.37188   121.193
  7   1  -6    4   0.37191   121.210
  3   3  11    4   0.37195   121.229
  3   8  -2    4   0.37196   121.234
  2   8   4    4   0.37213   121.332
  2   7   7    4   0.37214   121.334


